#
# There is insufficient memory for the Java Runtime Environment to continue.
# Native memory allocation (malloc) failed to allocate 183696 bytes. Error detail: Chunk::new
# Possible reasons:
#   The system is out of physical RAM or swap space
#   This process is running with CompressedOops enabled, and the Java Heap may be blocking the growth of the native heap
# Possible solutions:
#   Reduce memory load on the system
#   Increase physical memory or swap space
#   Check if swap backing store is full
#   Decrease Java heap size (-Xmx/-Xms)
#   Decrease number of Java threads
#   Decrease Java thread stack sizes (-Xss)
#   Set larger code cache with -XX:ReservedCodeCacheSize=
#
#  
#
]Native frames: (J=compiled Java code, j=interpreted, Vv=VM code, C=native code)
V  [jvm.dll+0x6d2449]
V  [jvm.dll+0x8ae341]
V  [jvm.dll+0x8b08be]
V  [jvm.dll+0x8b0fa3]
V  [jvm.dll+0x280c96]
V  [jvm.dll+0xc581d]
V  [jvm.dll+0xc5d53]
V  [jvm.dll+0x2f539d]
V  [jvm.dll+0x5fa00a]
V  [jvm.dll+0x252092]
V  [jvm.dll+0x25244f]
V  [jvm.dll+0x24ad14]
V  [jvm.dll+0x2483a4]
V  [jvm.dll+0x1c89ee]
V  [jvm.dll+0x257d4d]
V  [jvm.dll+0x2562ea]
V  [jvm.dll+0x3f2d16]
V  [jvm.dll+0x857e6b]
V  [jvm.dll+0x6d0b0d]
C  [ucrtbase.dll+0x37b0]
C  [KERNEL32.DLL+0x2e8d7]
C  [ntdll.dll+0x8c53c]


---------------  P R O C E S S  ---------------

Threads class SMR info:
_java_thread_list=0x0000016c46a44c40, length=13, elements={
0x0000016c6c5e1b50, 0x0000016c6c683fd0, 0x0000016c6c685b00, 0x0000016c6c68eb30,
0x0000016c6c691a90, 0x0000016c6c692760, 0x0000016c6c6931b0, 0x0000016c6c693fe0,
0x0000016c6c698e90, 0x0000016c6c64d990, 0x0000016c45519fa0, 0x0000016c45721980,
0x0000016c4b0f6a50
}

Java Threads: ( => current thread )
  0x0000016c6c5e1b50 JavaThread "main"                              [_thread_in_Java, id=200, stack(0x0000004dce000000,0x0000004dce100000) (1024K)]
  0x0000016c6c683fd0 JavaThread "Reference Handler"          daemon [_thread_blocked, id=25288, stack(0x0000004dce400000,0x0000004dce500000) (1024K)]
  0x0000016c6c685b00 JavaThread "Finalizer"                  daemon [_thread_blocked, id=27424, stack(0x0000004dce500000,0x0000004dce600000) (1024K)]
  0x0000016c6c68eb30 JavaThread "Signal Dispatcher"          daemon [_thread_blocked, id=14616, stack(0x0000004dce600000,0x0000004dce700000) (1024K)]
  0x0000016c6c691a90 JavaThread "Attach Listener"            daemon [_thread_blocked, id=25540, stack(0x0000004dce700000,0x0000004dce800000) (1024K)]
  0x0000016c6c692760 JavaThread "Service Thread"             daemon [_thread_blocked, id=26864, stack(0x0000004dce800000,0x0000004dce900000) (1024K)]
  0x0000016c6c6931b0 JavaThread "Monitor Deflation Thread"   daemon [_thread_blocked, id=21732, stack(0x0000004dce900000,0x0000004dcea00000) (1024K)]
  0x0000016c6c693fe0 JavaThread "C2 CompilerThread0"         daemon [_thread_in_native, id=25488, stack(0x0000004dcea00000,0x0000004dceb00000) (1024K)]
  0x0000016c6c698e90 JavaThread "C1 CompilerThread0"         daemon [_thread_blocked, id=3644, stack(0x0000004dceb00000,0x0000004dcec00000) (1024K)]
  0x0000016c6c64d990 JavaThread "Common-Cleaner"             daemon [_thread_blocked, id=24912, stack(0x0000004dcec00000,0x0000004dced00000) (1024K)]
  0x0000016c45519fa0 JavaThread "C2 CompilerThread1"         daemon [_thread_in_native, id=25688, stack(0x0000004dced00000,0x0000004dcee00000) (1024K)]
  0x0000016c45721980 JavaThread "Notification Thread"        daemon [_thread_blocked, id=21372, stack(0x0000004dcee00000,0x0000004dcef00000) (1024K)]
=>0x0000016c4b0f6a50 JavaThread "C2 CompilerThread2"         daemon [_thread_in_native, id=5404, stack(0x0000004dcef00000,0x0000004dcf000000) (1024K)]
Total: 13

Other Threads:
  0x0000016c6c574510 VMThread "VM Thread"                           [id=23152, stack(0x0000004dce300000,0x0000004dce400000) (1024K)]
  0x0000016c6c46cb20 WatcherThread "VM Periodic Task Thread"        [id=22316, stack(0x0000004dce200000,0x0000004dce300000) (1024K)]
  0x0000016c6c600120 WorkerThread "GC Thread#0"                     [id=17016, stack(0x0000004dce100000,0x0000004dce200000) (1024K)]
  0x0000016c46307b00 WorkerThread "GC Thread#1"                     [id=27316, stack(0x0000004dcf000000,0x0000004dcf100000) (1024K)]
  0x0000016c468700e0 WorkerThread "GC Thread#2"                     [id=23016, stack(0x0000004dcf100000,0x0000004dcf200000) (1024K)]
  0x0000016c46870480 WorkerThread "GC Thread#3"                     [id=15836, stack(0x0000004dcf200000,0x0000004dcf300000) (1024K)]
  0x0000016c463050b0 WorkerThread "GC Thread#4"                     [id=22884, stack(0x0000004dcf300000,0x0000004dcf400000) (1024K)]
  0x0000016c46305450 WorkerThread "GC Thread#5"                     [id=10392, stack(0x0000004dcf400000,0x0000004dcf500000) (1024K)]
  0x0000016c4b0b28d0 WorkerThread "GC Thread#6"                     [id=12136, stack(0x0000004dcf500000,0x0000004dcf600000) (1024K)]
Total: 9

Threads with active compile tasks:
C2 CompilerThread0  1730 1288       4       java.io.DataInputStream::readUTF (501 bytes)
C2 CompilerThread1  1730 1305   !   4       java.io.BufferedInputStream::read (69 bytes)
C2 CompilerThread2  1730 1304       4       java.io.DataInputStream::readFully (59 bytes)
Total: 3

VM state: not at safepoint (normal execution)

VM Mutex/Monitor currently owned by a thread: None

Heap address: 0x0000000080000000, size: 2048 MB, Compressed Oops mode: 32-bit

CDS archive(s) mapped at: [0x0000016c04000000-0x0000016c04ba0000-0x0000016c04ba0000), size 12189696, SharedBaseAddress: 0x0000016c04000000, ArchiveRelocationMode: 1.
Compressed class space mapped at: 0x0000016c05000000-0x0000016c45000000, reserved size: 1073741824
Narrow klass base: 0x0000016c04000000, Narrow klass shift: 0, Narrow klass range: 0x100000000

GC Precious Log:
 CardTable entry size: 512
 CPUs: 12 total, 12 available
 Memory: 16027M
 Large Page Support: Disabled
 NUMA Support: Disabled
 Compressed Oops: Enabled (32-bit)
 Alignments: Space 512K, Generation 512K, Heap 2M
 Heap Min Capacity: 100M
 Heap Initial Capacity: 100M
 Heap Max Capacity: 2G
 Pre-touch: Disabled
 Parallel Workers: 10

Heap:
 PSYoungGen      total 29696K, used 11824K [0x00000000d5580000, 0x00000000d7680000, 0x0000000100000000)
  eden space 25600K, 33% used [0x00000000d5580000,0x00000000d5dd6158,0x00000000d6e80000)
  from space 4096K, 80% used [0x00000000d6e80000,0x00000000d71b5ea8,0x00000000d7280000)
  to   space 4096K, 0% used [0x00000000d7280000,0x00000000d7280000,0x00000000d7680000)
 ParOldGen       total 68608K, used 16K [0x0000000080000000, 0x0000000084300000, 0x00000000d5580000)
  object space 68608K, 0% used [0x0000000080000000,0x0000000080004000,0x0000000084300000)
 Metaspace       used 5955K, committed 6272K, reserved 1114112K
  class space    used 615K, committed 768K, reserved 1048576K

Card table byte_map: [0x0000016c6bf80000,0x0000016c6c390000] _byte_map_base: 0x0000016c6bb80000

Marking Bits: (ParMarkBitMap*) 0x00007fffdb33a340
 Begin Bits: [0x0000016c00000000, 0x0000016c02000000)
 End Bits:   [0x0000016c02000000, 0x0000016c04000000)

Polling page: 0x0000016c6a1f0000

Metaspace:

Usage:
  Non-class:      5.22 MB used.
      Class:    615.44 KB used.
       Both:      5.82 MB used.

Virtual space:
  Non-class space:       64.00 MB reserved,       5.38 MB (  8%) committed,  1 nodes.
      Class space:        1.00 GB reserved,     768.00 KB ( <1%) committed,  1 nodes.
             Both:        1.06 GB reserved,       6.12 MB ( <1%) committed. 

Chunk freelists:
   Non-Class:  10.08 MB
       Class:  15.08 MB
        Both:  25.16 MB

MaxMetaspaceSize: unlimited
CompressedClassSpaceSize: 1.00 GB
Initial GC threshold: 21.00 MB
Current GC threshold: 21.00 MB
CDS: on
 - commit_granule_bytes: 65536.
 - commit_granule_words: 8192.
 - virtual_space_node_default_size: 8388608.
 - enlarge_chunks_in_place: 1.
 - use_allocation_guard: 0.


Internal statistics:

num_allocs_failed_limit: 0.
num_arena_births: 190.
num_arena_deaths: 0.
num_vsnodes_births: 2.
num_vsnodes_deaths: 0.
num_space_committed: 98.
num_space_uncommitted: 0.
num_chunks_returned_to_freelist: 0.
num_chunks_taken_from_freelist: 313.
num_chunk_merges: 0.
num_chunk_splits: 200.
num_chunks_enlarged: 125.
num_inconsistent_stats: 0.

CodeHeap 'non-profiled nmethods': size=120000Kb used=505Kb max_used=505Kb free=119494Kb
 bounds [0x0000016c772a0000, 0x0000016c77510000, 0x0000016c7e7d0000]
CodeHeap 'profiled nmethods': size=120000Kb used=2235Kb max_used=2235Kb free=117764Kb
 bounds [0x0000016c6f7d0000, 0x0000016c6fa40000, 0x0000016c76d00000]
CodeHeap 'non-nmethods': size=5760Kb used=1205Kb max_used=1231Kb free=4554Kb
 bounds [0x0000016c76d00000, 0x0000016c76f70000, 0x0000016c772a0000]
CodeCache: size=245760Kb, used=3945Kb, max_used=3971Kb, free=241812Kb
 total_blobs=1786, nmethods=1316, adapters=377, full_count=0
Compilation: enabled, stopped_count=0, restarted_count=0

Compilation events (20 events):
Event: 1.668 Thread 0x0000016c45519fa0 1295       4       java.util.concurrent.locks.AbstractQueuedSynchronizer::signalNext (34 bytes)
Event: 1.668 Thread 0x0000016c4b0f6a50 1304       4       java.io.DataInputStream::readFully (59 bytes)
Event: 1.670 Thread 0x0000016c45519fa0 nmethod 1295 0x0000016c7731bf90 code [0x0000016c7731c120, 0x0000016c7731c200]
Event: 1.670 Thread 0x0000016c45519fa0 1306       4       java.io.BufferedInputStream::implRead (112 bytes)
Event: 1.670 Thread 0x0000016c6c698e90 nmethod 1300 0x0000016c6f9ea510 code [0x0000016c6f9ea8c0, 0x0000016c6f9ebee8]
Event: 1.670 Thread 0x0000016c6c698e90 1308       3       org.eclipse.osgi.container.ModuleDatabase$Persistence::readMap (118 bytes)
Event: 1.672 Thread 0x0000016c6c698e90 nmethod 1308 0x0000016c6f9ec610 code [0x0000016c6f9ec9c0, 0x0000016c6f9edf48]
Event: 1.672 Thread 0x0000016c6c698e90 1301       3       org.eclipse.osgi.container.ModuleDatabase$Persistence::readVersion0 (96 bytes)
Event: 1.674 Thread 0x0000016c6c698e90 nmethod 1301 0x0000016c6f9ee890 code [0x0000016c6f9eece0, 0x0000016c6f9f0b00]
Event: 1.674 Thread 0x0000016c6c698e90 1303       3       org.eclipse.osgi.container.ModuleDatabase$Persistence::readVersion (7 bytes)
Event: 1.674 Thread 0x0000016c6c698e90 nmethod 1303 0x0000016c6f9f1510 code [0x0000016c6f9f16c0, 0x0000016c6f9f17e0]
Event: 1.674 Thread 0x0000016c6c698e90 1307       3       org.eclipse.osgi.container.ModuleDatabase$Persistence::readIndexedMap (16 bytes)
Event: 1.675 Thread 0x0000016c6c698e90 nmethod 1307 0x0000016c6f9f1890 code [0x0000016c6f9f1ac0, 0x0000016c6f9f21b8]
Event: 1.675 Thread 0x0000016c6c698e90 1309       3       java.util.Collections::unmodifiableMap (22 bytes)
Event: 1.676 Thread 0x0000016c6c698e90 nmethod 1309 0x0000016c6f9f2510 code [0x0000016c6f9f2700, 0x0000016c6f9f2b50]
Event: 1.676 Thread 0x0000016c6c698e90 1310       3       java.util.Collections$UnmodifiableMap::<init> (22 bytes)
Event: 1.676 Thread 0x0000016c6c698e90 nmethod 1310 0x0000016c6f9f2d10 code [0x0000016c6f9f2ec0, 0x0000016c6f9f3140]
Event: 1.677 Thread 0x0000016c6c698e90 1317       3       org.eclipse.osgi.container.ModuleDatabase$Persistence::readList (78 bytes)
Event: 1.680 Thread 0x0000016c6c698e90 nmethod 1317 0x0000016c6f9f3290 code [0x0000016c6f9f35c0, 0x0000016c6f9f4768]
Event: 1.681 Thread 0x0000016c6c698e90 1314       3       org.eclipse.osgi.container.ModuleDatabase$Persistence::readListValue (97 bytes)

GC Heap History (2 events):
Event: 1.447 GC heap before
{Heap before GC invocations=1 (full 0):
 PSYoungGen      total 29696K, used 25600K [0x00000000d5580000, 0x00000000d7680000, 0x0000000100000000)
  eden space 25600K, 100% used [0x00000000d5580000,0x00000000d6e80000,0x00000000d6e80000)
  from space 4096K, 0% used [0x00000000d7280000,0x00000000d7280000,0x00000000d7680000)
  to   space 4096K, 0% used [0x00000000d6e80000,0x00000000d6e80000,0x00000000d7280000)
 ParOldGen       total 68608K, used 0K [0x0000000080000000, 0x0000000084300000, 0x00000000d5580000)
  object space 68608K, 0% used [0x0000000080000000,0x0000000080000000,0x0000000084300000)
 Metaspace       used 4329K, committed 4544K, reserved 1114112K
  class space    used 472K, committed 576K, reserved 1048576K
}
Event: 1.455 GC heap after
{Heap after GC invocations=1 (full 0):
 PSYoungGen      total 29696K, used 3287K [0x00000000d5580000, 0x00000000d7680000, 0x0000000100000000)
  eden space 25600K, 0% used [0x00000000d5580000,0x00000000d5580000,0x00000000d6e80000)
  from space 4096K, 80% used [0x00000000d6e80000,0x00000000d71b5ea8,0x00000000d7280000)
  to   space 4096K, 0% used [0x00000000d7280000,0x00000000d7280000,0x00000000d7680000)
 ParOldGen       total 68608K, used 16K [0x0000000080000000, 0x0000000084300000, 0x00000000d5580000)
  object space 68608K, 0% used [0x0000000080000000,0x0000000080004000,0x0000000084300000)
 Metaspace       used 4329K, committed 4544K, reserved 1114112K
  class space    used 472K, committed 576K, reserved 1048576K
}

Dll operation events (8 events):
Event: 0.021 Loaded shared library c:\Users\linda\.cursor\extensions\redhat.java-1.47.0-win32-x64\jre\21.0.8-win32-x86_64\bin\java.dll
Event: 0.147 Loaded shared library c:\Users\linda\.cursor\extensions\redhat.java-1.47.0-win32-x64\jre\21.0.8-win32-x86_64\bin\zip.dll
Event: 0.190 Loaded shared library C:\Users\linda\.cursor\extensions\redhat.java-1.47.0-win32-x64\jre\21.0.8-win32-x86_64\bin\instrument.dll
Event: 0.198 Loaded shared library C:\Users\linda\.cursor\extensions\redhat.java-1.47.0-win32-x64\jre\21.0.8-win32-x86_64\bin\net.dll
Event: 0.203 Loaded shared library C:\Users\linda\.cursor\extensions\redhat.java-1.47.0-win32-x64\jre\21.0.8-win32-x86_64\bin\nio.dll
Event: 0.209 Loaded shared library C:\Users\linda\.cursor\extensions\redhat.java-1.47.0-win32-x64\jre\21.0.8-win32-x86_64\bin\zip.dll
Event: 0.234 Loaded shared library C:\Users\linda\.cursor\extensions\redhat.java-1.47.0-win32-x64\jre\21.0.8-win32-x86_64\bin\jimage.dll
Event: 0.358 Loaded shared library c:\Users\linda\.cursor\extensions\redhat.java-1.47.0-win32-x64\jre\21.0.8-win32-x86_64\bin\verify.dll

Deoptimization events (20 events):
Event: 1.516 Thread 0x0000016c6c5e1b50 Uncommon trap: trap_request=0xffffff45 fr.pc=0x0000016c773027b8 relative=0x0000000000000278
Event: 1.516 Thread 0x0000016c6c5e1b50 Uncommon trap: reason=unstable_if action=reinterpret pc=0x0000016c773027b8 method=java.util.HashMap.hash(Ljava/lang/Object;)I @ 1 c2
Event: 1.516 Thread 0x0000016c6c5e1b50 DEOPT PACKING pc=0x0000016c773027b8 sp=0x0000004dce0fe800
Event: 1.516 Thread 0x0000016c6c5e1b50 DEOPT UNPACKING pc=0x0000016c76d53aa2 sp=0x0000004dce0fe698 mode 2
Event: 1.518 Thread 0x0000016c6c5e1b50 Uncommon trap: trap_request=0xffffff45 fr.pc=0x0000016c77305c3c relative=0x000000000000027c
Event: 1.518 Thread 0x0000016c6c5e1b50 Uncommon trap: reason=unstable_if action=reinterpret pc=0x0000016c77305c3c method=java.util.HashMap.hash(Ljava/lang/Object;)I @ 1 c2
Event: 1.518 Thread 0x0000016c6c5e1b50 DEOPT PACKING pc=0x0000016c77305c3c sp=0x0000004dce0fe770
Event: 1.518 Thread 0x0000016c6c5e1b50 DEOPT UNPACKING pc=0x0000016c76d53aa2 sp=0x0000004dce0fe678 mode 2
Event: 1.518 Thread 0x0000016c6c5e1b50 Uncommon trap: trap_request=0xffffff45 fr.pc=0x0000016c77300750 relative=0x00000000000000b0
Event: 1.518 Thread 0x0000016c6c5e1b50 Uncommon trap: reason=unstable_if action=reinterpret pc=0x0000016c77300750 method=java.util.HashMap.hash(Ljava/lang/Object;)I @ 1 c2
Event: 1.518 Thread 0x0000016c6c5e1b50 DEOPT PACKING pc=0x0000016c77300750 sp=0x0000004dce0fe820
Event: 1.518 Thread 0x0000016c6c5e1b50 DEOPT UNPACKING pc=0x0000016c76d53aa2 sp=0x0000004dce0fe7b8 mode 2
Event: 1.518 Thread 0x0000016c6c5e1b50 Uncommon trap: trap_request=0xffffffde fr.pc=0x0000016c772e6690 relative=0x0000000000000570
Event: 1.518 Thread 0x0000016c6c5e1b50 Uncommon trap: reason=class_check action=maybe_recompile pc=0x0000016c772e6690 method=java.util.Collections$UnmodifiableCollection$1.<init>(Ljava/util/Collections$UnmodifiableCollection;)V @ 17 c2
Event: 1.518 Thread 0x0000016c6c5e1b50 DEOPT PACKING pc=0x0000016c772e6690 sp=0x0000004dce0fe850
Event: 1.518 Thread 0x0000016c6c5e1b50 DEOPT UNPACKING pc=0x0000016c76d53aa2 sp=0x0000004dce0fe798 mode 2
Event: 1.592 Thread 0x0000016c6c5e1b50 Uncommon trap: trap_request=0xffffff45 fr.pc=0x0000016c772e7f78 relative=0x0000000000000198
Event: 1.592 Thread 0x0000016c6c5e1b50 Uncommon trap: reason=unstable_if action=reinterpret pc=0x0000016c772e7f78 method=java.lang.invoke.VarHandle.checkAccessModeThenIsDirect(Ljava/lang/invoke/VarHandle$AccessDescriptor;)Z @ 4 c2
Event: 1.592 Thread 0x0000016c6c5e1b50 DEOPT PACKING pc=0x0000016c772e7f78 sp=0x0000004dce0fe800
Event: 1.592 Thread 0x0000016c6c5e1b50 DEOPT UNPACKING pc=0x0000016c76d53aa2 sp=0x0000004dce0fe758 mode 2

Classes loaded (20 events):
Event: 1.635 Loading class java/util/AbstractQueue done
Event: 1.635 Loading class java/util/concurrent/SynchronousQueue done
Event: 1.635 Loading class java/util/concurrent/SynchronousQueue$Transferer
Event: 1.635 Loading class java/util/concurrent/LinkedTransferQueue
Event: 1.635 Loading class java/util/concurrent/TransferQueue
Event: 1.635 Loading class java/util/concurrent/TransferQueue done
Event: 1.636 Loading class java/util/concurrent/LinkedTransferQueue done
Event: 1.636 Loading class java/util/concurrent/SynchronousQueue$Transferer done
Event: 1.636 Loading class java/util/concurrent/LinkedTransferQueue$DualNode
Event: 1.636 Loading class java/util/concurrent/LinkedTransferQueue$DualNode done
Event: 1.637 Loading class java/util/concurrent/RejectedExecutionHandler
Event: 1.637 Loading class java/util/concurrent/RejectedExecutionHandler done
Event: 1.637 Loading class java/util/concurrent/LinkedBlockingQueue
Event: 1.637 Loading class java/util/concurrent/LinkedBlockingQueue done
Event: 1.637 Loading class java/util/concurrent/LinkedBlockingQueue$Node
Event: 1.638 Loading class java/util/concurrent/LinkedBlockingQueue$Node done
Event: 1.653 Loading class java/util/concurrent/Semaphore$NonfairSync
Event: 1.653 Loading class java/util/concurrent/Semaphore$Sync
Event: 1.653 Loading class java/util/concurrent/Semaphore$Sync done
Event: 1.653 Loading class java/util/concurrent/Semaphore$NonfairSync done

Classes unloaded (0 events):
No events

Classes redefined (0 events):
No events

Internal exceptions (20 events):
Event: 1.147 Thread 0x0000016c6c5e1b50 Exception <a 'java/io/FileNotFoundException'{0x00000000d64c7bd0}> (0x00000000d64c7bd0) 
thrown [s\src\hotspot\share\prims\jni.cpp, line 520]
Event: 1.152 Thread 0x0000016c6c5e1b50 Exception <a 'java/io/FileNotFoundException'{0x00000000d64c8848}> (0x00000000d64c8848) 
thrown [s\src\hotspot\share\prims\jni.cpp, line 520]
Event: 1.153 Thread 0x0000016c6c5e1b50 Exception <a 'java/io/FileNotFoundException'{0x00000000d64c9388}> (0x00000000d64c9388) 
thrown [s\src\hotspot\share\prims\jni.cpp, line 520]
Event: 1.162 Thread 0x0000016c6c5e1b50 Implicit null exception at 0x0000016c772cdaa4 to 0x0000016c772ce048
Event: 1.175 Thread 0x0000016c6c5e1b50 Exception <a 'java/io/FileNotFoundException'{0x00000000d6503548}> (0x00000000d6503548) 
thrown [s\src\hotspot\share\prims\jni.cpp, line 520]
Event: 1.194 Thread 0x0000016c6c5e1b50 Exception <a 'java/lang/NoSuchMethodError'{0x00000000d653ec90}: 'java.lang.Object java.lang.invoke.DirectMethodHandle$Holder.invokeInterface(java.lang.Object, java.lang.Object)'> (0x00000000d653ec90) 
thrown [s\src\hotspot\share\interpreter\linkResolver.cpp, line 773]
Event: 1.200 Thread 0x0000016c6c5e1b50 Exception <a 'java/lang/NoSuchMethodError'{0x00000000d6552780}: 'java.lang.Object java.lang.invoke.Invokers$Holder.invokeExact_MT(java.lang.Object, java.lang.Object, java.lang.Object, java.lang.Object, java.lang.Object, java.lang.Object)'> (0x00000000d6552780) 
thrown [s\src\hotspot\share\interpreter\linkResolver.cpp, line 773]
Event: 1.206 Thread 0x0000016c6c5e1b50 Exception <a 'java/lang/NoSuchMethodError'{0x00000000d65699d8}: 'int java.lang.invoke.DirectMethodHandle$Holder.invokeStatic(java.lang.Object, java.lang.Object, java.lang.Object, java.lang.Object, java.lang.Object)'> (0x00000000d65699d8) 
thrown [s\src\hotspot\share\interpreter\linkResolver.cpp, line 773]
Event: 1.240 Thread 0x0000016c6c5e1b50 Exception <a 'java/lang/NoSuchMethodError'{0x00000000d6601210}: 'java.lang.Object java.lang.invoke.DirectMethodHandle$Holder.invokeInterface(java.lang.Object, java.lang.Object, int)'> (0x00000000d6601210) 
thrown [s\src\hotspot\share\interpreter\linkResolver.cpp, line 773]
Event: 1.378 Thread 0x0000016c6c5e1b50 Exception <a 'java/lang/NoSuchMethodError'{0x00000000d6a6d398}: 'java.lang.ClassLoader java.lang.ClassLoader.getPlatformClassLoader(java.lang.Class)'> (0x00000000d6a6d398) 
thrown [s\src\hotspot\share\interpreter\linkResolver.cpp, line 773]
Event: 1.458 Thread 0x0000016c6c5e1b50 Exception <a 'java/lang/ClassNotFoundException'{0x00000000d558ad38}: sun/net/www/protocol/c/Handler> (0x00000000d558ad38) 
thrown [s\src\hotspot\share\classfile\systemDictionary.cpp, line 312]
Event: 1.459 Thread 0x0000016c6c5e1b50 Exception <a 'java/lang/ClassNotFoundException'{0x00000000d558c0f0}: sun/net/www/protocol/n/Handler> (0x00000000d558c0f0) 
thrown [s\src\hotspot\share\classfile\systemDictionary.cpp, line 312]
Event: 1.459 Thread 0x0000016c6c5e1b50 Exception <a 'java/lang/ClassNotFoundException'{0x00000000d558d300}: sun/net/www/protocol/c/Handler> (0x00000000d558d300) 
thrown [s\src\hotspot\share\classfile\systemDictionary.cpp, line 312]
Event: 1.471 Thread 0x0000016c6c5e1b50 Exception <a 'java/io/FileNotFoundException'{0x00000000d55b1e60}> (0x00000000d55b1e60) 
thrown [s\src\hotspot\share\prims\jni.cpp, line 520]
Event: 1.516 Thread 0x0000016c6c5e1b50 Implicit null exception at 0x0000016c772fd2c9 to 0x0000016c772fdc34
Event: 1.516 Thread 0x0000016c6c5e1b50 Implicit null exception at 0x0000016c7730259a to 0x0000016c773027a0
Event: 1.517 Thread 0x0000016c6c5e1b50 Exception <a 'java/lang/NoSuchMethodError'{0x00000000d57a2458}: 'void java.lang.invoke.DirectMethodHandle$Holder.invokeStatic(java.lang.Object, java.lang.Object, java.lang.Object, java.lang.Object)'> (0x00000000d57a2458) 
thrown [s\src\hotspot\share\interpreter\linkResolver.cpp, line 773]
Event: 1.518 Thread 0x0000016c6c5e1b50 Implicit null exception at 0x0000016c77305a1a to 0x0000016c77305c24
Event: 1.518 Thread 0x0000016c6c5e1b50 Implicit null exception at 0x0000016c773006bd to 0x0000016c77300741
Event: 1.607 Thread 0x0000016c6c5e1b50 Exception <a 'java/lang/NoSuchMethodError'{0x00000000d5a18670}: 'void java.lang.invoke.DirectMethodHandle$Holder.invokeSpecial(java.lang.Object, java.lang.Object, java.lang.Object)'> (0x00000000d5a18670) 
thrown [s\src\hotspot\share\interpreter\linkResolver.cpp, line 773]

ZGC Phase Switch (0 events):
No events

VM Operations (14 events):
Event: 0.145 Executing VM operation: HandshakeAllThreads (Deoptimize)
Event: 0.145 Executing VM operation: HandshakeAllThreads (Deoptimize) done
Event: 0.260 Executing VM operation: HandshakeAllThreads (Deoptimize)
Event: 0.260 Executing VM operation: HandshakeAllThreads (Deoptimize) done
Event: 1.075 Executing VM operation: HandshakeAllThreads (Deoptimize)
Event: 1.075 Executing VM operation: HandshakeAllThreads (Deoptimize) done
Event: 1.075 Executing VM operation: Cleanup
Event: 1.075 Executing VM operation: Cleanup done
Event: 1.099 Executing VM operation: HandshakeAllThreads (Deoptimize)
Event: 1.099 Executing VM operation: HandshakeAllThreads (Deoptimize) done
Event: 1.425 Executing VM operation: HandshakeAllThreads (Deoptimize)
Event: 1.425 Executing VM operation: HandshakeAllThreads (Deoptimize) done
Event: 1.447 Executing VM operation: ParallelGCFailedAllocation (Allocation Failure)
Event: 1.455 Executing VM operation: ParallelGCFailedAllocation (Allocation Failure) done

Memory protections (0 events):
No events

Nmethod flushes (0 events):
No events

Events (15 events):
Event: 0.044 Thread 0x0000016c6c5e1b50 Thread added: 0x0000016c6c5e1b50
Event: 0.069 Thread 0x0000016c6c5e1b50 Thread added: 0x0000016c6c683fd0
Event: 0.069 Thread 0x0000016c6c5e1b50 Thread added: 0x0000016c6c685b00
Event: 0.069 Thread 0x0000016c6c5e1b50 Thread added: 0x0000016c6c68eb30
Event: 0.069 Thread 0x0000016c6c5e1b50 Thread added: 0x0000016c6c691a90
Event: 0.070 Thread 0x0000016c6c5e1b50 Thread added: 0x0000016c6c692760
Event: 0.070 Thread 0x0000016c6c5e1b50 Thread added: 0x0000016c6c6931b0
Event: 0.070 Thread 0x0000016c6c5e1b50 Thread added: 0x0000016c6c693fe0
Event: 0.070 Thread 0x0000016c6c5e1b50 Thread added: 0x0000016c6c698e90
Event: 0.108 Thread 0x0000016c6c5e1b50 Thread added: 0x0000016c6c64d990
Event: 0.161 Thread 0x0000016c6c698e90 Thread added: 0x0000016c45519fa0
Event: 0.585 Thread 0x0000016c6c5e1b50 Thread added: 0x0000016c45721980
Event: 0.967 Thread 0x0000016c6c698e90 Thread added: 0x0000016c456f92d0
Event: 1.530 Thread 0x0000016c456f92d0 Thread exited: 0x0000016c456f92d0
Event: 1.668 Thread 0x0000016c45519fa0 Thread added: 0x0000016c4b0f6a50


Dynamic libraries:
0x00007ff654830000 - 0x00007ff65483e000 	c:\Users\linda\.cursor\extensions\redhat.java-1.47.0-win32-x64\jre\21.0.8-win32-x86_64\bin\java.exe
0x00007ff8c6880000 - 0x00007ff8c6ae8000 	C:\WINDOWS\SYSTEM32\ntdll.dll
0x00007ff894410000 - 0x00007ff894430000 	C:\Program Files\Avast Software\Avast\aswhook.dll
0x00007ff8c5330000 - 0x00007ff8c53f9000 	C:\WINDOWS\System32\KERNEL32.DLL
0x00007ff8c3b50000 - 0x00007ff8c3f48000 	C:\WINDOWS\System32\KERNELBASE.dll
0x00007ff8c4440000 - 0x00007ff8c458b000 	C:\WINDOWS\System32\ucrtbase.dll
0x00007ff876ce0000 - 0x00007ff876cf8000 	c:\Users\linda\.cursor\extensions\redhat.java-1.47.0-win32-x64\jre\21.0.8-win32-x86_64\bin\jli.dll
0x00007ff8c5730000 - 0x00007ff8c58f7000 	C:\WINDOWS\System32\USER32.dll
0x00007ff8c3f50000 - 0x00007ff8c3f77000 	C:\WINDOWS\System32\win32u.dll
0x00007ff8c5b80000 - 0x00007ff8c5bab000 	C:\WINDOWS\System32\GDI32.dll
0x00007ff8c4310000 - 0x00007ff8c443c000 	C:\WINDOWS\System32\gdi32full.dll
0x00007ff8c4260000 - 0x00007ff8c4303000 	C:\WINDOWS\System32\msvcp_win.dll
0x00007ff877ab0000 - 0x00007ff877ace000 	c:\Users\linda\.cursor\extensions\redhat.java-1.47.0-win32-x64\jre\21.0.8-win32-x86_64\bin\VCRUNTIME140.dll
0x00007ff895840000 - 0x00007ff895ad4000 	C:\WINDOWS\WinSxS\amd64_microsoft.windows.common-controls_6595b64144ccf1df_6.0.26100.7019_none_3e06ffa0e335b8a8\COMCTL32.dll
0x00007ff8c4620000 - 0x00007ff8c46c9000 	C:\WINDOWS\System32\msvcrt.dll
0x00007ff8c60c0000 - 0x00007ff8c60f1000 	C:\WINDOWS\System32\IMM32.DLL
0x00007ff8ae6b0000 - 0x00007ff8ae6bc000 	c:\Users\linda\.cursor\extensions\redhat.java-1.47.0-win32-x64\jre\21.0.8-win32-x86_64\bin\vcruntime140_1.dll
0x00007ff82cbc0000 - 0x00007ff82cc4d000 	c:\Users\linda\.cursor\extensions\redhat.java-1.47.0-win32-x64\jre\21.0.8-win32-x86_64\bin\msvcp140.dll
0x00007fffda680000 - 0x00007fffdb417000 	c:\Users\linda\.cursor\extensions\redhat.java-1.47.0-win32-x64\jre\21.0.8-win32-x86_64\bin\server\jvm.dll
0x00007ff8c4790000 - 0x00007ff8c4844000 	C:\WINDOWS\System32\ADVAPI32.dll
0x00007ff8c5570000 - 0x00007ff8c5616000 	C:\WINDOWS\System32\sechost.dll
0x00007ff8c5400000 - 0x00007ff8c5518000 	C:\WINDOWS\System32\RPCRT4.dll
0x00007ff8c3850000 - 0x00007ff8c38ae000 	C:\WINDOWS\SYSTEM32\POWRPROF.dll
0x00007ff8c5bb0000 - 0x00007ff8c5c24000 	C:\WINDOWS\System32\WS2_32.dll
0x00007ff8aeec0000 - 0x00007ff8aeecb000 	C:\WINDOWS\SYSTEM32\VERSION.dll
0x00007ff8ba7f0000 - 0x00007ff8ba825000 	C:\WINDOWS\SYSTEM32\WINMM.dll
0x00007ff8c3830000 - 0x00007ff8c3844000 	C:\WINDOWS\SYSTEM32\UMPDC.dll
0x00007ff8c2730000 - 0x00007ff8c274b000 	C:\WINDOWS\SYSTEM32\kernel.appcore.dll
0x00007ff8ae500000 - 0x00007ff8ae50a000 	c:\Users\linda\.cursor\extensions\redhat.java-1.47.0-win32-x64\jre\21.0.8-win32-x86_64\bin\jimage.dll
0x00007ff8c1070000 - 0x00007ff8c12b2000 	C:\WINDOWS\SYSTEM32\DBGHELP.DLL
0x00007ff8c5d30000 - 0x00007ff8c60bb000 	C:\WINDOWS\System32\combase.dll
0x00007ff8c66e0000 - 0x00007ff8c67b7000 	C:\WINDOWS\System32\OLEAUT32.dll
0x00007ff8ae830000 - 0x00007ff8ae86c000 	C:\WINDOWS\SYSTEM32\dbgcore.DLL
0x00007ff8c41b0000 - 0x00007ff8c4255000 	C:\WINDOWS\System32\bcryptPrimitives.dll
0x00007ff89c930000 - 0x00007ff89c93f000 	c:\Users\linda\.cursor\extensions\redhat.java-1.47.0-win32-x64\jre\21.0.8-win32-x86_64\bin\instrument.dll
0x00007ff876b10000 - 0x00007ff876b2f000 	c:\Users\linda\.cursor\extensions\redhat.java-1.47.0-win32-x64\jre\21.0.8-win32-x86_64\bin\java.dll
0x00007ff8c4880000 - 0x00007ff8c4fcf000 	C:\WINDOWS\System32\SHELL32.dll
0x00007ff8c3f80000 - 0x00007ff8c40eb000 	C:\WINDOWS\System32\wintypes.dll
0x00007ff8c1440000 - 0x00007ff8c1c9d000 	C:\WINDOWS\SYSTEM32\windows.storage.dll
0x00007ff8c5c30000 - 0x00007ff8c5d22000 	C:\WINDOWS\System32\SHCORE.dll
0x00007ff8c67c0000 - 0x00007ff8c6827000 	C:\WINDOWS\System32\shlwapi.dll
0x00007ff8c38f0000 - 0x00007ff8c3919000 	C:\WINDOWS\SYSTEM32\profapi.dll
0x00007ff874b20000 - 0x00007ff874b38000 	c:\Users\linda\.cursor\extensions\redhat.java-1.47.0-win32-x64\jre\21.0.8-win32-x86_64\bin\zip.dll
0x00007ff8adf70000 - 0x00007ff8adf80000 	C:\Users\linda\.cursor\extensions\redhat.java-1.47.0-win32-x64\jre\21.0.8-win32-x86_64\bin\net.dll
0x00007ff8b8d10000 - 0x00007ff8b8e38000 	C:\WINDOWS\SYSTEM32\WINHTTP.dll
0x00007ff8c2d00000 - 0x00007ff8c2d6b000 	C:\WINDOWS\system32\mswsock.dll
0x00007ff870920000 - 0x00007ff870936000 	C:\Users\linda\.cursor\extensions\redhat.java-1.47.0-win32-x64\jre\21.0.8-win32-x86_64\bin\nio.dll
0x00007ff878cb0000 - 0x00007ff878cc0000 	c:\Users\linda\.cursor\extensions\redhat.java-1.47.0-win32-x64\jre\21.0.8-win32-x86_64\bin\verify.dll

JVMTI agents:
c:\Users\linda\.cursor\extensions\redhat.java-1.47.0-win32-x64\lombok\lombok-1.18.39-4050.jar path:c:\Users\linda\.cursor\extensions\redhat.java-1.47.0-win32-x64\jre\21.0.8-win32-x86_64\bin\instrument.dll, loaded, initialized, instrumentlib options:none

dbghelp: loaded successfully - version: 4.0.5 - missing functions: none
symbol engine: initialized successfully - sym options: 0x614 - pdb path: .;c:\Users\linda\.cursor\extensions\redhat.java-1.47.0-win32-x64\jre\21.0.8-win32-x86_64\bin;C:\WINDOWS\SYSTEM32;C:\Program Files\Avast Software\Avast;C:\WINDOWS\WinSxS\amd64_microsoft.windows.common-controls_6595b64144ccf1df_6.0.26100.7019_none_3e06ffa0e335b8a8;c:\Users\linda\.cursor\extensions\redhat.java-1.47.0-win32-x64\jre\21.0.8-win32-x86_64\bin\server

VM Arguments:
jvm_args: --add-modules=ALL-SYSTEM --add-opens=java.base/java.util=ALL-UNNAMED --add-opens=java.base/java.lang=ALL-UNNAMED --add-opens=java.base/sun.nio.fs=ALL-UNNAMED -Declipse.application=org.eclipse.jdt.ls.core.id1 -Dosgi.bundles.defaultStartLevel=4 -Declipse.product=org.eclipse.jdt.ls.core.product -Djava.import.generatesMetadataFilesAtProjectRoot=false -DDetectVMInstallationsJob.disabled=true -Dfile.encoding=utf8 -XX:+UseParallelGC -XX:GCTimeRatio=4 -XX:AdaptiveSizePolicyWeight=90 -Dsun.zip.disableMemoryMapping=true -Xmx2G -Xms100m -Xlog:disable -javaagent:c:\Users\linda\.cursor\extensions\redhat.java-1.47.0-win32-x64\lombok\lombok-1.18.39-4050.jar 
java_command: c:\Users\linda\.cursor\extensions\redhat.java-1.47.0-win32-x64\server\plugins\org.eclipse.equinox.launcher_1.7.100.v20251014-1222.jar -configuration c:\Users\linda\AppData\Roaming\Cursor\User\globalStorage\redhat.java\1.47.0\config_ss_win -data c:\Users\linda\AppData\Roaming\Cursor\User\workspaceStorage\2b003ffe020fed3b4f3fcad2342c99d4\redhat.java\ss_ws --pipe=\\.\pipe\lsp-077a1fcdeb6b93d196a841963e7f175e-sock
java_class_path (initial): c:\Users\linda\.cursor\extensions\redhat.java-1.47.0-win32-x64\server\plugins\org.eclipse.equinox.launcher_1.7.100.v20251014-1222.jar
Launcher Type: SUN_STANDARD

[Global flags]
    uintx AdaptiveSizePolicyWeight                 = 90                                        {product} {command line}
     intx CICompilerCount                          = 4                                         {product} {ergonomic}
    uintx GCTimeRatio                              = 4                                         {product} {command line}
   size_t InitialHeapSize                          = 104857600                                 {product} {command line}
   size_t MaxHeapSize                              = 2147483648                                {product} {command line}
   size_t MaxNewSize                               = 715653120                                 {product} {ergonomic}
   size_t MinHeapDeltaBytes                        = 524288                                    {product} {ergonomic}
   size_t MinHeapSize                              = 104857600                                 {product} {command line}
   size_t NewSize                                  = 34603008                                  {product} {ergonomic}
    uintx NonNMethodCodeHeapSize                   = 5839372                                {pd product} {ergonomic}
    uintx NonProfiledCodeHeapSize                  = 122909434                              {pd product} {ergonomic}
   size_t OldSize                                  = 70254592                                  {product} {ergonomic}
    uintx ProfiledCodeHeapSize                     = 122909434                              {pd product} {ergonomic}
    uintx ReservedCodeCacheSize                    = 251658240                              {pd product} {ergonomic}
     bool SegmentedCodeCache                       = true                                      {product} {ergonomic}
   size_t SoftMaxHeapSize                          = 2147483648                             {manageable} {ergonomic}
     bool UseCompressedOops                        = true                           {product lp64_product} {ergonomic}
     bool UseLargePagesIndividualAllocation        = false                                  {pd product} {ergonomic}
     bool UseParallelGC                            = true                                      {product} {command line}

Logging:
Log output configuration:
 #0: stdout all=off uptime,level,tags foldmultilines=false
 #1: stderr all=off uptime,level,tags foldmultilines=false

Environment Variables:
PATH=C:\Program Files\Eclipse Adoptium\jdk-21.0.7.6-hotspot\bin;C:\Program Files\Common Files\Oracle\Java\javapath;C:\windows\system32;C:\windows;C:\windows\System32\Wbem;C:\windows\System32\WindowsPowerShell\v1.0\;C:\windows\System32\OpenSSH\;C:\Program Files\Microsoft SQL Server\150\Tools\Binn\;C:\Program Files\Microsoft SQL Server\Client SDK\ODBC\170\Tools\Binn\;C:\Program Files\dotnet\;C:\Program Files (x86)\Windows Kits\10\Windows Performance Toolkit\;C:\Program Files\HP\HP One Agent;C:\src\flutter\bin;C:\Users\linda\AppData\Roaming\nvm;C:\Program Files\nodejs;C:\WINDOWS\system32;C:\WINDOWS;C:\WINDOWS\System32\Wbem;C:\WINDOWS\System32\WindowsPowerShell\v1.0\;C:\WINDOWS\System32\OpenSSH\;C:\Program Files\TortoiseGit\bin;C:\Program Files\Git\cmd;C:\Program Files\PuTTY\;C:\Program Files\Java\jdk-21\bin;C:\maven\bin;C:\Program Files\Git\cmd;C:\Users\linda\AppData\Local\Microsoft\WindowsApps;C:\Users\linda\AppData\Local\Programs\Microsoft VS Code\bin;N:\dev\flutter\bin;C:\Users\linda\.dotnet\tools;C:\Program Files (x86)\Android\android-sdk\cmdline-tools\7.0\bin;C:\Users\linda\AppData\Roaming\npm;C:\Users\linda\AppData\Roaming\nvm;C:\Program Files\nodejs;N:\programfiles\cursor\resources\app\bin;C:\Program Files\Git\cmd;C:\Users\linda\AppData\Local\Android\Sdk\build-tools\34.0.0;
USERNAME=linda
OS=Windows_NT
PROCESSOR_IDENTIFIER=Intel64 Family 6 Model 186 Stepping 3, GenuineIntel
TMP=C:\Users\linda\AppData\Local\Temp
TEMP=C:\Users\linda\AppData\Local\Temp




Periodic native trim disabled

---------------  S Y S T E M  ---------------

OS:
 Windows 11 , 64 bit Build 26100 (10.0.26100.7019)
OS uptime: 0 days 22:43 hours
Hyper-V role detected

CPU: total 12 (initial active 12) (6 cores per cpu, 2 threads per core) family 6 model 186 stepping 3 microcode 0x4121, cx8, cmov, fxsr, ht, mmx, 3dnowpref, sse, sse2, sse3, ssse3, sse4.1, sse4.2, popcnt, lzcnt, tsc, tscinvbit, avx, avx2, aes, erms, clmul, bmi1, bmi2, adx, sha, fma, vzeroupper, clflush, clflushopt, clwb, hv, serialize, rdtscp, rdpid, fsrm, f16c, cet_ibt, cet_ss
Processor Information for processor 0
  Max Mhz: 1300, Current Mhz: 1300, Mhz Limit: 1300
Processor Information for processor 1
  Max Mhz: 1300, Current Mhz: 1300, Mhz Limit: 1300
Processor Information for processor 2
  Max Mhz: 1300, Current Mhz: 1300, Mhz Limit: 1300
Processor Information for processor 3
  Max Mhz: 1300, Current Mhz: 1300, Mhz Limit: 1300
Processor Information for processor 4
  Max Mhz: 1300, Current Mhz: 900, Mhz Limit: 897
Processor Information for processor 5
  Max Mhz: 1300, Current Mhz: 900, Mhz Limit: 897
Processor Information for processor 6
  Max Mhz: 1300, Current Mhz: 900, Mhz Limit: 897
Processor Information for processor 7
  Max Mhz: 1300, Current Mhz: 900, Mhz Limit: 897
Processor Information for processor 8
  Max Mhz: 1300, Current Mhz: 900, Mhz Limit: 897
Processor Information for processor 9
  Max Mhz: 1300, Current Mhz: 900, Mhz Limit: 897
Processor Information for processor 10
  Max Mhz: 1300, Current Mhz: 900, Mhz Limit: 897
Processor Information for processor 11
  Max Mhz: 1300, Current Mhz: 900, Mhz Limit: 897

Memory: 4k page, system-wide physical 16027M (1290M free)
TotalPageFile size 27521M (AvailPageFile size 416M)
current process WorkingSet (physical memory assigned to process): 87M, peak: 87M
current process commit charge ("private bytes"): 246M, peak: 246M

vm_info: OpenJDK 64-Bit Server VM (21.0.8+9-LTS) for windows-amd64 JRE (21.0.8+9-LTS), built on 2025-07-15T00:00:00Z by "admin" with MS VC++ 17.7 (VS2022)

END.
