#
# There is insufficient memory for the Java Runtime Environment to continue.
# Native memory allocation (malloc) failed to allocate 760816 bytes for Chunk::new
# Possible reasons:
#   The system is out of physical RAM or swap space
#   The process is running with CompressedOops enabled, and the Java Heap may be blocking the growth of the native heap
# Possible solutions:
#   Reduce memory load on the system
#   Increase physical memory or swap space
#   Check if swap backing store is full
#   Decrease Java heap size (-Xmx/-Xms)
#   Decrease number of Java threads
#   Decrease Java thread stack sizes (-Xss)
#   Set larger code cache with -XX:ReservedCodeCacheSize=
#   JVM is running with Zero Based Compressed Oops mode in which the Java heap is
#     placed in the first 32GB address space. The Java Heap base address is the
#     maximum limit for the native heap growth. Please use -XX:HeapBaseMinAddress
#     to set the Java Heap base and to place the Java Heap above 32GB virtual address.
# This output file may be truncated or incomplete.
#
#  Out of Memory Error (arena.cpp:168), pid=25724, tid=27712
#
# JRE version: Java(TM) SE Runtime Environment (21.0.8+12) (build 21.0.8+12-LTS-250)
# Java VM: Java HotSpot(TM) 64-Bit Server VM (21.0.8+12-LTS-250, mixed mode, sharing, tiered, compressed oops, compressed class ptrs, g1 gc, windows-amd64)
# No core dump will be written. Minidumps are not enabled by default on client versions of Windows
#

---------------  S U M M A R Y ------------

Command Line: -XX:MaxMetaspaceSize=2G -XX:+HeapDumpOnOutOfMemoryError --add-opens=java.base/java.util=ALL-UNNAMED --add-opens=java.base/java.lang=ALL-UNNAMED --add-opens=java.base/java.lang.invoke=ALL-UNNAMED --add-opens=java.prefs/java.util.prefs=ALL-UNNAMED --add-opens=java.base/java.nio.charset=ALL-UNNAMED --add-opens=java.base/java.net=ALL-UNNAMED --add-opens=java.base/java.util.concurrent.atomic=ALL-UNNAMED -Xmx4G -Dfile.encoding=utf8 -Duser.country=IN -Duser.language=en -Duser.variant -javaagent:C:\Users\linda\.gradle\wrapper\dists\gradle-8.5-all\3zlzzgtsutfj0pbojr50n2l7z\gradle-8.5\lib\agents\gradle-instrumentation-agent-8.5.jar org.gradle.launcher.daemon.bootstrap.GradleDaemon 8.5

Host: 13th Gen Intel(R) Core(TM) i5-1335U, 12 cores, 15G,  Windows 11 , 64 bit Build 26100 (10.0.26100.7019)
Time: Sun Nov 16 13:33:57 2025 India Standard Time elapsed time: 10.438589 seconds (0d 0h 0m 10s)

---------------  T H R E A D  ---------------

Current thread (0x0000016126f5f070):  JavaThread "C2 CompilerThread1" daemon [_thread_in_native, id=27712, stack(0x0000005117a00000,0x0000005117b00000) (1024K)]


Current CompileTask:
C2:  10438 5548       4       java.lang.invoke.InvokerBytecodeGenerator::addMethod (725 bytes)

Stack: [0x0000005117a00000,0x0000005117b00000]
Native frames: (J=compiled Java code, j=interpreted, Vv=VM code, C=native code)
V  [jvm.dll+0x6cc179]
V  [jvm.dll+0x8584c1]
V  [jvm.dll+0x85a9ee]
V  [jvm.dll+0x85b0c3]
V  [jvm.dll+0x27ebf6]
V  [jvm.dll+0xc4f4d]
V  [jvm.dll+0xc5483]
V  [jvm.dll+0x2f209d]
V  [jvm.dll+0x5f6daa]
V  [jvm.dll+0x250702]
V  [jvm.dll+0x248d84]
V  [jvm.dll+0x246b44]
V  [jvm.dll+0x1c7a3e]
V  [jvm.dll+0x256359]
V  [jvm.dll+0x2548ea]
V  [jvm.dll+0x3efef6]
V  [jvm.dll+0x80279b]
V  [jvm.dll+0x6ca85d]
C  [ucrtbase.dll+0x37b0]
C  [KERNEL32.DLL+0x2e8d7]
C  [ntdll.dll+0x8c53c]


---------------  P R O C E S S  ---------------

Threads class SMR info:
_java_thread_list=0x0000016128648200, length=48, elements={
0x00000160bcdd8d50, 0x00000160de7ad030, 0x00000160de7add30, 0x00000160de8ce830,
0x00000160de8cf280, 0x00000160de8cfe80, 0x00000160de8d30e0, 0x00000160de8fbfb0,
0x00000160de8ff670, 0x00000160de78a280, 0x00000160deb1d8a0, 0x000001612594eb00,
0x0000016125874800, 0x00000161253dca10, 0x0000016125603750, 0x0000016125a28790,
0x000001612552db80, 0x000001612552fb80, 0x0000016125533e30, 0x0000016125b4b470,
0x0000016125b4d540, 0x0000016125b4c820, 0x0000016125b4c190, 0x0000016125b4ceb0,
0x0000016125b4dbd0, 0x0000016125b4e260, 0x0000016125b4ade0, 0x0000016126477e10,
0x00000161264770f0, 0x0000016126477780, 0x0000016126478b30, 0x00000161264784a0,
0x00000161264791c0, 0x0000016126479850, 0x0000016126479ee0, 0x0000016126476a60,
0x000001612647d360, 0x000001612647ac00, 0x000001612647bfb0, 0x000001612647a570,
0x000001612647e080, 0x000001612647c640, 0x000001612866ecf0, 0x000001612866e660,
0x000001612866cc20, 0x000001612866bf00, 0x0000016126f5f070, 0x0000016126143490
}

Java Threads: ( => current thread )
  0x00000160bcdd8d50 JavaThread "main"                              [_thread_blocked, id=28276, stack(0x0000005116800000,0x0000005116900000) (1024K)]
  0x00000160de7ad030 JavaThread "Reference Handler"          daemon [_thread_blocked, id=27404, stack(0x0000005117000000,0x0000005117100000) (1024K)]
  0x00000160de7add30 JavaThread "Finalizer"                  daemon [_thread_blocked, id=6096, stack(0x0000005117100000,0x0000005117200000) (1024K)]
  0x00000160de8ce830 JavaThread "Signal Dispatcher"          daemon [_thread_blocked, id=7640, stack(0x0000005117200000,0x0000005117300000) (1024K)]
  0x00000160de8cf280 JavaThread "Attach Listener"            daemon [_thread_blocked, id=7428, stack(0x0000005117300000,0x0000005117400000) (1024K)]
  0x00000160de8cfe80 JavaThread "Service Thread"             daemon [_thread_blocked, id=15216, stack(0x0000005117400000,0x0000005117500000) (1024K)]
  0x00000160de8d30e0 JavaThread "Monitor Deflation Thread"   daemon [_thread_blocked, id=12032, stack(0x0000005117500000,0x0000005117600000) (1024K)]
  0x00000160de8fbfb0 JavaThread "C2 CompilerThread0"         daemon [_thread_in_native, id=5728, stack(0x0000005117600000,0x0000005117700000) (1024K)]
  0x00000160de8ff670 JavaThread "C1 CompilerThread0"         daemon [_thread_blocked, id=8752, stack(0x0000005117700000,0x0000005117800000) (1024K)]
  0x00000160de78a280 JavaThread "Common-Cleaner"             daemon [_thread_blocked, id=21312, stack(0x0000005117800000,0x0000005117900000) (1024K)]
  0x00000160deb1d8a0 JavaThread "Notification Thread"        daemon [_thread_blocked, id=26512, stack(0x0000005117900000,0x0000005117a00000) (1024K)]
  0x000001612594eb00 JavaThread "Daemon health stats"               [_thread_blocked, id=6136, stack(0x0000005118000000,0x0000005118100000) (1024K)]
  0x0000016125874800 JavaThread "Incoming local TCP Connector on port 62912"        [_thread_in_native, id=16508, stack(0x0000005118100000,0x0000005118200000) (1024K)]
  0x00000161253dca10 JavaThread "Daemon periodic checks"            [_thread_blocked, id=22324, stack(0x0000005118200000,0x0000005118300000) (1024K)]
  0x0000016125603750 JavaThread "Daemon"                            [_thread_blocked, id=12488, stack(0x0000005118300000,0x0000005118400000) (1024K)]
  0x0000016125a28790 JavaThread "Handler for socket connection from /127.0.0.1:62912 to /127.0.0.1:62913"        [_thread_in_native, id=10488, stack(0x0000005118400000,0x0000005118500000) (1024K)]
  0x000001612552db80 JavaThread "Cancel handler"                    [_thread_blocked, id=13104, stack(0x0000005118500000,0x0000005118600000) (1024K)]
  0x000001612552fb80 JavaThread "Daemon worker"                     [_thread_in_vm, id=27568, stack(0x0000005118600000,0x0000005118700000) (1024K)]
  0x0000016125533e30 JavaThread "Asynchronous log dispatcher for DefaultDaemonConnection: socket connection from /127.0.0.1:62912 to /127.0.0.1:62913"        [_thread_blocked, id=21400, stack(0x0000005118700000,0x0000005118800000) (1024K)]
  0x0000016125b4b470 JavaThread "Stdin handler"                     [_thread_blocked, id=23852, stack(0x0000005118800000,0x0000005118900000) (1024K)]
  0x0000016125b4d540 JavaThread "Daemon client event forwarder"        [_thread_blocked, id=26660, stack(0x0000005118900000,0x0000005118a00000) (1024K)]
  0x0000016125b4c820 JavaThread "Cache worker for journal cache (C:\Users\linda\.gradle\caches\journal-1)"        [_thread_blocked, id=9124, stack(0x0000005118a00000,0x0000005118b00000) (1024K)]
  0x0000016125b4c190 JavaThread "File lock request listener"        [_thread_in_native, id=22788, stack(0x0000005118b00000,0x0000005118c00000) (1024K)]
  0x0000016125b4ceb0 JavaThread "Cache worker for file hash cache (C:\Users\linda\.gradle\caches\8.5\fileHashes)"        [_thread_blocked, id=3160, stack(0x0000005118d00000,0x0000005118e00000) (1024K)]
  0x0000016125b4dbd0 JavaThread "File watcher server"        daemon [_thread_in_native, id=3084, stack(0x0000005119300000,0x0000005119400000) (1024K)]
  0x0000016125b4e260 JavaThread "File watcher consumer"      daemon [_thread_blocked, id=12580, stack(0x0000005119400000,0x0000005119500000) (1024K)]
  0x0000016125b4ade0 JavaThread "jar transforms"                    [_thread_blocked, id=27088, stack(0x0000005119500000,0x0000005119600000) (1024K)]
  0x0000016126477e10 JavaThread "jar transforms Thread 2"           [_thread_blocked, id=28652, stack(0x0000005119600000,0x0000005119700000) (1024K)]
  0x00000161264770f0 JavaThread "jar transforms Thread 3"           [_thread_blocked, id=21584, stack(0x0000005119700000,0x0000005119800000) (1024K)]
  0x0000016126477780 JavaThread "Cache worker for checksums cache (N:\Projects\wd projects git\wd_portal_app_flutter\android\.gradle\8.5\checksums)"        [_thread_blocked, id=13280, stack(0x0000005119800000,0x0000005119900000) (1024K)]
  0x0000016126478b30 JavaThread "Cache worker for file hash cache (N:\Projects\wd projects git\wd_portal_app_flutter\android\.gradle\8.5\fileHashes)"        [_thread_blocked, id=21076, stack(0x0000005119900000,0x0000005119a00000) (1024K)]
  0x00000161264784a0 JavaThread "Cache worker for cache directory md-supplier (C:\Users\linda\.gradle\caches\8.5\md-supplier)"        [_thread_blocked, id=23844, stack(0x0000005119a00000,0x0000005119b00000) (1024K)]
  0x00000161264791c0 JavaThread "Cache worker for cache directory md-rule (C:\Users\linda\.gradle\caches\8.5\md-rule)"        [_thread_blocked, id=12788, stack(0x0000005119b00000,0x0000005119c00000) (1024K)]
  0x0000016126479850 JavaThread "Cache worker for file content cache (C:\Users\linda\.gradle\caches\8.5\fileContent)"        [_thread_blocked, id=23640, stack(0x0000005119c00000,0x0000005119d00000) (1024K)]
  0x0000016126479ee0 JavaThread "Cache worker for execution history cache (C:\Users\linda\.gradle\caches\8.5\executionHistory)"        [_thread_blocked, id=18876, stack(0x0000005119d00000,0x0000005119e00000) (1024K)]
  0x0000016126476a60 JavaThread "jar transforms Thread 4"           [_thread_blocked, id=28028, stack(0x0000005119e00000,0x0000005119f00000) (1024K)]
  0x000001612647d360 JavaThread "jar transforms Thread 5"           [_thread_blocked, id=27392, stack(0x0000005119f00000,0x000000511a000000) (1024K)]
  0x000001612647ac00 JavaThread "jar transforms Thread 6"           [_thread_blocked, id=23144, stack(0x000000511a100000,0x000000511a200000) (1024K)]
  0x000001612647bfb0 JavaThread "jar transforms Thread 7"           [_thread_blocked, id=22812, stack(0x000000511a200000,0x000000511a300000) (1024K)]
  0x000001612647a570 JavaThread "jar transforms Thread 8"           [_thread_blocked, id=20248, stack(0x000000511a300000,0x000000511a400000) (1024K)]
  0x000001612647e080 JavaThread "jar transforms Thread 9"           [_thread_blocked, id=436, stack(0x000000511a400000,0x000000511a500000) (1024K)]
  0x000001612647c640 JavaThread "jar transforms Thread 10"          [_thread_blocked, id=22368, stack(0x000000511a500000,0x000000511a600000) (1024K)]
  0x000001612866ecf0 JavaThread "Cache worker for kotlin-dsl (C:\Users\linda\.gradle\caches\8.5\kotlin-dsl)"        [_thread_blocked, id=28104, stack(0x000000511a600000,0x000000511a700000) (1024K)]
  0x000001612866e660 JavaThread "jar transforms Thread 11"          [_thread_blocked, id=24436, stack(0x000000511a700000,0x000000511a800000) (1024K)]
  0x000001612866cc20 JavaThread "jar transforms Thread 12"          [_thread_blocked, id=10996, stack(0x000000511a800000,0x000000511a900000) (1024K)]
  0x000001612866bf00 JavaThread "Cache worker for dependencies-accessors (N:\Projects\wd projects git\wd_portal_app_flutter\android\.gradle\8.5\dependencies-accessors)"        [_thread_blocked, id=24580, stack(0x000000511a900000,0x000000511aa00000) (1024K)]
=>0x0000016126f5f070 JavaThread "C2 CompilerThread1"         daemon [_thread_in_native, id=27712, stack(0x0000005117a00000,0x0000005117b00000) (1024K)]
  0x0000016126143490 JavaThread "Cache worker for Build Output Cleanup Cache (C:\src\flutter\packages\flutter_tools\gradle\.gradle\buildOutputCleanup)"        [_thread_blocked, id=22244, stack(0x000000511a000000,0x000000511a100000) (1024K)]
Total: 48

Other Threads:
  0x00000160de79b870 VMThread "VM Thread"                           [id=26768, stack(0x0000005116f00000,0x0000005117000000) (1024K)]
  0x00000160de789120 WatcherThread "VM Periodic Task Thread"        [id=920, stack(0x0000005116e00000,0x0000005116f00000) (1024K)]
  0x00000160bf179e60 WorkerThread "GC Thread#0"                     [id=15960, stack(0x0000005116900000,0x0000005116a00000) (1024K)]
  0x000001612491a810 WorkerThread "GC Thread#1"                     [id=21380, stack(0x0000005117b00000,0x0000005117c00000) (1024K)]
  0x000001612491abb0 WorkerThread "GC Thread#2"                     [id=25588, stack(0x0000005117c00000,0x0000005117d00000) (1024K)]
  0x00000161249539a0 WorkerThread "GC Thread#3"                     [id=25928, stack(0x0000005117d00000,0x0000005117e00000) (1024K)]
  0x0000016124954150 WorkerThread "GC Thread#4"                     [id=28524, stack(0x0000005117e00000,0x0000005117f00000) (1024K)]
  0x00000161249544f0 WorkerThread "GC Thread#5"                     [id=20428, stack(0x0000005117f00000,0x0000005118000000) (1024K)]
  0x000001612812b080 WorkerThread "GC Thread#6"                     [id=21940, stack(0x0000005118c00000,0x0000005118d00000) (1024K)]
  0x0000016126737df0 WorkerThread "GC Thread#7"                     [id=18156, stack(0x0000005118e00000,0x0000005118f00000) (1024K)]
  0x0000016125d30910 WorkerThread "GC Thread#8"                     [id=24680, stack(0x0000005118f00000,0x0000005119000000) (1024K)]
  0x0000016125d2f6f0 WorkerThread "GC Thread#9"                     [id=4160, stack(0x0000005119000000,0x0000005119100000) (1024K)]
  0x00000160bf18ad50 ConcurrentGCThread "G1 Main Marker"            [id=21156, stack(0x0000005116a00000,0x0000005116b00000) (1024K)]
  0x00000160bf18b760 WorkerThread "G1 Conc#0"                       [id=23288, stack(0x0000005116b00000,0x0000005116c00000) (1024K)]
  0x0000016125d30570 WorkerThread "G1 Conc#1"                       [id=13236, stack(0x0000005119100000,0x0000005119200000) (1024K)]
  0x0000016125d2fa90 WorkerThread "G1 Conc#2"                       [id=19216, stack(0x0000005119200000,0x0000005119300000) (1024K)]
  0x00000160de6534e0 ConcurrentGCThread "G1 Refine#0"               [id=17632, stack(0x0000005116c00000,0x0000005116d00000) (1024K)]
  0x00000160de656d20 ConcurrentGCThread "G1 Service"                [id=23720, stack(0x0000005116d00000,0x0000005116e00000) (1024K)]
Total: 18

Threads with active compile tasks:
C2 CompilerThread0    10488 5586   !   4       java.util.regex.Pattern::RemoveQEQuoting (370 bytes)
C2 CompilerThread1    10489 5548       4       java.lang.invoke.InvokerBytecodeGenerator::addMethod (725 bytes)
Total: 2

VM state: not at safepoint (normal execution)

VM Mutex/Monitor currently owned by a thread: None

Heap address: 0x0000000700000000, size: 4096 MB, Compressed Oops mode: Zero based, Oop shift amount: 3

CDS archive(s) mapped at: [0x00000160df000000-0x00000160dfc90000-0x00000160dfc90000), size 13172736, SharedBaseAddress: 0x00000160df000000, ArchiveRelocationMode: 1.
Compressed class space mapped at: 0x00000160e0000000-0x0000016120000000, reserved size: 1073741824
Narrow klass base: 0x00000160df000000, Narrow klass shift: 0, Narrow klass range: 0x100000000

GC Precious Log:
 CardTable entry size: 512
 Card Set container configuration: InlinePtr #cards 4 size 8 Array Of Cards #cards 16 size 48 Howl #buckets 8 coarsen threshold 3686 Howl Bitmap #cards 512 size 80 coarsen threshold 460 Card regions per heap region 1 cards per card region 4096
 CPUs: 12 total, 12 available
 Memory: 16027M
 Large Page Support: Disabled
 NUMA Support: Disabled
 Compressed Oops: Enabled (Zero based)
 Heap Region Size: 2M
 Heap Min Capacity: 8M
 Heap Initial Capacity: 252M
 Heap Max Capacity: 4G
 Pre-touch: Disabled
 Parallel Workers: 10
 Concurrent Workers: 3
 Concurrent Refinement Workers: 10
 Periodic GC: Disabled

Heap:
 garbage-first heap   total 110592K, used 42099K [0x0000000700000000, 0x0000000800000000)
  region size 2048K, 5 young (10240K), 4 survivors (8192K)
 Metaspace       used 49151K, committed 50944K, reserved 1114112K
  class space    used 6990K, committed 7936K, reserved 1048576K

Heap Regions: E=young(eden), S=young(survivor), O=old, HS=humongous(starts), HC=humongous(continues), CS=collection set, F=free, TAMS=top-at-mark-start, PB=parsable bottom
|   0|0x0000000700000000, 0x0000000700200000, 0x0000000700200000|100%|HS|  |TAMS 0x0000000700000000| PB 0x0000000700000000| Complete 
|   1|0x0000000700200000, 0x0000000700400000, 0x0000000700400000|100%|HC|  |TAMS 0x0000000700200000| PB 0x0000000700200000| Complete 
|   2|0x0000000700400000, 0x0000000700600000, 0x0000000700600000|100%| O|  |TAMS 0x0000000700400000| PB 0x0000000700400000| Untracked 
|   3|0x0000000700600000, 0x0000000700800000, 0x0000000700800000|100%| O|  |TAMS 0x0000000700600000| PB 0x0000000700600000| Untracked 
|   4|0x0000000700800000, 0x00000007009f6328, 0x0000000700a00000| 98%| O|  |TAMS 0x0000000700800000| PB 0x0000000700800000| Untracked 
|   5|0x0000000700a00000, 0x0000000700c00000, 0x0000000700c00000|100%| O|  |TAMS 0x0000000700a00000| PB 0x0000000700a00000| Untracked 
|   6|0x0000000700c00000, 0x0000000700e00000, 0x0000000700e00000|100%| O|  |TAMS 0x0000000700c00000| PB 0x0000000700c00000| Untracked 
|   7|0x0000000700e00000, 0x0000000701000000, 0x0000000701000000|100%| O|  |TAMS 0x0000000700e00000| PB 0x0000000700e00000| Untracked 
|   8|0x0000000701000000, 0x0000000701200000, 0x0000000701200000|100%| O|  |TAMS 0x0000000701000000| PB 0x0000000701000000| Untracked 
|   9|0x0000000701200000, 0x0000000701400000, 0x0000000701400000|100%| O|  |TAMS 0x0000000701200000| PB 0x0000000701200000| Untracked 
|  10|0x0000000701400000, 0x0000000701600000, 0x0000000701600000|100%| O|  |TAMS 0x0000000701400000| PB 0x0000000701400000| Untracked 
|  11|0x0000000701600000, 0x0000000701800000, 0x0000000701800000|100%| O|  |TAMS 0x0000000701600000| PB 0x0000000701600000| Untracked 
|  12|0x0000000701800000, 0x0000000701800000, 0x0000000701a00000|  0%| F|  |TAMS 0x0000000701800000| PB 0x0000000701800000| Untracked 
|  13|0x0000000701a00000, 0x0000000701a00000, 0x0000000701c00000|  0%| F|  |TAMS 0x0000000701a00000| PB 0x0000000701a00000| Untracked 
|  14|0x0000000701c00000, 0x0000000701c00000, 0x0000000701e00000|  0%| F|  |TAMS 0x0000000701c00000| PB 0x0000000701c00000| Untracked 
|  15|0x0000000701e00000, 0x0000000701e14b80, 0x0000000702000000|  4%| S|CS|TAMS 0x0000000701e00000| PB 0x0000000701e00000| Complete 
|  16|0x0000000702000000, 0x0000000702111de0, 0x0000000702200000| 53%| O|  |TAMS 0x0000000702000000| PB 0x0000000702000000| Untracked 
|  17|0x0000000702200000, 0x0000000702400000, 0x0000000702400000|100%| S|CS|TAMS 0x0000000702200000| PB 0x0000000702200000| Complete 
|  18|0x0000000702400000, 0x0000000702400000, 0x0000000702600000|  0%| F|  |TAMS 0x0000000702400000| PB 0x0000000702400000| Untracked 
|  19|0x0000000702600000, 0x0000000702600000, 0x0000000702800000|  0%| F|  |TAMS 0x0000000702600000| PB 0x0000000702600000| Untracked 
|  20|0x0000000702800000, 0x0000000702a00000, 0x0000000702a00000|100%| S|CS|TAMS 0x0000000702800000| PB 0x0000000702800000| Complete 
|  21|0x0000000702a00000, 0x0000000702c00000, 0x0000000702c00000|100%| S|CS|TAMS 0x0000000702a00000| PB 0x0000000702a00000| Complete 
|  22|0x0000000702c00000, 0x0000000702c00000, 0x0000000702e00000|  0%| F|  |TAMS 0x0000000702c00000| PB 0x0000000702c00000| Untracked 
|  23|0x0000000702e00000, 0x0000000702e00000, 0x0000000703000000|  0%| F|  |TAMS 0x0000000702e00000| PB 0x0000000702e00000| Untracked 
|  24|0x0000000703000000, 0x0000000703000000, 0x0000000703200000|  0%| F|  |TAMS 0x0000000703000000| PB 0x0000000703000000| Untracked 
|  25|0x0000000703200000, 0x0000000703200000, 0x0000000703400000|  0%| F|  |TAMS 0x0000000703200000| PB 0x0000000703200000| Untracked 
|  26|0x0000000703400000, 0x0000000703400000, 0x0000000703600000|  0%| F|  |TAMS 0x0000000703400000| PB 0x0000000703400000| Untracked 
|  27|0x0000000703600000, 0x0000000703600000, 0x0000000703800000|  0%| F|  |TAMS 0x0000000703600000| PB 0x0000000703600000| Untracked 
|  28|0x0000000703800000, 0x0000000703800000, 0x0000000703a00000|  0%| F|  |TAMS 0x0000000703800000| PB 0x0000000703800000| Untracked 
|  29|0x0000000703a00000, 0x0000000703a00000, 0x0000000703c00000|  0%| F|  |TAMS 0x0000000703a00000| PB 0x0000000703a00000| Untracked 
|  30|0x0000000703c00000, 0x0000000703c00000, 0x0000000703e00000|  0%| F|  |TAMS 0x0000000703c00000| PB 0x0000000703c00000| Untracked 
|  31|0x0000000703e00000, 0x0000000703e00000, 0x0000000704000000|  0%| F|  |TAMS 0x0000000703e00000| PB 0x0000000703e00000| Untracked 
|  32|0x0000000704000000, 0x0000000704000000, 0x0000000704200000|  0%| F|  |TAMS 0x0000000704000000| PB 0x0000000704000000| Untracked 
|  33|0x0000000704200000, 0x0000000704200000, 0x0000000704400000|  0%| F|  |TAMS 0x0000000704200000| PB 0x0000000704200000| Untracked 
|  34|0x0000000704400000, 0x0000000704400000, 0x0000000704600000|  0%| F|  |TAMS 0x0000000704400000| PB 0x0000000704400000| Untracked 
|  35|0x0000000704600000, 0x0000000704600000, 0x0000000704800000|  0%| F|  |TAMS 0x0000000704600000| PB 0x0000000704600000| Untracked 
|  36|0x0000000704800000, 0x0000000704800000, 0x0000000704a00000|  0%| F|  |TAMS 0x0000000704800000| PB 0x0000000704800000| Untracked 
|  37|0x0000000704a00000, 0x0000000704a00000, 0x0000000704c00000|  0%| F|  |TAMS 0x0000000704a00000| PB 0x0000000704a00000| Untracked 
|  38|0x0000000704c00000, 0x0000000704c00000, 0x0000000704e00000|  0%| F|  |TAMS 0x0000000704c00000| PB 0x0000000704c00000| Untracked 
|  39|0x0000000704e00000, 0x0000000704e00000, 0x0000000705000000|  0%| F|  |TAMS 0x0000000704e00000| PB 0x0000000704e00000| Untracked 
|  40|0x0000000705000000, 0x0000000705000000, 0x0000000705200000|  0%| F|  |TAMS 0x0000000705000000| PB 0x0000000705000000| Untracked 
|  64|0x0000000708000000, 0x0000000708000000, 0x0000000708200000|  0%| F|  |TAMS 0x0000000708000000| PB 0x0000000708000000| Untracked 
|  65|0x0000000708200000, 0x0000000708200000, 0x0000000708400000|  0%| F|  |TAMS 0x0000000708200000| PB 0x0000000708200000| Untracked 
|  66|0x0000000708400000, 0x0000000708400000, 0x0000000708600000|  0%| F|  |TAMS 0x0000000708400000| PB 0x0000000708400000| Untracked 
|  67|0x0000000708600000, 0x0000000708600000, 0x0000000708800000|  0%| F|  |TAMS 0x0000000708600000| PB 0x0000000708600000| Untracked 
|  68|0x0000000708800000, 0x0000000708800000, 0x0000000708a00000|  0%| F|  |TAMS 0x0000000708800000| PB 0x0000000708800000| Untracked 
|  69|0x0000000708a00000, 0x0000000708a00000, 0x0000000708c00000|  0%| F|  |TAMS 0x0000000708a00000| PB 0x0000000708a00000| Untracked 
| 125|0x000000070fa00000, 0x000000070fa00000, 0x000000070fc00000|  0%| F|  |TAMS 0x000000070fa00000| PB 0x000000070fa00000| Untracked 
|2042|0x00000007ff400000, 0x00000007ff5238d8, 0x00000007ff600000| 56%| E|  |TAMS 0x00000007ff400000| PB 0x00000007ff400000| Complete 
|2043|0x00000007ff600000, 0x00000007ff800000, 0x00000007ff800000|100%| O|  |TAMS 0x00000007ff600000| PB 0x00000007ff600000| Untracked 
|2044|0x00000007ff800000, 0x00000007ffa00000, 0x00000007ffa00000|100%| O|  |TAMS 0x00000007ff800000| PB 0x00000007ff800000| Untracked 
|2045|0x00000007ffa00000, 0x00000007ffc00000, 0x00000007ffc00000|100%| O|  |TAMS 0x00000007ffa00000| PB 0x00000007ffa00000| Untracked 
|2046|0x00000007ffc00000, 0x00000007ffe00000, 0x00000007ffe00000|100%| O|  |TAMS 0x00000007ffc00000| PB 0x00000007ffc00000| Untracked 
|2047|0x00000007ffe00000, 0x0000000800000000, 0x0000000800000000|100%| O|  |TAMS 0x00000007ffe00000| PB 0x00000007ffe00000| Untracked 

Card table byte_map: [0x00000160d72f0000,0x00000160d7af0000] _byte_map_base: 0x00000160d3af0000

Marking Bits: (CMBitMap*) 0x00000160bf17a470
 Bits: [0x00000160d7af0000, 0x00000160dbaf0000)

Polling page: 0x00000160bcd80000

Metaspace:

Usage:
  Non-class:     41.19 MB used.
      Class:      6.83 MB used.
       Both:     48.02 MB used.

Virtual space:
  Non-class space:       64.00 MB reserved,      42.06 MB ( 66%) committed,  1 nodes.
      Class space:        1.00 GB reserved,       7.75 MB ( <1%) committed,  1 nodes.
             Both:        1.06 GB reserved,      49.81 MB (  5%) committed. 

Chunk freelists:
   Non-Class:  5.54 MB
       Class:  8.16 MB
        Both:  13.71 MB

MaxMetaspaceSize: 2.00 GB
CompressedClassSpaceSize: 1.00 GB
Initial GC threshold: 21.00 MB
Current GC threshold: 58.88 MB
CDS: on
 - commit_granule_bytes: 65536.
 - commit_granule_words: 8192.
 - virtual_space_node_default_size: 8388608.
 - enlarge_chunks_in_place: 1.
 - use_allocation_guard: 0.


Internal statistics:

num_allocs_failed_limit: 6.
num_arena_births: 3146.
num_arena_deaths: 0.
num_vsnodes_births: 2.
num_vsnodes_deaths: 0.
num_space_committed: 797.
num_space_uncommitted: 0.
num_chunks_returned_to_freelist: 6.
num_chunks_taken_from_freelist: 5431.
num_chunk_merges: 6.
num_chunk_splits: 3512.
num_chunks_enlarged: 2121.
num_inconsistent_stats: 0.

CodeHeap 'non-profiled nmethods': size=120000Kb used=3221Kb max_used=3221Kb free=116778Kb
 bounds [0x00000160cf070000, 0x00000160cf3a0000, 0x00000160d65a0000]
CodeHeap 'profiled nmethods': size=120000Kb used=10345Kb max_used=10345Kb free=109654Kb
 bounds [0x00000160c75a0000, 0x00000160c7fc0000, 0x00000160cead0000]
CodeHeap 'non-nmethods': size=5760Kb used=2711Kb max_used=2752Kb free=3048Kb
 bounds [0x00000160cead0000, 0x00000160ced90000, 0x00000160cf070000]
 total_blobs=5943 nmethods=5098 adapters=749
 compilation: enabled
              stopped_count=0, restarted_count=0
 full_count=0

Compilation events (20 events):
Event: 10.396 Thread 0x00000160de8fbfb0 5553       4       java.util.Arrays::hashCode (56 bytes)
Event: 10.399 Thread 0x00000160de8fbfb0 nmethod 5553 0x00000160cf390190 code [0x00000160cf390320, 0x00000160cf390490]
Event: 10.399 Thread 0x00000160de8fbfb0 5549       4       java.util.Arrays::copyOfRange (90 bytes)
Event: 10.405 Thread 0x00000160de8fbfb0 nmethod 5549 0x00000160cf390590 code [0x00000160cf390740, 0x00000160cf390cb0]
Event: 10.405 Thread 0x00000160de8fbfb0 5562       4       java.lang.Class::forName (24 bytes)
Event: 10.405 Thread 0x00000160de8fbfb0 nmethod 5562 0x00000160cf390f10 code [0x00000160cf3910a0, 0x00000160cf391138]
Event: 10.414 Thread 0x00000160de8ff670 5563   !   3       org.gradle.cache.internal.DefaultCrossBuildInMemoryCacheFactory$AbstractCrossBuildInMemoryCache::get (65 bytes)
Event: 10.414 Thread 0x00000160de8ff670 nmethod 5563 0x00000160c7fac110 code [0x00000160c7fac300, 0x00000160c7fac878]
Event: 10.417 Thread 0x00000160de8ff670 5565       3       java.lang.reflect.Proxy$ProxyBuilder::getElementType (19 bytes)
Event: 10.418 Thread 0x00000160de8ff670 nmethod 5565 0x00000160c7facb10 code [0x00000160c7facce0, 0x00000160c7facf88]
Event: 10.418 Thread 0x00000160de8ff670 5564       3       java.lang.reflect.Proxy$ProxyBuilder::addElementType (19 bytes)
Event: 10.418 Thread 0x00000160de8ff670 nmethod 5564 0x00000160c7fad110 code [0x00000160c7fad300, 0x00000160c7fad888]
Event: 10.421 Thread 0x00000160de8fbfb0 5566       4       java.util.HashMap::resize (356 bytes)
Event: 10.421 Thread 0x00000160de8ff670 5567       3       org.objectweb.asm.SymbolTable::addConstantUtf8 (98 bytes)
Event: 10.422 Thread 0x00000160de8ff670 nmethod 5567 0x00000160c7fada90 code [0x00000160c7fadcc0, 0x00000160c7fae2c8]
Event: 10.422 Thread 0x00000160de8ff670 5568       3       org.objectweb.asm.SymbolTable::addConstantIntegerOrFloat (100 bytes)
Event: 10.422 Thread 0x00000160de8ff670 nmethod 5568 0x00000160c7fae610 code [0x00000160c7fae820, 0x00000160c7faed80]
Event: 10.422 Thread 0x00000160de8ff670 5569       3       jdk.internal.org.objectweb.asm.ClassReader::readUTF8 (23 bytes)
Event: 10.423 Thread 0x00000160de8ff670 nmethod 5569 0x00000160c7faf010 code [0x00000160c7faf1e0, 0x00000160c7faf438]
Event: 10.432 Thread 0x00000160de8ff670 5571       3       org.gradle.internal.instantiation.generator.AbstractClassGenerator::inspectType (560 bytes)

GC Heap History (14 events):
Event: 0.878 GC heap before
{Heap before GC invocations=0 (full 0):
 garbage-first heap   total 258048K, used 24576K [0x0000000700000000, 0x0000000800000000)
  region size 2048K, 11 young (22528K), 0 survivors (0K)
 Metaspace       used 2967K, committed 3072K, reserved 1114112K
  class space    used 366K, committed 448K, reserved 1048576K
}
Event: 0.883 GC heap after
{Heap after GC invocations=1 (full 0):
 garbage-first heap   total 258048K, used 10178K [0x0000000700000000, 0x0000000800000000)
  region size 2048K, 2 young (4096K), 2 survivors (4096K)
 Metaspace       used 2967K, committed 3072K, reserved 1114112K
  class space    used 366K, committed 448K, reserved 1048576K
}
Event: 1.582 GC heap before
{Heap before GC invocations=1 (full 0):
 garbage-first heap   total 258048K, used 38850K [0x0000000700000000, 0x0000000800000000)
  region size 2048K, 16 young (32768K), 2 survivors (4096K)
 Metaspace       used 4131K, committed 4288K, reserved 1114112K
  class space    used 498K, committed 576K, reserved 1048576K
}
Event: 1.585 GC heap after
{Heap after GC invocations=2 (full 0):
 garbage-first heap   total 258048K, used 11182K [0x0000000700000000, 0x0000000800000000)
  region size 2048K, 1 young (2048K), 1 survivors (2048K)
 Metaspace       used 4131K, committed 4288K, reserved 1114112K
  class space    used 498K, committed 576K, reserved 1048576K
}
Event: 4.397 GC heap before
{Heap before GC invocations=2 (full 0):
 garbage-first heap   total 258048K, used 117678K [0x0000000700000000, 0x0000000800000000)
  region size 2048K, 55 young (112640K), 1 survivors (2048K)
 Metaspace       used 20834K, committed 21504K, reserved 1114112K
  class space    used 2998K, committed 3328K, reserved 1048576K
}
Event: 4.408 GC heap after
{Heap after GC invocations=3 (full 0):
 garbage-first heap   total 258048K, used 22885K [0x0000000700000000, 0x0000000800000000)
  region size 2048K, 7 young (14336K), 7 survivors (14336K)
 Metaspace       used 20834K, committed 21504K, reserved 1114112K
  class space    used 2998K, committed 3328K, reserved 1048576K
}
Event: 6.245 GC heap before
{Heap before GC invocations=4 (full 0):
 garbage-first heap   total 96256K, used 92517K [0x0000000700000000, 0x0000000800000000)
  region size 2048K, 42 young (86016K), 7 survivors (14336K)
 Metaspace       used 29419K, committed 30592K, reserved 1114112K
  class space    used 4331K, committed 4928K, reserved 1048576K
}
Event: 6.252 GC heap after
{Heap after GC invocations=5 (full 0):
 garbage-first heap   total 114688K, used 28147K [0x0000000700000000, 0x0000000800000000)
  region size 2048K, 3 young (6144K), 3 survivors (6144K)
 Metaspace       used 29419K, committed 30592K, reserved 1114112K
  class space    used 4331K, committed 4928K, reserved 1048576K
}
Event: 6.787 GC heap before
{Heap before GC invocations=5 (full 0):
 garbage-first heap   total 114688K, used 52723K [0x0000000700000000, 0x0000000800000000)
  region size 2048K, 16 young (32768K), 3 survivors (6144K)
 Metaspace       used 34812K, committed 36096K, reserved 1114112K
  class space    used 4960K, committed 5632K, reserved 1048576K
}
Event: 6.792 GC heap after
{Heap after GC invocations=6 (full 0):
 garbage-first heap   total 114688K, used 30327K [0x0000000700000000, 0x0000000800000000)
  region size 2048K, 4 young (8192K), 4 survivors (8192K)
 Metaspace       used 34812K, committed 36096K, reserved 1114112K
  class space    used 4960K, committed 5632K, reserved 1048576K
}
Event: 7.978 GC heap before
{Heap before GC invocations=7 (full 0):
 garbage-first heap   total 110592K, used 91767K [0x0000000700000000, 0x0000000800000000)
  region size 2048K, 32 young (65536K), 4 survivors (8192K)
 Metaspace       used 39029K, committed 40384K, reserved 1114112K
  class space    used 5391K, committed 6080K, reserved 1048576K
}
Event: 7.985 GC heap after
{Heap after GC invocations=8 (full 0):
 garbage-first heap   total 110592K, used 36217K [0x0000000700000000, 0x0000000800000000)
  region size 2048K, 4 young (8192K), 4 survivors (8192K)
 Metaspace       used 39029K, committed 40384K, reserved 1114112K
  class space    used 5391K, committed 6080K, reserved 1048576K
}
Event: 9.155 GC heap before
{Heap before GC invocations=8 (full 0):
 garbage-first heap   total 110592K, used 91513K [0x0000000700000000, 0x0000000800000000)
  region size 2048K, 32 young (65536K), 4 survivors (8192K)
 Metaspace       used 43777K, committed 45312K, reserved 1114112K
  class space    used 6073K, committed 6848K, reserved 1048576K
}
Event: 9.162 GC heap after
{Heap after GC invocations=9 (full 0):
 garbage-first heap   total 110592K, used 39668K [0x0000000700000000, 0x0000000800000000)
  region size 2048K, 2 young (4096K), 2 survivors (4096K)
 Metaspace       used 43777K, committed 45312K, reserved 1114112K
  class space    used 6073K, committed 6848K, reserved 1048576K
}

Dll operation events (15 events):
Event: 0.016 Loaded shared library C:\Program Files\Java\jdk-21\bin\java.dll
Event: 0.066 Loaded shared library C:\Program Files\Java\jdk-21\bin\jsvml.dll
Event: 0.124 Loaded shared library C:\Program Files\Java\jdk-21\bin\zip.dll
Event: 0.129 Loaded shared library C:\Program Files\Java\jdk-21\bin\instrument.dll
Event: 0.135 Loaded shared library C:\Program Files\Java\jdk-21\bin\net.dll
Event: 0.138 Loaded shared library C:\Program Files\Java\jdk-21\bin\nio.dll
Event: 0.143 Loaded shared library C:\Program Files\Java\jdk-21\bin\zip.dll
Event: 0.443 Loaded shared library C:\Program Files\Java\jdk-21\bin\jimage.dll
Event: 0.528 Loaded shared library C:\Program Files\Java\jdk-21\bin\verify.dll
Event: 0.778 Loaded shared library C:\Users\linda\.gradle\native\c067742578af261105cb4f569cf0c3c89f3d7b1fecec35dd04571415982c5e48\windows-amd64\native-platform.dll
Event: 0.791 Loaded shared library C:\Users\linda\.gradle\native\38dada09dfb8b06ba9b0570ebf7e218e3eb74d4ef43ca46872605cf95ebc2f47\windows-amd64\native-platform-file-events.dll
Event: 2.117 Loaded shared library C:\Program Files\Java\jdk-21\bin\management.dll
Event: 2.122 Loaded shared library C:\Program Files\Java\jdk-21\bin\management_ext.dll
Event: 2.422 Loaded shared library C:\Program Files\Java\jdk-21\bin\extnet.dll
Event: 2.587 Loaded shared library C:\Program Files\Java\jdk-21\bin\sunmscapi.dll

Deoptimization events (20 events):
Event: 9.941 Thread 0x000001612552fb80 DEOPT PACKING pc=0x00000160cf3571b4 sp=0x00000051186f6a90
Event: 9.941 Thread 0x000001612552fb80 DEOPT UNPACKING pc=0x00000160ceb246a2 sp=0x00000051186f67c0 mode 2
Event: 10.091 Thread 0x000001612552fb80 Uncommon trap: trap_request=0xffffff76 fr.pc=0x00000160cf34e040 relative=0x00000000000048c0
Event: 10.091 Thread 0x000001612552fb80 Uncommon trap: reason=predicate action=maybe_recompile pc=0x00000160cf34e040 method=jdk.internal.loader.Resource.getBytes()[B @ 50 c2
Event: 10.091 Thread 0x000001612552fb80 DEOPT PACKING pc=0x00000160cf34e040 sp=0x00000051186f6220
Event: 10.091 Thread 0x000001612552fb80 DEOPT UNPACKING pc=0x00000160ceb246a2 sp=0x00000051186f6088 mode 2
Event: 10.235 Thread 0x000001612552fb80 DEOPT PACKING pc=0x00000160c7a8e8fe sp=0x00000051186f3140
Event: 10.235 Thread 0x000001612552fb80 DEOPT UNPACKING pc=0x00000160ceb24e42 sp=0x00000051186f26c0 mode 0
Event: 10.343 Thread 0x000001612552fb80 Uncommon trap: trap_request=0xffffffcc fr.pc=0x00000160cf364cd4 relative=0x0000000000000294
Event: 10.343 Thread 0x000001612552fb80 Uncommon trap: reason=intrinsic_or_type_checked_inlining action=make_not_entrant pc=0x00000160cf364cd4 method=java.util.Arrays.copyOfRange([Ljava/lang/Object;IILjava/lang/Class;)[Ljava/lang/Object; @ 84 c2
Event: 10.343 Thread 0x000001612552fb80 DEOPT PACKING pc=0x00000160cf364cd4 sp=0x00000051186f1c10
Event: 10.343 Thread 0x000001612552fb80 DEOPT UNPACKING pc=0x00000160ceb246a2 sp=0x00000051186f1bb0 mode 2
Event: 10.344 Thread 0x000001612552fb80 Uncommon trap: trap_request=0xffffff45 fr.pc=0x00000160cf36f1c0 relative=0x0000000000000e00
Event: 10.344 Thread 0x000001612552fb80 Uncommon trap: reason=unstable_if action=reinterpret pc=0x00000160cf36f1c0 method=org.objectweb.asm.Frame.execute(IILorg/objectweb/asm/Symbol;Lorg/objectweb/asm/SymbolTable;)V @ 1 c2
Event: 10.344 Thread 0x000001612552fb80 DEOPT PACKING pc=0x00000160cf36f1c0 sp=0x00000051186f1570
Event: 10.344 Thread 0x000001612552fb80 DEOPT UNPACKING pc=0x00000160ceb246a2 sp=0x00000051186f14f8 mode 2
Event: 10.421 Thread 0x000001612552fb80 Uncommon trap: trap_request=0xffffff3d fr.pc=0x00000160cf27a6cc relative=0x0000000000000ccc
Event: 10.421 Thread 0x000001612552fb80 Uncommon trap: reason=unstable_fused_if action=reinterpret pc=0x00000160cf27a6cc method=org.objectweb.asm.ByteVector.putUTF8(Ljava/lang/String;)Lorg/objectweb/asm/ByteVector; @ 93 c2
Event: 10.421 Thread 0x000001612552fb80 DEOPT PACKING pc=0x00000160cf27a6cc sp=0x00000051186f0440
Event: 10.421 Thread 0x000001612552fb80 DEOPT UNPACKING pc=0x00000160ceb246a2 sp=0x00000051186f0398 mode 2

Classes loaded (20 events):
Event: 10.373 Loading class javax/xml/parsers/DocumentBuilderFactory
Event: 10.373 Loading class javax/xml/parsers/DocumentBuilderFactory done
Event: 10.373 Loading class javax/xml/parsers/FactoryFinder
Event: 10.373 Loading class javax/xml/parsers/FactoryFinder done
Event: 10.374 Loading class javax/xml/parsers/FactoryFinder$1
Event: 10.374 Loading class javax/xml/parsers/FactoryFinder$1 done
Event: 10.374 Loading class com/sun/org/apache/xerces/internal/jaxp/DocumentBuilderFactoryImpl
Event: 10.375 Loading class com/sun/org/apache/xerces/internal/jaxp/DocumentBuilderFactoryImpl done
Event: 10.375 Loading class com/sun/org/apache/xerces/internal/utils/XMLSecurityManager
Event: 10.375 Loading class com/sun/org/apache/xerces/internal/utils/XMLSecurityManager done
Event: 10.375 Loading class com/sun/org/apache/xerces/internal/utils/XMLSecurityManager$Limit
Event: 10.375 Loading class com/sun/org/apache/xerces/internal/utils/XMLSecurityManager$Limit done
Event: 10.375 Loading class com/sun/org/apache/xerces/internal/utils/XMLSecurityManager$NameMap
Event: 10.375 Loading class com/sun/org/apache/xerces/internal/utils/XMLSecurityManager$NameMap done
Event: 10.376 Loading class com/sun/org/apache/xerces/internal/utils/XMLSecurityPropertyManager
Event: 10.376 Loading class com/sun/org/apache/xerces/internal/utils/XMLSecurityPropertyManager done
Event: 10.376 Loading class com/sun/org/apache/xerces/internal/utils/XMLSecurityPropertyManager$State
Event: 10.376 Loading class com/sun/org/apache/xerces/internal/utils/XMLSecurityPropertyManager$State done
Event: 10.376 Loading class com/sun/org/apache/xerces/internal/utils/XMLSecurityPropertyManager$Property
Event: 10.376 Loading class com/sun/org/apache/xerces/internal/utils/XMLSecurityPropertyManager$Property done

Classes unloaded (0 events):
No events

Classes redefined (0 events):
No events

Internal exceptions (20 events):
Event: 9.255 Thread 0x000001612552fb80 Exception <a 'java/lang/NoSuchMethodError'{0x0000000708b50e60}: 'java.lang.Object java.lang.invoke.DirectMethodHandle$Holder.invokeSpecial(java.lang.Object, java.lang.Object, java.lang.Object, java.lang.Object, java.lang.Object, java.lang.Object, java.lang.Object, java.lang.Object, java.lang.Object, java.lang.Object, java.lang.Object, java.lang.Object, java.lang.Object, java.lang.Object, java.lang.Object, java.lang.Object, java.lang.Object, java.lang.Object)'> (0x0000000708b50e60) 
thrown [s\open\src\hotsp
Event: 9.255 Thread 0x000001612552fb80 Exception <a 'java/lang/NoSuchMethodError'{0x0000000708b573d8}: 'java.lang.Object java.lang.invoke.DelegatingMethodHandle$Holder.reinvoke_L(java.lang.Object, java.lang.Object, java.lang.Object, java.lang.Object, java.lang.Object, java.lang.Object, java.lang.Object, java.lang.Object, java.lang.Object, java.lang.Object, java.lang.Object, java.lang.Object, java.lang.Object, java.lang.Object, java.lang.Object, java.lang.Object, java.lang.Object)'> (0x0000000708b573d8) 
thrown [s\open\src\hotspot\share\interpre
Event: 9.320 Thread 0x000001612552fb80 Exception <a 'java/lang/NoSuchMethodError'{0x00000007089b4690}: 'long java.lang.invoke.DirectMethodHandle$Holder.invokeStatic(java.lang.Object, long)'> (0x00000007089b4690) 
thrown [s\open\src\hotspot\share\interpreter\linkResolver.cpp, line 773]
Event: 9.517 Thread 0x000001612552fb80 Exception <a 'java/lang/NoSuchMethodError'{0x0000000708345c70}: 'java.lang.Object java.lang.invoke.DirectMethodHandle$Holder.newInvokeSpecial(java.lang.Object, java.lang.Object, java.lang.Object, java.lang.Object, int)'> (0x0000000708345c70) 
thrown [s\open\src\hotspot\share\interpreter\linkResolver.cpp, line 773]
Event: 9.518 Thread 0x000001612552fb80 Exception <a 'java/lang/NoSuchMethodError'{0x000000070834ba00}: 'java.lang.Object java.lang.invoke.DirectMethodHandle$Holder.invokeSpecial(java.lang.Object, java.lang.Object, java.lang.Object, java.lang.Object, java.lang.Object, int)'> (0x000000070834ba00) 
thrown [s\open\src\hotspot\share\interpreter\linkResolver.cpp, line 773]
Event: 9.518 Thread 0x000001612552fb80 Exception <a 'java/lang/NoSuchMethodError'{0x0000000708351158}: 'java.lang.Object java.lang.invoke.Invokers$Holder.linkToTargetMethod(java.lang.Object, java.lang.Object, java.lang.Object, int, java.lang.Object)'> (0x0000000708351158) 
thrown [s\open\src\hotspot\share\interpreter\linkResolver.cpp, line 773]
Event: 9.568 Thread 0x000001612552fb80 Exception <a 'java/lang/ClassNotFoundException'{0x0000000708168168}: java/lang/StringBeanInfo> (0x0000000708168168) 
thrown [s\open\src\hotspot\share\classfile\systemDictionary.cpp, line 312]
Event: 9.569 Thread 0x000001612552fb80 Exception <a 'java/lang/ClassNotFoundException'{0x0000000708174cb0}: java/lang/StringCustomizer> (0x0000000708174cb0) 
thrown [s\open\src\hotspot\share\classfile\systemDictionary.cpp, line 312]
Event: 9.575 Thread 0x000001612552fb80 Exception <a 'java/lang/ClassNotFoundException'{0x00000007081d41a0}: java/io/FileBeanInfo> (0x00000007081d41a0) 
thrown [s\open\src\hotspot\share\classfile\systemDictionary.cpp, line 312]
Event: 9.576 Thread 0x000001612552fb80 Exception <a 'java/lang/ClassNotFoundException'{0x00000007081e0c20}: java/io/FileCustomizer> (0x00000007081e0c20) 
thrown [s\open\src\hotspot\share\classfile\systemDictionary.cpp, line 312]
Event: 9.600 Thread 0x0000016125b4d540 Exception <a 'java/lang/NoSuchMethodError'{0x000000070810a098}: static Lorg/gradle/internal/build/event/types/DefaultProjectConfigurationDescriptor;.<clinit>()V> (0x000000070810a098) 
thrown [s\open\src\hotspot\share\prims\jni.cpp, line 1111]
Event: 9.965 Thread 0x000001612552fb80 Exception <a 'java/lang/NoSuchMethodError'{0x0000000704507b08}: 'java.lang.Object java.lang.invoke.DirectMethodHandle$Holder.newInvokeSpecial(java.lang.Object, java.lang.Object, java.lang.Object, java.lang.Object, java.lang.Object, java.lang.Object, java.lang.Object, java.lang.Object, java.lang.Object, java.lang.Object, java.lang.Object, java.lang.Object, java.lang.Object)'> (0x0000000704507b08) 
thrown [s\open\src\hotspot\share\interpreter\linkResolver.cpp, line 773]
Event: 10.005 Thread 0x000001612552fb80 Exception <a 'java/lang/NoSuchMethodError'{0x0000000704359a08}: 'java.lang.Object java.lang.invoke.DirectMethodHandle$Holder.newInvokeSpecial(java.lang.Object, java.lang.Object, java.lang.Object, java.lang.Object, java.lang.Object, java.lang.Object, java.lang.Object, java.lang.Object, java.lang.Object, java.lang.Object, java.lang.Object, java.lang.Object, java.lang.Object, java.lang.Object, java.lang.Object, java.lang.Object, java.lang.Object, java.lang.Object, java.lang.Object, java.lang.Object, java.lang
Event: 10.005 Thread 0x000001612552fb80 Exception <a 'java/lang/NoSuchMethodError'{0x0000000704361f90}: 'java.lang.Object java.lang.invoke.DirectMethodHandle$Holder.invokeSpecial(java.lang.Object, java.lang.Object, java.lang.Object, java.lang.Object, java.lang.Object, java.lang.Object, java.lang.Object, java.lang.Object, java.lang.Object, java.lang.Object, java.lang.Object, java.lang.Object, java.lang.Object, java.lang.Object, java.lang.Object, java.lang.Object, java.lang.Object, java.lang.Object, java.lang.Object, java.lang.Object, java.lang.Ob
Event: 10.006 Thread 0x000001612552fb80 Exception <a 'java/lang/NoSuchMethodError'{0x0000000704368ce0}: 'java.lang.Object java.lang.invoke.DelegatingMethodHandle$Holder.reinvoke_L(java.lang.Object, java.lang.Object, java.lang.Object, java.lang.Object, java.lang.Object, java.lang.Object, java.lang.Object, java.lang.Object, java.lang.Object, java.lang.Object, java.lang.Object, java.lang.Object, java.lang.Object, java.lang.Object, java.lang.Object, java.lang.Object, java.lang.Object, java.lang.Object, java.lang.Object, java.lang.Object, java.lang.O
Event: 10.011 Thread 0x000001612552fb80 Exception <a 'java/lang/NoSuchMethodError'{0x0000000704052af0}: 'java.lang.Object java.lang.invoke.DirectMethodHandle$Holder.invokeStatic(java.lang.Object, java.lang.Object, java.lang.Object, java.lang.Object, java.lang.Object, java.lang.Object, java.lang.Object, java.lang.Object, java.lang.Object, java.lang.Object, java.lang.Object, java.lang.Object, java.lang.Object, java.lang.Object, java.lang.Object, java.lang.Object, java.lang.Object, java.lang.Object, java.lang.Object, java.lang.Object, java.lang.Obj
Event: 10.153 Thread 0x000001612552fb80 Exception <a 'java/lang/NoSuchMethodError'{0x0000000703def488}: 'java.lang.Object java.lang.invoke.DirectMethodHandle$Holder.newInvokeSpecial(java.lang.Object, int, java.lang.Object)'> (0x0000000703def488) 
thrown [s\open\src\hotspot\share\interpreter\linkResolver.cpp, line 773]
Event: 10.380 Thread 0x000001612552fb80 Exception <a 'java/lang/NoSuchMethodError'{0x000000070301bd50}: 'java.lang.Object java.lang.invoke.DirectMethodHandle$Holder.newInvokeSpecial(java.lang.Object, java.lang.Object, java.lang.Object, java.lang.Object, java.lang.Object, java.lang.Object, java.lang.Object, java.lang.Object, java.lang.Object, java.lang.Object, java.lang.Object, java.lang.Object, java.lang.Object, java.lang.Object, java.lang.Object, java.lang.Object)'> (0x000000070301bd50) 
thrown [s\open\src\hotspot\share\interpreter\linkResolver
Event: 10.380 Thread 0x000001612552fb80 Exception <a 'java/lang/NoSuchMethodError'{0x0000000703023468}: 'java.lang.Object java.lang.invoke.DirectMethodHandle$Holder.invokeSpecial(java.lang.Object, java.lang.Object, java.lang.Object, java.lang.Object, java.lang.Object, java.lang.Object, java.lang.Object, java.lang.Object, java.lang.Object, java.lang.Object, java.lang.Object, java.lang.Object, java.lang.Object, java.lang.Object, java.lang.Object, java.lang.Object, java.lang.Object)'> (0x0000000703023468) 
thrown [s\open\src\hotspot\share\interpret
Event: 10.381 Thread 0x000001612552fb80 Exception <a 'java/lang/NoSuchMethodError'{0x0000000703029b08}: 'java.lang.Object java.lang.invoke.DelegatingMethodHandle$Holder.reinvoke_L(java.lang.Object, java.lang.Object, java.lang.Object, java.lang.Object, java.lang.Object, java.lang.Object, java.lang.Object, java.lang.Object, java.lang.Object, java.lang.Object, java.lang.Object, java.lang.Object, java.lang.Object, java.lang.Object, java.lang.Object, java.lang.Object)'> (0x0000000703029b08) 
thrown [s\open\src\hotspot\share\interpreter\linkResolver.c

ZGC Phase Switch (0 events):
No events

VM Operations (20 events):
Event: 7.898 Executing VM operation: ICBufferFull
Event: 7.899 Executing VM operation: ICBufferFull done
Event: 7.914 Executing VM operation: HandshakeAllThreads (Deoptimize)
Event: 7.914 Executing VM operation: HandshakeAllThreads (Deoptimize) done
Event: 7.917 Executing VM operation: HandshakeAllThreads (Deoptimize)
Event: 7.917 Executing VM operation: HandshakeAllThreads (Deoptimize) done
Event: 7.978 Executing VM operation: G1CollectForAllocation (G1 Evacuation Pause)
Event: 7.985 Executing VM operation: G1CollectForAllocation (G1 Evacuation Pause) done
Event: 8.513 Executing VM operation: HandshakeAllThreads (Deoptimize)
Event: 8.514 Executing VM operation: HandshakeAllThreads (Deoptimize) done
Event: 8.873 Executing VM operation: ICBufferFull
Event: 8.874 Executing VM operation: ICBufferFull done
Event: 8.934 Executing VM operation: HandshakeAllThreads (Deoptimize)
Event: 8.934 Executing VM operation: HandshakeAllThreads (Deoptimize) done
Event: 9.155 Executing VM operation: G1CollectForAllocation (G1 Evacuation Pause)
Event: 9.162 Executing VM operation: G1CollectForAllocation (G1 Evacuation Pause) done
Event: 9.182 Executing VM operation: HandshakeAllThreads (Deoptimize)
Event: 9.182 Executing VM operation: HandshakeAllThreads (Deoptimize) done
Event: 10.190 Executing VM operation: Cleanup
Event: 10.190 Executing VM operation: Cleanup done

Events (20 events):
Event: 6.805 Thread 0x00000160de79b870 flushing nmethod 0x00000160c7817b10
Event: 6.805 Thread 0x00000160de79b870 flushing nmethod 0x00000160c7819710
Event: 6.805 Thread 0x00000160de79b870 flushing nmethod 0x00000160c7925090
Event: 6.805 Thread 0x00000160de79b870 flushing nmethod 0x00000160c792ad10
Event: 6.805 Thread 0x00000160de79b870 flushing nmethod 0x00000160c798e110
Event: 6.805 Thread 0x00000160de79b870 flushing nmethod 0x00000160c798e590
Event: 6.805 Thread 0x00000160de79b870 flushing nmethod 0x00000160c7b4b290
Event: 7.507 Thread 0x000001612647ac00 Thread added: 0x000001612647ac00
Event: 7.536 Thread 0x000001612647bfb0 Thread added: 0x000001612647bfb0
Event: 7.580 Thread 0x000001612647a570 Thread added: 0x000001612647a570
Event: 7.715 Thread 0x000001612647e080 Thread added: 0x000001612647e080
Event: 7.791 Thread 0x000001612647c640 Thread added: 0x000001612647c640
Event: 8.246 Thread 0x000001612866ecf0 Thread added: 0x000001612866ecf0
Event: 8.649 Thread 0x000001612866e660 Thread added: 0x000001612866e660
Event: 8.654 Thread 0x000001612866cc20 Thread added: 0x000001612866cc20
Event: 8.838 Thread 0x000001612866bf00 Thread added: 0x000001612866bf00
Event: 8.993 Thread 0x00000160dec13a30 Thread exited: 0x00000160dec13a30
Event: 8.994 Thread 0x00000161279c38b0 Thread exited: 0x00000161279c38b0
Event: 9.198 Thread 0x0000016126f5f070 Thread added: 0x0000016126f5f070
Event: 9.869 Thread 0x0000016126143490 Thread added: 0x0000016126143490


Dynamic libraries:
0x00007ff62fa10000 - 0x00007ff62fa20000 	C:\Program Files\Java\jdk-21\bin\java.exe
0x00007ff8c6880000 - 0x00007ff8c6ae8000 	C:\WINDOWS\SYSTEM32\ntdll.dll
0x00007ff894410000 - 0x00007ff894430000 	C:\Program Files\Avast Software\Avast\aswhook.dll
0x00007ff8c5330000 - 0x00007ff8c53f9000 	C:\WINDOWS\System32\KERNEL32.DLL
0x00007ff8c3b50000 - 0x00007ff8c3f48000 	C:\WINDOWS\System32\KERNELBASE.dll
0x00007ff8c4440000 - 0x00007ff8c458b000 	C:\WINDOWS\System32\ucrtbase.dll
0x00007ff878b20000 - 0x00007ff878b39000 	C:\Program Files\Java\jdk-21\bin\jli.dll
0x00007ff878b00000 - 0x00007ff878b1b000 	C:\Program Files\Java\jdk-21\bin\VCRUNTIME140.dll
0x00007ff8c4790000 - 0x00007ff8c4844000 	C:\WINDOWS\System32\ADVAPI32.dll
0x00007ff8c4620000 - 0x00007ff8c46c9000 	C:\WINDOWS\System32\msvcrt.dll
0x00007ff8c5570000 - 0x00007ff8c5616000 	C:\WINDOWS\System32\sechost.dll
0x00007ff8c5400000 - 0x00007ff8c5518000 	C:\WINDOWS\System32\RPCRT4.dll
0x00007ff8c5730000 - 0x00007ff8c58f7000 	C:\WINDOWS\System32\USER32.dll
0x00007ff8c3f50000 - 0x00007ff8c3f77000 	C:\WINDOWS\System32\win32u.dll
0x00007ff895840000 - 0x00007ff895ad4000 	C:\WINDOWS\WinSxS\amd64_microsoft.windows.common-controls_6595b64144ccf1df_6.0.26100.7019_none_3e06ffa0e335b8a8\COMCTL32.dll
0x00007ff8c5b80000 - 0x00007ff8c5bab000 	C:\WINDOWS\System32\GDI32.dll
0x00007ff8c4310000 - 0x00007ff8c443c000 	C:\WINDOWS\System32\gdi32full.dll
0x00007ff8c4260000 - 0x00007ff8c4303000 	C:\WINDOWS\System32\msvcp_win.dll
0x00007ff8aeec0000 - 0x00007ff8aeecb000 	C:\WINDOWS\SYSTEM32\VERSION.dll
0x00007ff8c60c0000 - 0x00007ff8c60f1000 	C:\WINDOWS\System32\IMM32.DLL
0x00007ff8a0f70000 - 0x00007ff8a0f7c000 	C:\Program Files\Java\jdk-21\bin\vcruntime140_1.dll
0x00007ff837140000 - 0x00007ff8371ce000 	C:\Program Files\Java\jdk-21\bin\msvcp140.dll
0x00007fffe7c40000 - 0x00007fffe895d000 	C:\Program Files\Java\jdk-21\bin\server\jvm.dll
0x00007ff8c5bb0000 - 0x00007ff8c5c24000 	C:\WINDOWS\System32\WS2_32.dll
0x00007ff8c3850000 - 0x00007ff8c38ae000 	C:\WINDOWS\SYSTEM32\POWRPROF.dll
0x00007ff8ba7f0000 - 0x00007ff8ba825000 	C:\WINDOWS\SYSTEM32\WINMM.dll
0x00007ff8c3830000 - 0x00007ff8c3844000 	C:\WINDOWS\SYSTEM32\UMPDC.dll
0x00007ff8c2730000 - 0x00007ff8c274b000 	C:\WINDOWS\SYSTEM32\kernel.appcore.dll
0x00007ff89aa90000 - 0x00007ff89aa9a000 	C:\Program Files\Java\jdk-21\bin\jimage.dll
0x00007ff8c1070000 - 0x00007ff8c12b2000 	C:\WINDOWS\SYSTEM32\DBGHELP.DLL
0x00007ff8c5d30000 - 0x00007ff8c60bb000 	C:\WINDOWS\System32\combase.dll
0x00007ff8c66e0000 - 0x00007ff8c67b7000 	C:\WINDOWS\System32\OLEAUT32.dll
0x00007ff8ae830000 - 0x00007ff8ae86c000 	C:\WINDOWS\SYSTEM32\dbgcore.DLL
0x00007ff8c41b0000 - 0x00007ff8c4255000 	C:\WINDOWS\System32\bcryptPrimitives.dll
0x00007ff893950000 - 0x00007ff89395f000 	C:\Program Files\Java\jdk-21\bin\instrument.dll
0x00007ff878040000 - 0x00007ff87805f000 	C:\Program Files\Java\jdk-21\bin\java.dll
0x00007ff8c4880000 - 0x00007ff8c4fcf000 	C:\WINDOWS\System32\SHELL32.dll
0x00007ff8c3f80000 - 0x00007ff8c40eb000 	C:\WINDOWS\System32\wintypes.dll
0x00007ff8c1440000 - 0x00007ff8c1c9d000 	C:\WINDOWS\SYSTEM32\windows.storage.dll
0x00007ff8c5c30000 - 0x00007ff8c5d22000 	C:\WINDOWS\System32\SHCORE.dll
0x00007ff8c67c0000 - 0x00007ff8c6827000 	C:\WINDOWS\System32\shlwapi.dll
0x00007ff8c38f0000 - 0x00007ff8c3919000 	C:\WINDOWS\SYSTEM32\profapi.dll
0x00007ff832440000 - 0x00007ff832517000 	C:\Program Files\Java\jdk-21\bin\jsvml.dll
0x00007ff877020000 - 0x00007ff877038000 	C:\Program Files\Java\jdk-21\bin\zip.dll
0x00007ff8841f0000 - 0x00007ff884200000 	C:\Program Files\Java\jdk-21\bin\net.dll
0x00007ff8b8d10000 - 0x00007ff8b8e38000 	C:\WINDOWS\SYSTEM32\WINHTTP.dll
0x00007ff8c2d00000 - 0x00007ff8c2d6b000 	C:\WINDOWS\system32\mswsock.dll
0x00007ff876b30000 - 0x00007ff876b46000 	C:\Program Files\Java\jdk-21\bin\nio.dll
0x00007ff87ff30000 - 0x00007ff87ff40000 	C:\Program Files\Java\jdk-21\bin\verify.dll
0x00007ff86cb90000 - 0x00007ff86cbb7000 	C:\Users\linda\.gradle\native\c067742578af261105cb4f569cf0c3c89f3d7b1fecec35dd04571415982c5e48\windows-amd64\native-platform.dll
0x00007ff829460000 - 0x00007ff8295a4000 	C:\Users\linda\.gradle\native\38dada09dfb8b06ba9b0570ebf7e218e3eb74d4ef43ca46872605cf95ebc2f47\windows-amd64\native-platform-file-events.dll
0x00007ff8775a0000 - 0x00007ff8775aa000 	C:\Program Files\Java\jdk-21\bin\management.dll
0x00007ff877010000 - 0x00007ff87701b000 	C:\Program Files\Java\jdk-21\bin\management_ext.dll
0x00007ff8c5720000 - 0x00007ff8c5728000 	C:\WINDOWS\System32\PSAPI.DLL
0x00007ff8c2fd0000 - 0x00007ff8c2feb000 	C:\WINDOWS\SYSTEM32\CRYPTSP.dll
0x00007ff8c26f0000 - 0x00007ff8c272a000 	C:\WINDOWS\system32\rsaenh.dll
0x00007ff8c2db0000 - 0x00007ff8c2ddb000 	C:\WINDOWS\SYSTEM32\USERENV.dll
0x00007ff8c38c0000 - 0x00007ff8c38ea000 	C:\WINDOWS\SYSTEM32\bcrypt.dll
0x00007ff8c2fc0000 - 0x00007ff8c2fcc000 	C:\WINDOWS\SYSTEM32\CRYPTBASE.dll
0x00007ff8c22a0000 - 0x00007ff8c22d4000 	C:\WINDOWS\SYSTEM32\IPHLPAPI.DLL
0x00007ff8c4870000 - 0x00007ff8c487a000 	C:\WINDOWS\System32\NSI.dll
0x00007ff875a40000 - 0x00007ff875a49000 	C:\Program Files\Java\jdk-21\bin\extnet.dll
0x00007ff875a30000 - 0x00007ff875a3e000 	C:\Program Files\Java\jdk-21\bin\sunmscapi.dll
0x00007ff8c39d0000 - 0x00007ff8c3b47000 	C:\WINDOWS\System32\CRYPT32.dll
0x00007ff8c31e0000 - 0x00007ff8c3210000 	C:\WINDOWS\SYSTEM32\ncrypt.dll
0x00007ff8c3190000 - 0x00007ff8c31cf000 	C:\WINDOWS\SYSTEM32\NTASN1.dll
0x00007ff893dc0000 - 0x00007ff893dc8000 	C:\WINDOWS\system32\wshunix.dll

dbghelp: loaded successfully - version: 4.0.5 - missing functions: none
symbol engine: initialized successfully - sym options: 0x614 - pdb path: .;C:\Program Files\Java\jdk-21\bin;C:\WINDOWS\SYSTEM32;C:\Program Files\Avast Software\Avast;C:\WINDOWS\WinSxS\amd64_microsoft.windows.common-controls_6595b64144ccf1df_6.0.26100.7019_none_3e06ffa0e335b8a8;C:\Program Files\Java\jdk-21\bin\server;C:\Users\linda\.gradle\native\c067742578af261105cb4f569cf0c3c89f3d7b1fecec35dd04571415982c5e48\windows-amd64;C:\Users\linda\.gradle\native\38dada09dfb8b06ba9b0570ebf7e218e3eb74d4ef43ca46872605cf95ebc2f47\windows-amd64

VM Arguments:
jvm_args: -XX:MaxMetaspaceSize=2G -XX:+HeapDumpOnOutOfMemoryError --add-opens=java.base/java.util=ALL-UNNAMED --add-opens=java.base/java.lang=ALL-UNNAMED --add-opens=java.base/java.lang.invoke=ALL-UNNAMED --add-opens=java.prefs/java.util.prefs=ALL-UNNAMED --add-opens=java.base/java.nio.charset=ALL-UNNAMED --add-opens=java.base/java.net=ALL-UNNAMED --add-opens=java.base/java.util.concurrent.atomic=ALL-UNNAMED -Xmx4G -Dfile.encoding=utf8 -Duser.country=IN -Duser.language=en -Duser.variant -javaagent:C:\Users\linda\.gradle\wrapper\dists\gradle-8.5-all\3zlzzgtsutfj0pbojr50n2l7z\gradle-8.5\lib\agents\gradle-instrumentation-agent-8.5.jar 
java_command: org.gradle.launcher.daemon.bootstrap.GradleDaemon 8.5
java_class_path (initial): C:\Users\linda\.gradle\wrapper\dists\gradle-8.5-all\3zlzzgtsutfj0pbojr50n2l7z\gradle-8.5\lib\gradle-launcher-8.5.jar
Launcher Type: SUN_STANDARD

[Global flags]
     intx CICompilerCount                          = 4                                         {product} {ergonomic}
     uint ConcGCThreads                            = 3                                         {product} {ergonomic}
     uint G1ConcRefinementThreads                  = 10                                        {product} {ergonomic}
   size_t G1HeapRegionSize                         = 2097152                                   {product} {ergonomic}
    uintx GCDrainStackTargetSize                   = 64                                        {product} {ergonomic}
     bool HeapDumpOnOutOfMemoryError               = true                                   {manageable} {command line}
   size_t InitialHeapSize                          = 264241152                                 {product} {ergonomic}
   size_t MarkStackSize                            = 4194304                                   {product} {ergonomic}
   size_t MaxHeapSize                              = 4294967296                                {product} {command line}
   size_t MaxMetaspaceSize                         = 2147483648                                {product} {command line}
   size_t MaxNewSize                               = 2575302656                                {product} {ergonomic}
   size_t MinHeapDeltaBytes                        = 2097152                                   {product} {ergonomic}
   size_t MinHeapSize                              = 8388608                                   {product} {ergonomic}
    uintx NonNMethodCodeHeapSize                   = 5839372                                {pd product} {ergonomic}
    uintx NonProfiledCodeHeapSize                  = 122909434                              {pd product} {ergonomic}
    uintx ProfiledCodeHeapSize                     = 122909434                              {pd product} {ergonomic}
    uintx ReservedCodeCacheSize                    = 251658240                              {pd product} {ergonomic}
     bool SegmentedCodeCache                       = true                                      {product} {ergonomic}
   size_t SoftMaxHeapSize                          = 4294967296                             {manageable} {ergonomic}
     bool UseCompressedOops                        = true                           {product lp64_product} {ergonomic}
     bool UseG1GC                                  = true                                      {product} {ergonomic}
     bool UseLargePagesIndividualAllocation        = false                                  {pd product} {ergonomic}

Logging:
Log output configuration:
 #0: stdout all=warning uptime,level,tags foldmultilines=false
 #1: stderr all=off uptime,level,tags foldmultilines=false

Environment Variables:
PATH=C:\Program Files\Eclipse Adoptium\jdk-21.0.7.6-hotspot\bin;C:\Program Files\Common Files\Oracle\Java\javapath;C:\windows\system32;C:\windows;C:\windows\System32\Wbem;C:\windows\System32\WindowsPowerShell\v1.0\;C:\windows\System32\OpenSSH\;C:\Program Files\Microsoft SQL Server\150\Tools\Binn\;C:\Program Files\Microsoft SQL Server\Client SDK\ODBC\170\Tools\Binn\;C:\Program Files\dotnet\;C:\Program Files (x86)\Windows Kits\10\Windows Performance Toolkit\;C:\Program Files\HP\HP One Agent;C:\src\flutter\bin;C:\Users\linda\AppData\Roaming\nvm;C:\Program Files\nodejs;C:\WINDOWS\system32;C:\WINDOWS;C:\WINDOWS\System32\Wbem;C:\WINDOWS\System32\WindowsPowerShell\v1.0\;C:\WINDOWS\System32\OpenSSH\;C:\Program Files\TortoiseGit\bin;C:\Program Files\Git\cmd;C:\Program Files\PuTTY\;C:\Program Files\Java\jdk-21\bin;C:\maven\bin;C:\Program Files\Git\cmd;C:\Users\linda\AppData\Local\Microsoft\WindowsApps;C:\Users\linda\AppData\Local\Programs\Microsoft VS Code\bin;N:\dev\flutter\bin;C:\Users\linda\.dotnet\tools;C:\Program Files (x86)\Android\android-sdk\cmdline-tools\7.0\bin;C:\Users\linda\AppData\Roaming\npm;C:\Users\linda\AppData\Roaming\nvm;C:\Program Files\nodejs;N:\programfiles\cursor\resources\app\bin;C:\Program Files\Git\cmd;C:\Users\linda\AppData\Local\Android\Sdk\build-tools\34.0.0;
USERNAME=linda
OS=Windows_NT
PROCESSOR_IDENTIFIER=Intel64 Family 6 Model 186 Stepping 3, GenuineIntel
TMP=C:\Users\linda\AppData\Local\Temp
TEMP=C:\Users\linda\AppData\Local\Temp




Periodic native trim disabled

---------------  S Y S T E M  ---------------

OS:
 Windows 11 , 64 bit Build 26100 (10.0.26100.7019)
OS uptime: 0 days 22:43 hours
Hyper-V role detected

CPU: total 12 (initial active 12) (6 cores per cpu, 2 threads per core) family 6 model 186 stepping 3 microcode 0x4121, cx8, cmov, fxsr, ht, mmx, 3dnowpref, sse, sse2, sse3, ssse3, sse4.1, sse4.2, popcnt, lzcnt, tsc, tscinvbit, avx, avx2, aes, erms, clmul, bmi1, bmi2, adx, sha, fma, vzeroupper, clflush, clflushopt, clwb, hv, serialize, rdtscp, rdpid, fsrm, f16c, cet_ibt, cet_ss
Processor Information for processor 0
  Max Mhz: 1300, Current Mhz: 1300, Mhz Limit: 1300
Processor Information for processor 1
  Max Mhz: 1300, Current Mhz: 1300, Mhz Limit: 1300
Processor Information for processor 2
  Max Mhz: 1300, Current Mhz: 1300, Mhz Limit: 1300
Processor Information for processor 3
  Max Mhz: 1300, Current Mhz: 1300, Mhz Limit: 1300
Processor Information for processor 4
  Max Mhz: 1300, Current Mhz: 900, Mhz Limit: 897
Processor Information for processor 5
  Max Mhz: 1300, Current Mhz: 900, Mhz Limit: 897
Processor Information for processor 6
  Max Mhz: 1300, Current Mhz: 900, Mhz Limit: 897
Processor Information for processor 7
  Max Mhz: 1300, Current Mhz: 900, Mhz Limit: 897
Processor Information for processor 8
  Max Mhz: 1300, Current Mhz: 900, Mhz Limit: 897
Processor Information for processor 9
  Max Mhz: 1300, Current Mhz: 900, Mhz Limit: 897
Processor Information for processor 10
  Max Mhz: 1300, Current Mhz: 900, Mhz Limit: 897
Processor Information for processor 11
  Max Mhz: 1300, Current Mhz: 900, Mhz Limit: 897

Memory: 4k page, system-wide physical 16027M (1176M free)
TotalPageFile size 27521M (AvailPageFile size 0M)
current process WorkingSet (physical memory assigned to process): 275M, peak: 285M
current process commit charge ("private bytes"): 316M, peak: 436M

vm_info: Java HotSpot(TM) 64-Bit Server VM (21.0.8+12-LTS-250) for windows-amd64 JRE (21.0.8+12-LTS-250), built on 2025-06-27T08:11:22Z by "mach5one" with MS VC++ 17.6 (VS2022)

END.
