#
# There is insufficient memory for the Java Runtime Environment to continue.
# Native memory allocation (malloc) failed to allocate 2090736 bytes for Chunk::new
# Possible reasons:
#   The system is out of physical RAM or swap space
#   The process is running with CompressedOops enabled, and the Java Heap may be blocking the growth of the native heap
# Possible solutions:
#   Reduce memory load on the system
#   Increase physical memory or swap space
#   Check if swap backing store is full
#   Decrease Java heap size (-Xmx/-Xms)
#   Decrease number of Java threads
#   Decrease Java thread stack sizes (-Xss)
#   Set larger code cache with -XX:ReservedCodeCacheSize=
#   JVM is running with Zero Based Compressed Oops mode in which the Java heap is
#     placed in the first 32GB address space. The Java Heap base address is the
#     maximum limit for the native heap growth. Please use -XX:HeapBaseMinAddress
#     to set the Java Heap base and to place the Java Heap above 32GB virtual address.
# This output file may be truncated or incomplete.
#
#  Out of Memory Error (arena.cpp:168), pid=18952, tid=25400
#
# JRE version: Java(TM) SE Runtime Environment (21.0.8+12) (build 21.0.8+12-LTS-250)
# Java VM: Java HotSpot(TM) 64-Bit Server VM (21.0.8+12-LTS-250, mixed mode, sharing, tiered, compressed oops, compressed class ptrs, g1 gc, windows-amd64)
# No core dump will be written. Minidumps are not enabled by default on client versions of Windows
#

---------------  S U M M A R Y ------------

Command Line: -XX:MaxMetaspaceSize=2G -XX:+HeapDumpOnOutOfMemoryError --add-opens=java.base/java.util=ALL-UNNAMED --add-opens=java.base/java.lang=ALL-UNNAMED --add-opens=java.base/java.lang.invoke=ALL-UNNAMED --add-opens=java.prefs/java.util.prefs=ALL-UNNAMED --add-opens=java.base/java.nio.charset=ALL-UNNAMED --add-opens=java.base/java.net=ALL-UNNAMED --add-opens=java.base/java.util.concurrent.atomic=ALL-UNNAMED -Xmx4G -Dfile.encoding=utf8 -Duser.country=IN -Duser.language=en -Duser.variant -javaagent:C:\Users\linda\.gradle\wrapper\dists\gradle-8.5-all\3zlzzgtsutfj0pbojr50n2l7z\gradle-8.5\lib\agents\gradle-instrumentation-agent-8.5.jar org.gradle.launcher.daemon.bootstrap.GradleDaemon 8.5

Host: 13th Gen Intel(R) Core(TM) i5-1335U, 12 cores, 15G,  Windows 11 , 64 bit Build 26100 (10.0.26100.7019)
Time: Sun Nov 16 13:34:28 2025 India Standard Time elapsed time: 31.089561 seconds (0d 0h 0m 31s)

---------------  T H R E A D  ---------------

Current thread (0x00000195fd769d80):  JavaThread "C2 CompilerThread2" daemon [_thread_in_native, id=25400, stack(0x0000009356900000,0x0000009356a00000) (1024K)]


Current CompileTask:
C2:  31089 8745   !   4       java.net.URLClassLoader::findClass (47 bytes)

Stack: [0x0000009356900000,0x0000009356a00000]
Native frames: (J=compiled Java code, j=interpreted, Vv=VM code, C=native code)
V  [jvm.dll+0x6cc179]
V  [jvm.dll+0x8584c1]
V  [jvm.dll+0x85a9ee]
V  [jvm.dll+0x85b0c3]
V  [jvm.dll+0x27ebf6]
V  [jvm.dll+0xc4f4d]
V  [jvm.dll+0xc5483]
V  [jvm.dll+0x3b6a82]
V  [jvm.dll+0x382a35]
V  [jvm.dll+0x381eaa]
V  [jvm.dll+0x247670]
V  [jvm.dll+0x246c4f]
V  [jvm.dll+0x1c7a3e]
V  [jvm.dll+0x256359]
V  [jvm.dll+0x2548ea]
V  [jvm.dll+0x3efef6]
V  [jvm.dll+0x80279b]
V  [jvm.dll+0x6ca85d]
C  [ucrtbase.dll+0x37b0]
C  [KERNEL32.DLL+0x2e8d7]
C  [ntdll.dll+0x8c53c]


---------------  P R O C E S S  ---------------

Threads class SMR info:
_java_thread_list=0x0000019580df9020, length=85, elements={
0x0000019596059f30, 0x00000195b712a3c0, 0x00000195b712afe0, 0x00000195b7132f30,
0x00000195b7133f40, 0x00000195b7134990, 0x00000195b71353e0, 0x00000195b713a2b0,
0x00000195b713d240, 0x00000195b7bc9f20, 0x00000195b7d96130, 0x00000195fe7c5be0,
0x00000195fd8211d0, 0x00000195fe818f70, 0x00000195fe358890, 0x00000195fe8138a0,
0x00000195fe1e8050, 0x00000195fdbca910, 0x00000195fea715a0, 0x00000195fe704730,
0x00000195fe7040a0, 0x00000195fe705ae0, 0x00000195fe703380, 0x00000195fe703a10,
0x00000195fe702660, 0x00000195fe704dc0, 0x00000195fe705450, 0x00000195817ba410,
0x00000195817baaa0, 0x00000195817b7620, 0x00000195817bb130, 0x00000195817b89d0,
0x00000195817b9060, 0x00000195817b96f0, 0x00000195817b9d80, 0x00000195817bbe50,
0x00000195817bcb70, 0x00000195817bd200, 0x00000195817bd890, 0x00000195817be5b0,
0x00000195817bec40, 0x00000195809dd7a0, 0x00000195809de4c0, 0x00000195809deb50,
0x00000195809df1e0, 0x00000195809dde30, 0x00000195809dd110, 0x00000195809e0590,
0x00000195809e0c20, 0x00000195809dff00, 0x00000195809e2cf0, 0x00000195809e12b0,
0x00000195809e1940, 0x00000195809e1fd0, 0x00000195809df870, 0x00000195809e4730,
0x00000195809e2660, 0x00000195809e3380, 0x00000195809e40a0, 0x00000195809e3a10,
0x00000195fecf3580, 0x00000195fecf42a0, 0x00000195fecf3c10, 0x00000195fecf4930,
0x00000195fecf21d0, 0x00000195fecf14b0, 0x00000195fecf1b40, 0x00000195fecf5650,
0x00000195fecf4fc0, 0x00000195fecf5ce0, 0x00000195fecf2ef0, 0x00000195fecf2860,
0x00000195fecf8ad0, 0x00000195fecf6370, 0x00000195fecf7db0, 0x00000195fecf6a00,
0x00000195fecf8440, 0x00000195fecf7090, 0x00000195fecf7720, 0x0000019582120080,
0x0000019582120710, 0x000001958211d920, 0x000001958211f9f0, 0x00000195fd7696b0,
0x00000195fd769d80
}

Java Threads: ( => current thread )
  0x0000019596059f30 JavaThread "main"                              [_thread_blocked, id=24284, stack(0x0000009350400000,0x0000009350500000) (1024K)]
  0x00000195b712a3c0 JavaThread "Reference Handler"          daemon [_thread_blocked, id=26656, stack(0x0000009350c00000,0x0000009350d00000) (1024K)]
  0x00000195b712afe0 JavaThread "Finalizer"                  daemon [_thread_blocked, id=22576, stack(0x0000009350d00000,0x0000009350e00000) (1024K)]
  0x00000195b7132f30 JavaThread "Signal Dispatcher"          daemon [_thread_blocked, id=5220, stack(0x0000009350e00000,0x0000009350f00000) (1024K)]
  0x00000195b7133f40 JavaThread "Attach Listener"            daemon [_thread_blocked, id=16928, stack(0x0000009350f00000,0x0000009351000000) (1024K)]
  0x00000195b7134990 JavaThread "Service Thread"             daemon [_thread_blocked, id=3696, stack(0x0000009351000000,0x0000009351100000) (1024K)]
  0x00000195b71353e0 JavaThread "Monitor Deflation Thread"   daemon [_thread_blocked, id=2148, stack(0x0000009351100000,0x0000009351200000) (1024K)]
  0x00000195b713a2b0 JavaThread "C2 CompilerThread0"         daemon [_thread_blocked, id=23716, stack(0x0000009351200000,0x0000009351300000) (1024K)]
  0x00000195b713d240 JavaThread "C1 CompilerThread0"         daemon [_thread_blocked, id=13152, stack(0x0000009351300000,0x0000009351400000) (1024K)]
  0x00000195b7bc9f20 JavaThread "Common-Cleaner"             daemon [_thread_blocked, id=18248, stack(0x0000009351400000,0x0000009351500000) (1024K)]
  0x00000195b7d96130 JavaThread "Notification Thread"        daemon [_thread_blocked, id=18556, stack(0x0000009351500000,0x0000009351600000) (1024K)]
  0x00000195fe7c5be0 JavaThread "Daemon health stats"               [_thread_blocked, id=5100, stack(0x0000009351c00000,0x0000009351d00000) (1024K)]
  0x00000195fd8211d0 JavaThread "Incoming local TCP Connector on port 62961"        [_thread_in_native, id=23272, stack(0x0000009351600000,0x0000009351700000) (1024K)]
  0x00000195fe818f70 JavaThread "Daemon periodic checks"            [_thread_blocked, id=18764, stack(0x0000009351d00000,0x0000009351e00000) (1024K)]
  0x00000195fe358890 JavaThread "Daemon"                            [_thread_blocked, id=7580, stack(0x0000009351e00000,0x0000009351f00000) (1024K)]
  0x00000195fe8138a0 JavaThread "Handler for socket connection from /127.0.0.1:62961 to /127.0.0.1:62962"        [_thread_in_native, id=18892, stack(0x0000009351f00000,0x0000009352000000) (1024K)]
  0x00000195fe1e8050 JavaThread "Cancel handler"                    [_thread_blocked, id=18924, stack(0x0000009352000000,0x0000009352100000) (1024K)]
  0x00000195fdbca910 JavaThread "Daemon worker"                     [_thread_in_Java, id=24364, stack(0x0000009352100000,0x0000009352200000) (1024K)]
  0x00000195fea715a0 JavaThread "Asynchronous log dispatcher for DefaultDaemonConnection: socket connection from /127.0.0.1:62961 to /127.0.0.1:62962"        [_thread_blocked, id=27844, stack(0x0000009352200000,0x0000009352300000) (1024K)]
  0x00000195fe704730 JavaThread "Stdin handler"                     [_thread_blocked, id=22600, stack(0x0000009352300000,0x0000009352400000) (1024K)]
  0x00000195fe7040a0 JavaThread "Daemon client event forwarder"        [_thread_blocked, id=11484, stack(0x0000009352400000,0x0000009352500000) (1024K)]
  0x00000195fe705ae0 JavaThread "Cache worker for journal cache (C:\Users\linda\.gradle\caches\journal-1)"        [_thread_blocked, id=22960, stack(0x0000009352500000,0x0000009352600000) (1024K)]
  0x00000195fe703380 JavaThread "File lock request listener"        [_thread_in_native, id=22312, stack(0x0000009352600000,0x0000009352700000) (1024K)]
  0x00000195fe703a10 JavaThread "Cache worker for file hash cache (C:\Users\linda\.gradle\caches\8.5\fileHashes)"        [_thread_blocked, id=19796, stack(0x0000009352800000,0x0000009352900000) (1024K)]
  0x00000195fe702660 JavaThread "File watcher server"        daemon [_thread_in_native, id=26828, stack(0x0000009353000000,0x0000009353100000) (1024K)]
  0x00000195fe704dc0 JavaThread "File watcher consumer"      daemon [_thread_blocked, id=26300, stack(0x0000009353100000,0x0000009353200000) (1024K)]
  0x00000195fe705450 JavaThread "Cache worker for checksums cache (N:\Projects\wd projects git\wd_portal_app_flutter\android\.gradle\8.5\checksums)"        [_thread_blocked, id=25540, stack(0x0000009353200000,0x0000009353300000) (1024K)]
  0x00000195817ba410 JavaThread "Cache worker for file hash cache (N:\Projects\wd projects git\wd_portal_app_flutter\android\.gradle\8.5\fileHashes)"        [_thread_blocked, id=15836, stack(0x0000009352900000,0x0000009352a00000) (1024K)]
  0x00000195817baaa0 JavaThread "Cache worker for cache directory md-supplier (C:\Users\linda\.gradle\caches\8.5\md-supplier)"        [_thread_blocked, id=25888, stack(0x0000009353300000,0x0000009353400000) (1024K)]
  0x00000195817b7620 JavaThread "Cache worker for cache directory md-rule (C:\Users\linda\.gradle\caches\8.5\md-rule)"        [_thread_blocked, id=20692, stack(0x0000009353400000,0x0000009353500000) (1024K)]
  0x00000195817bb130 JavaThread "Cache worker for file content cache (C:\Users\linda\.gradle\caches\8.5\fileContent)"        [_thread_blocked, id=17260, stack(0x0000009353500000,0x0000009353600000) (1024K)]
  0x00000195817b89d0 JavaThread "Cache worker for execution history cache (C:\Users\linda\.gradle\caches\8.5\executionHistory)"        [_thread_blocked, id=20544, stack(0x0000009353600000,0x0000009353700000) (1024K)]
  0x00000195817b9060 JavaThread "jar transforms"                    [_thread_blocked, id=6500, stack(0x0000009353700000,0x0000009353800000) (1024K)]
  0x00000195817b96f0 JavaThread "jar transforms Thread 2"           [_thread_blocked, id=13244, stack(0x0000009353800000,0x0000009353900000) (1024K)]
  0x00000195817b9d80 JavaThread "jar transforms Thread 3"           [_thread_blocked, id=2056, stack(0x0000009353a00000,0x0000009353b00000) (1024K)]
  0x00000195817bbe50 JavaThread "Cache worker for kotlin-dsl (C:\Users\linda\.gradle\caches\8.5\kotlin-dsl)"        [_thread_blocked, id=22620, stack(0x0000009353b00000,0x0000009353c00000) (1024K)]
  0x00000195817bcb70 JavaThread "jar transforms Thread 4"           [_thread_blocked, id=3744, stack(0x0000009353c00000,0x0000009353d00000) (1024K)]
  0x00000195817bd200 JavaThread "jar transforms Thread 5"           [_thread_blocked, id=19780, stack(0x0000009353d00000,0x0000009353e00000) (1024K)]
  0x00000195817bd890 JavaThread "Cache worker for dependencies-accessors (N:\Projects\wd projects git\wd_portal_app_flutter\android\.gradle\8.5\dependencies-accessors)"        [_thread_blocked, id=27668, stack(0x0000009352700000,0x0000009352800000) (1024K)]
  0x00000195817be5b0 JavaThread "Cache worker for Build Output Cleanup Cache (C:\src\flutter\packages\flutter_tools\gradle\.gradle\buildOutputCleanup)"        [_thread_blocked, id=25216, stack(0x0000009353900000,0x0000009353a00000) (1024K)]
  0x00000195817bec40 JavaThread "jar transforms Thread 6"           [_thread_blocked, id=19420, stack(0x0000009353e00000,0x0000009353f00000) (1024K)]
  0x00000195809dd7a0 JavaThread "jar transforms Thread 7"           [_thread_blocked, id=6288, stack(0x0000009353f00000,0x0000009354000000) (1024K)]
  0x00000195809de4c0 JavaThread "Memory manager"                    [_thread_blocked, id=23844, stack(0x0000009354100000,0x0000009354200000) (1024K)]
  0x00000195809deb50 JavaThread "jar transforms Thread 8"           [_thread_blocked, id=9124, stack(0x0000009354000000,0x0000009354100000) (1024K)]
  0x00000195809df1e0 JavaThread "jar transforms Thread 9"           [_thread_blocked, id=21380, stack(0x0000009354200000,0x0000009354300000) (1024K)]
  0x00000195809dde30 JavaThread "included builds"                   [_thread_blocked, id=14252, stack(0x0000009354300000,0x0000009354400000) (1024K)]
  0x00000195809dd110 JavaThread "Execution worker"                  [_thread_blocked, id=22020, stack(0x0000009354400000,0x0000009354500000) (1024K)]
  0x00000195809e0590 JavaThread "Execution worker Thread 2"         [_thread_blocked, id=4424, stack(0x0000009354500000,0x0000009354600000) (1024K)]
  0x00000195809e0c20 JavaThread "Execution worker Thread 3"         [_thread_blocked, id=16052, stack(0x0000009354600000,0x0000009354700000) (1024K)]
  0x00000195809dff00 JavaThread "Execution worker Thread 4"         [_thread_blocked, id=7004, stack(0x0000009354700000,0x0000009354800000) (1024K)]
  0x00000195809e2cf0 JavaThread "Execution worker Thread 5"         [_thread_blocked, id=14812, stack(0x0000009354800000,0x0000009354900000) (1024K)]
  0x00000195809e12b0 JavaThread "Execution worker Thread 6"         [_thread_blocked, id=17344, stack(0x0000009354900000,0x0000009354a00000) (1024K)]
  0x00000195809e1940 JavaThread "Execution worker Thread 7"         [_thread_blocked, id=20408, stack(0x0000009354a00000,0x0000009354b00000) (1024K)]
  0x00000195809e1fd0 JavaThread "Execution worker Thread 8"         [_thread_blocked, id=23652, stack(0x0000009354b00000,0x0000009354c00000) (1024K)]
  0x00000195809df870 JavaThread "Execution worker Thread 9"         [_thread_blocked, id=24124, stack(0x0000009354c00000,0x0000009354d00000) (1024K)]
  0x00000195809e4730 JavaThread "Execution worker Thread 10"        [_thread_blocked, id=15084, stack(0x0000009354d00000,0x0000009354e00000) (1024K)]
  0x00000195809e2660 JavaThread "Execution worker Thread 11"        [_thread_blocked, id=9384, stack(0x0000009354e00000,0x0000009354f00000) (1024K)]
  0x00000195809e3380 JavaThread "Cache worker for execution history cache (C:\src\flutter\packages\flutter_tools\gradle\.gradle\8.5\executionHistory)"        [_thread_blocked, id=8652, stack(0x0000009354f00000,0x0000009355000000) (1024K)]
  0x00000195809e40a0 JavaThread "Unconstrained build operations"        [_thread_blocked, id=6844, stack(0x0000009355000000,0x0000009355100000) (1024K)]
  0x00000195809e3a10 JavaThread "Unconstrained build operations Thread 2"        [_thread_blocked, id=20472, stack(0x0000009355100000,0x0000009355200000) (1024K)]
  0x00000195fecf3580 JavaThread "Unconstrained build operations Thread 3"        [_thread_blocked, id=23728, stack(0x0000009355200000,0x0000009355300000) (1024K)]
  0x00000195fecf42a0 JavaThread "Unconstrained build operations Thread 4"        [_thread_blocked, id=4104, stack(0x0000009355300000,0x0000009355400000) (1024K)]
  0x00000195fecf3c10 JavaThread "Unconstrained build operations Thread 5"        [_thread_blocked, id=25844, stack(0x0000009355400000,0x0000009355500000) (1024K)]
  0x00000195fecf4930 JavaThread "Unconstrained build operations Thread 6"        [_thread_blocked, id=17756, stack(0x0000009355500000,0x0000009355600000) (1024K)]
  0x00000195fecf21d0 JavaThread "Unconstrained build operations Thread 7"        [_thread_blocked, id=25256, stack(0x0000009355600000,0x0000009355700000) (1024K)]
  0x00000195fecf14b0 JavaThread "Unconstrained build operations Thread 8"        [_thread_blocked, id=5332, stack(0x0000009355700000,0x0000009355800000) (1024K)]
  0x00000195fecf1b40 JavaThread "Unconstrained build operations Thread 9"        [_thread_blocked, id=13192, stack(0x0000009355800000,0x0000009355900000) (1024K)]
  0x00000195fecf5650 JavaThread "Unconstrained build operations Thread 10"        [_thread_blocked, id=8496, stack(0x0000009355900000,0x0000009355a00000) (1024K)]
  0x00000195fecf4fc0 JavaThread "Unconstrained build operations Thread 11"        [_thread_blocked, id=5740, stack(0x0000009355a00000,0x0000009355b00000) (1024K)]
  0x00000195fecf5ce0 JavaThread "Unconstrained build operations Thread 12"        [_thread_blocked, id=28360, stack(0x0000009355b00000,0x0000009355c00000) (1024K)]
  0x00000195fecf2ef0 JavaThread "Unconstrained build operations Thread 13"        [_thread_blocked, id=21320, stack(0x0000009355c00000,0x0000009355d00000) (1024K)]
  0x00000195fecf2860 JavaThread "Unconstrained build operations Thread 14"        [_thread_blocked, id=6520, stack(0x0000009355d00000,0x0000009355e00000) (1024K)]
  0x00000195fecf8ad0 JavaThread "Unconstrained build operations Thread 15"        [_thread_blocked, id=24640, stack(0x0000009355e00000,0x0000009355f00000) (1024K)]
  0x00000195fecf6370 JavaThread "Unconstrained build operations Thread 16"        [_thread_blocked, id=14980, stack(0x0000009355f00000,0x0000009356000000) (1024K)]
  0x00000195fecf7db0 JavaThread "Unconstrained build operations Thread 17"        [_thread_blocked, id=23320, stack(0x0000009356000000,0x0000009356100000) (1024K)]
  0x00000195fecf6a00 JavaThread "Unconstrained build operations Thread 18"        [_thread_blocked, id=18956, stack(0x0000009356100000,0x0000009356200000) (1024K)]
  0x00000195fecf8440 JavaThread "Unconstrained build operations Thread 19"        [_thread_blocked, id=27024, stack(0x0000009356200000,0x0000009356300000) (1024K)]
  0x00000195fecf7090 JavaThread "Unconstrained build operations Thread 20"        [_thread_blocked, id=7500, stack(0x0000009356300000,0x0000009356400000) (1024K)]
  0x00000195fecf7720 JavaThread "Unconstrained build operations Thread 21"        [_thread_blocked, id=17868, stack(0x0000009356400000,0x0000009356500000) (1024K)]
  0x0000019582120080 JavaThread "jar transforms Thread 10"          [_thread_blocked, id=24872, stack(0x0000009356600000,0x0000009356700000) (1024K)]
  0x0000019582120710 JavaThread "jar transforms Thread 11"          [_thread_blocked, id=21596, stack(0x0000009356700000,0x0000009356800000) (1024K)]
  0x000001958211d920 JavaThread "jar transforms Thread 12"          [_thread_blocked, id=26872, stack(0x0000009356800000,0x0000009356900000) (1024K)]
  0x000001958211f9f0 JavaThread "Cache worker for Build Output Cleanup Cache (N:\Projects\wd projects git\wd_portal_app_flutter\android\.gradle\buildOutputCleanup)"        [_thread_blocked, id=6100, stack(0x0000009356500000,0x0000009356600000) (1024K)]
  0x00000195fd7696b0 JavaThread "C2 CompilerThread1"         daemon [_thread_blocked, id=11212, stack(0x0000009350200000,0x0000009350300000) (1024K)]
=>0x00000195fd769d80 JavaThread "C2 CompilerThread2"         daemon [_thread_in_native, id=25400, stack(0x0000009356900000,0x0000009356a00000) (1024K)]
Total: 85

Other Threads:
  0x00000195b71101f0 VMThread "VM Thread"                           [id=26960, stack(0x0000009350b00000,0x0000009350c00000) (1024K)]
  0x00000195b70f3690 WatcherThread "VM Periodic Task Thread"        [id=18916, stack(0x0000009350a00000,0x0000009350b00000) (1024K)]
  0x00000195984b9390 WorkerThread "GC Thread#0"                     [id=10144, stack(0x0000009350500000,0x0000009350600000) (1024K)]
  0x00000195fd8be830 WorkerThread "GC Thread#1"                     [id=17524, stack(0x0000009351700000,0x0000009351800000) (1024K)]
  0x00000195fd8bebd0 WorkerThread "GC Thread#2"                     [id=21448, stack(0x0000009351800000,0x0000009351900000) (1024K)]
  0x00000195fd6ecd20 WorkerThread "GC Thread#3"                     [id=11208, stack(0x0000009351900000,0x0000009351a00000) (1024K)]
  0x00000195fd894eb0 WorkerThread "GC Thread#4"                     [id=15652, stack(0x0000009351a00000,0x0000009351b00000) (1024K)]
  0x00000195fd895250 WorkerThread "GC Thread#5"                     [id=24500, stack(0x0000009351b00000,0x0000009351c00000) (1024K)]
  0x0000019581dcb610 WorkerThread "GC Thread#6"                     [id=22244, stack(0x0000009352a00000,0x0000009352b00000) (1024K)]
  0x0000019581dcb270 WorkerThread "GC Thread#7"                     [id=23776, stack(0x0000009352b00000,0x0000009352c00000) (1024K)]
  0x0000019581dccbd0 WorkerThread "GC Thread#8"                     [id=23824, stack(0x0000009352c00000,0x0000009352d00000) (1024K)]
  0x0000019581dcc490 WorkerThread "GC Thread#9"                     [id=21720, stack(0x0000009352d00000,0x0000009352e00000) (1024K)]
  0x00000195984cb1d0 ConcurrentGCThread "G1 Main Marker"            [id=23412, stack(0x0000009350600000,0x0000009350700000) (1024K)]
  0x00000195984ccbf0 WorkerThread "G1 Conc#0"                       [id=18268, stack(0x0000009350700000,0x0000009350800000) (1024K)]
  0x0000019581dcb9b0 WorkerThread "G1 Conc#1"                       [id=11332, stack(0x0000009352e00000,0x0000009352f00000) (1024K)]
  0x0000019581dcbd50 WorkerThread "G1 Conc#2"                       [id=15712, stack(0x0000009352f00000,0x0000009353000000) (1024K)]
  0x000001959850e980 ConcurrentGCThread "G1 Refine#0"               [id=16336, stack(0x0000009350800000,0x0000009350900000) (1024K)]
  0x00000195b6fc9130 ConcurrentGCThread "G1 Service"                [id=21568, stack(0x0000009350900000,0x0000009350a00000) (1024K)]
Total: 18

Threads with active compile tasks:
C1 CompilerThread0    31159 8766       3       org.objectweb.asm.Frame::execute (2318 bytes)
C2 CompilerThread2    31159 8745   !   4       java.net.URLClassLoader::findClass (47 bytes)
Total: 2

VM state: not at safepoint (normal execution)

VM Mutex/Monitor currently owned by a thread: None

Heap address: 0x0000000700000000, size: 4096 MB, Compressed Oops mode: Zero based, Oop shift amount: 3

CDS archive(s) mapped at: [0x00000195b8000000-0x00000195b8c90000-0x00000195b8c90000), size 13172736, SharedBaseAddress: 0x00000195b8000000, ArchiveRelocationMode: 1.
Compressed class space mapped at: 0x00000195b9000000-0x00000195f9000000, reserved size: 1073741824
Narrow klass base: 0x00000195b8000000, Narrow klass shift: 0, Narrow klass range: 0x100000000

GC Precious Log:
 CardTable entry size: 512
 Card Set container configuration: InlinePtr #cards 4 size 8 Array Of Cards #cards 16 size 48 Howl #buckets 8 coarsen threshold 3686 Howl Bitmap #cards 512 size 80 coarsen threshold 460 Card regions per heap region 1 cards per card region 4096
 CPUs: 12 total, 12 available
 Memory: 16027M
 Large Page Support: Disabled
 NUMA Support: Disabled
 Compressed Oops: Enabled (Zero based)
 Heap Region Size: 2M
 Heap Min Capacity: 8M
 Heap Initial Capacity: 252M
 Heap Max Capacity: 4G
 Pre-touch: Disabled
 Parallel Workers: 10
 Concurrent Workers: 3
 Concurrent Refinement Workers: 10
 Periodic GC: Disabled

Heap:
 garbage-first heap   total 126976K, used 76703K [0x0000000700000000, 0x0000000800000000)
  region size 2048K, 5 young (10240K), 3 survivors (6144K)
 Metaspace       used 68335K, committed 70400K, reserved 1114112K
  class space    used 9591K, committed 10624K, reserved 1048576K

Heap Regions: E=young(eden), S=young(survivor), O=old, HS=humongous(starts), HC=humongous(continues), CS=collection set, F=free, TAMS=top-at-mark-start, PB=parsable bottom
|   0|0x0000000700000000, 0x0000000700200000, 0x0000000700200000|100%|HS|  |TAMS 0x0000000700000000| PB 0x0000000700000000| Complete 
|   1|0x0000000700200000, 0x0000000700400000, 0x0000000700400000|100%|HC|  |TAMS 0x0000000700200000| PB 0x0000000700200000| Complete 
|   2|0x0000000700400000, 0x0000000700600000, 0x0000000700600000|100%| O|  |TAMS 0x0000000700400000| PB 0x0000000700400000| Untracked 
|   3|0x0000000700600000, 0x0000000700800000, 0x0000000700800000|100%| O|  |TAMS 0x0000000700600000| PB 0x0000000700600000| Untracked 
|   4|0x0000000700800000, 0x00000007009ef728, 0x0000000700a00000| 96%| O|  |TAMS 0x0000000700800000| PB 0x0000000700800000| Untracked 
|   5|0x0000000700a00000, 0x0000000700c00000, 0x0000000700c00000|100%| O|  |TAMS 0x0000000700a00000| PB 0x0000000700a00000| Untracked 
|   6|0x0000000700c00000, 0x0000000700e00000, 0x0000000700e00000|100%| O|  |TAMS 0x0000000700c00000| PB 0x0000000700c00000| Untracked 
|   7|0x0000000700e00000, 0x0000000701000000, 0x0000000701000000|100%| O|  |TAMS 0x0000000700e00000| PB 0x0000000700e00000| Untracked 
|   8|0x0000000701000000, 0x0000000701200000, 0x0000000701200000|100%| O|  |TAMS 0x0000000701000000| PB 0x0000000701000000| Untracked 
|   9|0x0000000701200000, 0x0000000701400000, 0x0000000701400000|100%| O|  |TAMS 0x0000000701200000| PB 0x0000000701200000| Untracked 
|  10|0x0000000701400000, 0x0000000701600000, 0x0000000701600000|100%| O|  |TAMS 0x0000000701400000| PB 0x0000000701400000| Untracked 
|  11|0x0000000701600000, 0x0000000701800000, 0x0000000701800000|100%| O|  |TAMS 0x0000000701600000| PB 0x0000000701600000| Untracked 
|  12|0x0000000701800000, 0x0000000701a00000, 0x0000000701a00000|100%| O|  |TAMS 0x0000000701800000| PB 0x0000000701800000| Untracked 
|  13|0x0000000701a00000, 0x0000000701c00000, 0x0000000701c00000|100%| O|  |TAMS 0x0000000701a00000| PB 0x0000000701a00000| Untracked 
|  14|0x0000000701c00000, 0x0000000701e00000, 0x0000000701e00000|100%|HS|  |TAMS 0x0000000701c00000| PB 0x0000000701c00000| Complete 
|  15|0x0000000701e00000, 0x0000000702000000, 0x0000000702000000|100%|HS|  |TAMS 0x0000000701e00000| PB 0x0000000701e00000| Complete 
|  16|0x0000000702000000, 0x0000000702200000, 0x0000000702200000|100%|HC|  |TAMS 0x0000000702000000| PB 0x0000000702000000| Complete 
|  17|0x0000000702200000, 0x0000000702400000, 0x0000000702400000|100%|HS|  |TAMS 0x0000000702200000| PB 0x0000000702200000| Complete 
|  18|0x0000000702400000, 0x0000000702600000, 0x0000000702600000|100%| O|  |TAMS 0x0000000702400000| PB 0x0000000702400000| Untracked 
|  19|0x0000000702600000, 0x0000000702800000, 0x0000000702800000|100%| O|  |TAMS 0x0000000702600000| PB 0x0000000702600000| Untracked 
|  20|0x0000000702800000, 0x0000000702819618, 0x0000000702a00000|  4%| O|  |TAMS 0x0000000702800000| PB 0x0000000702800000| Untracked 
|  21|0x0000000702a00000, 0x0000000702c00000, 0x0000000702c00000|100%| O|  |TAMS 0x0000000702a00000| PB 0x0000000702a00000| Untracked 
|  22|0x0000000702c00000, 0x0000000702e00000, 0x0000000702e00000|100%| O|  |TAMS 0x0000000702c00000| PB 0x0000000702c00000| Untracked 
|  23|0x0000000702e00000, 0x0000000703000000, 0x0000000703000000|100%| O|  |TAMS 0x0000000702e00000| PB 0x0000000702e00000| Untracked 
|  24|0x0000000703000000, 0x0000000703200000, 0x0000000703200000|100%| O|Cm|TAMS 0x0000000703000000| PB 0x0000000703000000| Complete 
|  25|0x0000000703200000, 0x0000000703200000, 0x0000000703400000|  0%| F|  |TAMS 0x0000000703200000| PB 0x0000000703200000| Untracked 
|  26|0x0000000703400000, 0x0000000703400000, 0x0000000703600000|  0%| F|  |TAMS 0x0000000703400000| PB 0x0000000703400000| Untracked 
|  27|0x0000000703600000, 0x0000000703600000, 0x0000000703800000|  0%| F|  |TAMS 0x0000000703600000| PB 0x0000000703600000| Untracked 
|  28|0x0000000703800000, 0x0000000703800000, 0x0000000703a00000|  0%| F|  |TAMS 0x0000000703800000| PB 0x0000000703800000| Untracked 
|  29|0x0000000703a00000, 0x0000000703a00000, 0x0000000703c00000|  0%| F|  |TAMS 0x0000000703a00000| PB 0x0000000703a00000| Untracked 
|  30|0x0000000703c00000, 0x0000000703c00000, 0x0000000703e00000|  0%| F|  |TAMS 0x0000000703c00000| PB 0x0000000703c00000| Untracked 
|  31|0x0000000703e00000, 0x0000000703e00000, 0x0000000704000000|  0%| F|  |TAMS 0x0000000703e00000| PB 0x0000000703e00000| Untracked 
|  32|0x0000000704000000, 0x0000000704000000, 0x0000000704200000|  0%| F|  |TAMS 0x0000000704000000| PB 0x0000000704000000| Untracked 
|  33|0x0000000704200000, 0x00000007042df020, 0x0000000704400000| 43%| S|CS|TAMS 0x0000000704200000| PB 0x0000000704200000| Complete 
|  34|0x0000000704400000, 0x0000000704600000, 0x0000000704600000|100%| S|CS|TAMS 0x0000000704400000| PB 0x0000000704400000| Complete 
|  35|0x0000000704600000, 0x0000000704800000, 0x0000000704800000|100%| S|CS|TAMS 0x0000000704600000| PB 0x0000000704600000| Complete 
|  36|0x0000000704800000, 0x0000000704800000, 0x0000000704a00000|  0%| F|  |TAMS 0x0000000704800000| PB 0x0000000704800000| Untracked 
|  37|0x0000000704a00000, 0x0000000704a00000, 0x0000000704c00000|  0%| F|  |TAMS 0x0000000704a00000| PB 0x0000000704a00000| Untracked 
|  38|0x0000000704c00000, 0x0000000704c00000, 0x0000000704e00000|  0%| F|  |TAMS 0x0000000704c00000| PB 0x0000000704c00000| Untracked 
|  39|0x0000000704e00000, 0x0000000704e00000, 0x0000000705000000|  0%| F|  |TAMS 0x0000000704e00000| PB 0x0000000704e00000| Untracked 
|  40|0x0000000705000000, 0x0000000705000000, 0x0000000705200000|  0%| F|  |TAMS 0x0000000705000000| PB 0x0000000705000000| Untracked 
|  41|0x0000000705200000, 0x0000000705200000, 0x0000000705400000|  0%| F|  |TAMS 0x0000000705200000| PB 0x0000000705200000| Untracked 
|  42|0x0000000705400000, 0x0000000705400000, 0x0000000705600000|  0%| F|  |TAMS 0x0000000705400000| PB 0x0000000705400000| Untracked 
|  43|0x0000000705600000, 0x0000000705600000, 0x0000000705800000|  0%| F|  |TAMS 0x0000000705600000| PB 0x0000000705600000| Untracked 
|  44|0x0000000705800000, 0x0000000705800000, 0x0000000705a00000|  0%| F|  |TAMS 0x0000000705800000| PB 0x0000000705800000| Untracked 
|  64|0x0000000708000000, 0x0000000708000000, 0x0000000708200000|  0%| F|  |TAMS 0x0000000708000000| PB 0x0000000708000000| Untracked 
|  65|0x0000000708200000, 0x0000000708200000, 0x0000000708400000|  0%| F|  |TAMS 0x0000000708200000| PB 0x0000000708200000| Untracked 
|  66|0x0000000708400000, 0x0000000708400000, 0x0000000708600000|  0%| F|  |TAMS 0x0000000708400000| PB 0x0000000708400000| Untracked 
|  67|0x0000000708600000, 0x0000000708600000, 0x0000000708800000|  0%| F|  |TAMS 0x0000000708600000| PB 0x0000000708600000| Untracked 
|  68|0x0000000708800000, 0x0000000708800000, 0x0000000708a00000|  0%| F|  |TAMS 0x0000000708800000| PB 0x0000000708800000| Untracked 
|  69|0x0000000708a00000, 0x0000000708a86520, 0x0000000708c00000| 26%| E|  |TAMS 0x0000000708a00000| PB 0x0000000708a00000| Complete 
| 125|0x000000070fa00000, 0x000000070fc00000, 0x000000070fc00000|100%| E|CS|TAMS 0x000000070fa00000| PB 0x000000070fa00000| Complete 
|2038|0x00000007fec00000, 0x00000007fee00000, 0x00000007fee00000|100%| O|  |TAMS 0x00000007fec00000| PB 0x00000007fec00000| Untracked 
|2039|0x00000007fee00000, 0x00000007ff000000, 0x00000007ff000000|100%| O|  |TAMS 0x00000007fee00000| PB 0x00000007fee00000| Untracked 
|2040|0x00000007ff000000, 0x00000007ff200000, 0x00000007ff200000|100%| O|  |TAMS 0x00000007ff000000| PB 0x00000007ff000000| Untracked 
|2041|0x00000007ff200000, 0x00000007ff400000, 0x00000007ff400000|100%| O|  |TAMS 0x00000007ff200000| PB 0x00000007ff200000| Untracked 
|2042|0x00000007ff400000, 0x00000007ff600000, 0x00000007ff600000|100%| O|  |TAMS 0x00000007ff400000| PB 0x00000007ff400000| Untracked 
|2043|0x00000007ff600000, 0x00000007ff800000, 0x00000007ff800000|100%| O|  |TAMS 0x00000007ff600000| PB 0x00000007ff600000| Untracked 
|2044|0x00000007ff800000, 0x00000007ffa00000, 0x00000007ffa00000|100%| O|  |TAMS 0x00000007ff800000| PB 0x00000007ff800000| Untracked 
|2045|0x00000007ffa00000, 0x00000007ffc00000, 0x00000007ffc00000|100%| O|  |TAMS 0x00000007ffa00000| PB 0x00000007ffa00000| Untracked 
|2046|0x00000007ffc00000, 0x00000007ffe00000, 0x00000007ffe00000|100%| O|  |TAMS 0x00000007ffc00000| PB 0x00000007ffc00000| Untracked 
|2047|0x00000007ffe00000, 0x0000000800000000, 0x0000000800000000|100%| O|  |TAMS 0x00000007ffe00000| PB 0x00000007ffe00000| Untracked 

Card table byte_map: [0x00000195b0520000,0x00000195b0d20000] _byte_map_base: 0x00000195acd20000

Marking Bits: (CMBitMap*) 0x00000195984b99a0
 Bits: [0x00000195b0d20000, 0x00000195b4d20000)

Polling page: 0x0000019596330000

Metaspace:

Usage:
  Non-class:     57.38 MB used.
      Class:      9.37 MB used.
       Both:     66.75 MB used.

Virtual space:
  Non-class space:       64.00 MB reserved,      58.38 MB ( 91%) committed,  1 nodes.
      Class space:        1.00 GB reserved,      10.38 MB (  1%) committed,  1 nodes.
             Both:        1.06 GB reserved,      68.75 MB (  6%) committed. 

Chunk freelists:
   Non-Class:  5.59 MB
       Class:  5.66 MB
        Both:  11.25 MB

MaxMetaspaceSize: 2.00 GB
CompressedClassSpaceSize: 1.00 GB
Initial GC threshold: 21.00 MB
Current GC threshold: 111.06 MB
CDS: on
 - commit_granule_bytes: 65536.
 - commit_granule_words: 8192.
 - virtual_space_node_default_size: 8388608.
 - enlarge_chunks_in_place: 1.
 - use_allocation_guard: 0.


Internal statistics:

num_allocs_failed_limit: 9.
num_arena_births: 3468.
num_arena_deaths: 0.
num_vsnodes_births: 2.
num_vsnodes_deaths: 0.
num_space_committed: 1100.
num_space_uncommitted: 0.
num_chunks_returned_to_freelist: 9.
num_chunks_taken_from_freelist: 6729.
num_chunk_merges: 6.
num_chunk_splits: 4338.
num_chunks_enlarged: 2648.
num_inconsistent_stats: 0.

CodeHeap 'non-profiled nmethods': size=120000Kb used=4362Kb max_used=4362Kb free=115637Kb
 bounds [0x00000195a83b0000, 0x00000195a8800000, 0x00000195af8e0000]
CodeHeap 'profiled nmethods': size=120000Kb used=13936Kb max_used=14614Kb free=106064Kb
 bounds [0x00000195a08e0000, 0x00000195a1730000, 0x00000195a7e10000]
CodeHeap 'non-nmethods': size=5760Kb used=2795Kb max_used=2837Kb free=2964Kb
 bounds [0x00000195a7e10000, 0x00000195a80e0000, 0x00000195a83b0000]
 total_blobs=8364 nmethods=7453 adapters=813
 compilation: enabled
              stopped_count=0, restarted_count=0
 full_count=0

Compilation events (20 events):
Event: 30.880 Thread 0x00000195b713d240 nmethod 8748 0x00000195a0b0a110 code [0x00000195a0b0a300, 0x00000195a0b0a8a8]
Event: 30.887 Thread 0x00000195fd7696b0 nmethod 8730 0x00000195a87ec510 code [0x00000195a87eca00, 0x00000195a87efe08]
Event: 30.943 Thread 0x00000195b713a2b0 8749       4       java.lang.ThreadLocal$ThreadLocalMap::getEntryAfterMiss (59 bytes)
Event: 30.947 Thread 0x00000195b713a2b0 nmethod 8749 0x00000195a85f5b90 code [0x00000195a85f5d20, 0x00000195a85f5e78]
Event: 30.966 Thread 0x00000195fd7696b0 8750       4       java.util.concurrent.locks.ReentrantLock$Sync::tryLock (63 bytes)
Event: 30.968 Thread 0x00000195fd7696b0 nmethod 8750 0x00000195a87f1d10 code [0x00000195a87f1ea0, 0x00000195a87f20a8]
Event: 31.023 Thread 0x00000195b713a2b0 8751       4       java.util.zip.CRC32::updateBytesCheck (35 bytes)
Event: 31.025 Thread 0x00000195b713a2b0 nmethod 8751 0x00000195a85f5810 code [0x00000195a85f59a0, 0x00000195a85f5aa0]
Event: 31.029 Thread 0x00000195fd7696b0 8752       4       jdk.internal.loader.URLClassPath$JarLoader$2::getContentLength (9 bytes)
Event: 31.030 Thread 0x00000195fd7696b0 nmethod 8752 0x00000195a87f2190 code [0x00000195a87f2320, 0x00000195a87f23c8]
Event: 31.047 Thread 0x00000195fd7696b0 8753       4       com.google.common.collect.MapMakerInternalMap$1::clear (1 bytes)
Event: 31.048 Thread 0x00000195fd7696b0 nmethod 8753 0x00000195a87f2490 code [0x00000195a87f2620, 0x00000195a87f26a8]
Event: 31.052 Thread 0x00000195fd7696b0 8754       4       kotlin.jvm.internal.Intrinsics::checkNotNullExpressionValue (38 bytes)
Event: 31.053 Thread 0x00000195fd7696b0 nmethod 8754 0x00000195a87f2790 code [0x00000195a87f2920, 0x00000195a87f29a8]
Event: 31.054 Thread 0x00000195b713d240 8755       3       com.android.build.gradle.internal.dsl.decorator.DslDecorator$CollectingInfoVisitor::method (306 bytes)
Event: 31.059 Thread 0x00000195b713d240 nmethod 8755 0x00000195a11a6810 code [0x00000195a11a6dc0, 0x00000195a11a9490]
Event: 31.071 Thread 0x00000195b713d240 8756       3       org.objectweb.asm.Type::appendDescriptor (185 bytes)
Event: 31.073 Thread 0x00000195b713d240 nmethod 8756 0x00000195a0c39e10 code [0x00000195a0c3a140, 0x00000195a0c3b0e8]
Event: 31.076 Thread 0x00000195b713d240 8757       3       org.objectweb.asm.Type::hashCode (68 bytes)
Event: 31.077 Thread 0x00000195b713d240 nmethod 8757 0x00000195a1174790 code [0x00000195a11749a0, 0x00000195a11750b0]

GC Heap History (20 events):
Event: 8.734 GC heap before
{Heap before GC invocations=7 (full 0):
 garbage-first heap   total 110592K, used 88469K [0x0000000700000000, 0x0000000800000000)
  region size 2048K, 32 young (65536K), 4 survivors (8192K)
 Metaspace       used 38266K, committed 39616K, reserved 1114112K
  class space    used 5346K, committed 6016K, reserved 1048576K
}
Event: 8.740 GC heap after
{Heap after GC invocations=8 (full 0):
 garbage-first heap   total 110592K, used 34115K [0x0000000700000000, 0x0000000800000000)
  region size 2048K, 4 young (8192K), 4 survivors (8192K)
 Metaspace       used 38266K, committed 39616K, reserved 1114112K
  class space    used 5346K, committed 6016K, reserved 1048576K
}
Event: 11.347 GC heap before
{Heap before GC invocations=8 (full 0):
 garbage-first heap   total 110592K, used 89411K [0x0000000700000000, 0x0000000800000000)
  region size 2048K, 32 young (65536K), 4 survivors (8192K)
 Metaspace       used 43572K, committed 45120K, reserved 1114112K
  class space    used 6140K, committed 6912K, reserved 1048576K
}
Event: 11.357 GC heap after
{Heap after GC invocations=9 (full 0):
 garbage-first heap   total 110592K, used 37071K [0x0000000700000000, 0x0000000800000000)
  region size 2048K, 2 young (4096K), 2 survivors (4096K)
 Metaspace       used 43572K, committed 45120K, reserved 1114112K
  class space    used 6140K, committed 6912K, reserved 1048576K
}
Event: 16.587 GC heap before
{Heap before GC invocations=9 (full 0):
 garbage-first heap   total 110592K, used 94415K [0x0000000700000000, 0x0000000800000000)
  region size 2048K, 30 young (61440K), 2 survivors (4096K)
 Metaspace       used 49616K, committed 51456K, reserved 1114112K
  class space    used 7127K, committed 8064K, reserved 1048576K
}
Event: 16.596 GC heap after
{Heap after GC invocations=10 (full 0):
 garbage-first heap   total 110592K, used 39357K [0x0000000700000000, 0x0000000800000000)
  region size 2048K, 3 young (6144K), 3 survivors (6144K)
 Metaspace       used 49616K, committed 51456K, reserved 1114112K
  class space    used 7127K, committed 8064K, reserved 1048576K
}
Event: 19.885 GC heap before
{Heap before GC invocations=10 (full 0):
 garbage-first heap   total 110592K, used 94653K [0x0000000700000000, 0x0000000800000000)
  region size 2048K, 30 young (61440K), 3 survivors (6144K)
 Metaspace       used 55770K, committed 57600K, reserved 1114112K
  class space    used 7934K, committed 8832K, reserved 1048576K
}
Event: 19.892 GC heap after
{Heap after GC invocations=11 (full 0):
 garbage-first heap   total 110592K, used 41715K [0x0000000700000000, 0x0000000800000000)
  region size 2048K, 3 young (6144K), 3 survivors (6144K)
 Metaspace       used 55770K, committed 57600K, reserved 1114112K
  class space    used 7934K, committed 8832K, reserved 1048576K
}
Event: 21.693 GC heap before
{Heap before GC invocations=11 (full 0):
 garbage-first heap   total 110592K, used 68339K [0x0000000700000000, 0x0000000800000000)
  region size 2048K, 17 young (34816K), 3 survivors (6144K)
 Metaspace       used 58275K, committed 60096K, reserved 1114112K
  class space    used 8375K, committed 9280K, reserved 1048576K
}
Event: 21.700 GC heap after
{Heap after GC invocations=12 (full 0):
 garbage-first heap   total 110592K, used 43974K [0x0000000700000000, 0x0000000800000000)
  region size 2048K, 3 young (6144K), 3 survivors (6144K)
 Metaspace       used 58275K, committed 60096K, reserved 1114112K
  class space    used 8375K, committed 9280K, reserved 1048576K
}
Event: 26.197 GC heap before
{Heap before GC invocations=13 (full 0):
 garbage-first heap   total 110592K, used 97222K [0x0000000700000000, 0x0000000800000000)
  region size 2048K, 27 young (55296K), 3 survivors (6144K)
 Metaspace       used 60106K, committed 62016K, reserved 1114112K
  class space    used 8629K, committed 9600K, reserved 1048576K
}
Event: 26.211 GC heap after
{Heap after GC invocations=14 (full 0):
 garbage-first heap   total 118784K, used 61659K [0x0000000700000000, 0x0000000800000000)
  region size 2048K, 4 young (8192K), 4 survivors (8192K)
 Metaspace       used 60106K, committed 62016K, reserved 1114112K
  class space    used 8629K, committed 9600K, reserved 1048576K
}
Event: 27.326 GC heap before
{Heap before GC invocations=14 (full 0):
 garbage-first heap   total 118784K, used 73947K [0x0000000700000000, 0x0000000800000000)
  region size 2048K, 11 young (22528K), 4 survivors (8192K)
 Metaspace       used 60659K, committed 62592K, reserved 1114112K
  class space    used 8702K, committed 9664K, reserved 1048576K
}
Event: 27.334 GC heap after
{Heap after GC invocations=15 (full 0):
 garbage-first heap   total 118784K, used 64496K [0x0000000700000000, 0x0000000800000000)
  region size 2048K, 2 young (4096K), 2 survivors (4096K)
 Metaspace       used 60659K, committed 62592K, reserved 1114112K
  class space    used 8702K, committed 9664K, reserved 1048576K
}
Event: 28.623 GC heap before
{Heap before GC invocations=16 (full 0):
 garbage-first heap   total 120832K, used 99312K [0x0000000700000000, 0x0000000800000000)
  region size 2048K, 19 young (38912K), 2 survivors (4096K)
 Metaspace       used 63132K, committed 65152K, reserved 1114112K
  class space    used 9011K, committed 9984K, reserved 1048576K
}
Event: 28.627 GC heap after
{Heap after GC invocations=17 (full 0):
 garbage-first heap   total 120832K, used 69972K [0x0000000700000000, 0x0000000800000000)
  region size 2048K, 3 young (6144K), 3 survivors (6144K)
 Metaspace       used 63132K, committed 65152K, reserved 1114112K
  class space    used 9011K, committed 9984K, reserved 1048576K
}
Event: 29.992 GC heap before
{Heap before GC invocations=17 (full 0):
 garbage-first heap   total 120832K, used 102740K [0x0000000700000000, 0x0000000800000000)
  region size 2048K, 19 young (38912K), 3 survivors (6144K)
 Metaspace       used 66081K, committed 68096K, reserved 1114112K
  class space    used 9313K, committed 10304K, reserved 1048576K
}
Event: 29.995 GC heap after
{Heap after GC invocations=18 (full 0):
 garbage-first heap   total 120832K, used 70949K [0x0000000700000000, 0x0000000800000000)
  region size 2048K, 1 young (2048K), 1 survivors (2048K)
 Metaspace       used 66081K, committed 68096K, reserved 1114112K
  class space    used 9313K, committed 10304K, reserved 1048576K
}
Event: 31.007 GC heap before
{Heap before GC invocations=19 (full 0):
 garbage-first heap   total 126976K, used 101669K [0x0000000700000000, 0x0000000800000000)
  region size 2048K, 17 young (34816K), 1 survivors (2048K)
 Metaspace       used 68088K, committed 70144K, reserved 1114112K
  class space    used 9571K, committed 10624K, reserved 1048576K
}
Event: 31.010 GC heap after
{Heap after GC invocations=20 (full 0):
 garbage-first heap   total 126976K, used 74655K [0x0000000700000000, 0x0000000800000000)
  region size 2048K, 3 young (6144K), 3 survivors (6144K)
 Metaspace       used 68088K, committed 70144K, reserved 1114112K
  class space    used 9571K, committed 10624K, reserved 1048576K
}

Dll operation events (15 events):
Event: 0.013 Loaded shared library C:\Program Files\Java\jdk-21\bin\java.dll
Event: 0.045 Loaded shared library C:\Program Files\Java\jdk-21\bin\jsvml.dll
Event: 0.098 Loaded shared library C:\Program Files\Java\jdk-21\bin\zip.dll
Event: 0.102 Loaded shared library C:\Program Files\Java\jdk-21\bin\instrument.dll
Event: 0.107 Loaded shared library C:\Program Files\Java\jdk-21\bin\net.dll
Event: 0.110 Loaded shared library C:\Program Files\Java\jdk-21\bin\nio.dll
Event: 0.114 Loaded shared library C:\Program Files\Java\jdk-21\bin\zip.dll
Event: 0.364 Loaded shared library C:\Program Files\Java\jdk-21\bin\jimage.dll
Event: 0.435 Loaded shared library C:\Program Files\Java\jdk-21\bin\verify.dll
Event: 0.664 Loaded shared library C:\Users\linda\.gradle\native\c067742578af261105cb4f569cf0c3c89f3d7b1fecec35dd04571415982c5e48\windows-amd64\native-platform.dll
Event: 0.671 Loaded shared library C:\Users\linda\.gradle\native\38dada09dfb8b06ba9b0570ebf7e218e3eb74d4ef43ca46872605cf95ebc2f47\windows-amd64\native-platform-file-events.dll
Event: 2.326 Loaded shared library C:\Program Files\Java\jdk-21\bin\management.dll
Event: 2.329 Loaded shared library C:\Program Files\Java\jdk-21\bin\management_ext.dll
Event: 2.597 Loaded shared library C:\Program Files\Java\jdk-21\bin\extnet.dll
Event: 2.764 Loaded shared library C:\Program Files\Java\jdk-21\bin\sunmscapi.dll

Deoptimization events (20 events):
Event: 30.577 Thread 0x00000195fdbca910 DEOPT PACKING pc=0x00000195a0defbf8 sp=0x00000093521ee0c0
Event: 30.577 Thread 0x00000195fdbca910 DEOPT UNPACKING pc=0x00000195a7e64e42 sp=0x00000093521ed540 mode 0
Event: 30.580 Thread 0x00000195fdbca910 DEOPT PACKING pc=0x00000195a0defbf8 sp=0x00000093521ee0c0
Event: 30.580 Thread 0x00000195fdbca910 DEOPT UNPACKING pc=0x00000195a7e64e42 sp=0x00000093521ed540 mode 0
Event: 30.590 Thread 0x00000195fdbca910 DEOPT PACKING pc=0x00000195a0defbf8 sp=0x00000093521ee0c0
Event: 30.590 Thread 0x00000195fdbca910 DEOPT UNPACKING pc=0x00000195a7e64e42 sp=0x00000093521ed540 mode 0
Event: 30.591 Thread 0x00000195fdbca910 DEOPT PACKING pc=0x00000195a0defbf8 sp=0x00000093521ee0c0
Event: 30.591 Thread 0x00000195fdbca910 DEOPT UNPACKING pc=0x00000195a7e64e42 sp=0x00000093521ed540 mode 0
Event: 30.622 Thread 0x00000195fdbca910 Uncommon trap: trap_request=0xffffff45 fr.pc=0x00000195a86553a0 relative=0x0000000000000260
Event: 30.622 Thread 0x00000195fdbca910 Uncommon trap: reason=unstable_if action=reinterpret pc=0x00000195a86553a0 method=java.util.jar.JarFile.maybeInstantiateVerifier()V @ 4 c2
Event: 30.622 Thread 0x00000195fdbca910 DEOPT PACKING pc=0x00000195a86553a0 sp=0x00000093521eeca0
Event: 30.622 Thread 0x00000195fdbca910 DEOPT UNPACKING pc=0x00000195a7e646a2 sp=0x00000093521eebf0 mode 2
Event: 30.635 Thread 0x00000195fdbca910 Uncommon trap: trap_request=0xffffff45 fr.pc=0x00000195a8659058 relative=0x00000000000000b8
Event: 30.635 Thread 0x00000195fdbca910 Uncommon trap: reason=unstable_if action=reinterpret pc=0x00000195a8659058 method=java.security.CodeSource.matchCerts(Ljava/security/CodeSource;Z)Z @ 11 c2
Event: 30.635 Thread 0x00000195fdbca910 DEOPT PACKING pc=0x00000195a8659058 sp=0x00000093521ece20
Event: 30.635 Thread 0x00000195fdbca910 DEOPT UNPACKING pc=0x00000195a7e646a2 sp=0x00000093521ecdb8 mode 2
Event: 31.043 Thread 0x00000195fdbca910 Uncommon trap: trap_request=0xffffff45 fr.pc=0x00000195a863f034 relative=0x00000000000022f4
Event: 31.043 Thread 0x00000195fdbca910 Uncommon trap: reason=unstable_if action=reinterpret pc=0x00000195a863f034 method=java.util.regex.Pattern.has(I)Z @ 6 c2
Event: 31.043 Thread 0x00000195fdbca910 DEOPT PACKING pc=0x00000195a863f034 sp=0x00000093521f1f30
Event: 31.043 Thread 0x00000195fdbca910 DEOPT UNPACKING pc=0x00000195a7e646a2 sp=0x00000093521f1eb0 mode 2

Classes loaded (20 events):
Event: 30.292 Loading class java/security/cert/CertPathValidatorException$Reason done
Event: 30.292 Loading class java/security/cert/CertPathValidatorException$BasicReason done
Event: 30.293 Loading class java/security/SignatureException
Event: 30.293 Loading class java/security/SignatureException done
Event: 30.307 Loading class sun/security/rsa/RSASignature$SHA256withRSA
Event: 30.308 Loading class sun/security/rsa/RSASignature$SHA256withRSA done
Event: 30.314 Loading class sun/security/provider/DSA$SHA256withDSA
Event: 30.314 Loading class sun/security/provider/DSA$SHA256withDSA done
Event: 30.377 Loading class java/util/Base64
Event: 30.377 Loading class java/util/Base64 done
Event: 30.377 Loading class java/util/Base64$Decoder
Event: 30.378 Loading class java/util/Base64$Decoder done
Event: 30.378 Loading class java/util/Base64$Encoder
Event: 30.378 Loading class java/util/Base64$Encoder done
Event: 30.380 Loading class java/util/jar/JarVerifier$VerifierStream
Event: 30.380 Loading class java/util/jar/JarVerifier$VerifierStream done
Event: 30.380 Loading class sun/security/util/ManifestEntryVerifier$SunProviderHolder
Event: 30.381 Loading class sun/security/util/ManifestEntryVerifier$SunProviderHolder done
Event: 30.641 Loading class java/security/KeyStore$ProtectionParameter
Event: 30.641 Loading class java/security/KeyStore$ProtectionParameter done

Classes unloaded (0 events):
No events

Classes redefined (0 events):
No events

Internal exceptions (20 events):
Event: 26.630 Thread 0x00000195fdbca910 Exception <a 'java/lang/ClassNotFoundException'{0x000000070883f968}: org/apache/groovy/json/internal/LazyMapBeanInfo> (0x000000070883f968) 
thrown [s\open\src\hotspot\share\classfile\systemDictionary.cpp, line 312]
Event: 26.632 Thread 0x00000195fdbca910 Exception <a 'java/lang/ClassNotFoundException'{0x00000007088460e8}: java/util/AbstractMapBeanInfo> (0x00000007088460e8) 
thrown [s\open\src\hotspot\share\classfile\systemDictionary.cpp, line 312]
Event: 26.636 Thread 0x00000195fdbca910 Exception <a 'java/lang/ClassNotFoundException'{0x000000070884c8a0}: java/util/AbstractMapCustomizer> (0x000000070884c8a0) 
thrown [s\open\src\hotspot\share\classfile\systemDictionary.cpp, line 312]
Event: 26.647 Thread 0x00000195fdbca910 Exception <a 'java/lang/ClassNotFoundException'{0x000000070888c898}: org/apache/groovy/json/internal/LazyMapCustomizer> (0x000000070888c898) 
thrown [s\open\src\hotspot\share\classfile\systemDictionary.cpp, line 312]
Event: 26.670 Thread 0x00000195fdbca910 Exception <a 'java/lang/ClassNotFoundException'{0x00000007089ecce0}: java/util/ArrayListBeanInfo> (0x00000007089ecce0) 
thrown [s\open\src\hotspot\share\classfile\systemDictionary.cpp, line 312]
Event: 26.676 Thread 0x00000195fdbca910 Exception <a 'java/lang/ClassNotFoundException'{0x00000007089f3480}: java/util/AbstractListBeanInfo> (0x00000007089f3480) 
thrown [s\open\src\hotspot\share\classfile\systemDictionary.cpp, line 312]
Event: 26.676 Thread 0x00000195fdbca910 Exception <a 'java/lang/ClassNotFoundException'{0x00000007089f9c38}: java/util/AbstractListCustomizer> (0x00000007089f9c38) 
thrown [s\open\src\hotspot\share\classfile\systemDictionary.cpp, line 312]
Event: 26.690 Thread 0x00000195fdbca910 Exception <a 'java/lang/ClassNotFoundException'{0x000000070862bb00}: java/util/ArrayListCustomizer> (0x000000070862bb00) 
thrown [s\open\src\hotspot\share\classfile\systemDictionary.cpp, line 312]
Event: 26.759 Thread 0x00000195fdbca910 Exception <a 'java/lang/ClassNotFoundException'{0x00000007087cd850}: java/lang/StringBeanInfo> (0x00000007087cd850) 
thrown [s\open\src\hotspot\share\classfile\systemDictionary.cpp, line 312]
Event: 26.760 Thread 0x00000195fdbca910 Exception <a 'java/lang/ClassNotFoundException'{0x00000007087d4a58}: java/lang/StringCustomizer> (0x00000007087d4a58) 
thrown [s\open\src\hotspot\share\classfile\systemDictionary.cpp, line 312]
Event: 26.782 Thread 0x00000195fdbca910 Exception <a 'java/lang/IncompatibleClassChangeError'{0x0000000708407cc0}: Found class java.lang.Object, but interface was expected> (0x0000000708407cc0) 
thrown [s\open\src\hotspot\share\interpreter\linkResolver.cpp, line 840]
Event: 26.840 Thread 0x00000195fdbca910 Exception <a 'java/lang/ClassNotFoundException'{0x0000000708478190}: settings_701jnxmd7vgmw5k4v2p20vcv2BeanInfo> (0x0000000708478190) 
thrown [s\open\src\hotspot\share\classfile\systemDictionary.cpp, line 312]
Event: 26.845 Thread 0x00000195fdbca910 Exception <a 'java/lang/ClassNotFoundException'{0x000000070847e610}: settings_701jnxmd7vgmw5k4v2p20vcv2Customizer> (0x000000070847e610) 
thrown [s\open\src\hotspot\share\classfile\systemDictionary.cpp, line 312]
Event: 27.036 Thread 0x00000195fdbca910 Exception <a 'java/lang/ClassNotFoundException'{0x00000007082b0e98}: build_dwb1bkpvik7d8dlidft8kp6ykBeanInfo> (0x00000007082b0e98) 
thrown [s\open\src\hotspot\share\classfile\systemDictionary.cpp, line 312]
Event: 27.036 Thread 0x00000195fdbca910 Exception <a 'java/lang/ClassNotFoundException'{0x00000007082b9f60}: org/gradle/api/internal/project/ProjectScriptBeanInfo> (0x00000007082b9f60) 
thrown [s\open\src\hotspot\share\classfile\systemDictionary.cpp, line 312]
Event: 27.042 Thread 0x00000195fdbca910 Exception <a 'java/lang/ClassNotFoundException'{0x00000007082c3098}: org/gradle/api/internal/project/ProjectScriptCustomizer> (0x00000007082c3098) 
thrown [s\open\src\hotspot\share\classfile\systemDictionary.cpp, line 312]
Event: 27.043 Thread 0x00000195fdbca910 Exception <a 'java/lang/ClassNotFoundException'{0x0000000708304628}: build_dwb1bkpvik7d8dlidft8kp6ykCustomizer> (0x0000000708304628) 
thrown [s\open\src\hotspot\share\classfile\systemDictionary.cpp, line 312]
Event: 27.274 Thread 0x00000195fdbca910 Exception <a 'java/lang/ClassNotFoundException'{0x0000000708057610}: build_8twnj4uhe7x3wz1izxqdl7xcjBeanInfo> (0x0000000708057610) 
thrown [s\open\src\hotspot\share\classfile\systemDictionary.cpp, line 312]
Event: 27.278 Thread 0x00000195fdbca910 Exception <a 'java/lang/ClassNotFoundException'{0x00000007080630d8}: build_8twnj4uhe7x3wz1izxqdl7xcjCustomizer> (0x00000007080630d8) 
thrown [s\open\src\hotspot\share\classfile\systemDictionary.cpp, line 312]
Event: 30.141 Thread 0x00000195fdbca910 Exception <a 'java/lang/NoSuchMethodError'{0x0000000708b5ef30}: 'void java.lang.invoke.DirectMethodHandle$Holder.invokeVirtual(java.lang.Object, java.lang.Object)'> (0x0000000708b5ef30) 
thrown [s\open\src\hotspot\share\interpreter\linkResolver.cpp, line 773]

ZGC Phase Switch (0 events):
No events

VM Operations (20 events):
Event: 27.405 Executing VM operation: G1PauseCleanup
Event: 27.405 Executing VM operation: G1PauseCleanup done
Event: 28.353 Executing VM operation: HandshakeAllThreads (Deoptimize)
Event: 28.353 Executing VM operation: HandshakeAllThreads (Deoptimize) done
Event: 28.623 Executing VM operation: G1CollectForAllocation (G1 Evacuation Pause)
Event: 28.627 Executing VM operation: G1CollectForAllocation (G1 Evacuation Pause) done
Event: 29.633 Executing VM operation: Cleanup
Event: 29.650 Executing VM operation: Cleanup done
Event: 29.992 Executing VM operation: G1CollectForAllocation (G1 Evacuation Pause)
Event: 29.995 Executing VM operation: G1CollectForAllocation (G1 Evacuation Pause) done
Event: 30.031 Executing VM operation: G1PauseRemark
Event: 30.037 Executing VM operation: G1PauseRemark done
Event: 30.052 Executing VM operation: G1PauseCleanup
Event: 30.066 Executing VM operation: G1PauseCleanup done
Event: 30.116 Executing VM operation: HandshakeAllThreads (Deoptimize)
Event: 30.116 Executing VM operation: HandshakeAllThreads (Deoptimize) done
Event: 30.228 Executing VM operation: HandshakeAllThreads (Deoptimize)
Event: 30.228 Executing VM operation: HandshakeAllThreads (Deoptimize) done
Event: 31.006 Executing VM operation: G1CollectForAllocation (G1 Evacuation Pause)
Event: 31.010 Executing VM operation: G1CollectForAllocation (G1 Evacuation Pause) done

Events (20 events):
Event: 30.036 Thread 0x00000195b71101f0 flushing nmethod 0x00000195a0947610
Event: 30.036 Thread 0x00000195b71101f0 flushing nmethod 0x00000195a0990810
Event: 30.036 Thread 0x00000195b71101f0 flushing nmethod 0x00000195a0c00190
Event: 30.036 Thread 0x00000195b71101f0 flushing nmethod 0x00000195a0cdca90
Event: 30.036 Thread 0x00000195b71101f0 flushing nmethod 0x00000195a0d0a910
Event: 30.036 Thread 0x00000195b71101f0 flushing nmethod 0x00000195a0d5c810
Event: 30.036 Thread 0x00000195b71101f0 flushing nmethod 0x00000195a0dcff90
Event: 30.036 Thread 0x00000195b71101f0 flushing nmethod 0x00000195a0ded210
Event: 30.036 Thread 0x00000195b71101f0 flushing nmethod 0x00000195a0def610
Event: 30.036 Thread 0x00000195b71101f0 flushing nmethod 0x00000195a0e8d590
Event: 30.036 Thread 0x00000195b71101f0 flushing nmethod 0x00000195a0ea5890
Event: 30.036 Thread 0x00000195b71101f0 flushing nmethod 0x00000195a0fb8410
Event: 30.036 Thread 0x00000195b71101f0 flushing nmethod 0x00000195a1101a90
Event: 30.036 Thread 0x00000195b71101f0 flushing nmethod 0x00000195a1106790
Event: 30.036 Thread 0x00000195b71101f0 flushing nmethod 0x00000195a1106d10
Event: 30.036 Thread 0x00000195b71101f0 flushing nmethod 0x00000195a1107490
Event: 30.036 Thread 0x00000195b71101f0 flushing nmethod 0x00000195a1121f90
Event: 30.036 Thread 0x00000195b71101f0 flushing nmethod 0x00000195a142b810
Event: 30.268 Thread 0x00000195fd7696b0 Thread added: 0x00000195fd7696b0
Event: 30.496 Thread 0x00000195fd769d80 Thread added: 0x00000195fd769d80


Dynamic libraries:
0x00007ff62fa10000 - 0x00007ff62fa20000 	C:\Program Files\Java\jdk-21\bin\java.exe
0x00007ff8c6880000 - 0x00007ff8c6ae8000 	C:\WINDOWS\SYSTEM32\ntdll.dll
0x00007ff894410000 - 0x00007ff894430000 	C:\Program Files\Avast Software\Avast\aswhook.dll
0x00007ff8c5330000 - 0x00007ff8c53f9000 	C:\WINDOWS\System32\KERNEL32.DLL
0x00007ff8c3b50000 - 0x00007ff8c3f48000 	C:\WINDOWS\System32\KERNELBASE.dll
0x00007ff8c4440000 - 0x00007ff8c458b000 	C:\WINDOWS\System32\ucrtbase.dll
0x00007ff878b00000 - 0x00007ff878b1b000 	C:\Program Files\Java\jdk-21\bin\VCRUNTIME140.dll
0x00007ff878b20000 - 0x00007ff878b39000 	C:\Program Files\Java\jdk-21\bin\jli.dll
0x00007ff8c4790000 - 0x00007ff8c4844000 	C:\WINDOWS\System32\ADVAPI32.dll
0x00007ff8c4620000 - 0x00007ff8c46c9000 	C:\WINDOWS\System32\msvcrt.dll
0x00007ff8c5570000 - 0x00007ff8c5616000 	C:\WINDOWS\System32\sechost.dll
0x00007ff8c5400000 - 0x00007ff8c5518000 	C:\WINDOWS\System32\RPCRT4.dll
0x00007ff8c5730000 - 0x00007ff8c58f7000 	C:\WINDOWS\System32\USER32.dll
0x00007ff895840000 - 0x00007ff895ad4000 	C:\WINDOWS\WinSxS\amd64_microsoft.windows.common-controls_6595b64144ccf1df_6.0.26100.7019_none_3e06ffa0e335b8a8\COMCTL32.dll
0x00007ff8c3f50000 - 0x00007ff8c3f77000 	C:\WINDOWS\System32\win32u.dll
0x00007ff8c5b80000 - 0x00007ff8c5bab000 	C:\WINDOWS\System32\GDI32.dll
0x00007ff8c4310000 - 0x00007ff8c443c000 	C:\WINDOWS\System32\gdi32full.dll
0x00007ff8c4260000 - 0x00007ff8c4303000 	C:\WINDOWS\System32\msvcp_win.dll
0x00007ff8aeec0000 - 0x00007ff8aeecb000 	C:\WINDOWS\SYSTEM32\VERSION.dll
0x00007ff8c60c0000 - 0x00007ff8c60f1000 	C:\WINDOWS\System32\IMM32.DLL
0x00007ff8a0f70000 - 0x00007ff8a0f7c000 	C:\Program Files\Java\jdk-21\bin\vcruntime140_1.dll
0x00007ff837140000 - 0x00007ff8371ce000 	C:\Program Files\Java\jdk-21\bin\msvcp140.dll
0x00007fffe7c40000 - 0x00007fffe895d000 	C:\Program Files\Java\jdk-21\bin\server\jvm.dll
0x00007ff8c5bb0000 - 0x00007ff8c5c24000 	C:\WINDOWS\System32\WS2_32.dll
0x00007ff8c3850000 - 0x00007ff8c38ae000 	C:\WINDOWS\SYSTEM32\POWRPROF.dll
0x00007ff8ba7f0000 - 0x00007ff8ba825000 	C:\WINDOWS\SYSTEM32\WINMM.dll
0x00007ff8c3830000 - 0x00007ff8c3844000 	C:\WINDOWS\SYSTEM32\UMPDC.dll
0x00007ff8c2730000 - 0x00007ff8c274b000 	C:\WINDOWS\SYSTEM32\kernel.appcore.dll
0x00007ff89aa90000 - 0x00007ff89aa9a000 	C:\Program Files\Java\jdk-21\bin\jimage.dll
0x00007ff8c1070000 - 0x00007ff8c12b2000 	C:\WINDOWS\SYSTEM32\DBGHELP.DLL
0x00007ff8c5d30000 - 0x00007ff8c60bb000 	C:\WINDOWS\System32\combase.dll
0x00007ff8c66e0000 - 0x00007ff8c67b7000 	C:\WINDOWS\System32\OLEAUT32.dll
0x00007ff8ae830000 - 0x00007ff8ae86c000 	C:\WINDOWS\SYSTEM32\dbgcore.DLL
0x00007ff8c41b0000 - 0x00007ff8c4255000 	C:\WINDOWS\System32\bcryptPrimitives.dll
0x00007ff893950000 - 0x00007ff89395f000 	C:\Program Files\Java\jdk-21\bin\instrument.dll
0x00007ff878040000 - 0x00007ff87805f000 	C:\Program Files\Java\jdk-21\bin\java.dll
0x00007ff8c4880000 - 0x00007ff8c4fcf000 	C:\WINDOWS\System32\SHELL32.dll
0x00007ff8c3f80000 - 0x00007ff8c40eb000 	C:\WINDOWS\System32\wintypes.dll
0x00007ff8c1440000 - 0x00007ff8c1c9d000 	C:\WINDOWS\SYSTEM32\windows.storage.dll
0x00007ff8c5c30000 - 0x00007ff8c5d22000 	C:\WINDOWS\System32\SHCORE.dll
0x00007ff8c67c0000 - 0x00007ff8c6827000 	C:\WINDOWS\System32\shlwapi.dll
0x00007ff8c38f0000 - 0x00007ff8c3919000 	C:\WINDOWS\SYSTEM32\profapi.dll
0x00007ff832440000 - 0x00007ff832517000 	C:\Program Files\Java\jdk-21\bin\jsvml.dll
0x00007ff877020000 - 0x00007ff877038000 	C:\Program Files\Java\jdk-21\bin\zip.dll
0x00007ff8841f0000 - 0x00007ff884200000 	C:\Program Files\Java\jdk-21\bin\net.dll
0x00007ff8b8d10000 - 0x00007ff8b8e38000 	C:\WINDOWS\SYSTEM32\WINHTTP.dll
0x00007ff8c2d00000 - 0x00007ff8c2d6b000 	C:\WINDOWS\system32\mswsock.dll
0x00007ff876b30000 - 0x00007ff876b46000 	C:\Program Files\Java\jdk-21\bin\nio.dll
0x00007ff87ff30000 - 0x00007ff87ff40000 	C:\Program Files\Java\jdk-21\bin\verify.dll
0x00007ff86cb90000 - 0x00007ff86cbb7000 	C:\Users\linda\.gradle\native\c067742578af261105cb4f569cf0c3c89f3d7b1fecec35dd04571415982c5e48\windows-amd64\native-platform.dll
0x00007ff829460000 - 0x00007ff8295a4000 	C:\Users\linda\.gradle\native\38dada09dfb8b06ba9b0570ebf7e218e3eb74d4ef43ca46872605cf95ebc2f47\windows-amd64\native-platform-file-events.dll
0x00007ff8775a0000 - 0x00007ff8775aa000 	C:\Program Files\Java\jdk-21\bin\management.dll
0x00007ff877010000 - 0x00007ff87701b000 	C:\Program Files\Java\jdk-21\bin\management_ext.dll
0x00007ff8c5720000 - 0x00007ff8c5728000 	C:\WINDOWS\System32\PSAPI.DLL
0x00007ff8c2fd0000 - 0x00007ff8c2feb000 	C:\WINDOWS\SYSTEM32\CRYPTSP.dll
0x00007ff8c26f0000 - 0x00007ff8c272a000 	C:\WINDOWS\system32\rsaenh.dll
0x00007ff8c2db0000 - 0x00007ff8c2ddb000 	C:\WINDOWS\SYSTEM32\USERENV.dll
0x00007ff8c38c0000 - 0x00007ff8c38ea000 	C:\WINDOWS\SYSTEM32\bcrypt.dll
0x00007ff8c2fc0000 - 0x00007ff8c2fcc000 	C:\WINDOWS\SYSTEM32\CRYPTBASE.dll
0x00007ff8c22a0000 - 0x00007ff8c22d4000 	C:\WINDOWS\SYSTEM32\IPHLPAPI.DLL
0x00007ff8c4870000 - 0x00007ff8c487a000 	C:\WINDOWS\System32\NSI.dll
0x00007ff875a40000 - 0x00007ff875a49000 	C:\Program Files\Java\jdk-21\bin\extnet.dll
0x00007ff875a30000 - 0x00007ff875a3e000 	C:\Program Files\Java\jdk-21\bin\sunmscapi.dll
0x00007ff8c39d0000 - 0x00007ff8c3b47000 	C:\WINDOWS\System32\CRYPT32.dll
0x00007ff8c31e0000 - 0x00007ff8c3210000 	C:\WINDOWS\SYSTEM32\ncrypt.dll
0x00007ff8c3190000 - 0x00007ff8c31cf000 	C:\WINDOWS\SYSTEM32\NTASN1.dll
0x00007ff893dc0000 - 0x00007ff893dc8000 	C:\WINDOWS\system32\wshunix.dll

dbghelp: loaded successfully - version: 4.0.5 - missing functions: none
symbol engine: initialized successfully - sym options: 0x614 - pdb path: .;C:\Program Files\Java\jdk-21\bin;C:\WINDOWS\SYSTEM32;C:\Program Files\Avast Software\Avast;C:\WINDOWS\WinSxS\amd64_microsoft.windows.common-controls_6595b64144ccf1df_6.0.26100.7019_none_3e06ffa0e335b8a8;C:\Program Files\Java\jdk-21\bin\server;C:\Users\linda\.gradle\native\c067742578af261105cb4f569cf0c3c89f3d7b1fecec35dd04571415982c5e48\windows-amd64;C:\Users\linda\.gradle\native\38dada09dfb8b06ba9b0570ebf7e218e3eb74d4ef43ca46872605cf95ebc2f47\windows-amd64

VM Arguments:
jvm_args: -XX:MaxMetaspaceSize=2G -XX:+HeapDumpOnOutOfMemoryError --add-opens=java.base/java.util=ALL-UNNAMED --add-opens=java.base/java.lang=ALL-UNNAMED --add-opens=java.base/java.lang.invoke=ALL-UNNAMED --add-opens=java.prefs/java.util.prefs=ALL-UNNAMED --add-opens=java.base/java.nio.charset=ALL-UNNAMED --add-opens=java.base/java.net=ALL-UNNAMED --add-opens=java.base/java.util.concurrent.atomic=ALL-UNNAMED -Xmx4G -Dfile.encoding=utf8 -Duser.country=IN -Duser.language=en -Duser.variant -javaagent:C:\Users\linda\.gradle\wrapper\dists\gradle-8.5-all\3zlzzgtsutfj0pbojr50n2l7z\gradle-8.5\lib\agents\gradle-instrumentation-agent-8.5.jar 
java_command: org.gradle.launcher.daemon.bootstrap.GradleDaemon 8.5
java_class_path (initial): C:\Users\linda\.gradle\wrapper\dists\gradle-8.5-all\3zlzzgtsutfj0pbojr50n2l7z\gradle-8.5\lib\gradle-launcher-8.5.jar
Launcher Type: SUN_STANDARD

[Global flags]
     intx CICompilerCount                          = 4                                         {product} {ergonomic}
     uint ConcGCThreads                            = 3                                         {product} {ergonomic}
     uint G1ConcRefinementThreads                  = 10                                        {product} {ergonomic}
   size_t G1HeapRegionSize                         = 2097152                                   {product} {ergonomic}
    uintx GCDrainStackTargetSize                   = 64                                        {product} {ergonomic}
     bool HeapDumpOnOutOfMemoryError               = true                                   {manageable} {command line}
   size_t InitialHeapSize                          = 264241152                                 {product} {ergonomic}
   size_t MarkStackSize                            = 4194304                                   {product} {ergonomic}
   size_t MaxHeapSize                              = 4294967296                                {product} {command line}
   size_t MaxMetaspaceSize                         = 2147483648                                {product} {command line}
   size_t MaxNewSize                               = 2575302656                                {product} {ergonomic}
   size_t MinHeapDeltaBytes                        = 2097152                                   {product} {ergonomic}
   size_t MinHeapSize                              = 8388608                                   {product} {ergonomic}
    uintx NonNMethodCodeHeapSize                   = 5839372                                {pd product} {ergonomic}
    uintx NonProfiledCodeHeapSize                  = 122909434                              {pd product} {ergonomic}
    uintx ProfiledCodeHeapSize                     = 122909434                              {pd product} {ergonomic}
    uintx ReservedCodeCacheSize                    = 251658240                              {pd product} {ergonomic}
     bool SegmentedCodeCache                       = true                                      {product} {ergonomic}
   size_t SoftMaxHeapSize                          = 4294967296                             {manageable} {ergonomic}
     bool UseCompressedOops                        = true                           {product lp64_product} {ergonomic}
     bool UseG1GC                                  = true                                      {product} {ergonomic}
     bool UseLargePagesIndividualAllocation        = false                                  {pd product} {ergonomic}

Logging:
Log output configuration:
 #0: stdout all=warning uptime,level,tags foldmultilines=false
 #1: stderr all=off uptime,level,tags foldmultilines=false

Environment Variables:
PATH=C:\Program Files\Eclipse Adoptium\jdk-21.0.7.6-hotspot\bin;C:\Program Files\Common Files\Oracle\Java\javapath;C:\windows\system32;C:\windows;C:\windows\System32\Wbem;C:\windows\System32\WindowsPowerShell\v1.0\;C:\windows\System32\OpenSSH\;C:\Program Files\Microsoft SQL Server\150\Tools\Binn\;C:\Program Files\Microsoft SQL Server\Client SDK\ODBC\170\Tools\Binn\;C:\Program Files\dotnet\;C:\Program Files (x86)\Windows Kits\10\Windows Performance Toolkit\;C:\Program Files\HP\HP One Agent;C:\src\flutter\bin;C:\Users\linda\AppData\Roaming\nvm;C:\Program Files\nodejs;C:\WINDOWS\system32;C:\WINDOWS;C:\WINDOWS\System32\Wbem;C:\WINDOWS\System32\WindowsPowerShell\v1.0\;C:\WINDOWS\System32\OpenSSH\;C:\Program Files\TortoiseGit\bin;C:\Program Files\Git\cmd;C:\Program Files\PuTTY\;C:\Program Files\Java\jdk-21\bin;C:\maven\bin;C:\Program Files\Git\cmd;C:\Users\linda\AppData\Local\Microsoft\WindowsApps;C:\Users\linda\AppData\Local\Programs\Microsoft VS Code\bin;N:\dev\flutter\bin;C:\Users\linda\.dotnet\tools;C:\Program Files (x86)\Android\android-sdk\cmdline-tools\7.0\bin;C:\Users\linda\AppData\Roaming\npm;C:\Users\linda\AppData\Roaming\nvm;C:\Program Files\nodejs;N:\programfiles\cursor\resources\app\bin;C:\Program Files\Git\cmd;C:\Users\linda\AppData\Local\Android\Sdk\build-tools\34.0.0;
USERNAME=linda
OS=Windows_NT
PROCESSOR_IDENTIFIER=Intel64 Family 6 Model 186 Stepping 3, GenuineIntel
TMP=C:\Users\linda\AppData\Local\Temp
TEMP=C:\Users\linda\AppData\Local\Temp




Periodic native trim disabled

---------------  S Y S T E M  ---------------

OS:
 Windows 11 , 64 bit Build 26100 (10.0.26100.7019)
OS uptime: 0 days 22:44 hours
Hyper-V role detected

CPU: total 12 (initial active 12) (6 cores per cpu, 2 threads per core) family 6 model 186 stepping 3 microcode 0x4121, cx8, cmov, fxsr, ht, mmx, 3dnowpref, sse, sse2, sse3, ssse3, sse4.1, sse4.2, popcnt, lzcnt, tsc, tscinvbit, avx, avx2, aes, erms, clmul, bmi1, bmi2, adx, sha, fma, vzeroupper, clflush, clflushopt, clwb, hv, serialize, rdtscp, rdpid, fsrm, f16c, cet_ibt, cet_ss
Processor Information for processor 0
  Max Mhz: 1300, Current Mhz: 1300, Mhz Limit: 1300
Processor Information for processor 1
  Max Mhz: 1300, Current Mhz: 1300, Mhz Limit: 1300
Processor Information for processor 2
  Max Mhz: 1300, Current Mhz: 1300, Mhz Limit: 1300
Processor Information for processor 3
  Max Mhz: 1300, Current Mhz: 1300, Mhz Limit: 1300
Processor Information for processor 4
  Max Mhz: 1300, Current Mhz: 900, Mhz Limit: 897
Processor Information for processor 5
  Max Mhz: 1300, Current Mhz: 900, Mhz Limit: 897
Processor Information for processor 6
  Max Mhz: 1300, Current Mhz: 900, Mhz Limit: 897
Processor Information for processor 7
  Max Mhz: 1300, Current Mhz: 900, Mhz Limit: 897
Processor Information for processor 8
  Max Mhz: 1300, Current Mhz: 900, Mhz Limit: 897
Processor Information for processor 9
  Max Mhz: 1300, Current Mhz: 900, Mhz Limit: 897
Processor Information for processor 10
  Max Mhz: 1300, Current Mhz: 900, Mhz Limit: 897
Processor Information for processor 11
  Max Mhz: 1300, Current Mhz: 900, Mhz Limit: 897

Memory: 4k page, system-wide physical 16027M (777M free)
TotalPageFile size 27521M (AvailPageFile size 19M)
current process WorkingSet (physical memory assigned to process): 344M, peak: 345M
current process commit charge ("private bytes"): 390M, peak: 456M

vm_info: Java HotSpot(TM) 64-Bit Server VM (21.0.8+12-LTS-250) for windows-amd64 JRE (21.0.8+12-LTS-250), built on 2025-06-27T08:11:22Z by "mach5one" with MS VC++ 17.6 (VS2022)

END.
