#
# There is insufficient memory for the Java Runtime Environment to continue.
# Native memory allocation (malloc) failed to allocate 99616 bytes. Error detail: Chunk::new
# Possible reasons:
#   The system is out of physical RAM or swap space
#   This process is running with CompressedOops enabled, and the Java Heap may be blocking the growth of the native heap
# Possible solutions:
#   Reduce memory load on the system
#   Increase physical memory or swap space
#   Check if swap backing store is full
#   Decrease Java heap size (-Xmx/-Xms)
#   Decrease number of Java threads
#   Decrease Java thread stack sizes (-Xss)
#   Set larger code cache with -XX:ReservedCodeCacheSize=
#   JVM is running with Unscaled Compressed Oops mode in which the Java heap is
#     placed in the first 4GB address space. The Java Heap base address is the
#     maximum limit for the native heap growth. Please use -XX:HeapBaseMinAddress
#     to set the Java Heap base and to place the Java Heap above 4GB virtual address.
# This output file may be truncated or incomplete.
#
#  Out of Memory Error (arena.cpp:168), pid=2196, tid=24136
#
# JRE version: OpenJDK Runtime Environment Temurin-21.0.8+9 (21.0.8+9) (build 21.0.8+9-LTS)
# Java VM: OpenJDK 64-Bit Server VM Temurin-21.0.8+9 (21.0.8+9-LTS, mixed mode, sharing, tiered, compressed oops, compressed class ptrs, parallel gc, windows-amd64)
# No core dump will be written. Minidumps are not enabled by default on client versions of Windows
#

---------------  S U M M A R Y ------------

Command Line: --add-modules=ALL-SYSTEM --add-opens=java.base/java.util=ALL-UNNAMED --add-opens=java.base/java.lang=ALL-UNNAMED --add-opens=java.base/sun.nio.fs=ALL-UNNAMED -Declipse.application=org.eclipse.jdt.ls.core.id1 -Dosgi.bundles.defaultStartLevel=4 -Declipse.product=org.eclipse.jdt.ls.core.product -Djava.import.generatesMetadataFilesAtProjectRoot=false -DDetectVMInstallationsJob.disabled=true -Dfile.encoding=utf8 -XX:+UseParallelGC -XX:GCTimeRatio=4 -XX:AdaptiveSizePolicyWeight=90 -Dsun.zip.disableMemoryMapping=true -Xmx2G -Xms100m -Xlog:disable -javaagent:c:\Users\linda\.vscode\extensions\redhat.java-1.47.0-win32-x64\lombok\lombok-1.18.39-4050.jar -XX:+HeapDumpOnOutOfMemoryError -XX:HeapDumpPath=c:\Users\linda\AppData\Roaming\Code\User\workspaceStorage\7c8490d731c1b0952362d4014fc30a6e\redhat.java -Daether.dependencyCollector.impl=bf c:\Users\linda\.vscode\extensions\redhat.java-1.47.0-win32-x64\server\plugins\org.eclipse.equinox.launcher_1.7.100.v20251014-1222.jar -configuration c:\Users\linda\AppData\Roaming\Code\User\globalStorage\redhat.java\1.47.0\config_win -data c:\Users\linda\AppData\Roaming\Code\User\workspaceStorage\7c8490d731c1b0952362d4014fc30a6e\redhat.java\jdt_ws --pipe=\\.\pipe\lsp-fc6444584ad4ec9d50b5e8e6d0162c58-sock

Host: 13th Gen Intel(R) Core(TM) i5-1335U, 12 cores, 15G,  Windows 11 , 64 bit Build 26100 (10.0.26100.7019)
Time: Sun Nov 16 14:55:25 2025 India Standard Time elapsed time: 16.970436 seconds (0d 0h 0m 16s)

---------------  T H R E A D  ---------------

Current thread (0x000001ed114522e0):  JavaThread "C2 CompilerThread0" daemon [_thread_in_native, id=24136, stack(0x000000c085400000,0x000000c085500000) (1024K)]


Current CompileTask:
C2:16970 7356       4       sun.security.provider.SHA::implCompress0 (478 bytes)

Stack: [0x000000c085400000,0x000000c085500000]
Native frames: (J=compiled Java code, j=interpreted, Vv=VM code, C=native code)
V  [jvm.dll+0x6d2449]
V  [jvm.dll+0x8ae341]
V  [jvm.dll+0x8b08be]
V  [jvm.dll+0x8b0fa3]
V  [jvm.dll+0x280c96]
V  [jvm.dll+0xc581d]
V  [jvm.dll+0xc5d53]
V  [jvm.dll+0x2f539d]
V  [jvm.dll+0x5fa00a]
V  [jvm.dll+0x252092]
V  [jvm.dll+0x24a56e]
V  [jvm.dll+0x2483a4]
V  [jvm.dll+0x1c89ee]
V  [jvm.dll+0x257d4d]
V  [jvm.dll+0x2562ea]
V  [jvm.dll+0x3f2d16]
V  [jvm.dll+0x857e6b]
V  [jvm.dll+0x6d0b0d]
C  [ucrtbase.dll+0x37b0]
C  [KERNEL32.DLL+0x2e8d7]
C  [ntdll.dll+0x8c53c]


---------------  P R O C E S S  ---------------

Threads class SMR info:
_java_thread_list=0x000001ed1a77d100, length=57, elements={
0x000001ecb62c5820, 0x000001ecb871dbc0, 0x000001ecb8603240, 0x000001ecb86086f0,
0x000001ecb860ae50, 0x000001ecb86079d0, 0x000001ecb8608d80, 0x000001ed114522e0,
0x000001ed114813e0, 0x000001ecb8609410, 0x000001ecb8608060, 0x000001ecb8609aa0,
0x000001ecb860a130, 0x000001ed170a67c0, 0x000001ed170a5aa0, 0x000001ed170a46f0,
0x000001ed170a4d80, 0x000001ed170a5410, 0x000001ed170a6e50, 0x000001ed170a74e0,
0x000001ed170a4060, 0x000001ed170aaff0, 0x000001ed170a7b70, 0x000001ed170a9c40,
0x000001ed170a95b0, 0x000001ed170aa2d0, 0x000001ed170ab680, 0x000001ed170a8f20,
0x000001ed170a8200, 0x000001ed170a8890, 0x000001ed170aa960, 0x000001ed190f7230,
0x000001ed190f9990, 0x000001ed190f6ba0, 0x000001ed190f85e0, 0x000001ed190fa6b0,
0x000001ed190f9300, 0x000001ed190fad40, 0x000001ed190fa020, 0x000001ed190f78c0,
0x000001ed190fb3d0, 0x000001ed190f8c70, 0x000001ed190f7f50, 0x000001ed190fdb30,
0x000001ed190fd4a0, 0x000001ed1a93e4b0, 0x000001ed1a93fef0, 0x000001ed1a940580,
0x000001ed1a93f860, 0x000001ed1a940c10, 0x000001ed1a93d790, 0x000001ed1a93de20,
0x000001ed1a93eb40, 0x000001ed1a93f1d0, 0x000001ed190fba60, 0x000001ed1aadf520,
0x000001ed1aadc0a0
}

Java Threads: ( => current thread )
  0x000001ecb62c5820 JavaThread "main"                              [_thread_blocked, id=3656, stack(0x000000c084a00000,0x000000c084b00000) (1024K)]
  0x000001ecb871dbc0 JavaThread "Reference Handler"          daemon [_thread_blocked, id=19344, stack(0x000000c084e00000,0x000000c084f00000) (1024K)]
  0x000001ecb8603240 JavaThread "Finalizer"                  daemon [_thread_blocked, id=15232, stack(0x000000c084f00000,0x000000c085000000) (1024K)]
  0x000001ecb86086f0 JavaThread "Signal Dispatcher"          daemon [_thread_blocked, id=22796, stack(0x000000c085000000,0x000000c085100000) (1024K)]
  0x000001ecb860ae50 JavaThread "Attach Listener"            daemon [_thread_blocked, id=13236, stack(0x000000c085100000,0x000000c085200000) (1024K)]
  0x000001ecb86079d0 JavaThread "Service Thread"             daemon [_thread_blocked, id=3360, stack(0x000000c085200000,0x000000c085300000) (1024K)]
  0x000001ecb8608d80 JavaThread "Monitor Deflation Thread"   daemon [_thread_blocked, id=11412, stack(0x000000c085300000,0x000000c085400000) (1024K)]
=>0x000001ed114522e0 JavaThread "C2 CompilerThread0"         daemon [_thread_in_native, id=24136, stack(0x000000c085400000,0x000000c085500000) (1024K)]
  0x000001ed114813e0 JavaThread "C1 CompilerThread0"         daemon [_thread_blocked, id=16456, stack(0x000000c085500000,0x000000c085600000) (1024K)]
  0x000001ecb8609410 JavaThread "Common-Cleaner"             daemon [_thread_blocked, id=28508, stack(0x000000c085600000,0x000000c085700000) (1024K)]
  0x000001ecb8608060 JavaThread "Notification Thread"        daemon [_thread_blocked, id=26184, stack(0x000000c085800000,0x000000c085900000) (1024K)]
  0x000001ecb8609aa0 JavaThread "Active Thread: Equinox Container: 2fc62c5d-a77c-4e31-af7b-a2f392bf847c"        [_thread_blocked, id=2668, stack(0x000000c086000000,0x000000c086100000) (1024K)]
  0x000001ecb860a130 JavaThread "Refresh Thread: Equinox Container: 2fc62c5d-a77c-4e31-af7b-a2f392bf847c" daemon [_thread_blocked, id=23728, stack(0x000000c086100000,0x000000c086200000) (1024K)]
  0x000001ed170a67c0 JavaThread "Framework Event Dispatcher: Equinox Container: 2fc62c5d-a77c-4e31-af7b-a2f392bf847c" daemon [_thread_blocked, id=27600, stack(0x000000c086300000,0x000000c086400000) (1024K)]
  0x000001ed170a5aa0 JavaThread "Start Level: Equinox Container: 2fc62c5d-a77c-4e31-af7b-a2f392bf847c" daemon [_thread_blocked, id=8380, stack(0x000000c086400000,0x000000c086500000) (1024K)]
  0x000001ed170a46f0 JavaThread "Bundle File Closer"         daemon [_thread_blocked, id=10480, stack(0x000000c086700000,0x000000c086800000) (1024K)]
  0x000001ed170a4d80 JavaThread "SCR Component Actor"        daemon [_thread_blocked, id=26584, stack(0x000000c085900000,0x000000c085a00000) (1024K)]
  0x000001ed170a5410 JavaThread "Worker-JM"                         [_thread_blocked, id=10104, stack(0x000000c086800000,0x000000c086900000) (1024K)]
  0x000001ed170a6e50 JavaThread "JNA Cleaner"                daemon [_thread_blocked, id=26048, stack(0x000000c086900000,0x000000c086a00000) (1024K)]
  0x000001ed170a74e0 JavaThread "Worker-0"                          [_thread_blocked, id=25424, stack(0x000000c086a00000,0x000000c086b00000) (1024K)]
  0x000001ed170a4060 JavaThread "Worker-1"                          [_thread_blocked, id=22956, stack(0x000000c086b00000,0x000000c086c00000) (1024K)]
  0x000001ed170aaff0 JavaThread "Worker-2"                          [_thread_blocked, id=2540, stack(0x000000c086c00000,0x000000c086d00000) (1024K)]
  0x000001ed170a7b70 JavaThread "Java indexing"              daemon [_thread_blocked, id=19560, stack(0x000000c086e00000,0x000000c086f00000) (1024K)]
  0x000001ed170a9c40 JavaThread "Worker-3: Initialize Workspace"        [_thread_in_vm, id=4856, stack(0x000000c087100000,0x000000c087200000) (1024K)]
  0x000001ed170a95b0 JavaThread "Worker-4: Synchronize Gradle projects with workspace"        [_thread_blocked, id=24544, stack(0x000000c087200000,0x000000c087300000) (1024K)]
  0x000001ed170aa2d0 JavaThread "Thread-1"                   daemon [_thread_in_native, id=17300, stack(0x000000c087300000,0x000000c087400000) (1024K)]
  0x000001ed170ab680 JavaThread "Thread-2"                   daemon [_thread_in_native, id=19512, stack(0x000000c087400000,0x000000c087500000) (1024K)]
  0x000001ed170a8f20 JavaThread "Thread-3"                   daemon [_thread_in_native, id=13088, stack(0x000000c087500000,0x000000c087600000) (1024K)]
  0x000001ed170a8200 JavaThread "Thread-4"                   daemon [_thread_in_native, id=25288, stack(0x000000c087600000,0x000000c087700000) (1024K)]
  0x000001ed170a8890 JavaThread "Thread-5"                   daemon [_thread_in_native, id=13920, stack(0x000000c087700000,0x000000c087800000) (1024K)]
  0x000001ed170aa960 JavaThread "Thread-6"                   daemon [_thread_in_native, id=7412, stack(0x000000c087800000,0x000000c087900000) (1024K)]
  0x000001ed190f7230 JavaThread "Thread-7"                   daemon [_thread_in_native, id=23652, stack(0x000000c087900000,0x000000c087a00000) (1024K)]
  0x000001ed190f9990 JavaThread "Thread-8"                   daemon [_thread_in_native, id=25752, stack(0x000000c087a00000,0x000000c087b00000) (1024K)]
  0x000001ed190f6ba0 JavaThread "Thread-9"                   daemon [_thread_in_native, id=25296, stack(0x000000c087b00000,0x000000c087c00000) (1024K)]
  0x000001ed190f85e0 JavaThread "Thread-10"                  daemon [_thread_in_native, id=27416, stack(0x000000c087c00000,0x000000c087d00000) (1024K)]
  0x000001ed190fa6b0 JavaThread "Thread-11"                  daemon [_thread_in_native, id=17248, stack(0x000000c087d00000,0x000000c087e00000) (1024K)]
  0x000001ed190f9300 JavaThread "Thread-12"                  daemon [_thread_in_native, id=19776, stack(0x000000c087e00000,0x000000c087f00000) (1024K)]
  0x000001ed190fad40 JavaThread "Thread-13"                  daemon [_thread_in_native, id=27560, stack(0x000000c087f00000,0x000000c088000000) (1024K)]
  0x000001ed190fa020 JavaThread "pool-2-thread-1"                   [_thread_blocked, id=28612, stack(0x000000c088000000,0x000000c088100000) (1024K)]
  0x000001ed190f78c0 JavaThread "Worker-5"                          [_thread_blocked, id=14460, stack(0x000000c088100000,0x000000c088200000) (1024K)]
  0x000001ed190fb3d0 JavaThread "Timer-0"                           [_thread_blocked, id=27528, stack(0x000000c088200000,0x000000c088300000) (1024K)]
  0x000001ed190f8c70 JavaThread "Timer-1"                           [_thread_blocked, id=21316, stack(0x000000c088300000,0x000000c088400000) (1024K)]
  0x000001ed190f7f50 JavaThread "WorkspaceEventsHandler"            [_thread_blocked, id=13584, stack(0x000000c088400000,0x000000c088500000) (1024K)]
  0x000001ed190fdb30 JavaThread "pool-1-thread-1"                   [_thread_blocked, id=8680, stack(0x000000c088500000,0x000000c088600000) (1024K)]
  0x000001ed190fd4a0 JavaThread "ForkJoinPool.commonPool-worker-1" daemon [_thread_blocked, id=6756, stack(0x000000c088700000,0x000000c088800000) (1024K)]
  0x000001ed1a93e4b0 JavaThread "ForkJoinPool.commonPool-worker-2" daemon [_thread_blocked, id=13512, stack(0x000000c088800000,0x000000c088900000) (1024K)]
  0x000001ed1a93fef0 JavaThread "Exec process"                      [_thread_blocked, id=21600, stack(0x000000c088900000,0x000000c088a00000) (1024K)]
  0x000001ed1a940580 JavaThread "Exec process Thread 2"             [_thread_blocked, id=14372, stack(0x000000c088a00000,0x000000c088b00000) (1024K)]
  0x000001ed1a93f860 JavaThread "Exec process Thread 3"             [_thread_blocked, id=26564, stack(0x000000c088b00000,0x000000c088c00000) (1024K)]
  0x000001ed1a940c10 JavaThread "Timer-2"                           [_thread_blocked, id=16148, stack(0x000000c088600000,0x000000c088700000) (1024K)]
  0x000001ed1a93d790 JavaThread "Timer-3"                           [_thread_blocked, id=28064, stack(0x000000c088c00000,0x000000c088d00000) (1024K)]
  0x000001ed1a93de20 JavaThread "Timer-4"                           [_thread_blocked, id=396, stack(0x000000c088d00000,0x000000c088e00000) (1024K)]
  0x000001ed1a93eb40 JavaThread "Timer-5"                           [_thread_blocked, id=24540, stack(0x000000c088e00000,0x000000c088f00000) (1024K)]
  0x000001ed1a93f1d0 JavaThread "Timer-6"                           [_thread_blocked, id=15176, stack(0x000000c088f00000,0x000000c089000000) (1024K)]
  0x000001ed190fba60 JavaThread "Timer-7"                           [_thread_blocked, id=9380, stack(0x000000c089000000,0x000000c089100000) (1024K)]
  0x000001ed1aadf520 Thread "Unknown thread"                        [id=25864, stack(0x000000c089100000,0x000000c089200000) (1024K)]
Total: 56

Other Threads:
  0x000001ecb85f4080 VMThread "VM Thread"                           [id=4160, stack(0x000000c084d00000,0x000000c084e00000) (1024K)]
  0x000001ecb84eca00 WatcherThread "VM Periodic Task Thread"        [id=19908, stack(0x000000c084c00000,0x000000c084d00000) (1024K)]
  0x000001ecb868bdc0 WorkerThread "GC Thread#0"                     [id=25464, stack(0x000000c084b00000,0x000000c084c00000) (1024K)]
  0x000001ed1722c450 WorkerThread "GC Thread#1"                     [id=27316, stack(0x000000c085a00000,0x000000c085b00000) (1024K)]
  0x000001ed1722c7f0 WorkerThread "GC Thread#2"                     [id=21700, stack(0x000000c085b00000,0x000000c085c00000) (1024K)]
  0x000001ed12628b10 WorkerThread "GC Thread#3"                     [id=11092, stack(0x000000c085c00000,0x000000c085d00000) (1024K)]
  0x000001ed12628eb0 WorkerThread "GC Thread#4"                     [id=26136, stack(0x000000c085d00000,0x000000c085e00000) (1024K)]
  0x000001ed12629250 WorkerThread "GC Thread#5"                     [id=4276, stack(0x000000c085e00000,0x000000c085f00000) (1024K)]
  0x000001ed17207060 WorkerThread "GC Thread#6"                     [id=17860, stack(0x000000c085f00000,0x000000c086000000) (1024K)]
  0x000001ed1287c5c0 WorkerThread "GC Thread#7"                     [id=21692, stack(0x000000c086200000,0x000000c086300000) (1024K)]
  0x000001ed17234ba0 WorkerThread "GC Thread#8"                     [id=21864, stack(0x000000c086500000,0x000000c086600000) (1024K)]
  0x000001ed1733b9a0 WorkerThread "GC Thread#9"                     [id=23052, stack(0x000000c086600000,0x000000c086700000) (1024K)]
Total: 12

Threads with active compile tasks:
C2 CompilerThread0  17013 7356       4       sun.security.provider.SHA::implCompress0 (478 bytes)
C2 CompilerThread1  17013 7370   !   4       java.io.ObjectInputStream::readObject0 (681 bytes)
Total: 2

VM state: not at safepoint (normal execution)

VM Mutex/Monitor currently owned by a thread: None

Heap address: 0x0000000080000000, size: 2048 MB, Compressed Oops mode: 32-bit

CDS archive(s) mapped at: [0x000001eccf000000-0x000001eccfba0000-0x000001eccfba0000), size 12189696, SharedBaseAddress: 0x000001eccf000000, ArchiveRelocationMode: 1.
Compressed class space mapped at: 0x000001ecd0000000-0x000001ed10000000, reserved size: 1073741824
Narrow klass base: 0x000001eccf000000, Narrow klass shift: 0, Narrow klass range: 0x100000000

GC Precious Log:
 CardTable entry size: 512
 CPUs: 12 total, 12 available
 Memory: 16027M
 Large Page Support: Disabled
 NUMA Support: Disabled
 Compressed Oops: Enabled (32-bit)
 Alignments: Space 512K, Generation 512K, Heap 2M
 Heap Min Capacity: 100M
 Heap Initial Capacity: 100M
 Heap Max Capacity: 2G
 Pre-touch: Disabled
 Parallel Workers: 10

Heap:
 PSYoungGen      total 22528K, used 16853K [0x00000000d5580000, 0x00000000d6f80000, 0x0000000100000000)
  eden space 22016K, 75% used [0x00000000d5580000,0x00000000d65bd720,0x00000000d6b00000)
  from space 512K, 43% used [0x00000000d6e80000,0x00000000d6eb8000,0x00000000d6f00000)
  to   space 512K, 0% used [0x00000000d6f00000,0x00000000d6f00000,0x00000000d6f80000)
 ParOldGen       total 68608K, used 39780K [0x0000000080000000, 0x0000000084300000, 0x00000000d5580000)
  object space 68608K, 57% used [0x0000000080000000,0x00000000826d9250,0x0000000084300000)
 Metaspace       used 63033K, committed 64256K, reserved 1114112K
  class space    used 7980K, committed 8512K, reserved 1048576K

Card table byte_map: [0x000001ecb8000000,0x000001ecb8410000] _byte_map_base: 0x000001ecb7c00000

Marking Bits: (ParMarkBitMap*) 0x00007fffe961a340
 Begin Bits: [0x000001eccab00000, 0x000001ecccb00000)
 End Bits:   [0x000001ecccb00000, 0x000001ecceb00000)

Polling page: 0x000001ecb7d40000

Metaspace:

Usage:
  Non-class:     53.76 MB used.
      Class:      7.79 MB used.
       Both:     61.56 MB used.

Virtual space:
  Non-class space:       64.00 MB reserved,      54.44 MB ( 85%) committed,  1 nodes.
      Class space:        1.00 GB reserved,       8.31 MB ( <1%) committed,  1 nodes.
             Both:        1.06 GB reserved,      62.75 MB (  6%) committed. 

Chunk freelists:
   Non-Class:  9.44 MB
       Class:  7.50 MB
        Both:  16.94 MB

MaxMetaspaceSize: unlimited
CompressedClassSpaceSize: 1.00 GB
Initial GC threshold: 21.00 MB
Current GC threshold: 97.31 MB
CDS: on
 - commit_granule_bytes: 65536.
 - commit_granule_words: 8192.
 - virtual_space_node_default_size: 8388608.
 - enlarge_chunks_in_place: 1.
 - use_allocation_guard: 0.


Internal statistics:

num_allocs_failed_limit: 9.
num_arena_births: 1104.
num_arena_deaths: 14.
num_vsnodes_births: 2.
num_vsnodes_deaths: 0.
num_space_committed: 1004.
num_space_uncommitted: 0.
num_chunks_returned_to_freelist: 23.
num_chunks_taken_from_freelist: 4060.
num_chunk_merges: 15.
num_chunk_splits: 2479.
num_chunks_enlarged: 1322.
num_inconsistent_stats: 0.

CodeHeap 'non-profiled nmethods': size=120000Kb used=5184Kb max_used=5184Kb free=114816Kb
 bounds [0x000001ecc3320000, 0x000001ecc3830000, 0x000001ecca850000]
CodeHeap 'profiled nmethods': size=120000Kb used=13265Kb max_used=13265Kb free=106734Kb
 bounds [0x000001ecbb850000, 0x000001ecbc550000, 0x000001ecc2d80000]
CodeHeap 'non-nmethods': size=5760Kb used=1389Kb max_used=1448Kb free=4370Kb
 bounds [0x000001ecc2d80000, 0x000001ecc2ff0000, 0x000001ecc3320000]
CodeCache: size=245760Kb, used=19838Kb, max_used=19897Kb, free=225920Kb
 total_blobs=7356, nmethods=6666, adapters=596, full_count=0
Compilation: enabled, stopped_count=0, restarted_count=0

Compilation events (20 events):
Event: 16.882 Thread 0x000001ed114813e0 7354       1       org.gradle.internal.logging.events.ProgressStartEvent::getLoggingHeader (5 bytes)
Event: 16.882 Thread 0x000001ed114813e0 nmethod 7354 0x000001ecc382d810 code [0x000001ecc382d9a0, 0x000001ecc382da68]
Event: 16.886 Thread 0x000001ed114522e0 nmethod 7352 0x000001ecc382db10 code [0x000001ecc382de00, 0x000001ecc382ef70]
Event: 16.956 Thread 0x000001ed114813e0 7355   !   3       java.util.concurrent.locks.LockSupport::parkNanos (56 bytes)
Event: 16.956 Thread 0x000001ed114813e0 nmethod 7355 0x000001ecbc535910 code [0x000001ecbc535b20, 0x000001ecbc535f60]
Event: 16.960 Thread 0x000001ed114522e0 7356       4       sun.security.provider.SHA::implCompress0 (478 bytes)
Event: 16.960 Thread 0x000001ed114813e0 7357       3       java.lang.ClassValue$ClassValueMap::<init> (11 bytes)
Event: 16.961 Thread 0x000001ed114813e0 nmethod 7357 0x000001ecbc536110 code [0x000001ecbc536300, 0x000001ecbc5364f8]
Event: 16.961 Thread 0x000001ed114813e0 7359       3       java.lang.Class::searchFields (43 bytes)
Event: 16.961 Thread 0x000001ed114813e0 nmethod 7359 0x000001ecbc536610 code [0x000001ecbc5367e0, 0x000001ecbc536a70]
Event: 16.961 Thread 0x000001ed114813e0 7358       3       java.lang.ClassValue$ClassValueMap::sizeCache (51 bytes)
Event: 16.961 Thread 0x000001ed114813e0 nmethod 7358 0x000001ecbc536c10 code [0x000001ecbc536de0, 0x000001ecbc536ff0]
Event: 16.962 Thread 0x000001ed114813e0 7360   !   3       java.io.ObjectStreamClass::readNonProxy (395 bytes)
Event: 16.964 Thread 0x000001ed114813e0 nmethod 7360 0x000001ecbc537090 code [0x000001ecbc5375c0, 0x000001ecbc539bb0]
Event: 16.964 Thread 0x000001ed114813e0 7361       3       java.io.ObjectStreamClass::initNonProxy (628 bytes)
Event: 16.965 Thread 0x000001ed114813e0 nmethod 7361 0x000001ecbc53ab90 code [0x000001ecbc53afe0, 0x000001ecbc53cc58]
Event: 16.965 Thread 0x000001ed114813e0 7363   !   3       java.io.ObjectInputStream::readObject0 (681 bytes)
Event: 16.967 Thread 0x000001ed114813e0 nmethod 7363 0x000001ecbc53d690 code [0x000001ecbc53de00, 0x000001ecbc540bc0]
Event: 16.967 Thread 0x000001ed114813e0 7365       3       org.gradle.tooling.internal.provider.PhasedActionEventConsumer::dispatch (57 bytes)
Event: 16.967 Thread 0x000001ed114813e0 nmethod 7365 0x000001ecbc542790 code [0x000001ecbc5429a0, 0x000001ecbc543058]

GC Heap History (20 events):
Event: 13.337 GC heap before
{Heap before GC invocations=43 (full 3):
 PSYoungGen      total 22528K, used 22464K [0x00000000d5580000, 0x00000000d7000000, 0x0000000100000000)
  eden space 22016K, 100% used [0x00000000d5580000,0x00000000d6b00000,0x00000000d6b00000)
  from space 512K, 87% used [0x00000000d6e80000,0x00000000d6ef0000,0x00000000d6f00000)
  to   space 1024K, 0% used [0x00000000d6f00000,0x00000000d6f00000,0x00000000d7000000)
 ParOldGen       total 68608K, used 38656K [0x0000000080000000, 0x0000000084300000, 0x00000000d5580000)
  object space 68608K, 56% used [0x0000000080000000,0x00000000825c01f0,0x0000000084300000)
 Metaspace       used 62986K, committed 64256K, reserved 1114112K
  class space    used 7974K, committed 8512K, reserved 1048576K
}
Event: 13.338 GC heap after
{Heap after GC invocations=43 (full 3):
 PSYoungGen      total 23040K, used 768K [0x00000000d5580000, 0x00000000d7000000, 0x0000000100000000)
  eden space 22016K, 0% used [0x00000000d5580000,0x00000000d5580000,0x00000000d6b00000)
  from space 1024K, 75% used [0x00000000d6f00000,0x00000000d6fc0010,0x00000000d7000000)
  to   space 1024K, 0% used [0x00000000d6e00000,0x00000000d6e00000,0x00000000d6f00000)
 ParOldGen       total 68608K, used 38944K [0x0000000080000000, 0x0000000084300000, 0x00000000d5580000)
  object space 68608K, 56% used [0x0000000080000000,0x00000000826081f0,0x0000000084300000)
 Metaspace       used 62986K, committed 64256K, reserved 1114112K
  class space    used 7974K, committed 8512K, reserved 1048576K
}
Event: 14.132 GC heap before
{Heap before GC invocations=44 (full 3):
 PSYoungGen      total 23040K, used 22784K [0x00000000d5580000, 0x00000000d7000000, 0x0000000100000000)
  eden space 22016K, 100% used [0x00000000d5580000,0x00000000d6b00000,0x00000000d6b00000)
  from space 1024K, 75% used [0x00000000d6f00000,0x00000000d6fc0010,0x00000000d7000000)
  to   space 1024K, 0% used [0x00000000d6e00000,0x00000000d6e00000,0x00000000d6f00000)
 ParOldGen       total 68608K, used 38944K [0x0000000080000000, 0x0000000084300000, 0x00000000d5580000)
  object space 68608K, 56% used [0x0000000080000000,0x00000000826081f0,0x0000000084300000)
 Metaspace       used 62987K, committed 64256K, reserved 1114112K
  class space    used 7974K, committed 8512K, reserved 1048576K
}
Event: 14.133 GC heap after
{Heap after GC invocations=44 (full 3):
 PSYoungGen      total 23040K, used 192K [0x00000000d5580000, 0x00000000d6f80000, 0x0000000100000000)
  eden space 22016K, 0% used [0x00000000d5580000,0x00000000d5580000,0x00000000d6b00000)
  from space 1024K, 18% used [0x00000000d6e00000,0x00000000d6e30000,0x00000000d6f00000)
  to   space 512K, 0% used [0x00000000d6f00000,0x00000000d6f00000,0x00000000d6f80000)
 ParOldGen       total 68608K, used 39540K [0x0000000080000000, 0x0000000084300000, 0x00000000d5580000)
  object space 68608K, 57% used [0x0000000080000000,0x000000008269d250,0x0000000084300000)
 Metaspace       used 62987K, committed 64256K, reserved 1114112K
  class space    used 7974K, committed 8512K, reserved 1048576K
}
Event: 14.303 GC heap before
{Heap before GC invocations=45 (full 3):
 PSYoungGen      total 23040K, used 22208K [0x00000000d5580000, 0x00000000d6f80000, 0x0000000100000000)
  eden space 22016K, 100% used [0x00000000d5580000,0x00000000d6b00000,0x00000000d6b00000)
  from space 1024K, 18% used [0x00000000d6e00000,0x00000000d6e30000,0x00000000d6f00000)
  to   space 512K, 0% used [0x00000000d6f00000,0x00000000d6f00000,0x00000000d6f80000)
 ParOldGen       total 68608K, used 39540K [0x0000000080000000, 0x0000000084300000, 0x00000000d5580000)
  object space 68608K, 57% used [0x0000000080000000,0x000000008269d250,0x0000000084300000)
 Metaspace       used 62989K, committed 64256K, reserved 1114112K
  class space    used 7974K, committed 8512K, reserved 1048576K
}
Event: 14.304 GC heap after
{Heap after GC invocations=45 (full 3):
 PSYoungGen      total 22528K, used 192K [0x00000000d5580000, 0x00000000d6f80000, 0x0000000100000000)
  eden space 22016K, 0% used [0x00000000d5580000,0x00000000d5580000,0x00000000d6b00000)
  from space 512K, 37% used [0x00000000d6f00000,0x00000000d6f30000,0x00000000d6f80000)
  to   space 512K, 0% used [0x00000000d6e80000,0x00000000d6e80000,0x00000000d6f00000)
 ParOldGen       total 68608K, used 39580K [0x0000000080000000, 0x0000000084300000, 0x00000000d5580000)
  object space 68608K, 57% used [0x0000000080000000,0x00000000826a7250,0x0000000084300000)
 Metaspace       used 62989K, committed 64256K, reserved 1114112K
  class space    used 7974K, committed 8512K, reserved 1048576K
}
Event: 14.804 GC heap before
{Heap before GC invocations=46 (full 3):
 PSYoungGen      total 22528K, used 22208K [0x00000000d5580000, 0x00000000d6f80000, 0x0000000100000000)
  eden space 22016K, 100% used [0x00000000d5580000,0x00000000d6b00000,0x00000000d6b00000)
  from space 512K, 37% used [0x00000000d6f00000,0x00000000d6f30000,0x00000000d6f80000)
  to   space 512K, 0% used [0x00000000d6e80000,0x00000000d6e80000,0x00000000d6f00000)
 ParOldGen       total 68608K, used 39580K [0x0000000080000000, 0x0000000084300000, 0x00000000d5580000)
  object space 68608K, 57% used [0x0000000080000000,0x00000000826a7250,0x0000000084300000)
 Metaspace       used 62991K, committed 64256K, reserved 1114112K
  class space    used 7974K, committed 8512K, reserved 1048576K
}
Event: 14.805 GC heap after
{Heap after GC invocations=46 (full 3):
 PSYoungGen      total 22528K, used 256K [0x00000000d5580000, 0x00000000d6f80000, 0x0000000100000000)
  eden space 22016K, 0% used [0x00000000d5580000,0x00000000d5580000,0x00000000d6b00000)
  from space 512K, 50% used [0x00000000d6e80000,0x00000000d6ec0000,0x00000000d6f00000)
  to   space 512K, 0% used [0x00000000d6f00000,0x00000000d6f00000,0x00000000d6f80000)
 ParOldGen       total 68608K, used 39612K [0x0000000080000000, 0x0000000084300000, 0x00000000d5580000)
  object space 68608K, 57% used [0x0000000080000000,0x00000000826af250,0x0000000084300000)
 Metaspace       used 62991K, committed 64256K, reserved 1114112K
  class space    used 7974K, committed 8512K, reserved 1048576K
}
Event: 15.273 GC heap before
{Heap before GC invocations=47 (full 3):
 PSYoungGen      total 22528K, used 22272K [0x00000000d5580000, 0x00000000d6f80000, 0x0000000100000000)
  eden space 22016K, 100% used [0x00000000d5580000,0x00000000d6b00000,0x00000000d6b00000)
  from space 512K, 50% used [0x00000000d6e80000,0x00000000d6ec0000,0x00000000d6f00000)
  to   space 512K, 0% used [0x00000000d6f00000,0x00000000d6f00000,0x00000000d6f80000)
 ParOldGen       total 68608K, used 39612K [0x0000000080000000, 0x0000000084300000, 0x00000000d5580000)
  object space 68608K, 57% used [0x0000000080000000,0x00000000826af250,0x0000000084300000)
 Metaspace       used 62991K, committed 64256K, reserved 1114112K
  class space    used 7974K, committed 8512K, reserved 1048576K
}
Event: 15.274 GC heap after
{Heap after GC invocations=47 (full 3):
 PSYoungGen      total 22528K, used 160K [0x00000000d5580000, 0x00000000d6f80000, 0x0000000100000000)
  eden space 22016K, 0% used [0x00000000d5580000,0x00000000d5580000,0x00000000d6b00000)
  from space 512K, 31% used [0x00000000d6f00000,0x00000000d6f28000,0x00000000d6f80000)
  to   space 512K, 0% used [0x00000000d6e80000,0x00000000d6e80000,0x00000000d6f00000)
 ParOldGen       total 68608K, used 39668K [0x0000000080000000, 0x0000000084300000, 0x00000000d5580000)
  object space 68608K, 57% used [0x0000000080000000,0x00000000826bd250,0x0000000084300000)
 Metaspace       used 62991K, committed 64256K, reserved 1114112K
  class space    used 7974K, committed 8512K, reserved 1048576K
}
Event: 15.493 GC heap before
{Heap before GC invocations=48 (full 3):
 PSYoungGen      total 22528K, used 22176K [0x00000000d5580000, 0x00000000d6f80000, 0x0000000100000000)
  eden space 22016K, 100% used [0x00000000d5580000,0x00000000d6b00000,0x00000000d6b00000)
  from space 512K, 31% used [0x00000000d6f00000,0x00000000d6f28000,0x00000000d6f80000)
  to   space 512K, 0% used [0x00000000d6e80000,0x00000000d6e80000,0x00000000d6f00000)
 ParOldGen       total 68608K, used 39668K [0x0000000080000000, 0x0000000084300000, 0x00000000d5580000)
  object space 68608K, 57% used [0x0000000080000000,0x00000000826bd250,0x0000000084300000)
 Metaspace       used 62992K, committed 64256K, reserved 1114112K
  class space    used 7974K, committed 8512K, reserved 1048576K
}
Event: 15.494 GC heap after
{Heap after GC invocations=48 (full 3):
 PSYoungGen      total 22528K, used 192K [0x00000000d5580000, 0x00000000d6f80000, 0x0000000100000000)
  eden space 22016K, 0% used [0x00000000d5580000,0x00000000d5580000,0x00000000d6b00000)
  from space 512K, 37% used [0x00000000d6e80000,0x00000000d6eb0000,0x00000000d6f00000)
  to   space 512K, 0% used [0x00000000d6f00000,0x00000000d6f00000,0x00000000d6f80000)
 ParOldGen       total 68608K, used 39708K [0x0000000080000000, 0x0000000084300000, 0x00000000d5580000)
  object space 68608K, 57% used [0x0000000080000000,0x00000000826c7250,0x0000000084300000)
 Metaspace       used 62992K, committed 64256K, reserved 1114112K
  class space    used 7974K, committed 8512K, reserved 1048576K
}
Event: 15.871 GC heap before
{Heap before GC invocations=49 (full 3):
 PSYoungGen      total 22528K, used 22208K [0x00000000d5580000, 0x00000000d6f80000, 0x0000000100000000)
  eden space 22016K, 100% used [0x00000000d5580000,0x00000000d6b00000,0x00000000d6b00000)
  from space 512K, 37% used [0x00000000d6e80000,0x00000000d6eb0000,0x00000000d6f00000)
  to   space 512K, 0% used [0x00000000d6f00000,0x00000000d6f00000,0x00000000d6f80000)
 ParOldGen       total 68608K, used 39708K [0x0000000080000000, 0x0000000084300000, 0x00000000d5580000)
  object space 68608K, 57% used [0x0000000080000000,0x00000000826c7250,0x0000000084300000)
 Metaspace       used 62993K, committed 64256K, reserved 1114112K
  class space    used 7974K, committed 8512K, reserved 1048576K
}
Event: 15.871 GC heap after
{Heap after GC invocations=49 (full 3):
 PSYoungGen      total 22528K, used 288K [0x00000000d5580000, 0x00000000d6f80000, 0x0000000100000000)
  eden space 22016K, 0% used [0x00000000d5580000,0x00000000d5580000,0x00000000d6b00000)
  from space 512K, 56% used [0x00000000d6f00000,0x00000000d6f48000,0x00000000d6f80000)
  to   space 512K, 0% used [0x00000000d6e80000,0x00000000d6e80000,0x00000000d6f00000)
 ParOldGen       total 68608K, used 39708K [0x0000000080000000, 0x0000000084300000, 0x00000000d5580000)
  object space 68608K, 57% used [0x0000000080000000,0x00000000826c7250,0x0000000084300000)
 Metaspace       used 62993K, committed 64256K, reserved 1114112K
  class space    used 7974K, committed 8512K, reserved 1048576K
}
Event: 16.369 GC heap before
{Heap before GC invocations=50 (full 3):
 PSYoungGen      total 22528K, used 22304K [0x00000000d5580000, 0x00000000d6f80000, 0x0000000100000000)
  eden space 22016K, 100% used [0x00000000d5580000,0x00000000d6b00000,0x00000000d6b00000)
  from space 512K, 56% used [0x00000000d6f00000,0x00000000d6f48000,0x00000000d6f80000)
  to   space 512K, 0% used [0x00000000d6e80000,0x00000000d6e80000,0x00000000d6f00000)
 ParOldGen       total 68608K, used 39708K [0x0000000080000000, 0x0000000084300000, 0x00000000d5580000)
  object space 68608K, 57% used [0x0000000080000000,0x00000000826c7250,0x0000000084300000)
 Metaspace       used 62994K, committed 64256K, reserved 1114112K
  class space    used 7974K, committed 8512K, reserved 1048576K
}
Event: 16.370 GC heap after
{Heap after GC invocations=50 (full 3):
 PSYoungGen      total 22528K, used 192K [0x00000000d5580000, 0x00000000d6f80000, 0x0000000100000000)
  eden space 22016K, 0% used [0x00000000d5580000,0x00000000d5580000,0x00000000d6b00000)
  from space 512K, 37% used [0x00000000d6e80000,0x00000000d6eb0000,0x00000000d6f00000)
  to   space 512K, 0% used [0x00000000d6f00000,0x00000000d6f00000,0x00000000d6f80000)
 ParOldGen       total 68608K, used 39740K [0x0000000080000000, 0x0000000084300000, 0x00000000d5580000)
  object space 68608K, 57% used [0x0000000080000000,0x00000000826cf250,0x0000000084300000)
 Metaspace       used 62994K, committed 64256K, reserved 1114112K
  class space    used 7974K, committed 8512K, reserved 1048576K
}
Event: 16.465 GC heap before
{Heap before GC invocations=51 (full 3):
 PSYoungGen      total 22528K, used 22208K [0x00000000d5580000, 0x00000000d6f80000, 0x0000000100000000)
  eden space 22016K, 100% used [0x00000000d5580000,0x00000000d6b00000,0x00000000d6b00000)
  from space 512K, 37% used [0x00000000d6e80000,0x00000000d6eb0000,0x00000000d6f00000)
  to   space 512K, 0% used [0x00000000d6f00000,0x00000000d6f00000,0x00000000d6f80000)
 ParOldGen       total 68608K, used 39740K [0x0000000080000000, 0x0000000084300000, 0x00000000d5580000)
  object space 68608K, 57% used [0x0000000080000000,0x00000000826cf250,0x0000000084300000)
 Metaspace       used 62994K, committed 64256K, reserved 1114112K
  class space    used 7974K, committed 8512K, reserved 1048576K
}
Event: 16.466 GC heap after
{Heap after GC invocations=51 (full 3):
 PSYoungGen      total 22528K, used 128K [0x00000000d5580000, 0x00000000d6f80000, 0x0000000100000000)
  eden space 22016K, 0% used [0x00000000d5580000,0x00000000d5580000,0x00000000d6b00000)
  from space 512K, 25% used [0x00000000d6f00000,0x00000000d6f20000,0x00000000d6f80000)
  to   space 512K, 0% used [0x00000000d6e80000,0x00000000d6e80000,0x00000000d6f00000)
 ParOldGen       total 68608K, used 39780K [0x0000000080000000, 0x0000000084300000, 0x00000000d5580000)
  object space 68608K, 57% used [0x0000000080000000,0x00000000826d9250,0x0000000084300000)
 Metaspace       used 62994K, committed 64256K, reserved 1114112K
  class space    used 7974K, committed 8512K, reserved 1048576K
}
Event: 16.678 GC heap before
{Heap before GC invocations=52 (full 3):
 PSYoungGen      total 22528K, used 22144K [0x00000000d5580000, 0x00000000d6f80000, 0x0000000100000000)
  eden space 22016K, 100% used [0x00000000d5580000,0x00000000d6b00000,0x00000000d6b00000)
  from space 512K, 25% used [0x00000000d6f00000,0x00000000d6f20000,0x00000000d6f80000)
  to   space 512K, 0% used [0x00000000d6e80000,0x00000000d6e80000,0x00000000d6f00000)
 ParOldGen       total 68608K, used 39780K [0x0000000080000000, 0x0000000084300000, 0x00000000d5580000)
  object space 68608K, 57% used [0x0000000080000000,0x00000000826d9250,0x0000000084300000)
 Metaspace       used 62994K, committed 64256K, reserved 1114112K
  class space    used 7974K, committed 8512K, reserved 1048576K
}
Event: 16.679 GC heap after
{Heap after GC invocations=52 (full 3):
 PSYoungGen      total 22528K, used 224K [0x00000000d5580000, 0x00000000d6f80000, 0x0000000100000000)
  eden space 22016K, 0% used [0x00000000d5580000,0x00000000d5580000,0x00000000d6b00000)
  from space 512K, 43% used [0x00000000d6e80000,0x00000000d6eb8000,0x00000000d6f00000)
  to   space 512K, 0% used [0x00000000d6f00000,0x00000000d6f00000,0x00000000d6f80000)
 ParOldGen       total 68608K, used 39780K [0x0000000080000000, 0x0000000084300000, 0x00000000d5580000)
  object space 68608K, 57% used [0x0000000080000000,0x00000000826d9250,0x0000000084300000)
 Metaspace       used 62994K, committed 64256K, reserved 1114112K
  class space    used 7974K, committed 8512K, reserved 1048576K
}

Dll operation events (15 events):
Event: 0.019 Loaded shared library c:\Users\linda\.vscode\extensions\redhat.java-1.47.0-win32-x64\jre\21.0.8-win32-x86_64\bin\java.dll
Event: 0.102 Loaded shared library c:\Users\linda\.vscode\extensions\redhat.java-1.47.0-win32-x64\jre\21.0.8-win32-x86_64\bin\zip.dll
Event: 0.126 Loaded shared library C:\Users\linda\.vscode\extensions\redhat.java-1.47.0-win32-x64\jre\21.0.8-win32-x86_64\bin\instrument.dll
Event: 0.135 Loaded shared library C:\Users\linda\.vscode\extensions\redhat.java-1.47.0-win32-x64\jre\21.0.8-win32-x86_64\bin\net.dll
Event: 0.138 Loaded shared library C:\Users\linda\.vscode\extensions\redhat.java-1.47.0-win32-x64\jre\21.0.8-win32-x86_64\bin\nio.dll
Event: 0.143 Loaded shared library C:\Users\linda\.vscode\extensions\redhat.java-1.47.0-win32-x64\jre\21.0.8-win32-x86_64\bin\zip.dll
Event: 0.161 Loaded shared library C:\Users\linda\.vscode\extensions\redhat.java-1.47.0-win32-x64\jre\21.0.8-win32-x86_64\bin\jimage.dll
Event: 0.247 Loaded shared library c:\Users\linda\.vscode\extensions\redhat.java-1.47.0-win32-x64\jre\21.0.8-win32-x86_64\bin\verify.dll
Event: 1.766 Loaded shared library C:\Users\linda\AppData\Roaming\Code\User\globalStorage\redhat.java\1.47.0\config_win\org.eclipse.equinox.launcher\org.eclipse.equinox.launcher.win32.win32.x86_64_1.2.1400.v20250801-0854\eclipse_11916.dll
Event: 3.303 Loaded shared library C:\Users\linda\AppData\Local\Temp\jna-102977230\jna12418081937070429747.dll
Event: 5.663 Loaded shared library C:\Users\linda\.gradle\native\c067742578af261105cb4f569cf0c3c89f3d7b1fecec35dd04571415982c5e48\windows-amd64\native-platform.dll
Event: 6.789 Loaded shared library C:\Users\linda\.vscode\extensions\redhat.java-1.47.0-win32-x64\jre\21.0.8-win32-x86_64\bin\management.dll
Event: 6.792 Loaded shared library C:\Users\linda\.vscode\extensions\redhat.java-1.47.0-win32-x64\jre\21.0.8-win32-x86_64\bin\management_ext.dll
Event: 9.174 Loaded shared library C:\Users\linda\.vscode\extensions\redhat.java-1.47.0-win32-x64\jre\21.0.8-win32-x86_64\bin\extnet.dll
Event: 9.233 Loaded shared library C:\Users\linda\.vscode\extensions\redhat.java-1.47.0-win32-x64\jre\21.0.8-win32-x86_64\bin\sunmscapi.dll

Deoptimization events (20 events):
Event: 15.129 Thread 0x000001ed1aadf520 DEOPT PACKING pc=0x000001ecc37d8bac sp=0x000000c0891fdce0
Event: 15.129 Thread 0x000001ed1aadf520 DEOPT UNPACKING pc=0x000001ecc2dd3aa2 sp=0x000000c0891fdc70 mode 2
Event: 16.960 Thread 0x000001ed1aadf520 DEOPT PACKING pc=0x000001ecbbe45139 sp=0x000000c0891fe040
Event: 16.960 Thread 0x000001ed1aadf520 DEOPT UNPACKING pc=0x000001ecc2dd4242 sp=0x000000c0891fd4d8 mode 0
Event: 16.960 Thread 0x000001ed1aadf520 Uncommon trap: trap_request=0xffffff45 fr.pc=0x000001ecc37a4788 relative=0x0000000000000948
Event: 16.960 Thread 0x000001ed1aadf520 Uncommon trap: reason=unstable_if action=reinterpret pc=0x000001ecc37a4788 method=java.io.ObjectInputStream.readObject0(Ljava/lang/Class;Z)Ljava/lang/Object; @ 113 c2
Event: 16.960 Thread 0x000001ed1aadf520 DEOPT PACKING pc=0x000001ecc37a4788 sp=0x000000c0891fe560
Event: 16.960 Thread 0x000001ed1aadf520 DEOPT UNPACKING pc=0x000001ecc2dd3aa2 sp=0x000000c0891fe548 mode 2
Event: 16.960 Thread 0x000001ed1aadf520 Uncommon trap: trap_request=0xffffff45 fr.pc=0x000001ecc37b7498 relative=0x00000000000048b8
Event: 16.960 Thread 0x000001ed1aadf520 Uncommon trap: reason=unstable_if action=reinterpret pc=0x000001ecc37b7498 method=java.io.ObjectStreamClass.readNonProxy(Ljava/io/ObjectInputStream;)V @ 138 c2
Event: 16.960 Thread 0x000001ed1aadf520 DEOPT PACKING pc=0x000001ecc37b7498 sp=0x000000c0891fe2b0
Event: 16.960 Thread 0x000001ed1aadf520 DEOPT UNPACKING pc=0x000001ecc2dd3aa2 sp=0x000000c0891fe2a8 mode 2
Event: 16.960 Thread 0x000001ed1aadf520 Uncommon trap: trap_request=0xffffff45 fr.pc=0x000001ecc37cde3c relative=0x0000000000002ddc
Event: 16.960 Thread 0x000001ed1aadf520 Uncommon trap: reason=unstable_if action=reinterpret pc=0x000001ecc37cde3c method=java.io.ObjectStreamClass.initNonProxy(Ljava/io/ObjectStreamClass;Ljava/lang/Class;Ljava/lang/ClassNotFoundException;Ljava/io/ObjectStreamClass;)V @ 221 c2
Event: 16.960 Thread 0x000001ed1aadf520 DEOPT PACKING pc=0x000001ecc37cde3c sp=0x000000c0891fe2c0
Event: 16.960 Thread 0x000001ed1aadf520 DEOPT UNPACKING pc=0x000001ecc2dd3aa2 sp=0x000000c0891fe2c0 mode 2
Event: 16.961 Thread 0x000001ed1aadf520 Uncommon trap: trap_request=0xffffff45 fr.pc=0x000001ecc37fa444 relative=0x00000000000026c4
Event: 16.961 Thread 0x000001ed1aadf520 Uncommon trap: reason=unstable_if action=reinterpret pc=0x000001ecc37fa444 method=org.gradle.tooling.internal.provider.PhasedActionEventConsumer.dispatch(Ljava/lang/Object;)V @ 4 c2
Event: 16.961 Thread 0x000001ed1aadf520 DEOPT PACKING pc=0x000001ecc37fa444 sp=0x000000c0891fe8b0
Event: 16.961 Thread 0x000001ed1aadf520 DEOPT UNPACKING pc=0x000001ecc2dd3aa2 sp=0x000000c0891fe8d0 mode 2

Classes loaded (20 events):
Event: 9.293 Loading class java/io/ObjectStreamClass$MemberSignature
Event: 9.293 Loading class java/io/ObjectStreamClass$MemberSignature done
Event: 9.294 Loading class java/io/ObjectStreamClass$3
Event: 9.294 Loading class java/io/ObjectStreamClass$3 done
Event: 9.294 Loading class java/io/ObjectStreamClass$4
Event: 9.294 Loading class java/io/ObjectStreamClass$4 done
Event: 9.294 Loading class java/io/ObjectStreamClass$5
Event: 9.294 Loading class java/io/ObjectStreamClass$5 done
Event: 9.299 Loading class java/net/Proxy
Event: 9.300 Loading class java/net/Proxy done
Event: 9.302 Loading class java/nio/channels/spi/AbstractSelector$1
Event: 9.302 Loading class java/nio/channels/spi/AbstractSelector$1 done
Event: 9.415 Loading class java/nio/channels/AsynchronousCloseException
Event: 9.415 Loading class java/nio/channels/ClosedChannelException
Event: 9.415 Loading class java/nio/channels/ClosedChannelException done
Event: 9.415 Loading class java/nio/channels/AsynchronousCloseException done
Event: 9.681 Loading class java/lang/UnsupportedClassVersionError
Event: 9.681 Loading class java/lang/UnsupportedClassVersionError done
Event: 11.880 Loading class java/time/Ser
Event: 11.881 Loading class java/time/Ser done

Classes unloaded (7 events):
Event: 3.819 Thread 0x000001ecb85f4080 Unloading class 0x000001ecd01a8c00 'java/lang/invoke/LambdaForm$MH+0x000001ecd01a8c00'
Event: 3.819 Thread 0x000001ecb85f4080 Unloading class 0x000001ecd01a8800 'java/lang/invoke/LambdaForm$MH+0x000001ecd01a8800'
Event: 3.819 Thread 0x000001ecb85f4080 Unloading class 0x000001ecd01a8400 'java/lang/invoke/LambdaForm$MH+0x000001ecd01a8400'
Event: 3.819 Thread 0x000001ecb85f4080 Unloading class 0x000001ecd01a8000 'java/lang/invoke/LambdaForm$MH+0x000001ecd01a8000'
Event: 3.819 Thread 0x000001ecb85f4080 Unloading class 0x000001ecd01a7c00 'java/lang/invoke/LambdaForm$BMH+0x000001ecd01a7c00'
Event: 3.819 Thread 0x000001ecb85f4080 Unloading class 0x000001ecd01a7800 'java/lang/invoke/LambdaForm$DMH+0x000001ecd01a7800'
Event: 3.819 Thread 0x000001ecb85f4080 Unloading class 0x000001ecd01a6400 'java/lang/invoke/LambdaForm$DMH+0x000001ecd01a6400'

Classes redefined (0 events):
No events

Internal exceptions (20 events):
Event: 9.687 Thread 0x000001ed1aadf520 Exception <a 'java/lang/NoSuchMethodError'{0x00000000d58f1850}: static Lorg/gradle/internal/operations/OperationIdentifier;.<clinit>()V> (0x00000000d58f1850) 
thrown [s\src\hotspot\share\prims\jni.cpp, line 1111]
Event: 9.897 Thread 0x000001ed1aadf520 Exception <a 'java/lang/NoSuchMethodError'{0x00000000d592e6e8}: static Lorg/gradle/internal/build/event/types/DefaultOperationFinishedProgressEvent;.<clinit>()V> (0x00000000d592e6e8) 
thrown [s\src\hotspot\share\prims\jni.cpp, line 1111]
Event: 9.900 Thread 0x000001ed1aadf520 Exception <a 'java/lang/NoSuchMethodError'{0x00000000d5948f90}: static Lorg/gradle/internal/build/event/types/AbstractResult;.<clinit>()V> (0x00000000d5948f90) 
thrown [s\src\hotspot\share\prims\jni.cpp, line 1111]
Event: 9.900 Thread 0x000001ed1aadf520 Exception <a 'java/lang/NoSuchMethodError'{0x00000000d59569f8}: static Lorg/gradle/internal/build/event/types/AbstractOperationResult;.<clinit>()V> (0x00000000d59569f8) 
thrown [s\src\hotspot\share\prims\jni.cpp, line 1111]
Event: 9.901 Thread 0x000001ed1aadf520 Exception <a 'java/lang/NoSuchMethodError'{0x00000000d5964a28}: static Lorg/gradle/internal/build/event/types/DefaultSuccessResult;.<clinit>()V> (0x00000000d5964a28) 
thrown [s\src\hotspot\share\prims\jni.cpp, line 1111]
Event: 11.321 Thread 0x000001ed1aadf520 Exception <a 'java/lang/NoSuchMethodError'{0x00000000d59dba00}: static Lorg/gradle/internal/build/event/types/DefaultBuildPhaseDescriptor;.<clinit>()V> (0x00000000d59dba00) 
thrown [s\src\hotspot\share\prims\jni.cpp, line 1111]
Event: 11.411 Thread 0x000001ed1aadf520 Exception <a 'java/lang/NoSuchMethodError'{0x00000000d5a6c758}: static Lorg/gradle/internal/build/event/types/DefaultProjectConfigurationDescriptor;.<clinit>()V> (0x00000000d5a6c758) 
thrown [s\src\hotspot\share\prims\jni.cpp, line 1111]
Event: 11.876 Thread 0x000001ed1aadf520 Exception <a 'java/lang/NoSuchMethodError'{0x00000000d5d9ee80}: static Lorg/gradle/internal/build/event/types/AbstractProjectConfigurationResult;.<clinit>()V> (0x00000000d5d9ee80) 
thrown [s\src\hotspot\share\prims\jni.cpp, line 1111]
Event: 11.877 Thread 0x000001ed1aadf520 Exception <a 'java/lang/NoSuchMethodError'{0x00000000d5dae668}: static Lorg/gradle/internal/build/event/types/DefaultProjectConfigurationSuccessResult;.<clinit>()V> (0x00000000d5dae668) 
thrown [s\src\hotspot\share\prims\jni.cpp, line 1111]
Event: 11.878 Thread 0x000001ed1aadf520 Exception <a 'java/lang/NoSuchMethodError'{0x00000000d5dc7778}: static Lorg/gradle/internal/build/event/types/DefaultPluginApplicationResult;.<clinit>()V> (0x00000000d5dc7778) 
thrown [s\src\hotspot\share\prims\jni.cpp, line 1111]
Event: 11.880 Thread 0x000001ed1aadf520 Exception <a 'java/lang/NoSuchMethodError'{0x00000000d5de0400}: static Lorg/gradle/internal/build/event/types/DefaultBinaryPluginIdentifier;.<clinit>()V> (0x00000000d5de0400) 
thrown [s\src\hotspot\share\prims\jni.cpp, line 1111]
Event: 11.885 Thread 0x000001ed1aadf520 Exception <a 'java/lang/NoSuchMethodError'{0x00000000d5e0c2d8}: static Lorg/gradle/internal/build/event/types/DefaultScriptPluginIdentifier;.<clinit>()V> (0x00000000d5e0c2d8) 
thrown [s\src\hotspot\share\prims\jni.cpp, line 1111]
Event: 12.065 Thread 0x000001ed1aadf520 Exception <a 'java/lang/NoSuchMethodError'{0x00000000d5f33ba0}: static Lorg/gradle/internal/build/event/types/DefaultTaskStartedProgressEvent;.<clinit>()V> (0x00000000d5f33ba0) 
thrown [s\src\hotspot\share\prims\jni.cpp, line 1111]
Event: 12.066 Thread 0x000001ed1aadf520 Exception <a 'java/lang/NoSuchMethodError'{0x00000000d5f4c830}: static Lorg/gradle/internal/build/event/types/DefaultTaskDescriptor;.<clinit>()V> (0x00000000d5f4c830) 
thrown [s\src\hotspot\share\prims\jni.cpp, line 1111]
Event: 12.080 Thread 0x000001ed1aadf520 Exception <a 'java/lang/NoSuchMethodError'{0x00000000d5f91b70}: static Lorg/gradle/internal/build/event/types/DefaultTaskFinishedProgressEvent;.<clinit>()V> (0x00000000d5f91b70) 
thrown [s\src\hotspot\share\prims\jni.cpp, line 1111]
Event: 12.082 Thread 0x000001ed1aadf520 Exception <a 'java/lang/NoSuchMethodError'{0x00000000d5faa890}: static Lorg/gradle/internal/build/event/types/AbstractTaskResult;.<clinit>()V> (0x00000000d5faa890) 
thrown [s\src\hotspot\share\prims\jni.cpp, line 1111]
Event: 12.083 Thread 0x000001ed1aadf520 Exception <a 'java/lang/NoSuchMethodError'{0x00000000d5fb98b0}: static Lorg/gradle/internal/build/event/types/DefaultTaskSkippedResult;.<clinit>()V> (0x00000000d5fb98b0) 
thrown [s\src\hotspot\share\prims\jni.cpp, line 1111]
Event: 12.172 Thread 0x000001ed1aadf520 Exception <a 'java/lang/NoSuchMethodError'{0x00000000d605c328}: static Lorg/gradle/internal/build/event/types/DefaultTaskSuccessResult;.<clinit>()V> (0x00000000d605c328) 
thrown [s\src\hotspot\share\prims\jni.cpp, line 1111]
Event: 16.960 Thread 0x000001ed1aadf520 Exception <a 'java/lang/NoSuchMethodError'{0x00000000d5867140}: static Lorg/gradle/tooling/internal/provider/PhasedBuildActionResult;.<clinit>()V> (0x00000000d5867140) 
thrown [s\src\hotspot\share\prims\jni.cpp, line 1111]
Event: 16.961 Thread 0x000001ed1aadf520 Exception <a 'java/lang/NoSuchMethodError'{0x00000000d5876220}: static Lorg/gradle/tooling/internal/provider/serialization/SerializedPayload;.<clinit>()V> (0x00000000d5876220) 
thrown [s\src\hotspot\share\prims\jni.cpp, line 1111]

ZGC Phase Switch (0 events):
No events

VM Operations (20 events):
Event: 13.337 Executing VM operation: ParallelGCFailedAllocation (Allocation Failure)
Event: 13.338 Executing VM operation: ParallelGCFailedAllocation (Allocation Failure) done
Event: 14.131 Executing VM operation: ParallelGCFailedAllocation (Allocation Failure)
Event: 14.133 Executing VM operation: ParallelGCFailedAllocation (Allocation Failure) done
Event: 14.303 Executing VM operation: ParallelGCFailedAllocation (Allocation Failure)
Event: 14.304 Executing VM operation: ParallelGCFailedAllocation (Allocation Failure) done
Event: 14.804 Executing VM operation: ParallelGCFailedAllocation (Allocation Failure)
Event: 14.805 Executing VM operation: ParallelGCFailedAllocation (Allocation Failure) done
Event: 15.273 Executing VM operation: ParallelGCFailedAllocation (Allocation Failure)
Event: 15.274 Executing VM operation: ParallelGCFailedAllocation (Allocation Failure) done
Event: 15.493 Executing VM operation: ParallelGCFailedAllocation (Allocation Failure)
Event: 15.494 Executing VM operation: ParallelGCFailedAllocation (Allocation Failure) done
Event: 15.871 Executing VM operation: ParallelGCFailedAllocation (Allocation Failure)
Event: 15.871 Executing VM operation: ParallelGCFailedAllocation (Allocation Failure) done
Event: 16.369 Executing VM operation: ParallelGCFailedAllocation (Allocation Failure)
Event: 16.370 Executing VM operation: ParallelGCFailedAllocation (Allocation Failure) done
Event: 16.465 Executing VM operation: ParallelGCFailedAllocation (Allocation Failure)
Event: 16.466 Executing VM operation: ParallelGCFailedAllocation (Allocation Failure) done
Event: 16.678 Executing VM operation: ParallelGCFailedAllocation (Allocation Failure)
Event: 16.679 Executing VM operation: ParallelGCFailedAllocation (Allocation Failure) done

Memory protections (0 events):
No events

Nmethod flushes (20 events):
Event: 8.109 Thread 0x000001ecb85f4080 flushing  nmethod 0x000001ecbbfcac10
Event: 8.109 Thread 0x000001ecb85f4080 flushing  nmethod 0x000001ecbbfd2f10
Event: 8.109 Thread 0x000001ecb85f4080 flushing  nmethod 0x000001ecbbfd4590
Event: 8.109 Thread 0x000001ecb85f4080 flushing  nmethod 0x000001ecbbfeef90
Event: 8.109 Thread 0x000001ecb85f4080 flushing  nmethod 0x000001ecbc05a210
Event: 8.109 Thread 0x000001ecb85f4080 flushing  nmethod 0x000001ecbc05ab90
Event: 8.109 Thread 0x000001ecb85f4080 flushing  nmethod 0x000001ecbc05ba90
Event: 8.109 Thread 0x000001ecb85f4080 flushing  nmethod 0x000001ecbc05e510
Event: 8.109 Thread 0x000001ecb85f4080 flushing  nmethod 0x000001ecbc05eb10
Event: 8.109 Thread 0x000001ecb85f4080 flushing  nmethod 0x000001ecbc09a910
Event: 8.109 Thread 0x000001ecb85f4080 flushing  nmethod 0x000001ecbc09de10
Event: 8.109 Thread 0x000001ecb85f4080 flushing  nmethod 0x000001ecbc09ed10
Event: 8.109 Thread 0x000001ecb85f4080 flushing  nmethod 0x000001ecbc09f410
Event: 8.109 Thread 0x000001ecb85f4080 flushing  nmethod 0x000001ecbc09ff10
Event: 8.109 Thread 0x000001ecb85f4080 flushing  nmethod 0x000001ecbc0a0390
Event: 8.109 Thread 0x000001ecb85f4080 flushing  nmethod 0x000001ecbc0a2090
Event: 8.109 Thread 0x000001ecb85f4080 flushing  nmethod 0x000001ecbc0ca290
Event: 8.109 Thread 0x000001ecb85f4080 flushing  nmethod 0x000001ecbc0f5510
Event: 8.109 Thread 0x000001ecb85f4080 flushing  nmethod 0x000001ecbc11ee90
Event: 8.109 Thread 0x000001ecb85f4080 flushing  nmethod 0x000001ecbc125c10

Events (20 events):
Event: 7.640 Thread 0x000001ed1a93de20 Thread exited: 0x000001ed1a93de20
Event: 7.644 Thread 0x000001ed170a9c40 Thread added: 0x000001ed1a93de20
Event: 7.645 Thread 0x000001ed170a9c40 Thread added: 0x000001ed1a93eb40
Event: 7.655 Thread 0x000001ed1a93eb40 Thread exited: 0x000001ed1a93eb40
Event: 7.656 Thread 0x000001ed170a9c40 Thread added: 0x000001ed1a93eb40
Event: 7.678 Thread 0x000001ed170a9c40 Thread added: 0x000001ed1a93f1d0
Event: 7.679 Thread 0x000001ed170a9c40 Thread added: 0x000001ed190fba60
Event: 7.685 Thread 0x000001ed190fba60 Thread exited: 0x000001ed190fba60
Event: 7.686 Thread 0x000001ed170a9c40 Thread added: 0x000001ed190fba60
Event: 7.690 Thread 0x000001ed170a9c40 Thread added: 0x000001ed1aadf520
Event: 9.154 Thread 0x000001ed1aadf520 Thread added: 0x000001ed1aadc0a0
Event: 9.415 Thread 0x000001ed1aadf520 Thread added: 0x000001ed1aadc730
Event: 9.415 Thread 0x000001ed1aadc730 Thread exited: 0x000001ed1aadc730
Event: 9.416 Thread 0x000001ed1aadf520 Thread added: 0x000001ed1aadee90
Event: 9.682 Thread 0x000001ed18cf1bb0 Thread exited: 0x000001ed18cf1bb0
Event: 9.852 Thread 0x000001ed11649ac0 Thread exited: 0x000001ed11649ac0
Event: 13.153 Thread 0x000001ed114522e0 Thread added: 0x000001ed1ad98280
Event: 13.556 Thread 0x000001ed1ad98280 Thread exited: 0x000001ed1ad98280
Event: 14.658 Thread 0x000001ed114813e0 Thread added: 0x000001ed1ad974e0
Event: 15.880 Thread 0x000001ed1ad974e0 Thread exited: 0x000001ed1ad974e0


Dynamic libraries:
0x00007ff7cfb00000 - 0x00007ff7cfb0e000 	c:\Users\linda\.vscode\extensions\redhat.java-1.47.0-win32-x64\jre\21.0.8-win32-x86_64\bin\java.exe
0x00007ff8c6880000 - 0x00007ff8c6ae8000 	C:\WINDOWS\SYSTEM32\ntdll.dll
0x00007ff894410000 - 0x00007ff894430000 	C:\Program Files\Avast Software\Avast\aswhook.dll
0x00007ff8c5330000 - 0x00007ff8c53f9000 	C:\WINDOWS\System32\KERNEL32.DLL
0x00007ff8c3b50000 - 0x00007ff8c3f48000 	C:\WINDOWS\System32\KERNELBASE.dll
0x00007ff8bdc80000 - 0x00007ff8bdd1f000 	C:\WINDOWS\SYSTEM32\apphelp.dll
0x00007ff8c4440000 - 0x00007ff8c458b000 	C:\WINDOWS\System32\ucrtbase.dll
0x00007ff87fe50000 - 0x00007ff87fe68000 	c:\Users\linda\.vscode\extensions\redhat.java-1.47.0-win32-x64\jre\21.0.8-win32-x86_64\bin\jli.dll
0x00007ff87ff60000 - 0x00007ff87ff7e000 	c:\Users\linda\.vscode\extensions\redhat.java-1.47.0-win32-x64\jre\21.0.8-win32-x86_64\bin\VCRUNTIME140.dll
0x00007ff8c5730000 - 0x00007ff8c58f7000 	C:\WINDOWS\System32\USER32.dll
0x00007ff8c3f50000 - 0x00007ff8c3f77000 	C:\WINDOWS\System32\win32u.dll
0x00007ff8c5b80000 - 0x00007ff8c5bab000 	C:\WINDOWS\System32\GDI32.dll
0x00007ff895840000 - 0x00007ff895ad4000 	C:\WINDOWS\WinSxS\amd64_microsoft.windows.common-controls_6595b64144ccf1df_6.0.26100.7019_none_3e06ffa0e335b8a8\COMCTL32.dll
0x00007ff8c4310000 - 0x00007ff8c443c000 	C:\WINDOWS\System32\gdi32full.dll
0x00007ff8c4620000 - 0x00007ff8c46c9000 	C:\WINDOWS\System32\msvcrt.dll
0x00007ff8c4260000 - 0x00007ff8c4303000 	C:\WINDOWS\System32\msvcp_win.dll
0x00007ff8c60c0000 - 0x00007ff8c60f1000 	C:\WINDOWS\System32\IMM32.DLL
0x00007ff8bdbe0000 - 0x00007ff8bdbec000 	c:\Users\linda\.vscode\extensions\redhat.java-1.47.0-win32-x64\jre\21.0.8-win32-x86_64\bin\vcruntime140_1.dll
0x00007ff8371d0000 - 0x00007ff83725d000 	c:\Users\linda\.vscode\extensions\redhat.java-1.47.0-win32-x64\jre\21.0.8-win32-x86_64\bin\msvcp140.dll
0x00007fffe8960000 - 0x00007fffe96f7000 	c:\Users\linda\.vscode\extensions\redhat.java-1.47.0-win32-x64\jre\21.0.8-win32-x86_64\bin\server\jvm.dll
0x00007ff8c4790000 - 0x00007ff8c4844000 	C:\WINDOWS\System32\ADVAPI32.dll
0x00007ff8c5570000 - 0x00007ff8c5616000 	C:\WINDOWS\System32\sechost.dll
0x00007ff8c5400000 - 0x00007ff8c5518000 	C:\WINDOWS\System32\RPCRT4.dll
0x00007ff8c5bb0000 - 0x00007ff8c5c24000 	C:\WINDOWS\System32\WS2_32.dll
0x00007ff8c3850000 - 0x00007ff8c38ae000 	C:\WINDOWS\SYSTEM32\POWRPROF.dll
0x00007ff8ba7f0000 - 0x00007ff8ba825000 	C:\WINDOWS\SYSTEM32\WINMM.dll
0x00007ff8aeec0000 - 0x00007ff8aeecb000 	C:\WINDOWS\SYSTEM32\VERSION.dll
0x00007ff8c3830000 - 0x00007ff8c3844000 	C:\WINDOWS\SYSTEM32\UMPDC.dll
0x00007ff8c2730000 - 0x00007ff8c274b000 	C:\WINDOWS\SYSTEM32\kernel.appcore.dll
0x00007ff8ab900000 - 0x00007ff8ab90a000 	c:\Users\linda\.vscode\extensions\redhat.java-1.47.0-win32-x64\jre\21.0.8-win32-x86_64\bin\jimage.dll
0x00007ff8c1070000 - 0x00007ff8c12b2000 	C:\WINDOWS\SYSTEM32\DBGHELP.DLL
0x00007ff8c5d30000 - 0x00007ff8c60bb000 	C:\WINDOWS\System32\combase.dll
0x00007ff8c66e0000 - 0x00007ff8c67b7000 	C:\WINDOWS\System32\OLEAUT32.dll
0x00007ff8ae830000 - 0x00007ff8ae86c000 	C:\WINDOWS\SYSTEM32\dbgcore.DLL
0x00007ff8c41b0000 - 0x00007ff8c4255000 	C:\WINDOWS\System32\bcryptPrimitives.dll
0x00007ff878100000 - 0x00007ff87810f000 	c:\Users\linda\.vscode\extensions\redhat.java-1.47.0-win32-x64\jre\21.0.8-win32-x86_64\bin\instrument.dll
0x00007ff87ab10000 - 0x00007ff87ab2f000 	c:\Users\linda\.vscode\extensions\redhat.java-1.47.0-win32-x64\jre\21.0.8-win32-x86_64\bin\java.dll
0x00007ff8c4880000 - 0x00007ff8c4fcf000 	C:\WINDOWS\System32\SHELL32.dll
0x00007ff8c3f80000 - 0x00007ff8c40eb000 	C:\WINDOWS\System32\wintypes.dll
0x00007ff8c1440000 - 0x00007ff8c1c9d000 	C:\WINDOWS\SYSTEM32\windows.storage.dll
0x00007ff8c5c30000 - 0x00007ff8c5d22000 	C:\WINDOWS\System32\SHCORE.dll
0x00007ff8c67c0000 - 0x00007ff8c6827000 	C:\WINDOWS\System32\shlwapi.dll
0x00007ff8c38f0000 - 0x00007ff8c3919000 	C:\WINDOWS\SYSTEM32\profapi.dll
0x00007ff8794f0000 - 0x00007ff879508000 	c:\Users\linda\.vscode\extensions\redhat.java-1.47.0-win32-x64\jre\21.0.8-win32-x86_64\bin\zip.dll
0x00007ff8ab660000 - 0x00007ff8ab670000 	C:\Users\linda\.vscode\extensions\redhat.java-1.47.0-win32-x64\jre\21.0.8-win32-x86_64\bin\net.dll
0x00007ff8b8d10000 - 0x00007ff8b8e38000 	C:\WINDOWS\SYSTEM32\WINHTTP.dll
0x00007ff8c2d00000 - 0x00007ff8c2d6b000 	C:\WINDOWS\system32\mswsock.dll
0x00007ff878d20000 - 0x00007ff878d36000 	C:\Users\linda\.vscode\extensions\redhat.java-1.47.0-win32-x64\jre\21.0.8-win32-x86_64\bin\nio.dll
0x00007ff8779b0000 - 0x00007ff8779c0000 	c:\Users\linda\.vscode\extensions\redhat.java-1.47.0-win32-x64\jre\21.0.8-win32-x86_64\bin\verify.dll
0x00007ff86c9d0000 - 0x00007ff86ca14000 	C:\Users\linda\AppData\Roaming\Code\User\globalStorage\redhat.java\1.47.0\config_win\org.eclipse.equinox.launcher\org.eclipse.equinox.launcher.win32.win32.x86_64_1.2.1400.v20250801-0854\eclipse_11916.dll
0x00007ff8c5960000 - 0x00007ff8c5af7000 	C:\WINDOWS\System32\ole32.dll
0x00007ff8c2fd0000 - 0x00007ff8c2feb000 	C:\WINDOWS\SYSTEM32\CRYPTSP.dll
0x00007ff8c26f0000 - 0x00007ff8c272a000 	C:\WINDOWS\system32\rsaenh.dll
0x00007ff8c2db0000 - 0x00007ff8c2ddb000 	C:\WINDOWS\SYSTEM32\USERENV.dll
0x00007ff8c38c0000 - 0x00007ff8c38ea000 	C:\WINDOWS\SYSTEM32\bcrypt.dll
0x00007ff8c2fc0000 - 0x00007ff8c2fcc000 	C:\WINDOWS\SYSTEM32\CRYPTBASE.dll
0x00007ff8c22a0000 - 0x00007ff8c22d4000 	C:\WINDOWS\SYSTEM32\IPHLPAPI.DLL
0x00007ff8c4870000 - 0x00007ff8c487a000 	C:\WINDOWS\System32\NSI.dll
0x00007ff831ee0000 - 0x00007ff831f29000 	C:\Users\linda\AppData\Local\Temp\jna-102977230\jna12418081937070429747.dll
0x00007ff8c5720000 - 0x00007ff8c5728000 	C:\WINDOWS\System32\PSAPI.DLL
0x00007ff8b9ff0000 - 0x00007ff8ba00e000 	C:\WINDOWS\SYSTEM32\dhcpcsvc6.DLL
0x00007ff8b9fc0000 - 0x00007ff8b9fe3000 	C:\WINDOWS\SYSTEM32\dhcpcsvc.DLL
0x00007ff86cb90000 - 0x00007ff86cbb7000 	C:\Users\linda\.gradle\native\c067742578af261105cb4f569cf0c3c89f3d7b1fecec35dd04571415982c5e48\windows-amd64\native-platform.dll
0x00007ff87fe90000 - 0x00007ff87fe9a000 	C:\Users\linda\.vscode\extensions\redhat.java-1.47.0-win32-x64\jre\21.0.8-win32-x86_64\bin\management.dll
0x00007ff87fda0000 - 0x00007ff87fdab000 	C:\Users\linda\.vscode\extensions\redhat.java-1.47.0-win32-x64\jre\21.0.8-win32-x86_64\bin\management_ext.dll
0x00007ff878140000 - 0x00007ff878149000 	C:\Users\linda\.vscode\extensions\redhat.java-1.47.0-win32-x64\jre\21.0.8-win32-x86_64\bin\extnet.dll
0x00007ff878ce0000 - 0x00007ff878cee000 	C:\Users\linda\.vscode\extensions\redhat.java-1.47.0-win32-x64\jre\21.0.8-win32-x86_64\bin\sunmscapi.dll
0x00007ff8c39d0000 - 0x00007ff8c3b47000 	C:\WINDOWS\System32\CRYPT32.dll
0x00007ff8c31e0000 - 0x00007ff8c3210000 	C:\WINDOWS\SYSTEM32\ncrypt.dll
0x00007ff8c3190000 - 0x00007ff8c31cf000 	C:\WINDOWS\SYSTEM32\NTASN1.dll
0x00007ff893dc0000 - 0x00007ff893dc8000 	C:\WINDOWS\system32\wshunix.dll

JVMTI agents:
c:\Users\linda\.vscode\extensions\redhat.java-1.47.0-win32-x64\lombok\lombok-1.18.39-4050.jar path:c:\Users\linda\.vscode\extensions\redhat.java-1.47.0-win32-x64\jre\21.0.8-win32-x86_64\bin\instrument.dll, loaded, initialized, instrumentlib options:none

dbghelp: loaded successfully - version: 4.0.5 - missing functions: none
symbol engine: initialized successfully - sym options: 0x614 - pdb path: .;c:\Users\linda\.vscode\extensions\redhat.java-1.47.0-win32-x64\jre\21.0.8-win32-x86_64\bin;C:\WINDOWS\SYSTEM32;C:\Program Files\Avast Software\Avast;C:\WINDOWS\WinSxS\amd64_microsoft.windows.common-controls_6595b64144ccf1df_6.0.26100.7019_none_3e06ffa0e335b8a8;c:\Users\linda\.vscode\extensions\redhat.java-1.47.0-win32-x64\jre\21.0.8-win32-x86_64\bin\server;C:\Users\linda\AppData\Roaming\Code\User\globalStorage\redhat.java\1.47.0\config_win\org.eclipse.equinox.launcher\org.eclipse.equinox.launcher.win32.win32.x86_64_1.2.1400.v20250801-0854;C:\Users\linda\AppData\Local\Temp\jna-102977230;C:\Users\linda\.gradle\native\c067742578af261105cb4f569cf0c3c89f3d7b1fecec35dd04571415982c5e48\windows-amd64

VM Arguments:
jvm_args: --add-modules=ALL-SYSTEM --add-opens=java.base/java.util=ALL-UNNAMED --add-opens=java.base/java.lang=ALL-UNNAMED --add-opens=java.base/sun.nio.fs=ALL-UNNAMED -Declipse.application=org.eclipse.jdt.ls.core.id1 -Dosgi.bundles.defaultStartLevel=4 -Declipse.product=org.eclipse.jdt.ls.core.product -Djava.import.generatesMetadataFilesAtProjectRoot=false -DDetectVMInstallationsJob.disabled=true -Dfile.encoding=utf8 -XX:+UseParallelGC -XX:GCTimeRatio=4 -XX:AdaptiveSizePolicyWeight=90 -Dsun.zip.disableMemoryMapping=true -Xmx2G -Xms100m -Xlog:disable -javaagent:c:\Users\linda\.vscode\extensions\redhat.java-1.47.0-win32-x64\lombok\lombok-1.18.39-4050.jar -XX:+HeapDumpOnOutOfMemoryError -XX:HeapDumpPath=c:\Users\linda\AppData\Roaming\Code\User\workspaceStorage\7c8490d731c1b0952362d4014fc30a6e\redhat.java -Daether.dependencyCollector.impl=bf 
java_command: c:\Users\linda\.vscode\extensions\redhat.java-1.47.0-win32-x64\server\plugins\org.eclipse.equinox.launcher_1.7.100.v20251014-1222.jar -configuration c:\Users\linda\AppData\Roaming\Code\User\globalStorage\redhat.java\1.47.0\config_win -data c:\Users\linda\AppData\Roaming\Code\User\workspaceStorage\7c8490d731c1b0952362d4014fc30a6e\redhat.java\jdt_ws --pipe=\\.\pipe\lsp-fc6444584ad4ec9d50b5e8e6d0162c58-sock
java_class_path (initial): c:\Users\linda\.vscode\extensions\redhat.java-1.47.0-win32-x64\server\plugins\org.eclipse.equinox.launcher_1.7.100.v20251014-1222.jar
Launcher Type: SUN_STANDARD

[Global flags]
    uintx AdaptiveSizePolicyWeight                 = 90                                        {product} {command line}
     intx CICompilerCount                          = 4                                         {product} {ergonomic}
    uintx GCTimeRatio                              = 4                                         {product} {command line}
     bool HeapDumpOnOutOfMemoryError               = true                                   {manageable} {command line}
    ccstr HeapDumpPath                             = c:\Users\linda\AppData\Roaming\Code\User\workspaceStorage\7c8490d731c1b0952362d4014fc30a6e\redhat.java         {manageable} {command line}
   size_t InitialHeapSize                          = 104857600                                 {product} {command line}
   size_t MaxHeapSize                              = 2147483648                                {product} {command line}
   size_t MaxNewSize                               = 715653120                                 {product} {ergonomic}
   size_t MinHeapDeltaBytes                        = 524288                                    {product} {ergonomic}
   size_t MinHeapSize                              = 104857600                                 {product} {command line}
   size_t NewSize                                  = 34603008                                  {product} {ergonomic}
    uintx NonNMethodCodeHeapSize                   = 5839372                                {pd product} {ergonomic}
    uintx NonProfiledCodeHeapSize                  = 122909434                              {pd product} {ergonomic}
   size_t OldSize                                  = 70254592                                  {product} {ergonomic}
    uintx ProfiledCodeHeapSize                     = 122909434                              {pd product} {ergonomic}
    uintx ReservedCodeCacheSize                    = 251658240                              {pd product} {ergonomic}
     bool SegmentedCodeCache                       = true                                      {product} {ergonomic}
   size_t SoftMaxHeapSize                          = 2147483648                             {manageable} {ergonomic}
     bool UseCompressedOops                        = true                           {product lp64_product} {ergonomic}
     bool UseLargePagesIndividualAllocation        = false                                  {pd product} {ergonomic}
     bool UseParallelGC                            = true                                      {product} {command line}

Logging:
Log output configuration:
 #0: stdout all=off uptime,level,tags foldmultilines=false
 #1: stderr all=off uptime,level,tags foldmultilines=false

Environment Variables:
PATH=C:\Program Files\Eclipse Adoptium\jdk-21.0.7.6-hotspot\bin;C:\Program Files\Common Files\Oracle\Java\javapath;C:\windows\system32;C:\windows;C:\windows\System32\Wbem;C:\windows\System32\WindowsPowerShell\v1.0\;C:\windows\System32\OpenSSH\;C:\Program Files\Microsoft SQL Server\150\Tools\Binn\;C:\Program Files\Microsoft SQL Server\Client SDK\ODBC\170\Tools\Binn\;C:\Program Files\dotnet\;C:\Program Files (x86)\Windows Kits\10\Windows Performance Toolkit\;C:\Program Files\HP\HP One Agent;C:\src\flutter\bin;C:\Users\linda\AppData\Roaming\nvm;C:\Program Files\nodejs;C:\WINDOWS\system32;C:\WINDOWS;C:\WINDOWS\System32\Wbem;C:\WINDOWS\System32\WindowsPowerShell\v1.0\;C:\WINDOWS\System32\OpenSSH\;C:\Program Files\TortoiseGit\bin;C:\Program Files\Git\cmd;C:\Program Files\PuTTY\;C:\Program Files\Java\jdk-21\bin;C:\maven\bin;C:\Program Files\Git\cmd;C:\Users\linda\AppData\Local\Microsoft\WindowsApps;C:\Users\linda\AppData\Local\Programs\Microsoft VS Code\bin;N:\dev\flutter\bin;C:\Users\linda\.dotnet\tools;C:\Program Files (x86)\Android\android-sdk\cmdline-tools\7.0\bin;C:\Users\linda\AppData\Roaming\npm;C:\Users\linda\AppData\Roaming\nvm;C:\Program Files\nodejs;N:\programfiles\cursor\resources\app\bin;C:\Program Files\Git\cmd;C:\Users\linda\AppData\Local\Android\Sdk\build-tools\34.0.0;
USERNAME=linda
OS=Windows_NT
PROCESSOR_IDENTIFIER=Intel64 Family 6 Model 186 Stepping 3, GenuineIntel
TMP=C:\Users\linda\AppData\Local\Temp
TEMP=C:\Users\linda\AppData\Local\Temp




Periodic native trim disabled

---------------  S Y S T E M  ---------------

OS:
 Windows 11 , 64 bit Build 26100 (10.0.26100.7019)
OS uptime: 1 days 0:05 hours
Hyper-V role detected

CPU: total 12 (initial active 12) (6 cores per cpu, 2 threads per core) family 6 model 186 stepping 3 microcode 0x4121, cx8, cmov, fxsr, ht, mmx, 3dnowpref, sse, sse2, sse3, ssse3, sse4.1, sse4.2, popcnt, lzcnt, tsc, tscinvbit, avx, avx2, aes, erms, clmul, bmi1, bmi2, adx, sha, fma, vzeroupper, clflush, clflushopt, clwb, hv, serialize, rdtscp, rdpid, fsrm, f16c, cet_ibt, cet_ss
Processor Information for processor 0
  Max Mhz: 1300, Current Mhz: 1300, Mhz Limit: 1300
Processor Information for processor 1
  Max Mhz: 1300, Current Mhz: 1300, Mhz Limit: 1300
Processor Information for processor 2
  Max Mhz: 1300, Current Mhz: 1300, Mhz Limit: 1300
Processor Information for processor 3
  Max Mhz: 1300, Current Mhz: 1300, Mhz Limit: 1300
Processor Information for processor 4
  Max Mhz: 1300, Current Mhz: 900, Mhz Limit: 897
Processor Information for processor 5
  Max Mhz: 1300, Current Mhz: 900, Mhz Limit: 897
Processor Information for processor 6
  Max Mhz: 1300, Current Mhz: 900, Mhz Limit: 897
Processor Information for processor 7
  Max Mhz: 1300, Current Mhz: 900, Mhz Limit: 897
Processor Information for processor 8
  Max Mhz: 1300, Current Mhz: 900, Mhz Limit: 897
Processor Information for processor 9
  Max Mhz: 1300, Current Mhz: 900, Mhz Limit: 897
Processor Information for processor 10
  Max Mhz: 1300, Current Mhz: 900, Mhz Limit: 897
Processor Information for processor 11
  Max Mhz: 1300, Current Mhz: 900, Mhz Limit: 897

Memory: 4k page, system-wide physical 16027M (673M free)
TotalPageFile size 29072M (AvailPageFile size 0M)
current process WorkingSet (physical memory assigned to process): 257M, peak: 296M
current process commit charge ("private bytes"): 371M, peak: 407M

vm_info: OpenJDK 64-Bit Server VM (21.0.8+9-LTS) for windows-amd64 JRE (21.0.8+9-LTS), built on 2025-07-15T00:00:00Z by "admin" with MS VC++ 17.7 (VS2022)

END.
