#
# There is insufficient memory for the Java Runtime Environment to continue.
# Native memory allocation (malloc) failed to allocate 718736 bytes for Chunk::new
# Possible reasons:
#   The system is out of physical RAM or swap space
#   The process is running with CompressedOops enabled, and the Java Heap may be blocking the growth of the native heap
# Possible solutions:
#   Reduce memory load on the system
#   Increase physical memory or swap space
#   Check if swap backing store is full
#   Decrease Java heap size (-Xmx/-Xms)
#   Decrease number of Java threads
#   Decrease Java thread stack sizes (-Xss)
#   Set larger code cache with -XX:ReservedCodeCacheSize=
#   JVM is running with Zero Based Compressed Oops mode in which the Java heap is
#     placed in the first 32GB address space. The Java Heap base address is the
#     maximum limit for the native heap growth. Please use -XX:HeapBaseMinAddress
#     to set the Java Heap base and to place the Java Heap above 32GB virtual address.
# This output file may be truncated or incomplete.
#
#  Out of Memory Error (arena.cpp:168), pid=8652, tid=24336
#
# JRE version: Java(TM) SE Runtime Environment (21.0.8+12) (build 21.0.8+12-LTS-250)
# Java VM: Java HotSpot(TM) 64-Bit Server VM (21.0.8+12-LTS-250, mixed mode, sharing, tiered, compressed oops, compressed class ptrs, g1 gc, windows-amd64)
# No core dump will be written. Minidumps are not enabled by default on client versions of Windows
#

---------------  S U M M A R Y ------------

Command Line: -XX:MaxMetaspaceSize=2G -XX:+HeapDumpOnOutOfMemoryError --add-opens=java.base/java.util=ALL-UNNAMED --add-opens=java.base/java.lang=ALL-UNNAMED --add-opens=java.base/java.lang.invoke=ALL-UNNAMED --add-opens=java.prefs/java.util.prefs=ALL-UNNAMED --add-opens=java.base/java.nio.charset=ALL-UNNAMED --add-opens=java.base/java.net=ALL-UNNAMED --add-opens=java.base/java.util.concurrent.atomic=ALL-UNNAMED -Xmx4G -Dfile.encoding=UTF-8 -Duser.country=IN -Duser.language=en -Duser.variant -javaagent:C:\Users\linda\.gradle\wrapper\dists\gradle-8.5-all\3zlzzgtsutfj0pbojr50n2l7z\gradle-8.5\lib\agents\gradle-instrumentation-agent-8.5.jar org.gradle.launcher.daemon.bootstrap.GradleDaemon 8.5

Host: 13th Gen Intel(R) Core(TM) i5-1335U, 12 cores, 15G,  Windows 11 , 64 bit Build 26100 (10.0.26100.7019)
Time: Sun Nov 16 13:26:53 2025 India Standard Time elapsed time: 39.820557 seconds (0d 0h 0m 39s)

---------------  T H R E A D  ---------------

Current thread (0x00000211eb5b6770):  JavaThread "C2 CompilerThread0" daemon [_thread_in_native, id=24336, stack(0x0000009832100000,0x0000009832200000) (1024K)]


Current CompileTask:
C2:  39820 10237       4       java.lang.Class::getMethod (59 bytes)

Stack: [0x0000009832100000,0x0000009832200000]
Native frames: (J=compiled Java code, j=interpreted, Vv=VM code, C=native code)
V  [jvm.dll+0x6cc179]
V  [jvm.dll+0x8584c1]
V  [jvm.dll+0x85a9ee]
V  [jvm.dll+0x85b0c3]
V  [jvm.dll+0x27ebf6]
V  [jvm.dll+0xc4f4d]
V  [jvm.dll+0xc5483]
V  [jvm.dll+0x3b6a82]
V  [jvm.dll+0x382a35]
V  [jvm.dll+0x381eaa]
V  [jvm.dll+0x247670]
V  [jvm.dll+0x246c4f]
V  [jvm.dll+0x1c7a3e]
V  [jvm.dll+0x256359]
V  [jvm.dll+0x2548ea]
V  [jvm.dll+0x3efef6]
V  [jvm.dll+0x80279b]
V  [jvm.dll+0x6ca85d]
C  [ucrtbase.dll+0x37b0]
C  [KERNEL32.DLL+0x2e8d7]
C  [ntdll.dll+0x8c53c]


---------------  P R O C E S S  ---------------

Threads class SMR info:
_java_thread_list=0x00000211f0b121f0, length=96, elements={
0x00000211ca618950, 0x00000211eb5aad00, 0x00000211eb5ac010, 0x00000211eb5b1220,
0x00000211eb5b2510, 0x00000211eb5b33f0, 0x00000211eb5b58c0, 0x00000211eb5b6770,
0x00000211eb5b94f0, 0x00000211f00ec480, 0x00000211f02164a0, 0x00000211f17707c0,
0x00000211f00997a0, 0x00000211f0098a80, 0x00000211f00983f0, 0x00000211f0097040,
0x00000211f0097d60, 0x00000211f0099e30, 0x00000211f0099110, 0x00000211f00976d0,
0x00000211f00969b0, 0x00000211f0f61fe0, 0x00000211f0f640b0, 0x00000211f0f63390,
0x00000211f0f64740, 0x00000211f0f612c0, 0x00000211f0f64dd0, 0x00000211f0f61950,
0x00000211f0f65460, 0x00000211f0f66ea0, 0x00000211f0f67530, 0x00000211f0f67bc0,
0x00000211f0f65af0, 0x00000211f21a5fc0, 0x00000211f21a4c10, 0x00000211f21a3ef0,
0x00000211f21a5930, 0x00000211f21a2b40, 0x00000211f21a31d0, 0x00000211f21a3860,
0x00000211f21a4580, 0x00000211f21a6650, 0x00000211f21aa160, 0x00000211f21a6ce0,
0x00000211f21a8db0, 0x00000211f21a8720, 0x00000211f21a7a00, 0x00000211f21a8090,
0x00000211f21a9440, 0x00000211f21a9ad0, 0x00000211f5e4d9a0, 0x00000211f5e4e030,
0x00000211f5e4e6c0, 0x00000211f5e4d310, 0x00000211f5e4cc80, 0x00000211f5e4b8d0,
0x00000211f5e4ed50, 0x00000211f5e4f3e0, 0x00000211f5e4bf60, 0x00000211f5e4fa70,
0x00000211f5e4c5f0, 0x00000211f5e514b0, 0x00000211f5e50100, 0x00000211f5e50e20,
0x00000211f5e51b40, 0x00000211f5e521d0, 0x00000211f2b8a790, 0x00000211f2b88d50,
0x00000211f2b893e0, 0x00000211f2b89a70, 0x00000211f2b8c1d0, 0x00000211f2b8ae20,
0x00000211f2b8b4b0, 0x00000211f2b8a100, 0x00000211f2b8cef0, 0x00000211f2b8efc0,
0x00000211f2b8bb40, 0x00000211f2b8c860, 0x00000211f2b8e930, 0x00000211f2b8f650,
0x00000211f2b8dc10, 0x00000211f2b8fce0, 0x00000211f5e52ef0, 0x00000211f42c0a10,
0x00000211f42c1dc0, 0x00000211f42bf660, 0x00000211f42c3800, 0x00000211f42c4bb0,
0x00000211f42c5240, 0x00000211f42c2ae0, 0x00000211f42c58d0, 0x00000211f42c5f60,
0x00000211f42c65f0, 0x00000211f42c6c80, 0x00000211f0f62d00, 0x00000211f57f7760
}

Java Threads: ( => current thread )
  0x00000211ca618950 JavaThread "main"                              [_thread_blocked, id=18600, stack(0x0000009831300000,0x0000009831400000) (1024K)]
  0x00000211eb5aad00 JavaThread "Reference Handler"          daemon [_thread_blocked, id=19640, stack(0x0000009831b00000,0x0000009831c00000) (1024K)]
  0x00000211eb5ac010 JavaThread "Finalizer"                  daemon [_thread_blocked, id=27100, stack(0x0000009831c00000,0x0000009831d00000) (1024K)]
  0x00000211eb5b1220 JavaThread "Signal Dispatcher"          daemon [_thread_blocked, id=20104, stack(0x0000009831d00000,0x0000009831e00000) (1024K)]
  0x00000211eb5b2510 JavaThread "Attach Listener"            daemon [_thread_blocked, id=20756, stack(0x0000009831e00000,0x0000009831f00000) (1024K)]
  0x00000211eb5b33f0 JavaThread "Service Thread"             daemon [_thread_blocked, id=22748, stack(0x0000009831f00000,0x0000009832000000) (1024K)]
  0x00000211eb5b58c0 JavaThread "Monitor Deflation Thread"   daemon [_thread_blocked, id=21196, stack(0x0000009832000000,0x0000009832100000) (1024K)]
=>0x00000211eb5b6770 JavaThread "C2 CompilerThread0"         daemon [_thread_in_native, id=24336, stack(0x0000009832100000,0x0000009832200000) (1024K)]
  0x00000211eb5b94f0 JavaThread "C1 CompilerThread0"         daemon [_thread_blocked, id=27104, stack(0x0000009832200000,0x0000009832300000) (1024K)]
  0x00000211f00ec480 JavaThread "Common-Cleaner"             daemon [_thread_blocked, id=9764, stack(0x0000009832300000,0x0000009832400000) (1024K)]
  0x00000211f02164a0 JavaThread "Notification Thread"        daemon [_thread_blocked, id=21372, stack(0x0000009832400000,0x0000009832500000) (1024K)]
  0x00000211f17707c0 JavaThread "Daemon health stats"               [_thread_blocked, id=19284, stack(0x0000009832b00000,0x0000009832c00000) (1024K)]
  0x00000211f00997a0 JavaThread "Incoming local TCP Connector on port 51181"        [_thread_in_native, id=22520, stack(0x0000009832c00000,0x0000009832d00000) (1024K)]
  0x00000211f0098a80 JavaThread "Daemon periodic checks"            [_thread_blocked, id=14392, stack(0x0000009832d00000,0x0000009832e00000) (1024K)]
  0x00000211f00983f0 JavaThread "Daemon"                            [_thread_blocked, id=19696, stack(0x0000009832e00000,0x0000009832f00000) (1024K)]
  0x00000211f0097040 JavaThread "Handler for socket connection from /127.0.0.1:51181 to /127.0.0.1:51182"        [_thread_in_native, id=11704, stack(0x0000009832f00000,0x0000009833000000) (1024K)]
  0x00000211f0097d60 JavaThread "Cancel handler"                    [_thread_blocked, id=23412, stack(0x0000009832500000,0x0000009832600000) (1024K)]
  0x00000211f0099e30 JavaThread "Daemon worker"                     [_thread_in_vm, id=25356, stack(0x0000009833000000,0x0000009833100000) (1024K)]
  0x00000211f0099110 JavaThread "Asynchronous log dispatcher for DefaultDaemonConnection: socket connection from /127.0.0.1:51181 to /127.0.0.1:51182"        [_thread_blocked, id=26880, stack(0x0000009833100000,0x0000009833200000) (1024K)]
  0x00000211f00976d0 JavaThread "Stdin handler"                     [_thread_blocked, id=3480, stack(0x0000009833200000,0x0000009833300000) (1024K)]
  0x00000211f00969b0 JavaThread "Daemon client event forwarder"        [_thread_blocked, id=1412, stack(0x0000009833300000,0x0000009833400000) (1024K)]
  0x00000211f0f61fe0 JavaThread "Cache worker for journal cache (C:\Users\linda\.gradle\caches\journal-1)"        [_thread_blocked, id=16852, stack(0x0000009833400000,0x0000009833500000) (1024K)]
  0x00000211f0f640b0 JavaThread "File lock request listener"        [_thread_in_native, id=27920, stack(0x0000009833500000,0x0000009833600000) (1024K)]
  0x00000211f0f63390 JavaThread "Cache worker for file hash cache (C:\Users\linda\.gradle\caches\8.5\fileHashes)"        [_thread_blocked, id=27388, stack(0x0000009833700000,0x0000009833800000) (1024K)]
  0x00000211f0f64740 JavaThread "File watcher server"        daemon [_thread_in_native, id=15100, stack(0x0000009833e00000,0x0000009833f00000) (1024K)]
  0x00000211f0f612c0 JavaThread "File watcher consumer"      daemon [_thread_blocked, id=5996, stack(0x0000009833f00000,0x0000009834000000) (1024K)]
  0x00000211f0f64dd0 JavaThread "Cache worker for checksums cache (N:\Projects\wd projects git\wd_portal_app_flutter\android\.gradle\8.5\checksums)"        [_thread_blocked, id=28192, stack(0x0000009834000000,0x0000009834100000) (1024K)]
  0x00000211f0f61950 JavaThread "Cache worker for file hash cache (N:\Projects\wd projects git\wd_portal_app_flutter\android\.gradle\8.5\fileHashes)"        [_thread_blocked, id=21540, stack(0x0000009834100000,0x0000009834200000) (1024K)]
  0x00000211f0f65460 JavaThread "Cache worker for cache directory md-supplier (C:\Users\linda\.gradle\caches\8.5\md-supplier)"        [_thread_blocked, id=21628, stack(0x0000009834200000,0x0000009834300000) (1024K)]
  0x00000211f0f66ea0 JavaThread "Cache worker for cache directory md-rule (C:\Users\linda\.gradle\caches\8.5\md-rule)"        [_thread_blocked, id=7204, stack(0x0000009834300000,0x0000009834400000) (1024K)]
  0x00000211f0f67530 JavaThread "Cache worker for file content cache (C:\Users\linda\.gradle\caches\8.5\fileContent)"        [_thread_blocked, id=12940, stack(0x0000009834400000,0x0000009834500000) (1024K)]
  0x00000211f0f67bc0 JavaThread "Cache worker for execution history cache (C:\Users\linda\.gradle\caches\8.5\executionHistory)"        [_thread_blocked, id=6112, stack(0x0000009833d00000,0x0000009833e00000) (1024K)]
  0x00000211f0f65af0 JavaThread "jar transforms"                    [_thread_blocked, id=21284, stack(0x0000009834700000,0x0000009834800000) (1024K)]
  0x00000211f21a5fc0 JavaThread "Cache worker for kotlin-dsl (C:\Users\linda\.gradle\caches\8.5\kotlin-dsl)"        [_thread_blocked, id=25560, stack(0x0000009834600000,0x0000009834700000) (1024K)]
  0x00000211f21a4c10 JavaThread "jar transforms Thread 2"           [_thread_blocked, id=20684, stack(0x0000009834800000,0x0000009834900000) (1024K)]
  0x00000211f21a3ef0 JavaThread "jar transforms Thread 3"           [_thread_blocked, id=23984, stack(0x0000009834900000,0x0000009834a00000) (1024K)]
  0x00000211f21a5930 JavaThread "Cache worker for dependencies-accessors (N:\Projects\wd projects git\wd_portal_app_flutter\android\.gradle\8.5\dependencies-accessors)"        [_thread_blocked, id=16016, stack(0x0000009834a00000,0x0000009834b00000) (1024K)]
  0x00000211f21a2b40 JavaThread "Cache worker for Build Output Cleanup Cache (C:\src\flutter\packages\flutter_tools\gradle\.gradle\buildOutputCleanup)"        [_thread_blocked, id=28448, stack(0x0000009834b00000,0x0000009834c00000) (1024K)]
  0x00000211f21a31d0 JavaThread "jar transforms Thread 4"           [_thread_blocked, id=25992, stack(0x0000009834c00000,0x0000009834d00000) (1024K)]
  0x00000211f21a3860 JavaThread "jar transforms Thread 5"           [_thread_blocked, id=24800, stack(0x0000009834d00000,0x0000009834e00000) (1024K)]
  0x00000211f21a4580 JavaThread "Memory manager"                    [_thread_blocked, id=16048, stack(0x0000009834e00000,0x0000009834f00000) (1024K)]
  0x00000211f21a6650 JavaThread "jar transforms Thread 6"           [_thread_blocked, id=23796, stack(0x0000009834f00000,0x0000009835000000) (1024K)]
  0x00000211f21aa160 JavaThread "jar transforms Thread 7"           [_thread_blocked, id=18576, stack(0x0000009835000000,0x0000009835100000) (1024K)]
  0x00000211f21a6ce0 JavaThread "included builds"                   [_thread_blocked, id=20940, stack(0x0000009835200000,0x0000009835300000) (1024K)]
  0x00000211f21a8db0 JavaThread "Execution worker"                  [_thread_blocked, id=23956, stack(0x0000009835300000,0x0000009835400000) (1024K)]
  0x00000211f21a8720 JavaThread "Execution worker Thread 2"         [_thread_blocked, id=11352, stack(0x0000009835400000,0x0000009835500000) (1024K)]
  0x00000211f21a7a00 JavaThread "Execution worker Thread 3"         [_thread_blocked, id=21076, stack(0x0000009835500000,0x0000009835600000) (1024K)]
  0x00000211f21a8090 JavaThread "Execution worker Thread 4"         [_thread_blocked, id=1504, stack(0x0000009835600000,0x0000009835700000) (1024K)]
  0x00000211f21a9440 JavaThread "Execution worker Thread 5"         [_thread_blocked, id=9988, stack(0x0000009835700000,0x0000009835800000) (1024K)]
  0x00000211f21a9ad0 JavaThread "Execution worker Thread 6"         [_thread_blocked, id=25996, stack(0x0000009835800000,0x0000009835900000) (1024K)]
  0x00000211f5e4d9a0 JavaThread "Execution worker Thread 7"         [_thread_blocked, id=2148, stack(0x0000009835900000,0x0000009835a00000) (1024K)]
  0x00000211f5e4e030 JavaThread "Execution worker Thread 8"         [_thread_blocked, id=12028, stack(0x0000009835a00000,0x0000009835b00000) (1024K)]
  0x00000211f5e4e6c0 JavaThread "Execution worker Thread 9"         [_thread_blocked, id=27808, stack(0x0000009835b00000,0x0000009835c00000) (1024K)]
  0x00000211f5e4d310 JavaThread "Execution worker Thread 10"        [_thread_blocked, id=27748, stack(0x0000009835c00000,0x0000009835d00000) (1024K)]
  0x00000211f5e4cc80 JavaThread "Execution worker Thread 11"        [_thread_blocked, id=8972, stack(0x0000009835d00000,0x0000009835e00000) (1024K)]
  0x00000211f5e4b8d0 JavaThread "Cache worker for execution history cache (C:\src\flutter\packages\flutter_tools\gradle\.gradle\8.5\executionHistory)"        [_thread_blocked, id=21172, stack(0x0000009835e00000,0x0000009835f00000) (1024K)]
  0x00000211f5e4ed50 JavaThread "Unconstrained build operations"        [_thread_blocked, id=20168, stack(0x0000009835f00000,0x0000009836000000) (1024K)]
  0x00000211f5e4f3e0 JavaThread "Unconstrained build operations Thread 2"        [_thread_blocked, id=12604, stack(0x0000009836000000,0x0000009836100000) (1024K)]
  0x00000211f5e4bf60 JavaThread "Unconstrained build operations Thread 3"        [_thread_blocked, id=26568, stack(0x0000009836100000,0x0000009836200000) (1024K)]
  0x00000211f5e4fa70 JavaThread "Unconstrained build operations Thread 4"        [_thread_blocked, id=22188, stack(0x0000009836200000,0x0000009836300000) (1024K)]
  0x00000211f5e4c5f0 JavaThread "Unconstrained build operations Thread 5"        [_thread_blocked, id=26760, stack(0x0000009836300000,0x0000009836400000) (1024K)]
  0x00000211f5e514b0 JavaThread "Unconstrained build operations Thread 6"        [_thread_blocked, id=26188, stack(0x0000009836400000,0x0000009836500000) (1024K)]
  0x00000211f5e50100 JavaThread "Unconstrained build operations Thread 7"        [_thread_blocked, id=18900, stack(0x0000009836500000,0x0000009836600000) (1024K)]
  0x00000211f5e50e20 JavaThread "Unconstrained build operations Thread 8"        [_thread_blocked, id=25368, stack(0x0000009836600000,0x0000009836700000) (1024K)]
  0x00000211f5e51b40 JavaThread "Unconstrained build operations Thread 9"        [_thread_blocked, id=26412, stack(0x0000009836700000,0x0000009836800000) (1024K)]
  0x00000211f5e521d0 JavaThread "Unconstrained build operations Thread 10"        [_thread_blocked, id=27220, stack(0x0000009836800000,0x0000009836900000) (1024K)]
  0x00000211f2b8a790 JavaThread "Unconstrained build operations Thread 11"        [_thread_blocked, id=10896, stack(0x0000009835100000,0x0000009835200000) (1024K)]
  0x00000211f2b88d50 JavaThread "Unconstrained build operations Thread 12"        [_thread_blocked, id=27732, stack(0x0000009836900000,0x0000009836a00000) (1024K)]
  0x00000211f2b893e0 JavaThread "Unconstrained build operations Thread 13"        [_thread_blocked, id=3852, stack(0x0000009836a00000,0x0000009836b00000) (1024K)]
  0x00000211f2b89a70 JavaThread "Unconstrained build operations Thread 14"        [_thread_blocked, id=13816, stack(0x0000009836b00000,0x0000009836c00000) (1024K)]
  0x00000211f2b8c1d0 JavaThread "Unconstrained build operations Thread 15"        [_thread_blocked, id=1488, stack(0x0000009836c00000,0x0000009836d00000) (1024K)]
  0x00000211f2b8ae20 JavaThread "Unconstrained build operations Thread 16"        [_thread_blocked, id=22736, stack(0x0000009836d00000,0x0000009836e00000) (1024K)]
  0x00000211f2b8b4b0 JavaThread "Unconstrained build operations Thread 17"        [_thread_blocked, id=11296, stack(0x0000009836e00000,0x0000009836f00000) (1024K)]
  0x00000211f2b8a100 JavaThread "Unconstrained build operations Thread 18"        [_thread_blocked, id=17272, stack(0x0000009836f00000,0x0000009837000000) (1024K)]
  0x00000211f2b8cef0 JavaThread "Unconstrained build operations Thread 19"        [_thread_blocked, id=19244, stack(0x0000009837000000,0x0000009837100000) (1024K)]
  0x00000211f2b8efc0 JavaThread "Unconstrained build operations Thread 20"        [_thread_blocked, id=28360, stack(0x0000009837100000,0x0000009837200000) (1024K)]
  0x00000211f2b8bb40 JavaThread "Unconstrained build operations Thread 21"        [_thread_blocked, id=16476, stack(0x0000009837200000,0x0000009837300000) (1024K)]
  0x00000211f2b8c860 JavaThread "jar transforms Thread 8"           [_thread_blocked, id=23592, stack(0x0000009837300000,0x0000009837400000) (1024K)]
  0x00000211f2b8e930 JavaThread "jar transforms Thread 9"           [_thread_blocked, id=20964, stack(0x0000009837400000,0x0000009837500000) (1024K)]
  0x00000211f2b8f650 JavaThread "jar transforms Thread 10"          [_thread_blocked, id=13872, stack(0x0000009837500000,0x0000009837600000) (1024K)]
  0x00000211f2b8dc10 JavaThread "jar transforms Thread 11"          [_thread_blocked, id=23292, stack(0x0000009837600000,0x0000009837700000) (1024K)]
  0x00000211f2b8fce0 JavaThread "jar transforms Thread 12"          [_thread_blocked, id=22376, stack(0x0000009837700000,0x0000009837800000) (1024K)]
  0x00000211f5e52ef0 JavaThread "Cache worker for Build Output Cleanup Cache (N:\Projects\wd projects git\wd_portal_app_flutter\android\.gradle\buildOutputCleanup)"        [_thread_blocked, id=27012, stack(0x0000009837800000,0x0000009837900000) (1024K)]
  0x00000211f42c0a10 JavaThread "build event listener"              [_thread_blocked, id=27260, stack(0x0000009837a00000,0x0000009837b00000) (1024K)]
  0x00000211f42c1dc0 JavaThread "Unconstrained build operations Thread 22"        [_thread_blocked, id=21732, stack(0x0000009837b00000,0x0000009837c00000) (1024K)]
  0x00000211f42bf660 JavaThread "Unconstrained build operations Thread 23"        [_thread_blocked, id=18392, stack(0x0000009837c00000,0x0000009837d00000) (1024K)]
  0x00000211f42c3800 JavaThread "Unconstrained build operations Thread 24"        [_thread_blocked, id=20776, stack(0x0000009837d00000,0x0000009837e00000) (1024K)]
  0x00000211f42c4bb0 JavaThread "Unconstrained build operations Thread 25"        [_thread_blocked, id=3724, stack(0x0000009837e00000,0x0000009837f00000) (1024K)]
  0x00000211f42c5240 JavaThread "Unconstrained build operations Thread 26"        [_thread_blocked, id=24580, stack(0x0000009837f00000,0x0000009838000000) (1024K)]
  0x00000211f42c2ae0 JavaThread "Unconstrained build operations Thread 27"        [_thread_blocked, id=26660, stack(0x0000009838000000,0x0000009838100000) (1024K)]
  0x00000211f42c58d0 JavaThread "Unconstrained build operations Thread 28"        [_thread_blocked, id=26852, stack(0x0000009838100000,0x0000009838200000) (1024K)]
  0x00000211f42c5f60 JavaThread "Unconstrained build operations Thread 29"        [_thread_blocked, id=22040, stack(0x0000009838200000,0x0000009838300000) (1024K)]
  0x00000211f42c65f0 JavaThread "Unconstrained build operations Thread 30"        [_thread_blocked, id=15832, stack(0x0000009838300000,0x0000009838400000) (1024K)]
  0x00000211f42c6c80 JavaThread "Unconstrained build operations Thread 31"        [_thread_blocked, id=24780, stack(0x0000009838400000,0x0000009838500000) (1024K)]
  0x00000211f0f62d00 JavaThread "Unconstrained build operations Thread 32"        [_thread_blocked, id=26060, stack(0x0000009838500000,0x0000009838600000) (1024K)]
  0x00000211f57f7760 JavaThread "C2 CompilerThread1"         daemon [_thread_in_native, id=23000, stack(0x0000009834500000,0x0000009834600000) (1024K)]
Total: 96

Other Threads:
  0x00000211eb58db70 VMThread "VM Thread"                           [id=6188, stack(0x0000009831a00000,0x0000009831b00000) (1024K)]
  0x00000211eb5721e0 WatcherThread "VM Periodic Task Thread"        [id=22952, stack(0x0000009831900000,0x0000009831a00000) (1024K)]
  0x00000211ca83ae40 WorkerThread "GC Thread#0"                     [id=28136, stack(0x0000009831400000,0x0000009831500000) (1024K)]
  0x00000211f0c0e0d0 WorkerThread "GC Thread#1"                     [id=8760, stack(0x0000009832600000,0x0000009832700000) (1024K)]
  0x00000211f0cf8050 WorkerThread "GC Thread#2"                     [id=6780, stack(0x0000009832700000,0x0000009832800000) (1024K)]
  0x00000211f0cf6e30 WorkerThread "GC Thread#3"                     [id=9712, stack(0x0000009832800000,0x0000009832900000) (1024K)]
  0x00000211f0cf7910 WorkerThread "GC Thread#4"                     [id=27424, stack(0x0000009832900000,0x0000009832a00000) (1024K)]
  0x00000211f0cf83f0 WorkerThread "GC Thread#5"                     [id=5632, stack(0x0000009832a00000,0x0000009832b00000) (1024K)]
  0x00000211f1d6af00 WorkerThread "GC Thread#6"                     [id=19344, stack(0x0000009833600000,0x0000009833700000) (1024K)]
  0x00000211f1d6a420 WorkerThread "GC Thread#7"                     [id=18232, stack(0x0000009833800000,0x0000009833900000) (1024K)]
  0x00000211f1d6a7c0 WorkerThread "GC Thread#8"                     [id=18264, stack(0x0000009833900000,0x0000009833a00000) (1024K)]
  0x00000211f1d6ab60 WorkerThread "GC Thread#9"                     [id=18796, stack(0x0000009833a00000,0x0000009833b00000) (1024K)]
  0x00000211ca84cbb0 ConcurrentGCThread "G1 Main Marker"            [id=27476, stack(0x0000009831500000,0x0000009831600000) (1024K)]
  0x00000211ca84d690 WorkerThread "G1 Conc#0"                       [id=14764, stack(0x0000009831600000,0x0000009831700000) (1024K)]
  0x00000211f1d6cc00 WorkerThread "G1 Conc#1"                       [id=5676, stack(0x0000009833b00000,0x0000009833c00000) (1024K)]
  0x00000211f1d6c860 WorkerThread "G1 Conc#2"                       [id=7040, stack(0x0000009833c00000,0x0000009833d00000) (1024K)]
  0x00000211eb445460 ConcurrentGCThread "G1 Refine#0"               [id=416, stack(0x0000009831700000,0x0000009831800000) (1024K)]
  0x00000211eb448ca0 ConcurrentGCThread "G1 Service"                [id=19380, stack(0x0000009831800000,0x0000009831900000) (1024K)]
Total: 18

Threads with active compile tasks:
C2 CompilerThread0    39921 10237       4       java.lang.Class::getMethod (59 bytes)
C2 CompilerThread1    39921 10246       4       java.beans.Introspector::addMethod (196 bytes)
Total: 2

VM state: not at safepoint (normal execution)

VM Mutex/Monitor currently owned by a thread: None

Heap address: 0x0000000700000000, size: 4096 MB, Compressed Oops mode: Zero based, Oop shift amount: 3

CDS archive(s) mapped at: [0x0000021180000000-0x0000021180c90000-0x0000021180c90000), size 13172736, SharedBaseAddress: 0x0000021180000000, ArchiveRelocationMode: 1.
Compressed class space mapped at: 0x0000021181000000-0x00000211c1000000, reserved size: 1073741824
Narrow klass base: 0x0000021180000000, Narrow klass shift: 0, Narrow klass range: 0x100000000

GC Precious Log:
 CardTable entry size: 512
 Card Set container configuration: InlinePtr #cards 4 size 8 Array Of Cards #cards 16 size 48 Howl #buckets 8 coarsen threshold 3686 Howl Bitmap #cards 512 size 80 coarsen threshold 460 Card regions per heap region 1 cards per card region 4096
 CPUs: 12 total, 12 available
 Memory: 16027M
 Large Page Support: Disabled
 NUMA Support: Disabled
 Compressed Oops: Enabled (Zero based)
 Heap Region Size: 2M
 Heap Min Capacity: 8M
 Heap Initial Capacity: 252M
 Heap Max Capacity: 4G
 Pre-touch: Disabled
 Parallel Workers: 10
 Concurrent Workers: 3
 Concurrent Refinement Workers: 10
 Periodic GC: Disabled

Heap:
 garbage-first heap   total 192512K, used 143087K [0x0000000700000000, 0x0000000800000000)
  region size 2048K, 25 young (51200K), 4 survivors (8192K)
 Metaspace       used 79359K, committed 81472K, reserved 1179648K
  class space    used 10978K, committed 12032K, reserved 1048576K

Heap Regions: E=young(eden), S=young(survivor), O=old, HS=humongous(starts), HC=humongous(continues), CS=collection set, F=free, TAMS=top-at-mark-start, PB=parsable bottom
|   0|0x0000000700000000, 0x0000000700200000, 0x0000000700200000|100%|HS|  |TAMS 0x0000000700000000| PB 0x0000000700000000| Complete 
|   1|0x0000000700200000, 0x0000000700400000, 0x0000000700400000|100%|HC|  |TAMS 0x0000000700200000| PB 0x0000000700200000| Complete 
|   2|0x0000000700400000, 0x0000000700600000, 0x0000000700600000|100%| O|  |TAMS 0x0000000700400000| PB 0x0000000700400000| Untracked 
|   3|0x0000000700600000, 0x0000000700800000, 0x0000000700800000|100%| O|  |TAMS 0x0000000700600000| PB 0x0000000700600000| Untracked 
|   4|0x0000000700800000, 0x0000000700a00000, 0x0000000700a00000|100%| O|  |TAMS 0x0000000700800000| PB 0x0000000700800000| Untracked 
|   5|0x0000000700a00000, 0x0000000700c00000, 0x0000000700c00000|100%| O|  |TAMS 0x0000000700a00000| PB 0x0000000700a00000| Untracked 
|   6|0x0000000700c00000, 0x0000000700e00000, 0x0000000700e00000|100%| O|  |TAMS 0x0000000700c00000| PB 0x0000000700c00000| Untracked 
|   7|0x0000000700e00000, 0x0000000701000000, 0x0000000701000000|100%| O|  |TAMS 0x0000000700e00000| PB 0x0000000700e00000| Untracked 
|   8|0x0000000701000000, 0x0000000701200000, 0x0000000701200000|100%| O|  |TAMS 0x0000000701000000| PB 0x0000000701000000| Untracked 
|   9|0x0000000701200000, 0x0000000701400000, 0x0000000701400000|100%| O|  |TAMS 0x0000000701200000| PB 0x0000000701200000| Untracked 
|  10|0x0000000701400000, 0x0000000701600000, 0x0000000701600000|100%| O|  |TAMS 0x0000000701400000| PB 0x0000000701400000| Untracked 
|  11|0x0000000701600000, 0x0000000701800000, 0x0000000701800000|100%|HS|  |TAMS 0x0000000701600000| PB 0x0000000701600000| Complete 
|  12|0x0000000701800000, 0x0000000701a00000, 0x0000000701a00000|100%|HS|  |TAMS 0x0000000701800000| PB 0x0000000701800000| Complete 
|  13|0x0000000701a00000, 0x0000000701c00000, 0x0000000701c00000|100%|HC|  |TAMS 0x0000000701a00000| PB 0x0000000701a00000| Complete 
|  14|0x0000000701c00000, 0x0000000701e00000, 0x0000000701e00000|100%|HS|  |TAMS 0x0000000701c00000| PB 0x0000000701c00000| Complete 
|  15|0x0000000701e00000, 0x0000000702000000, 0x0000000702000000|100%| O|  |TAMS 0x0000000701e00000| PB 0x0000000701e00000| Untracked 
|  16|0x0000000702000000, 0x0000000702200000, 0x0000000702200000|100%| O|  |TAMS 0x0000000702000000| PB 0x0000000702000000| Untracked 
|  17|0x0000000702200000, 0x0000000702400000, 0x0000000702400000|100%| O|  |TAMS 0x0000000702200000| PB 0x0000000702200000| Untracked 
|  18|0x0000000702400000, 0x0000000702600000, 0x0000000702600000|100%| O|  |TAMS 0x0000000702400000| PB 0x0000000702400000| Untracked 
|  19|0x0000000702600000, 0x0000000702800000, 0x0000000702800000|100%|HS|  |TAMS 0x0000000702600000| PB 0x0000000702600000| Complete 
|  20|0x0000000702800000, 0x0000000702a00000, 0x0000000702a00000|100%|HC|  |TAMS 0x0000000702800000| PB 0x0000000702800000| Complete 
|  21|0x0000000702a00000, 0x0000000702c00000, 0x0000000702c00000|100%| O|  |TAMS 0x0000000702a00000| PB 0x0000000702a00000| Untracked 
|  22|0x0000000702c00000, 0x0000000702e00000, 0x0000000702e00000|100%| O|  |TAMS 0x0000000702c00000| PB 0x0000000702c00000| Untracked 
|  23|0x0000000702e00000, 0x0000000703000000, 0x0000000703000000|100%| O|  |TAMS 0x0000000702e00000| PB 0x0000000702e00000| Untracked 
|  24|0x0000000703000000, 0x0000000703200000, 0x0000000703200000|100%| O|  |TAMS 0x0000000703000000| PB 0x0000000703000000| Untracked 
|  25|0x0000000703200000, 0x0000000703400000, 0x0000000703400000|100%| O|  |TAMS 0x0000000703200000| PB 0x0000000703200000| Untracked 
|  26|0x0000000703400000, 0x0000000703600000, 0x0000000703600000|100%| O|  |TAMS 0x0000000703400000| PB 0x0000000703400000| Untracked 
|  27|0x0000000703600000, 0x0000000703800000, 0x0000000703800000|100%| O|  |TAMS 0x0000000703600000| PB 0x0000000703600000| Untracked 
|  28|0x0000000703800000, 0x0000000703a00000, 0x0000000703a00000|100%|HS|  |TAMS 0x0000000703800000| PB 0x0000000703800000| Complete 
|  29|0x0000000703a00000, 0x0000000703c00000, 0x0000000703c00000|100%| O|  |TAMS 0x0000000703a00000| PB 0x0000000703a00000| Untracked 
|  30|0x0000000703c00000, 0x0000000703e00000, 0x0000000703e00000|100%| O|  |TAMS 0x0000000703c00000| PB 0x0000000703c00000| Untracked 
|  31|0x0000000703e00000, 0x0000000704000000, 0x0000000704000000|100%|HS|  |TAMS 0x0000000703e00000| PB 0x0000000703e00000| Complete 
|  32|0x0000000704000000, 0x0000000704200000, 0x0000000704200000|100%|HC|  |TAMS 0x0000000704000000| PB 0x0000000704000000| Complete 
|  33|0x0000000704200000, 0x0000000704200000, 0x0000000704400000|  0%| F|  |TAMS 0x0000000704200000| PB 0x0000000704200000| Untracked 
|  34|0x0000000704400000, 0x0000000704400000, 0x0000000704600000|  0%| F|  |TAMS 0x0000000704400000| PB 0x0000000704400000| Untracked 
|  35|0x0000000704600000, 0x0000000704800000, 0x0000000704800000|100%| O|  |TAMS 0x0000000704600000| PB 0x0000000704600000| Untracked 
|  36|0x0000000704800000, 0x00000007049bbdd0, 0x0000000704a00000| 86%| O|  |TAMS 0x0000000704800000| PB 0x0000000704800000| Untracked 
|  37|0x0000000704a00000, 0x0000000704a00000, 0x0000000704c00000|  0%| F|  |TAMS 0x0000000704a00000| PB 0x0000000704a00000| Untracked 
|  38|0x0000000704c00000, 0x0000000704c00000, 0x0000000704e00000|  0%| F|  |TAMS 0x0000000704c00000| PB 0x0000000704c00000| Untracked 
|  39|0x0000000704e00000, 0x0000000704e00000, 0x0000000705000000|  0%| F|  |TAMS 0x0000000704e00000| PB 0x0000000704e00000| Untracked 
|  40|0x0000000705000000, 0x0000000705000000, 0x0000000705200000|  0%| F|  |TAMS 0x0000000705000000| PB 0x0000000705000000| Untracked 
|  41|0x0000000705200000, 0x0000000705200000, 0x0000000705400000|  0%| F|  |TAMS 0x0000000705200000| PB 0x0000000705200000| Untracked 
|  42|0x0000000705400000, 0x0000000705400000, 0x0000000705600000|  0%| F|  |TAMS 0x0000000705400000| PB 0x0000000705400000| Untracked 
|  43|0x0000000705600000, 0x0000000705600000, 0x0000000705800000|  0%| F|  |TAMS 0x0000000705600000| PB 0x0000000705600000| Untracked 
|  44|0x0000000705800000, 0x0000000705800000, 0x0000000705a00000|  0%| F|  |TAMS 0x0000000705800000| PB 0x0000000705800000| Untracked 
|  45|0x0000000705a00000, 0x0000000705a00000, 0x0000000705c00000|  0%| F|  |TAMS 0x0000000705a00000| PB 0x0000000705a00000| Untracked 
|  46|0x0000000705c00000, 0x0000000705c00000, 0x0000000705e00000|  0%| F|  |TAMS 0x0000000705c00000| PB 0x0000000705c00000| Untracked 
|  47|0x0000000705e00000, 0x0000000705e00000, 0x0000000706000000|  0%| F|  |TAMS 0x0000000705e00000| PB 0x0000000705e00000| Untracked 
|  48|0x0000000706000000, 0x0000000706000000, 0x0000000706200000|  0%| F|  |TAMS 0x0000000706000000| PB 0x0000000706000000| Untracked 
|  49|0x0000000706200000, 0x0000000706200000, 0x0000000706400000|  0%| F|  |TAMS 0x0000000706200000| PB 0x0000000706200000| Untracked 
|  50|0x0000000706400000, 0x0000000706400000, 0x0000000706600000|  0%| F|  |TAMS 0x0000000706400000| PB 0x0000000706400000| Untracked 
|  51|0x0000000706600000, 0x0000000706600000, 0x0000000706800000|  0%| F|  |TAMS 0x0000000706600000| PB 0x0000000706600000| Untracked 
|  52|0x0000000706800000, 0x0000000706800000, 0x0000000706a00000|  0%| F|  |TAMS 0x0000000706800000| PB 0x0000000706800000| Untracked 
|  53|0x0000000706a00000, 0x0000000706a00000, 0x0000000706c00000|  0%| F|  |TAMS 0x0000000706a00000| PB 0x0000000706a00000| Untracked 
|  54|0x0000000706c00000, 0x0000000706c00000, 0x0000000706e00000|  0%| F|  |TAMS 0x0000000706c00000| PB 0x0000000706c00000| Untracked 
|  55|0x0000000706e00000, 0x0000000706e00000, 0x0000000707000000|  0%| F|  |TAMS 0x0000000706e00000| PB 0x0000000706e00000| Untracked 
|  56|0x0000000707000000, 0x0000000707000000, 0x0000000707200000|  0%| F|  |TAMS 0x0000000707000000| PB 0x0000000707000000| Untracked 
|  57|0x0000000707200000, 0x0000000707200000, 0x0000000707400000|  0%| F|  |TAMS 0x0000000707200000| PB 0x0000000707200000| Untracked 
|  58|0x0000000707400000, 0x00000007074d7348, 0x0000000707600000| 42%| E|  |TAMS 0x0000000707400000| PB 0x0000000707400000| Complete 
|  59|0x0000000707600000, 0x0000000707800000, 0x0000000707800000|100%| E|CS|TAMS 0x0000000707600000| PB 0x0000000707600000| Complete 
|  60|0x0000000707800000, 0x0000000707a00000, 0x0000000707a00000|100%| E|CS|TAMS 0x0000000707800000| PB 0x0000000707800000| Complete 
|  61|0x0000000707a00000, 0x0000000707c00000, 0x0000000707c00000|100%| E|CS|TAMS 0x0000000707a00000| PB 0x0000000707a00000| Complete 
|  62|0x0000000707c00000, 0x0000000707e00000, 0x0000000707e00000|100%| E|CS|TAMS 0x0000000707c00000| PB 0x0000000707c00000| Complete 
|  63|0x0000000707e00000, 0x0000000708000000, 0x0000000708000000|100%| S|CS|TAMS 0x0000000707e00000| PB 0x0000000707e00000| Complete 
|  64|0x0000000708000000, 0x0000000708200000, 0x0000000708200000|100%| S|CS|TAMS 0x0000000708000000| PB 0x0000000708000000| Complete 
|  65|0x0000000708200000, 0x0000000708400000, 0x0000000708400000|100%| S|CS|TAMS 0x0000000708200000| PB 0x0000000708200000| Complete 
|  66|0x0000000708400000, 0x0000000708600000, 0x0000000708600000|100%| S|CS|TAMS 0x0000000708400000| PB 0x0000000708400000| Complete 
|  67|0x0000000708600000, 0x0000000708800000, 0x0000000708800000|100%| E|CS|TAMS 0x0000000708600000| PB 0x0000000708600000| Complete 
|  68|0x0000000708800000, 0x0000000708a00000, 0x0000000708a00000|100%| E|CS|TAMS 0x0000000708800000| PB 0x0000000708800000| Complete 
|  69|0x0000000708a00000, 0x0000000708c00000, 0x0000000708c00000|100%| E|CS|TAMS 0x0000000708a00000| PB 0x0000000708a00000| Complete 
|  70|0x0000000708c00000, 0x0000000708e00000, 0x0000000708e00000|100%| E|CS|TAMS 0x0000000708c00000| PB 0x0000000708c00000| Complete 
|  71|0x0000000708e00000, 0x0000000709000000, 0x0000000709000000|100%| E|CS|TAMS 0x0000000708e00000| PB 0x0000000708e00000| Complete 
|  72|0x0000000709000000, 0x0000000709200000, 0x0000000709200000|100%| E|CS|TAMS 0x0000000709000000| PB 0x0000000709000000| Complete 
|  73|0x0000000709200000, 0x0000000709400000, 0x0000000709400000|100%| E|CS|TAMS 0x0000000709200000| PB 0x0000000709200000| Complete 
|  74|0x0000000709400000, 0x0000000709600000, 0x0000000709600000|100%| E|CS|TAMS 0x0000000709400000| PB 0x0000000709400000| Complete 
|  75|0x0000000709600000, 0x0000000709800000, 0x0000000709800000|100%| E|CS|TAMS 0x0000000709600000| PB 0x0000000709600000| Complete 
|  76|0x0000000709800000, 0x0000000709a00000, 0x0000000709a00000|100%| E|CS|TAMS 0x0000000709800000| PB 0x0000000709800000| Complete 
|  77|0x0000000709a00000, 0x0000000709c00000, 0x0000000709c00000|100%| E|CS|TAMS 0x0000000709a00000| PB 0x0000000709a00000| Complete 
|  78|0x0000000709c00000, 0x0000000709e00000, 0x0000000709e00000|100%| E|CS|TAMS 0x0000000709c00000| PB 0x0000000709c00000| Complete 
|  79|0x0000000709e00000, 0x000000070a000000, 0x000000070a000000|100%| E|CS|TAMS 0x0000000709e00000| PB 0x0000000709e00000| Complete 
|  80|0x000000070a000000, 0x000000070a200000, 0x000000070a200000|100%| E|CS|TAMS 0x000000070a000000| PB 0x000000070a000000| Complete 
| 124|0x000000070f800000, 0x000000070fa00000, 0x000000070fa00000|100%| E|CS|TAMS 0x000000070f800000| PB 0x000000070f800000| Complete 
| 125|0x000000070fa00000, 0x000000070fc00000, 0x000000070fc00000|100%| E|CS|TAMS 0x000000070fa00000| PB 0x000000070fa00000| Complete 
|2037|0x00000007fea00000, 0x00000007fec00000, 0x00000007fec00000|100%| O|  |TAMS 0x00000007fea00000| PB 0x00000007fea00000| Untracked 
|2038|0x00000007fec00000, 0x00000007fee00000, 0x00000007fee00000|100%| O|  |TAMS 0x00000007fec00000| PB 0x00000007fec00000| Untracked 
|2039|0x00000007fee00000, 0x00000007ff000000, 0x00000007ff000000|100%| O|  |TAMS 0x00000007fee00000| PB 0x00000007fee00000| Untracked 
|2040|0x00000007ff000000, 0x00000007ff200000, 0x00000007ff200000|100%| O|  |TAMS 0x00000007ff000000| PB 0x00000007ff000000| Untracked 
|2041|0x00000007ff200000, 0x00000007ff400000, 0x00000007ff400000|100%| O|  |TAMS 0x00000007ff200000| PB 0x00000007ff200000| Untracked 
|2042|0x00000007ff400000, 0x00000007ff600000, 0x00000007ff600000|100%| O|  |TAMS 0x00000007ff400000| PB 0x00000007ff400000| Untracked 
|2043|0x00000007ff600000, 0x00000007ff800000, 0x00000007ff800000|100%| O|  |TAMS 0x00000007ff600000| PB 0x00000007ff600000| Untracked 
|2044|0x00000007ff800000, 0x00000007ffa00000, 0x00000007ffa00000|100%| O|  |TAMS 0x00000007ff800000| PB 0x00000007ff800000| Untracked 
|2045|0x00000007ffa00000, 0x00000007ffc00000, 0x00000007ffc00000|100%| O|  |TAMS 0x00000007ffa00000| PB 0x00000007ffa00000| Untracked 
|2046|0x00000007ffc00000, 0x00000007ffe00000, 0x00000007ffe00000|100%| O|  |TAMS 0x00000007ffc00000| PB 0x00000007ffc00000| Untracked 
|2047|0x00000007ffe00000, 0x0000000800000000, 0x0000000800000000|100%| O|  |TAMS 0x00000007ffe00000| PB 0x00000007ffe00000| Untracked 

Card table byte_map: [0x00000211e4910000,0x00000211e5110000] _byte_map_base: 0x00000211e1110000

Marking Bits: (CMBitMap*) 0x00000211ca83b450
 Bits: [0x00000211e5110000, 0x00000211e9110000)

Polling page: 0x00000211ca890000

Metaspace:

Usage:
  Non-class:     66.78 MB used.
      Class:     10.72 MB used.
       Both:     77.50 MB used.

Virtual space:
  Non-class space:      128.00 MB reserved,      67.81 MB ( 53%) committed,  2 nodes.
      Class space:        1.00 GB reserved,      11.75 MB (  1%) committed,  1 nodes.
             Both:        1.12 GB reserved,      79.56 MB (  7%) committed. 

Chunk freelists:
   Non-Class:  11.45 MB
       Class:  4.23 MB
        Both:  15.68 MB

MaxMetaspaceSize: 2.00 GB
CompressedClassSpaceSize: 1.00 GB
Initial GC threshold: 21.00 MB
Current GC threshold: 122.44 MB
CDS: on
 - commit_granule_bytes: 65536.
 - commit_granule_words: 8192.
 - virtual_space_node_default_size: 8388608.
 - enlarge_chunks_in_place: 1.
 - use_allocation_guard: 0.


Internal statistics:

num_allocs_failed_limit: 12.
num_arena_births: 3650.
num_arena_deaths: 0.
num_vsnodes_births: 3.
num_vsnodes_deaths: 0.
num_space_committed: 1273.
num_space_uncommitted: 0.
num_chunks_returned_to_freelist: 12.
num_chunks_taken_from_freelist: 7326.
num_chunk_merges: 12.
num_chunk_splits: 4739.
num_chunks_enlarged: 2935.
num_inconsistent_stats: 0.

CodeHeap 'non-profiled nmethods': size=120000Kb used=5633Kb max_used=5633Kb free=114366Kb
 bounds [0x00000211dc040000, 0x00000211dc5d0000, 0x00000211e3570000]
CodeHeap 'profiled nmethods': size=120000Kb used=17691Kb max_used=17691Kb free=102308Kb
 bounds [0x00000211d4570000, 0x00000211d56c0000, 0x00000211dbaa0000]
CodeHeap 'non-nmethods': size=5760Kb used=2828Kb max_used=2882Kb free=2931Kb
 bounds [0x00000211dbaa0000, 0x00000211dbd80000, 0x00000211dc040000]
 total_blobs=10030 nmethods=9095 adapters=838
 compilation: enabled
              stopped_count=0, restarted_count=0
 full_count=0

Compilation events (20 events):
Event: 39.528 Thread 0x00000211eb5b94f0 nmethod 10227 0x00000211d5694b90 code [0x00000211d5694d80, 0x00000211d5695228]
Event: 39.529 Thread 0x00000211eb5b94f0 10228       3       org.gradle.internal.execution.history.impl.FileSystemSnapshotSerializer$EntryType::values (10 bytes)
Event: 39.529 Thread 0x00000211eb5b94f0 nmethod 10228 0x00000211d5695410 code [0x00000211d56955c0, 0x00000211d5695868]
Event: 39.529 Thread 0x00000211eb5b94f0 10229       3       org.gradle.internal.execution.history.impl.FileSystemSnapshotSerializer::readEntryType (11 bytes)
Event: 39.529 Thread 0x00000211eb5b94f0 nmethod 10229 0x00000211d5695910 code [0x00000211d5695ae0, 0x00000211d5695ef0]
Event: 39.533 Thread 0x00000211eb5b94f0 10230       1       org.gradle.internal.execution.history.impl.AbstractInputExecutionState::getInputProperties (5 bytes)
Event: 39.533 Thread 0x00000211eb5b94f0 nmethod 10230 0x00000211dc5bfb10 code [0x00000211dc5bfca0, 0x00000211dc5bfd70]
Event: 39.535 Thread 0x00000211eb5b94f0 10231       1       org.gradle.internal.snapshot.DirectorySnapshot::getHash (5 bytes)
Event: 39.536 Thread 0x00000211eb5b94f0 nmethod 10231 0x00000211dc5bfe10 code [0x00000211dc5bffa0, 0x00000211dc5c0070]
Event: 39.536 Thread 0x00000211eb5b94f0 10232       3       com.google.common.collect.ImmutableMapEntrySet$RegularEntrySet::spliterator (8 bytes)
Event: 39.537 Thread 0x00000211eb5b94f0 nmethod 10232 0x00000211d5696090 code [0x00000211d5696240, 0x00000211d5696420]
Event: 39.537 Thread 0x00000211eb5b94f0 10234       3       com.google.common.collect.Iterables::toArray (10 bytes)
Event: 39.538 Thread 0x00000211eb5b94f0 nmethod 10234 0x00000211d5696510 code [0x00000211d5696780, 0x00000211d5697270]
Event: 39.538 Thread 0x00000211eb5b94f0 10233       3       com.google.common.collect.MapMakerInternalMap$WeakKeyDummyValueEntry$LinkedWeakKeyDummyValueEntry::<init> (10 bytes)
Event: 39.538 Thread 0x00000211eb5b94f0 nmethod 10233 0x00000211d5697590 code [0x00000211d5697740, 0x00000211d5697878]
Event: 39.538 Thread 0x00000211eb5b94f0 10235       3       java.security.ProtectionDomain::<init> (98 bytes)
Event: 39.540 Thread 0x00000211eb5b94f0 nmethod 10235 0x00000211d5697910 code [0x00000211d5697b20, 0x00000211d56985f8]
Event: 39.549 Thread 0x00000211eb5b6770 10236       4       com.google.common.collect.AbstractIterator::<init> (12 bytes)
Event: 39.551 Thread 0x00000211eb5b6770 nmethod 10236 0x00000211dc5c0110 code [0x00000211dc5c02a0, 0x00000211dc5c03f8]
Event: 39.673 Thread 0x00000211eb5b6770 10237       4       java.lang.Class::getMethod (59 bytes)

GC Heap History (20 events):
Event: 20.823 GC heap before
{Heap before GC invocations=9 (full 0):
 garbage-first heap   total 124928K, used 101993K [0x0000000700000000, 0x0000000800000000)
  region size 2048K, 36 young (73728K), 4 survivors (8192K)
 Metaspace       used 47850K, committed 49600K, reserved 1114112K
  class space    used 6901K, committed 7744K, reserved 1048576K
}
Event: 20.855 GC heap after
{Heap after GC invocations=10 (full 0):
 garbage-first heap   total 124928K, used 39322K [0x0000000700000000, 0x0000000800000000)
  region size 2048K, 4 young (8192K), 4 survivors (8192K)
 Metaspace       used 47850K, committed 49600K, reserved 1114112K
  class space    used 6901K, committed 7744K, reserved 1048576K
}
Event: 23.338 GC heap before
{Heap before GC invocations=10 (full 0):
 garbage-first heap   total 124928K, used 104858K [0x0000000700000000, 0x0000000800000000)
  region size 2048K, 36 young (73728K), 4 survivors (8192K)
 Metaspace       used 55399K, committed 57216K, reserved 1114112K
  class space    used 7900K, committed 8832K, reserved 1048576K
}
Event: 23.359 GC heap after
{Heap after GC invocations=11 (full 0):
 garbage-first heap   total 151552K, used 42097K [0x0000000700000000, 0x0000000800000000)
  region size 2048K, 3 young (6144K), 3 survivors (6144K)
 Metaspace       used 55399K, committed 57216K, reserved 1114112K
  class space    used 7900K, committed 8832K, reserved 1048576K
}
Event: 25.590 GC heap before
{Heap before GC invocations=11 (full 0):
 garbage-first heap   total 151552K, used 76913K [0x0000000700000000, 0x0000000800000000)
  region size 2048K, 21 young (43008K), 3 survivors (6144K)
 Metaspace       used 58799K, committed 60608K, reserved 1114112K
  class space    used 8469K, committed 9408K, reserved 1048576K
}
Event: 25.612 GC heap after
{Heap after GC invocations=12 (full 0):
 garbage-first heap   total 151552K, used 45313K [0x0000000700000000, 0x0000000800000000)
  region size 2048K, 5 young (10240K), 5 survivors (10240K)
 Metaspace       used 58799K, committed 60608K, reserved 1114112K
  class space    used 8469K, committed 9408K, reserved 1048576K
}
Event: 28.792 GC heap before
{Heap before GC invocations=13 (full 0):
 garbage-first heap   total 151552K, used 131329K [0x0000000700000000, 0x0000000800000000)
  region size 2048K, 44 young (90112K), 5 survivors (10240K)
 Metaspace       used 62008K, committed 63936K, reserved 1114112K
  class space    used 8845K, committed 9792K, reserved 1048576K
}
Event: 28.817 GC heap after
{Heap after GC invocations=14 (full 0):
 garbage-first heap   total 159744K, used 69154K [0x0000000700000000, 0x0000000800000000)
  region size 2048K, 6 young (12288K), 6 survivors (12288K)
 Metaspace       used 62008K, committed 63936K, reserved 1114112K
  class space    used 8845K, committed 9792K, reserved 1048576K
}
Event: 30.820 GC heap before
{Heap before GC invocations=14 (full 0):
 garbage-first heap   total 159744K, used 132642K [0x0000000700000000, 0x0000000800000000)
  region size 2048K, 38 young (77824K), 6 survivors (12288K)
 Metaspace       used 66937K, committed 68864K, reserved 1114112K
  class space    used 9398K, committed 10368K, reserved 1048576K
}
Event: 30.875 GC heap after
{Heap after GC invocations=15 (full 0):
 garbage-first heap   total 159744K, used 74659K [0x0000000700000000, 0x0000000800000000)
  region size 2048K, 3 young (6144K), 3 survivors (6144K)
 Metaspace       used 66937K, committed 68864K, reserved 1114112K
  class space    used 9398K, committed 10368K, reserved 1048576K
}
Event: 33.554 GC heap before
{Heap before GC invocations=15 (full 0):
 garbage-first heap   total 159744K, used 136099K [0x0000000700000000, 0x0000000800000000)
  region size 2048K, 33 young (67584K), 3 survivors (6144K)
 Metaspace       used 72400K, committed 74432K, reserved 1114112K
  class space    used 10072K, committed 11072K, reserved 1048576K
}
Event: 33.568 GC heap after
{Heap after GC invocations=16 (full 0):
 garbage-first heap   total 159744K, used 77929K [0x0000000700000000, 0x0000000800000000)
  region size 2048K, 5 young (10240K), 5 survivors (10240K)
 Metaspace       used 72400K, committed 74432K, reserved 1114112K
  class space    used 10072K, committed 11072K, reserved 1048576K
}
Event: 34.039 GC heap before
{Heap before GC invocations=16 (full 0):
 garbage-first heap   total 159744K, used 86121K [0x0000000700000000, 0x0000000800000000)
  region size 2048K, 10 young (20480K), 5 survivors (10240K)
 Metaspace       used 73167K, committed 75136K, reserved 1114112K
  class space    used 10201K, committed 11200K, reserved 1048576K
}
Event: 34.050 GC heap after
{Heap after GC invocations=17 (full 0):
 garbage-first heap   total 159744K, used 78582K [0x0000000700000000, 0x0000000800000000)
  region size 2048K, 2 young (4096K), 2 survivors (4096K)
 Metaspace       used 73167K, committed 75136K, reserved 1114112K
  class space    used 10201K, committed 11200K, reserved 1048576K
}
Event: 36.484 GC heap before
{Heap before GC invocations=18 (full 0):
 garbage-first heap   total 159744K, used 144118K [0x0000000700000000, 0x0000000800000000)
  region size 2048K, 32 young (65536K), 2 survivors (4096K)
 Metaspace       used 76670K, committed 78784K, reserved 1179648K
  class space    used 10659K, committed 11712K, reserved 1048576K
}
Event: 36.508 GC heap after
{Heap after GC invocations=19 (full 0):
 garbage-first heap   total 159744K, used 86667K [0x0000000700000000, 0x0000000800000000)
  region size 2048K, 4 young (8192K), 4 survivors (8192K)
 Metaspace       used 76670K, committed 78784K, reserved 1179648K
  class space    used 10659K, committed 11712K, reserved 1048576K
}
Event: 38.350 GC heap before
{Heap before GC invocations=19 (full 0):
 garbage-first heap   total 159744K, used 139915K [0x0000000700000000, 0x0000000800000000)
  region size 2048K, 30 young (61440K), 4 survivors (8192K)
 Metaspace       used 77551K, committed 79616K, reserved 1179648K
  class space    used 10744K, committed 11776K, reserved 1048576K
}
Event: 38.376 GC heap after
{Heap after GC invocations=20 (full 0):
 garbage-first heap   total 159744K, used 90767K [0x0000000700000000, 0x0000000800000000)
  region size 2048K, 3 young (6144K), 3 survivors (6144K)
 Metaspace       used 77551K, committed 79616K, reserved 1179648K
  class space    used 10744K, committed 11776K, reserved 1048576K
}
Event: 38.535 GC heap before
{Heap before GC invocations=20 (full 0):
 garbage-first heap   total 159744K, used 94863K [0x0000000700000000, 0x0000000800000000)
  region size 2048K, 7 young (14336K), 3 survivors (6144K)
 Metaspace       used 77551K, committed 79616K, reserved 1179648K
  class space    used 10744K, committed 11776K, reserved 1048576K
}
Event: 38.546 GC heap after
{Heap after GC invocations=21 (full 0):
 garbage-first heap   total 192512K, used 95983K [0x0000000700000000, 0x0000000800000000)
  region size 2048K, 4 young (8192K), 4 survivors (8192K)
 Metaspace       used 77551K, committed 79616K, reserved 1179648K
  class space    used 10744K, committed 11776K, reserved 1048576K
}

Dll operation events (15 events):
Event: 0.051 Loaded shared library C:\Program Files\Java\jdk-21\bin\java.dll
Event: 0.137 Loaded shared library C:\Program Files\Java\jdk-21\bin\jsvml.dll
Event: 0.303 Loaded shared library C:\Program Files\Java\jdk-21\bin\zip.dll
Event: 0.317 Loaded shared library C:\Program Files\Java\jdk-21\bin\instrument.dll
Event: 0.332 Loaded shared library C:\Program Files\Java\jdk-21\bin\net.dll
Event: 0.350 Loaded shared library C:\Program Files\Java\jdk-21\bin\nio.dll
Event: 0.359 Loaded shared library C:\Program Files\Java\jdk-21\bin\zip.dll
Event: 1.344 Loaded shared library C:\Program Files\Java\jdk-21\bin\jimage.dll
Event: 1.596 Loaded shared library C:\Program Files\Java\jdk-21\bin\verify.dll
Event: 2.196 Loaded shared library C:\Users\linda\.gradle\native\c067742578af261105cb4f569cf0c3c89f3d7b1fecec35dd04571415982c5e48\windows-amd64\native-platform.dll
Event: 2.233 Loaded shared library C:\Users\linda\.gradle\native\38dada09dfb8b06ba9b0570ebf7e218e3eb74d4ef43ca46872605cf95ebc2f47\windows-amd64\native-platform-file-events.dll
Event: 5.615 Loaded shared library C:\Program Files\Java\jdk-21\bin\management.dll
Event: 5.622 Loaded shared library C:\Program Files\Java\jdk-21\bin\management_ext.dll
Event: 6.195 Loaded shared library C:\Program Files\Java\jdk-21\bin\extnet.dll
Event: 6.635 Loaded shared library C:\Program Files\Java\jdk-21\bin\sunmscapi.dll

Deoptimization events (20 events):
Event: 38.566 Thread 0x00000211f0099e30 Uncommon trap: trap_request=0xffffff45 fr.pc=0x00000211dc403ed0 relative=0x00000000000024f0
Event: 38.566 Thread 0x00000211f0099e30 Uncommon trap: reason=unstable_if action=reinterpret pc=0x00000211dc403ed0 method=java.util.zip.ZipFile$Source.isMetaName([BII)Z @ 57 c2
Event: 38.566 Thread 0x00000211f0099e30 DEOPT PACKING pc=0x00000211dc403ed0 sp=0x00000098330f30b0
Event: 38.566 Thread 0x00000211f0099e30 DEOPT UNPACKING pc=0x00000211dbaf46a2 sp=0x00000098330f3010 mode 2
Event: 38.618 Thread 0x00000211f0099e30 DEOPT PACKING pc=0x00000211d561400d sp=0x00000098330f3010
Event: 38.618 Thread 0x00000211f0099e30 DEOPT UNPACKING pc=0x00000211dbaf4e42 sp=0x00000098330f2580 mode 0
Event: 38.702 Thread 0x00000211f0099e30 Uncommon trap: trap_request=0xffffff76 fr.pc=0x00000211dc55e184 relative=0x00000000000001e4
Event: 38.702 Thread 0x00000211f0099e30 Uncommon trap: reason=predicate action=maybe_recompile pc=0x00000211dc55e184 method=java.util.LinkedHashMap.keysToArray([Ljava/lang/Object;Z)[Ljava/lang/Object; @ 53 c2
Event: 38.702 Thread 0x00000211f0099e30 DEOPT PACKING pc=0x00000211dc55e184 sp=0x00000098330f2ef0
Event: 38.702 Thread 0x00000211f0099e30 DEOPT UNPACKING pc=0x00000211dbaf46a2 sp=0x00000098330f2ea0 mode 2
Event: 38.779 Thread 0x00000211f0099e30 Uncommon trap: trap_request=0xffffff45 fr.pc=0x00000211dc38691c relative=0x000000000000007c
Event: 38.779 Thread 0x00000211f0099e30 Uncommon trap: reason=unstable_if action=reinterpret pc=0x00000211dc38691c method=java.lang.invoke.MemberName.isResolved()Z @ 4 c2
Event: 38.779 Thread 0x00000211f0099e30 DEOPT PACKING pc=0x00000211dc38691c sp=0x00000098330f0720
Event: 38.779 Thread 0x00000211f0099e30 DEOPT UNPACKING pc=0x00000211dbaf46a2 sp=0x00000098330f0620 mode 2
Event: 39.321 Thread 0x00000211f0099e30 Uncommon trap: trap_request=0xffffff45 fr.pc=0x00000211dc1ea71c relative=0x00000000000013dc
Event: 39.321 Thread 0x00000211f0099e30 Uncommon trap: reason=unstable_if action=reinterpret pc=0x00000211dc1ea71c method=java.util.concurrent.ConcurrentHashMap.transfer([Ljava/util/concurrent/ConcurrentHashMap$Node;[Ljava/util/concurrent/ConcurrentHashMap$Node;)V @ 352 c2
Event: 39.321 Thread 0x00000211f0099e30 DEOPT PACKING pc=0x00000211dc1ea71c sp=0x00000098330eea90
Event: 39.321 Thread 0x00000211f0099e30 DEOPT UNPACKING pc=0x00000211dbaf46a2 sp=0x00000098330eea28 mode 2
Event: 39.322 Thread 0x00000211f0099e30 DEOPT PACKING pc=0x00000211d4a72a0d sp=0x00000098330ee950
Event: 39.322 Thread 0x00000211f0099e30 DEOPT UNPACKING pc=0x00000211dbaf4e42 sp=0x00000098330edf30 mode 0

Classes loaded (20 events):
Event: 37.124 Loading class java/util/HashMapBeanInfo
Event: 37.124 Loading class java/util/HashMapBeanInfo done
Event: 37.125 Loading class java/util/HashMapCustomizer
Event: 37.125 Loading class java/util/HashMapCustomizer done
Event: 37.127 Loading class java/util/HashMapCustomizer
Event: 37.127 Loading class java/util/HashMapCustomizer done
Event: 37.134 Loading class java/util/LinkedHashMapCustomizer
Event: 37.134 Loading class java/util/LinkedHashMapCustomizer done
Event: 37.135 Loading class java/util/LinkedHashMapCustomizer
Event: 37.135 Loading class java/util/LinkedHashMapCustomizer done
Event: 38.251 Loading class java/lang/foreign/MemorySegment
Event: 38.251 Loading class java/lang/foreign/MemorySegment done
Event: 38.969 Loading class java/io/NotSerializableException
Event: 38.969 Loading class java/io/NotSerializableException done
Event: 39.267 Loading class sun/reflect/annotation/TypeAnnotationParser
Event: 39.268 Loading class sun/reflect/annotation/TypeAnnotationParser done
Event: 39.268 Loading class sun/reflect/annotation/TypeAnnotation
Event: 39.268 Loading class sun/reflect/annotation/TypeAnnotation done
Event: 39.268 Loading class sun/reflect/annotation/TypeAnnotation$TypeAnnotationTarget
Event: 39.268 Loading class sun/reflect/annotation/TypeAnnotation$TypeAnnotationTarget done

Classes unloaded (0 events):
No events

Classes redefined (0 events):
No events

Internal exceptions (20 events):
Event: 36.957 Thread 0x00000211f0099e30 Exception <a 'java/lang/ClassNotFoundException'{0x00000007081c15a8}: org/gradle/api/internal/DefaultDomainObjectSet_DecoratedCustomizer> (0x00000007081c15a8) 
thrown [s\open\src\hotspot\share\classfile\systemDictionary.cpp, line 312]
Event: 37.010 Thread 0x00000211f0099e30 Exception <a 'java/lang/ClassNotFoundException'{0x0000000707ecf008}: org/codehaus/groovy/runtime/MethodClosureBeanInfo> (0x0000000707ecf008) 
thrown [s\open\src\hotspot\share\classfile\systemDictionary.cpp, line 312]
Event: 37.012 Thread 0x00000211f0099e30 Exception <a 'java/lang/ClassNotFoundException'{0x0000000707eec5f8}: org/codehaus/groovy/runtime/MethodClosureCustomizer> (0x0000000707eec5f8) 
thrown [s\open\src\hotspot\share\classfile\systemDictionary.cpp, line 312]
Event: 37.031 Thread 0x00000211f0099e30 Exception <a 'java/lang/ClassNotFoundException'{0x0000000707f7a308}: org/gradle/api/internal/artifacts/dsl/dependencies/DefaultDependencyHandler_DecoratedBeanInfo> (0x0000000707f7a308) 
thrown [s\open\src\hotspot\share\classfile\systemDictionary.cpp, line 312]
Event: 37.034 Thread 0x00000211f0099e30 Exception <a 'java/lang/ClassNotFoundException'{0x0000000707f9dca8}: org/gradle/api/internal/artifacts/dsl/dependencies/DefaultDependencyHandlerBeanInfo> (0x0000000707f9dca8) 
thrown [s\open\src\hotspot\share\classfile\systemDictionary.cpp, line 312]
Event: 37.035 Thread 0x00000211f0099e30 Exception <a 'java/lang/ClassNotFoundException'{0x0000000707fc1608}: org/gradle/api/internal/artifacts/dsl/dependencies/DefaultDependencyHandlerCustomizer> (0x0000000707fc1608) 
thrown [s\open\src\hotspot\share\classfile\systemDictionary.cpp, line 312]
Event: 37.041 Thread 0x00000211f0099e30 Exception <a 'java/lang/ClassNotFoundException'{0x0000000707c17e38}: org/gradle/api/internal/artifacts/dsl/dependencies/DefaultDependencyHandler_DecoratedCustomizer> (0x0000000707c17e38) 
thrown [s\open\src\hotspot\share\classfile\systemDictionary.cpp, line 312]
Event: 37.072 Thread 0x00000211f0099e30 Exception <a 'java/lang/ClassNotFoundException'{0x0000000707cc3f00}: org/gradle/configuration/internal/DefaultListenerBuildOperationDecorator$BuildOperationEmittingClosureBeanInfo> (0x0000000707cc3f00) 
thrown [s\open\src\hotspot\share\classfile\systemDictionary.cpp, line 312]
Event: 37.076 Thread 0x00000211f0099e30 Exception <a 'java/lang/ClassNotFoundException'{0x0000000707ce2030}: org/gradle/configuration/internal/DefaultListenerBuildOperationDecorator$BuildOperationEmittingClosureCustomizer> (0x0000000707ce2030) 
thrown [s\open\src\hotspot\share\classfile\systemDictionary.cpp, line 312]
Event: 37.089 Thread 0x00000211f0099e30 Exception <a 'java/lang/IncompatibleClassChangeError'{0x0000000707d12bd8}: Found class java.lang.Object, but interface was expected> (0x0000000707d12bd8) 
thrown [s\open\src\hotspot\share\interpreter\linkResolver.cpp, line 840]
Event: 37.122 Thread 0x00000211f0099e30 Exception <a 'java/lang/ClassNotFoundException'{0x0000000707dcf6e8}: java/util/LinkedHashMapBeanInfo> (0x0000000707dcf6e8) 
thrown [s\open\src\hotspot\share\classfile\systemDictionary.cpp, line 312]
Event: 37.124 Thread 0x00000211f0099e30 Exception <a 'java/lang/ClassNotFoundException'{0x0000000707dda780}: java/util/HashMapBeanInfo> (0x0000000707dda780) 
thrown [s\open\src\hotspot\share\classfile\systemDictionary.cpp, line 312]
Event: 37.128 Thread 0x00000211f0099e30 Exception <a 'java/lang/ClassNotFoundException'{0x0000000707de5a98}: java/util/HashMapCustomizer> (0x0000000707de5a98) 
thrown [s\open\src\hotspot\share\classfile\systemDictionary.cpp, line 312]
Event: 37.135 Thread 0x00000211f0099e30 Exception <a 'java/lang/ClassNotFoundException'{0x000000070723ffe8}: java/util/LinkedHashMapCustomizer> (0x000000070723ffe8) 
thrown [s\open\src\hotspot\share\classfile\systemDictionary.cpp, line 312]
Event: 37.150 Thread 0x00000211f0099e30 Exception <a 'java/lang/ClassNotFoundException'{0x00000007072b4360}: org/apache/tools/ant/taskdefs/condition/OsBeanInfo> (0x00000007072b4360) 
thrown [s\open\src\hotspot\share\classfile\systemDictionary.cpp, line 312]
Event: 37.151 Thread 0x00000211f0099e30 Exception <a 'java/lang/ClassNotFoundException'{0x00000007072cc438}: org/apache/tools/ant/taskdefs/condition/OsCustomizer> (0x00000007072cc438) 
thrown [s\open\src\hotspot\share\classfile\systemDictionary.cpp, line 312]
Event: 37.365 Thread 0x00000211f0099e30 Implicit null exception at 0x00000211dc3e34dd to 0x00000211dc3e39ec
Event: 37.365 Thread 0x00000211f0099e30 Implicit null exception at 0x00000211dc3e27df to 0x00000211dc3e2cd0
Event: 37.390 Thread 0x00000211f0099e30 Exception <a 'sun/nio/fs/WindowsException'{0x00000007067cb2f8}> (0x00000007067cb2f8) 
thrown [s\open\src\hotspot\share\prims\jni.cpp, line 520]
Event: 38.779 Thread 0x00000211f0099e30 Exception <a 'java/lang/NoSuchMethodError'{0x0000000709e2d3f0}: method resolution failed> (0x0000000709e2d3f0) 
thrown [s\open\src\hotspot\share\prims\methodHandles.cpp, line 1144]

ZGC Phase Switch (0 events):
No events

VM Operations (20 events):
Event: 34.133 Executing VM operation: G1PauseRemark
Event: 34.153 Executing VM operation: G1PauseRemark done
Event: 34.207 Executing VM operation: G1PauseCleanup
Event: 34.207 Executing VM operation: G1PauseCleanup done
Event: 35.217 Executing VM operation: Cleanup
Event: 35.217 Executing VM operation: Cleanup done
Event: 36.231 Executing VM operation: Cleanup
Event: 36.231 Executing VM operation: Cleanup done
Event: 36.484 Executing VM operation: G1CollectForAllocation (G1 Evacuation Pause)
Event: 36.508 Executing VM operation: G1CollectForAllocation (G1 Evacuation Pause) done
Event: 37.522 Executing VM operation: Cleanup
Event: 37.522 Executing VM operation: Cleanup done
Event: 38.233 Executing VM operation: ICBufferFull
Event: 38.233 Executing VM operation: ICBufferFull done
Event: 38.350 Executing VM operation: G1CollectForAllocation (G1 Evacuation Pause)
Event: 38.377 Executing VM operation: G1CollectForAllocation (G1 Evacuation Pause) done
Event: 38.534 Executing VM operation: G1TryInitiateConcMark (G1 Humongous Allocation)
Event: 38.546 Executing VM operation: G1TryInitiateConcMark (G1 Humongous Allocation) done
Event: 39.553 Executing VM operation: Cleanup
Event: 39.554 Executing VM operation: Cleanup done

Events (20 events):
Event: 34.904 Thread 0x00000211f7e2b470 Thread exited: 0x00000211f7e2b470
Event: 34.932 Thread 0x00000211f57f69c0 Thread added: 0x00000211f57f69c0
Event: 35.535 Thread 0x00000211f57f69c0 Thread exited: 0x00000211f57f69c0
Event: 36.031 Thread 0x00000211f57f7e30 Thread added: 0x00000211f57f7e30
Event: 36.995 Thread 0x00000211f57f69c0 Thread added: 0x00000211f57f69c0
Event: 38.025 Thread 0x00000211f42c1dc0 Thread added: 0x00000211f42c1dc0
Event: 38.026 Thread 0x00000211f42bf660 Thread added: 0x00000211f42bf660
Event: 38.028 Thread 0x00000211f42c3800 Thread added: 0x00000211f42c3800
Event: 38.030 Thread 0x00000211f42c4bb0 Thread added: 0x00000211f42c4bb0
Event: 38.031 Thread 0x00000211f42c5240 Thread added: 0x00000211f42c5240
Event: 38.033 Thread 0x00000211f42c2ae0 Thread added: 0x00000211f42c2ae0
Event: 38.033 Thread 0x00000211f42c58d0 Thread added: 0x00000211f42c58d0
Event: 38.034 Thread 0x00000211f42c5f60 Thread added: 0x00000211f42c5f60
Event: 38.034 Thread 0x00000211f42c65f0 Thread added: 0x00000211f42c65f0
Event: 38.039 Thread 0x00000211f42c6c80 Thread added: 0x00000211f42c6c80
Event: 38.041 Thread 0x00000211f0f62d00 Thread added: 0x00000211f0f62d00
Event: 38.501 Thread 0x00000211f57f69c0 Thread exited: 0x00000211f57f69c0
Event: 38.742 Thread 0x00000211f57f7e30 Thread exited: 0x00000211f57f7e30
Event: 38.831 Thread 0x00000211f57f7760 Thread added: 0x00000211f57f7760
Event: 39.276 Thread 0x00000211f57f7760 Thread exited: 0x00000211f57f7760


Dynamic libraries:
0x00007ff62fa10000 - 0x00007ff62fa20000 	C:\Program Files\Java\jdk-21\bin\java.exe
0x00007ff8c6880000 - 0x00007ff8c6ae8000 	C:\WINDOWS\SYSTEM32\ntdll.dll
0x00007ff894410000 - 0x00007ff894430000 	C:\Program Files\Avast Software\Avast\aswhook.dll
0x00007ff8c5330000 - 0x00007ff8c53f9000 	C:\WINDOWS\System32\KERNEL32.DLL
0x00007ff8c3b50000 - 0x00007ff8c3f48000 	C:\WINDOWS\System32\KERNELBASE.dll
0x00007ff8c4440000 - 0x00007ff8c458b000 	C:\WINDOWS\System32\ucrtbase.dll
0x00007ff878b00000 - 0x00007ff878b1b000 	C:\Program Files\Java\jdk-21\bin\VCRUNTIME140.dll
0x00007ff878b20000 - 0x00007ff878b39000 	C:\Program Files\Java\jdk-21\bin\jli.dll
0x00007ff8c4790000 - 0x00007ff8c4844000 	C:\WINDOWS\System32\ADVAPI32.dll
0x00007ff8c4620000 - 0x00007ff8c46c9000 	C:\WINDOWS\System32\msvcrt.dll
0x00007ff8c5570000 - 0x00007ff8c5616000 	C:\WINDOWS\System32\sechost.dll
0x00007ff8c5400000 - 0x00007ff8c5518000 	C:\WINDOWS\System32\RPCRT4.dll
0x00007ff895840000 - 0x00007ff895ad4000 	C:\WINDOWS\WinSxS\amd64_microsoft.windows.common-controls_6595b64144ccf1df_6.0.26100.7019_none_3e06ffa0e335b8a8\COMCTL32.dll
0x00007ff8c5730000 - 0x00007ff8c58f7000 	C:\WINDOWS\System32\USER32.dll
0x00007ff8c5b80000 - 0x00007ff8c5bab000 	C:\WINDOWS\System32\GDI32.dll
0x00007ff8c3f50000 - 0x00007ff8c3f77000 	C:\WINDOWS\System32\win32u.dll
0x00007ff8c4310000 - 0x00007ff8c443c000 	C:\WINDOWS\System32\gdi32full.dll
0x00007ff8c4260000 - 0x00007ff8c4303000 	C:\WINDOWS\System32\msvcp_win.dll
0x00007ff8aeec0000 - 0x00007ff8aeecb000 	C:\WINDOWS\SYSTEM32\VERSION.dll
0x00007ff8c60c0000 - 0x00007ff8c60f1000 	C:\WINDOWS\System32\IMM32.DLL
0x00007ff8a0f70000 - 0x00007ff8a0f7c000 	C:\Program Files\Java\jdk-21\bin\vcruntime140_1.dll
0x00007ff837140000 - 0x00007ff8371ce000 	C:\Program Files\Java\jdk-21\bin\msvcp140.dll
0x00007fffe7c40000 - 0x00007fffe895d000 	C:\Program Files\Java\jdk-21\bin\server\jvm.dll
0x00007ff8c5bb0000 - 0x00007ff8c5c24000 	C:\WINDOWS\System32\WS2_32.dll
0x00007ff8c3850000 - 0x00007ff8c38ae000 	C:\WINDOWS\SYSTEM32\POWRPROF.dll
0x00007ff8ba7f0000 - 0x00007ff8ba825000 	C:\WINDOWS\SYSTEM32\WINMM.dll
0x00007ff8c3830000 - 0x00007ff8c3844000 	C:\WINDOWS\SYSTEM32\UMPDC.dll
0x00007ff8c2730000 - 0x00007ff8c274b000 	C:\WINDOWS\SYSTEM32\kernel.appcore.dll
0x00007ff89aa90000 - 0x00007ff89aa9a000 	C:\Program Files\Java\jdk-21\bin\jimage.dll
0x00007ff8c1070000 - 0x00007ff8c12b2000 	C:\WINDOWS\SYSTEM32\DBGHELP.DLL
0x00007ff8c5d30000 - 0x00007ff8c60bb000 	C:\WINDOWS\System32\combase.dll
0x00007ff8c66e0000 - 0x00007ff8c67b7000 	C:\WINDOWS\System32\OLEAUT32.dll
0x00007ff8ae830000 - 0x00007ff8ae86c000 	C:\WINDOWS\SYSTEM32\dbgcore.DLL
0x00007ff8c41b0000 - 0x00007ff8c4255000 	C:\WINDOWS\System32\bcryptPrimitives.dll
0x00007ff893950000 - 0x00007ff89395f000 	C:\Program Files\Java\jdk-21\bin\instrument.dll
0x00007ff878040000 - 0x00007ff87805f000 	C:\Program Files\Java\jdk-21\bin\java.dll
0x00007ff8c4880000 - 0x00007ff8c4fcf000 	C:\WINDOWS\System32\SHELL32.dll
0x00007ff8c3f80000 - 0x00007ff8c40eb000 	C:\WINDOWS\System32\wintypes.dll
0x00007ff8c1440000 - 0x00007ff8c1c9d000 	C:\WINDOWS\SYSTEM32\windows.storage.dll
0x00007ff8c5c30000 - 0x00007ff8c5d22000 	C:\WINDOWS\System32\SHCORE.dll
0x00007ff8c67c0000 - 0x00007ff8c6827000 	C:\WINDOWS\System32\shlwapi.dll
0x00007ff8c38f0000 - 0x00007ff8c3919000 	C:\WINDOWS\SYSTEM32\profapi.dll
0x00007ff832440000 - 0x00007ff832517000 	C:\Program Files\Java\jdk-21\bin\jsvml.dll
0x00007ff877020000 - 0x00007ff877038000 	C:\Program Files\Java\jdk-21\bin\zip.dll
0x00007ff8841f0000 - 0x00007ff884200000 	C:\Program Files\Java\jdk-21\bin\net.dll
0x00007ff8b8d10000 - 0x00007ff8b8e38000 	C:\WINDOWS\SYSTEM32\WINHTTP.dll
0x00007ff8c2d00000 - 0x00007ff8c2d6b000 	C:\WINDOWS\system32\mswsock.dll
0x00007ff876b30000 - 0x00007ff876b46000 	C:\Program Files\Java\jdk-21\bin\nio.dll
0x00007ff87ff30000 - 0x00007ff87ff40000 	C:\Program Files\Java\jdk-21\bin\verify.dll
0x00007ff86cb90000 - 0x00007ff86cbb7000 	C:\Users\linda\.gradle\native\c067742578af261105cb4f569cf0c3c89f3d7b1fecec35dd04571415982c5e48\windows-amd64\native-platform.dll
0x00007ff829460000 - 0x00007ff8295a4000 	C:\Users\linda\.gradle\native\38dada09dfb8b06ba9b0570ebf7e218e3eb74d4ef43ca46872605cf95ebc2f47\windows-amd64\native-platform-file-events.dll
0x00007ff8775a0000 - 0x00007ff8775aa000 	C:\Program Files\Java\jdk-21\bin\management.dll
0x00007ff877010000 - 0x00007ff87701b000 	C:\Program Files\Java\jdk-21\bin\management_ext.dll
0x00007ff8c5720000 - 0x00007ff8c5728000 	C:\WINDOWS\System32\PSAPI.DLL
0x00007ff8c2fd0000 - 0x00007ff8c2feb000 	C:\WINDOWS\SYSTEM32\CRYPTSP.dll
0x00007ff8c26f0000 - 0x00007ff8c272a000 	C:\WINDOWS\system32\rsaenh.dll
0x00007ff8c2db0000 - 0x00007ff8c2ddb000 	C:\WINDOWS\SYSTEM32\USERENV.dll
0x00007ff8c38c0000 - 0x00007ff8c38ea000 	C:\WINDOWS\SYSTEM32\bcrypt.dll
0x00007ff8c2fc0000 - 0x00007ff8c2fcc000 	C:\WINDOWS\SYSTEM32\CRYPTBASE.dll
0x00007ff8c22a0000 - 0x00007ff8c22d4000 	C:\WINDOWS\SYSTEM32\IPHLPAPI.DLL
0x00007ff8c4870000 - 0x00007ff8c487a000 	C:\WINDOWS\System32\NSI.dll
0x00007ff875a40000 - 0x00007ff875a49000 	C:\Program Files\Java\jdk-21\bin\extnet.dll
0x00007ff875a30000 - 0x00007ff875a3e000 	C:\Program Files\Java\jdk-21\bin\sunmscapi.dll
0x00007ff8c39d0000 - 0x00007ff8c3b47000 	C:\WINDOWS\System32\CRYPT32.dll
0x00007ff8c31e0000 - 0x00007ff8c3210000 	C:\WINDOWS\SYSTEM32\ncrypt.dll
0x00007ff8c3190000 - 0x00007ff8c31cf000 	C:\WINDOWS\SYSTEM32\NTASN1.dll
0x00007ff893dc0000 - 0x00007ff893dc8000 	C:\WINDOWS\system32\wshunix.dll

dbghelp: loaded successfully - version: 4.0.5 - missing functions: none
symbol engine: initialized successfully - sym options: 0x614 - pdb path: .;C:\Program Files\Java\jdk-21\bin;C:\WINDOWS\SYSTEM32;C:\Program Files\Avast Software\Avast;C:\WINDOWS\WinSxS\amd64_microsoft.windows.common-controls_6595b64144ccf1df_6.0.26100.7019_none_3e06ffa0e335b8a8;C:\Program Files\Java\jdk-21\bin\server;C:\Users\linda\.gradle\native\c067742578af261105cb4f569cf0c3c89f3d7b1fecec35dd04571415982c5e48\windows-amd64;C:\Users\linda\.gradle\native\38dada09dfb8b06ba9b0570ebf7e218e3eb74d4ef43ca46872605cf95ebc2f47\windows-amd64

VM Arguments:
jvm_args: -XX:MaxMetaspaceSize=2G -XX:+HeapDumpOnOutOfMemoryError --add-opens=java.base/java.util=ALL-UNNAMED --add-opens=java.base/java.lang=ALL-UNNAMED --add-opens=java.base/java.lang.invoke=ALL-UNNAMED --add-opens=java.prefs/java.util.prefs=ALL-UNNAMED --add-opens=java.base/java.nio.charset=ALL-UNNAMED --add-opens=java.base/java.net=ALL-UNNAMED --add-opens=java.base/java.util.concurrent.atomic=ALL-UNNAMED -Xmx4G -Dfile.encoding=UTF-8 -Duser.country=IN -Duser.language=en -Duser.variant -javaagent:C:\Users\linda\.gradle\wrapper\dists\gradle-8.5-all\3zlzzgtsutfj0pbojr50n2l7z\gradle-8.5\lib\agents\gradle-instrumentation-agent-8.5.jar 
java_command: org.gradle.launcher.daemon.bootstrap.GradleDaemon 8.5
java_class_path (initial): C:\Users\linda\.gradle\wrapper\dists\gradle-8.5-all\3zlzzgtsutfj0pbojr50n2l7z\gradle-8.5\lib\gradle-launcher-8.5.jar
Launcher Type: SUN_STANDARD

[Global flags]
     intx CICompilerCount                          = 4                                         {product} {ergonomic}
     uint ConcGCThreads                            = 3                                         {product} {ergonomic}
     uint G1ConcRefinementThreads                  = 10                                        {product} {ergonomic}
   size_t G1HeapRegionSize                         = 2097152                                   {product} {ergonomic}
    uintx GCDrainStackTargetSize                   = 64                                        {product} {ergonomic}
     bool HeapDumpOnOutOfMemoryError               = true                                   {manageable} {command line}
   size_t InitialHeapSize                          = 264241152                                 {product} {ergonomic}
   size_t MarkStackSize                            = 4194304                                   {product} {ergonomic}
   size_t MaxHeapSize                              = 4294967296                                {product} {command line}
   size_t MaxMetaspaceSize                         = 2147483648                                {product} {command line}
   size_t MaxNewSize                               = 2575302656                                {product} {ergonomic}
   size_t MinHeapDeltaBytes                        = 2097152                                   {product} {ergonomic}
   size_t MinHeapSize                              = 8388608                                   {product} {ergonomic}
    uintx NonNMethodCodeHeapSize                   = 5839372                                {pd product} {ergonomic}
    uintx NonProfiledCodeHeapSize                  = 122909434                              {pd product} {ergonomic}
    uintx ProfiledCodeHeapSize                     = 122909434                              {pd product} {ergonomic}
    uintx ReservedCodeCacheSize                    = 251658240                              {pd product} {ergonomic}
     bool SegmentedCodeCache                       = true                                      {product} {ergonomic}
   size_t SoftMaxHeapSize                          = 4294967296                             {manageable} {ergonomic}
     bool UseCompressedOops                        = true                           {product lp64_product} {ergonomic}
     bool UseG1GC                                  = true                                      {product} {ergonomic}
     bool UseLargePagesIndividualAllocation        = false                                  {pd product} {ergonomic}

Logging:
Log output configuration:
 #0: stdout all=warning uptime,level,tags foldmultilines=false
 #1: stderr all=off uptime,level,tags foldmultilines=false

Environment Variables:
CLASSPATH=N:\Projects\wd projects git\wd_portal_app_flutter\android\\gradle\wrapper\gradle-wrapper.jar
PATH=C:\Program Files\Eclipse Adoptium\jdk-21.0.7.6-hotspot\bin;C:\Program Files\Common Files\Oracle\Java\javapath;C:\windows\system32;C:\windows;C:\windows\System32\Wbem;C:\windows\System32\WindowsPowerShell\v1.0\;C:\windows\System32\OpenSSH\;C:\Program Files\Microsoft SQL Server\150\Tools\Binn\;C:\Program Files\Microsoft SQL Server\Client SDK\ODBC\170\Tools\Binn\;C:\Program Files\dotnet\;C:\Program Files (x86)\Windows Kits\10\Windows Performance Toolkit\;C:\Program Files\HP\HP One Agent;C:\src\flutter\bin;C:\Users\linda\AppData\Roaming\nvm;C:\Program Files\nodejs;C:\WINDOWS\system32;C:\WINDOWS;C:\WINDOWS\System32\Wbem;C:\WINDOWS\System32\WindowsPowerShell\v1.0\;C:\WINDOWS\System32\OpenSSH\;C:\Program Files\TortoiseGit\bin;C:\Program Files\Git\cmd;C:\Program Files\PuTTY\;C:\Program Files\Java\jdk-21\bin;C:\maven\bin;C:\Program Files\Git\cmd;C:\Users\linda\AppData\Local\Microsoft\WindowsApps;C:\Users\linda\AppData\Local\Programs\Microsoft VS Code\bin;N:\dev\flutter\bin;C:\Users\linda\.dotnet\tools;C:\Program Files (x86)\Android\android-sdk\cmdline-tools\7.0\bin;C:\Users\linda\AppData\Roaming\npm;C:\Users\linda\AppData\Roaming\nvm;C:\Program Files\nodejs;N:\programfiles\cursor\resources\app\bin;C:\Program Files\Git\cmd;C:\Users\linda\AppData\Local\Android\Sdk\build-tools\34.0.0;
USERNAME=linda
OS=Windows_NT
PROCESSOR_IDENTIFIER=Intel64 Family 6 Model 186 Stepping 3, GenuineIntel
TMP=C:\Users\linda\AppData\Local\Temp
TEMP=C:\Users\linda\AppData\Local\Temp




Periodic native trim disabled

---------------  S Y S T E M  ---------------

OS:
 Windows 11 , 64 bit Build 26100 (10.0.26100.7019)
OS uptime: 0 days 22:36 hours
Hyper-V role detected

CPU: total 12 (initial active 12) (6 cores per cpu, 2 threads per core) family 6 model 186 stepping 3 microcode 0x4121, cx8, cmov, fxsr, ht, mmx, 3dnowpref, sse, sse2, sse3, ssse3, sse4.1, sse4.2, popcnt, lzcnt, tsc, tscinvbit, avx, avx2, aes, erms, clmul, bmi1, bmi2, adx, sha, fma, vzeroupper, clflush, clflushopt, clwb, hv, serialize, rdtscp, rdpid, fsrm, f16c, cet_ibt, cet_ss
Processor Information for processor 0
  Max Mhz: 1300, Current Mhz: 1300, Mhz Limit: 1300
Processor Information for processor 1
  Max Mhz: 1300, Current Mhz: 1300, Mhz Limit: 1300
Processor Information for processor 2
  Max Mhz: 1300, Current Mhz: 1300, Mhz Limit: 1300
Processor Information for processor 3
  Max Mhz: 1300, Current Mhz: 1300, Mhz Limit: 1300
Processor Information for processor 4
  Max Mhz: 1300, Current Mhz: 900, Mhz Limit: 897
Processor Information for processor 5
  Max Mhz: 1300, Current Mhz: 900, Mhz Limit: 897
Processor Information for processor 6
  Max Mhz: 1300, Current Mhz: 900, Mhz Limit: 897
Processor Information for processor 7
  Max Mhz: 1300, Current Mhz: 900, Mhz Limit: 897
Processor Information for processor 8
  Max Mhz: 1300, Current Mhz: 900, Mhz Limit: 897
Processor Information for processor 9
  Max Mhz: 1300, Current Mhz: 900, Mhz Limit: 897
Processor Information for processor 10
  Max Mhz: 1300, Current Mhz: 900, Mhz Limit: 897
Processor Information for processor 11
  Max Mhz: 1300, Current Mhz: 900, Mhz Limit: 897

Memory: 4k page, system-wide physical 16027M (622M free)
TotalPageFile size 27977M (AvailPageFile size 27M)
current process WorkingSet (physical memory assigned to process): 439M, peak: 439M
current process commit charge ("private bytes"): 486M, peak: 486M

vm_info: Java HotSpot(TM) 64-Bit Server VM (21.0.8+12-LTS-250) for windows-amd64 JRE (21.0.8+12-LTS-250), built on 2025-06-27T08:11:22Z by "mach5one" with MS VC++ 17.6 (VS2022)

END.
