#
# There is insufficient memory for the Java Runtime Environment to continue.
# Native memory allocation (mmap) failed to map 65536 bytes for Failed to commit metaspace.
# Possible reasons:
#   The system is out of physical RAM or swap space
#   The process is running with CompressedOops enabled, and the Java Heap may be blocking the growth of the native heap
# Possible solutions:
#   Reduce memory load on the system
#   Increase physical memory or swap space
#   Check if swap backing store is full
#   Decrease Java heap size (-Xmx/-Xms)
#   Decrease number of Java threads
#   Decrease Java thread stack sizes (-Xss)
#   Set larger code cache with -XX:ReservedCodeCacheSize=
#
#  
#
# 
V  [jvm.dll+0x8584c1]
V  [jvm.dll+0x85a9ee]
V  [jvm.dll+0x85b0c3]
V  [jvm.dll+0x27ebf6]
V  [jvm.dll+0x8540de]
V  [jvm.dll+0x66fdb5]
V  [jvm.dll+0x1e4c4c]
V  [jvm.dll+0x1e4a1e]
V  [jvm.dll+0x6726e3]
V  [jvm.dll+0x672502]
V  [jvm.dll+0x67078e]
V  [jvm.dll+0x26a370]
V  [jvm.dll+0x2163d7]
V  [jvm.dll+0x20bd2e]
V  [jvm.dll+0x5aecec]
V  [jvm.dll+0x7d25b6]
V  [jvm.dll+0x472676]
V  [jvm.dll+0x4784f8]
C  [java.dll+0x17ec]

Java frames: (J=compiled Java code, j=interpreted, Vv=VM code)
J 654  java.lang.ClassLoader.defineClass1(Ljava/lang/ClassLoader;Ljava/lang/String;[BIILjava/security/ProtectionDomain;Ljava/lang/String;)Ljava/lang/Class; java.base@21.0.8 (0 bytes) @ 0x0000015687b0b191 [0x0000015687b0b0c0+0x00000000000000d1]
J 980 c1 java.lang.ClassLoader.defineClass(Ljava/lang/String;[BIILjava/security/ProtectionDomain;)Ljava/lang/Class; java.base@21.0.8 (43 bytes) @ 0x00000156801c438c [0x00000156801c4020+0x000000000000036c]
J 934 c1 java.security.SecureClassLoader.defineClass(Ljava/lang/String;[BIILjava/security/CodeSource;)Ljava/lang/Class; java.base@21.0.8 (16 bytes) @ 0x00000156801ab61c [0x00000156801ab540+0x00000000000000dc]
J 861 c1 java.net.URLClassLoader.defineClass(Ljava/lang/String;Ljdk/internal/loader/Resource;)Ljava/lang/Class; java.base@21.0.8 (224 bytes) @ 0x00000156801838d4 [0x0000015680182100+0x00000000000017d4]
J 818 c1 java.net.URLClassLoader$1.run()Ljava/lang/Class; java.base@21.0.8 (81 bytes) @ 0x000001568016093c [0x000001568015fcc0+0x0000000000000c7c]
J 757 c1 java.net.URLClassLoader$1.run()Ljava/lang/Object; java.base@21.0.8 (5 bytes) @ 0x0000015680148b54 [0x0000015680148ac0+0x0000000000000094]
J 674 c1 java.security.AccessController.doPrivileged(Ljava/security/PrivilegedExceptionAction;Ljava/security/AccessControlContext;)Ljava/lang/Object; java.base@21.0.8 (26 bytes) @ 0x0000015680112c94 [0x0000015680112aa0+0x00000000000001f4]
J 756 c1 java.net.URLClassLoader.findClass(Ljava/lang/String;)Ljava/lang/Class; java.base@21.0.8 (47 bytes) @ 0x0000015680148254 [0x00000156801480a0+0x00000000000001b4]
J 738 c1 java.lang.ClassLoader.loadClass(Ljava/lang/String;Z)Ljava/lang/Class; java.base@21.0.8 (121 bytes) @ 0x000001568013e844 [0x000001568013e260+0x00000000000005e4]
J 634 c1 java.lang.ClassLoader.loadClass(Ljava/lang/String;)Ljava/lang/Class; java.base@21.0.8 (7 bytes) @ 0x00000156801031d4 [0x00000156801030c0+0x0000000000000114]
v  ~StubRoutines::call_stub 0x000001568753100d
j  com.google.common.collect.Sets.newHashSetWithExpectedSize(I)Ljava/util/HashSet;+5
j  com.google.common.collect.Sets.newHashSet([Ljava/lang/Object;)Ljava/util/HashSet;+2
j  org.gradle.internal.jvm.Jvm.<clinit>()V+22
v  ~StubRoutines::call_stub 0x000001568753100d
j  org.gradle.internal.jvm.inspection.CachingJvmMetadataDetector.<init>(Lorg/gradle/internal/jvm/inspection/JvmMetadataDetector;)V+28
j  org.gradle.internal.service.scopes.BasicGlobalScopeServices.createJvmMetadataDetector(Lorg/gradle/process/internal/ExecHandleFactory;Lorg/gradle/api/internal/file/temp/TemporaryFileProvider;)Lorg/gradle/internal/jvm/inspection/JvmMetadataDetector;+27
j  java.lang.invoke.LambdaForm$DMH+0x00000156900b9000.invokeVirtual(Ljava/lang/Object;Ljava/lang/Object;Ljava/lang/Object;Ljava/lang/Object;)Ljava/lang/Object;+14 java.base@21.0.8
j  java.lang.invoke.LambdaForm$MH+0x00000156900c1000.invoke(Ljava/lang/Object;Ljava/lang/Object;Ljava/lang/Object;Ljava/lang/Object;)Ljava/lang/Object;+73 java.base@21.0.8
j  java.lang.invoke.LambdaForm$MH+0x000001569000a000.invokeExact_MT(Ljava/lang/Object;Ljava/lang/Object;Ljava/lang/Object;Ljava/lang/Object;Ljava/lang/Object;)Ljava/lang/Object;+22 java.base@21.0.8
j  jdk.internal.reflect.DirectMethodHandleAccessor.invokeImpl(Ljava/lang/Object;[Ljava/lang/Object;)Ljava/lang/Object;+72 java.base@21.0.8
j  jdk.internal.reflect.DirectMethodHandleAccessor.invoke(Ljava/lang/Object;[Ljava/lang/Object;)Ljava/lang/Object;+23 java.base@21.0.8
j  java.lang.reflect.Method.invoke(Ljava/lang/Object;[Ljava/lang/Object;)Ljava/lang/Object;+102 java.base@21.0.8
j  org.gradle.internal.reflect.JavaMethod.invoke(Ljava/lang/Object;[Ljava/lang/Object;)Ljava/lang/Object;+6
j  org.gradle.internal.service.ReflectionBasedServiceMethod.invoke(Ljava/lang/Object;[Ljava/lang/Object;)Ljava/lang/Object;+6
j  org.gradle.internal.service.DefaultServiceRegistry$FactoryMethodService.invokeMethod([Ljava/lang/Object;)Ljava/lang/Object;+9
j  org.gradle.internal.service.DefaultServiceRegistry$FactoryService.createServiceInstance()Ljava/lang/Object;+7
j  org.gradle.internal.service.DefaultServiceRegistry$ManagedObjectServiceProvider.getInstance()Ljava/lang/Object;+24
j  org.gradle.internal.service.DefaultServiceRegistry$SingletonService.get()Ljava/lang/Object;+1
j  org.gradle.internal.service.DefaultServiceRegistry$FactoryService.assembleParameters()[Ljava/lang/Object;+44
j  org.gradle.internal.service.DefaultServiceRegistry$FactoryService.createServiceInstance()Ljava/lang/Object;+1
j  org.gradle.internal.service.DefaultServiceRegistry$ManagedObjectServiceProvider.getInstance()Ljava/lang/Object;+24
j  org.gradle.internal.service.DefaultServiceRegistry$SingletonService.get()Ljava/lang/Object;+1
j  org.gradle.internal.service.DefaultServiceRegistry.find(Ljava/lang/reflect/Type;)Ljava/lang/Object;+22
j  org.gradle.internal.service.DefaultServiceRegistry.get(Ljava/lang/reflect/Type;)Ljava/lang/Object;+2
j  org.gradle.internal.service.DefaultServiceRegistry.get(Ljava/lang/Class;)Ljava/lang/Object;+3
j  org.gradle.launcher.cli.BuildActionsFactory.<init>(Lorg/gradle/internal/service/ServiceRegistry;)V+96
j  org.gradle.launcher.cli.DefaultCommandLineActionFactory.createBuildActionFactoryActionCreator(Lorg/gradle/internal/service/ServiceRegistry;Ljava/util/List;)V+6
j  org.gradle.launcher.cli.DefaultCommandLineActionFactory$ParseAndBuildAction.execute(Lorg/gradle/launcher/bootstrap/ExecutionListener;)V+12
j  org.gradle.launcher.cli.DefaultCommandLineActionFactory$ParseAndBuildAction.execute(Ljava/lang/Object;)V+5
j  org.gradle.launcher.cli.DebugLoggerWarningAction.execute(Lorg/gradle/launcher/bootstrap/ExecutionListener;)V+9
j  org.gradle.launcher.cli.DebugLoggerWarningAction.execute(Ljava/lang/Object;)V+5
j  org.gradle.launcher.cli.WelcomeMessageAction.execute(Lorg/gradle/launcher/bootstrap/ExecutionListener;)V+218
j  org.gradle.launcher.cli.WelcomeMessageAction.execute(Ljava/lang/Object;)V+5
j  org.gradle.launcher.cli.NativeServicesInitializingAction.execute(Lorg/gradle/launcher/bootstrap/ExecutionListener;)V+35
j  org.gradle.launcher.cli.NativeServicesInitializingAction.execute(Ljava/lang/Object;)V+5
j  org.gradle.launcher.cli.ExceptionReportingAction.execute(Lorg/gradle/launcher/bootstrap/ExecutionListener;)V+5
j  org.gradle.launcher.cli.ExceptionReportingAction.execute(Ljava/lang/Object;)V+5
j  org.gradle.launcher.cli.DefaultCommandLineActionFactory$WithLogging.execute(Lorg/gradle/launcher/bootstrap/ExecutionListener;)V+299
j  org.gradle.launcher.Main.doAction([Ljava/lang/String;Lorg/gradle/launcher/bootstrap/ExecutionListener;)V+14
j  org.gradle.launcher.bootstrap.EntryPoint.run([Ljava/lang/String;)V+12
j  java.lang.invoke.DirectMethodHandle$Holder.invokeVirtual(Ljava/lang/Object;Ljava/lang/Object;Ljava/lang/Object;)V+11 java.base@21.0.8
j  java.lang.invoke.LambdaForm$MH+0x0000015690012800.invoke(Ljava/lang/Object;Ljava/lang/Object;Ljava/lang/Object;)Ljava/lang/Object;+52 java.base@21.0.8
j  java.lang.invoke.Invokers$Holder.invokeExact_MT(Ljava/lang/Object;Ljava/lang/Object;Ljava/lang/Object;Ljava/lang/Object;)Ljava/lang/Object;+20 java.base@21.0.8
j  jdk.internal.reflect.DirectMethodHandleAccessor.invokeImpl(Ljava/lang/Object;[Ljava/lang/Object;)Ljava/lang/Object;+55 java.base@21.0.8
j  jdk.internal.reflect.DirectMethodHandleAccessor.invoke(Ljava/lang/Object;[Ljava/lang/Object;)Ljava/lang/Object;+23 java.base@21.0.8
j  java.lang.reflect.Method.invoke(Ljava/lang/Object;[Ljava/lang/Object;)Ljava/lang/Object;+102 java.base@21.0.8
j  org.gradle.launcher.bootstrap.ProcessBootstrap.runNoExit(Ljava/lang/String;[Ljava/lang/String;)V+155
j  org.gradle.launcher.bootstrap.ProcessBootstrap.run(Ljava/lang/String;[Ljava/lang/String;)V+2
j  java.lang.invoke.LambdaForm$DMH+0x0000015690008400.invokeStatic(Ljava/lang/Object;Ljava/lang/Object;Ljava/lang/Object;)V+11 java.base@21.0.8
j  java.lang.invoke.LambdaForm$MH+0x0000015690009c00.invoke(Ljava/lang/Object;Ljava/lang/Object;Ljava/lang/Object;Ljava/lang/Object;)Ljava/lang/Object;+54 java.base@21.0.8
j  java.lang.invoke.LambdaForm$MH+0x000001569000a000.invokeExact_MT(Ljava/lang/Object;Ljava/lang/Object;Ljava/lang/Object;Ljava/lang/Object;Ljava/lang/Object;)Ljava/lang/Object;+22 java.base@21.0.8
j  jdk.internal.reflect.DirectMethodHandleAccessor.invokeImpl(Ljava/lang/Object;[Ljava/lang/Object;)Ljava/lang/Object;+72 java.base@21.0.8
j  jdk.internal.reflect.DirectMethodHandleAccessor.invoke(Ljava/lang/Object;[Ljava/lang/Object;)Ljava/lang/Object;+23 java.base@21.0.8
j  java.lang.reflect.Method.invoke(Ljava/lang/Object;[Ljava/lang/Object;)Ljava/lang/Object;+102 java.base@21.0.8
j  org.gradle.launcher.GradleMain.main([Ljava/lang/String;)V+100
j  java.lang.invoke.LambdaForm$DMH+0x0000015690004400.invokeStatic(Ljava/lang/Object;Ljava/lang/Object;)V+10 java.base@21.0.8
j  java.lang.invoke.LambdaForm$MH+0x0000015690008000.invoke(Ljava/lang/Object;Ljava/lang/Object;Ljava/lang/Object;)Ljava/lang/Object;+33 java.base@21.0.8
j  java.lang.invoke.Invokers$Holder.invokeExact_MT(Ljava/lang/Object;Ljava/lang/Object;Ljava/lang/Object;Ljava/lang/Object;)Ljava/lang/Object;+20 java.base@21.0.8
j  jdk.internal.reflect.DirectMethodHandleAccessor.invokeImpl(Ljava/lang/Object;[Ljava/lang/Object;)Ljava/lang/Object;+55 java.base@21.0.8
j  jdk.internal.reflect.DirectMethodHandleAccessor.invoke(Ljava/lang/Object;[Ljava/lang/Object;)Ljava/lang/Object;+23 java.base@21.0.8
j  java.lang.reflect.Method.invoke(Ljava/lang/Object;[Ljava/lang/Object;)Ljava/lang/Object;+102 java.base@21.0.8
j  org.gradle.wrapper.BootstrapMainStarter.start([Ljava/lang/String;Ljava/io/File;)V+82
j  org.gradle.wrapper.WrapperExecutor.execute([Ljava/lang/String;Lorg/gradle/wrapper/Install;Lorg/gradle/wrapper/BootstrapMainStarter;)V+14
j  org.gradle.wrapper.GradleWrapperMain.main([Ljava/lang/String;)V+190
v  ~StubRoutines::call_stub 0x000001568753100d

Compiled method (n/a)    1414  654     n 0       java.lang.ClassLoader::defineClass1 (native)
 total in heap  [0x0000015687b0af10,0x0000015687b0b570] = 1632
 relocation     [0x0000015687b0b070,0x0000015687b0b0a8] = 56
 main code      [0x0000015687b0b0c0,0x0000015687b0b56f] = 1199
 stub code      [0x0000015687b0b56f,0x0000015687b0b570] = 1

[Constant Pool (empty)]

[MachCode]
[Entry Point]
  # {method} {0x000001568f43ac68} 'defineClass1' '(Ljava/lang/ClassLoader;Ljava/lang/String;[BIILjava/security/ProtectionDomain;Ljava/lang/String;)Ljava/lang/Class;' in 'java/lang/ClassLoader'
  # parm0:    rdx:rdx   = 'java/lang/ClassLoader'
  # parm1:    r8:r8     = 'java/lang/String'
  # parm2:    r9:r9     = '[B'
  # parm3:    rdi       = int
  # parm4:    rsi       = int
  # parm5:    rcx:rcx   = 'java/security/ProtectionDomain'
  # parm6:    [sp+0xa0]   = 'java/lang/String'  (sp of caller)
  0x0000015687b0b0c0: 448b 5208 | 49bb 0000 | 008f 5601 | 0000 4d03 | d349 3bc2 | 0f84 0600 

  0x0000015687b0b0d8: ;   {runtime_call ic_miss_stub}
  0x0000015687b0b0d8: 0000 e9a1 | 36a7 ff90 
[Verified Entry Point]
  0x0000015687b0b0e0: 8984 2400 | 80ff ff55 | 488b ec48 | 81ec 9000 | 0000 6690 | 4181 7f20 | 0100 0000 

  0x0000015687b0b0fc: ;   {runtime_call StubRoutines (final stubs)}
  0x0000015687b0b0fc: 7405 e85d | 9ca5 ff48 | 837d 1000 | 488d 4510 | 480f 4445 | 1048 8944 | 2440 4889 | 4c24 7048 
  0x0000015687b0b11c: 83f9 0048 | 8d44 2470 | 480f 4444 | 2470 4889 | 4424 3848 | 8974 2430 | 4889 7c24 | 284c 894c 
  0x0000015687b0b13c: 2458 4983 | f900 488d | 4424 5848 | 0f44 4424 | 5848 8944 | 2420 4c89 | 4424 5049 | 83f8 004c 
  0x0000015687b0b15c: 8d4c 2450 | 4c0f 444c | 2450 4889 | 5424 4848 | 83fa 004c | 8d44 2448 | 4c0f 4444 

  0x0000015687b0b178: ;   {oop(a 'java/lang/Class'{0x0000000713c28be8} = 'java/lang/ClassLoader')}
  0x0000015687b0b178: 2448 49be | e88b c213 | 0700 0000 | 4c89 7424 | 784c 8d74 | 2478 498b | d6c5 f877 

  0x0000015687b0b194: ;   {internal_word}
  0x0000015687b0b194: 49ba 91b1 | b087 5601 | 0000 4d89 | 97a0 0300 | 0049 89a7 | 9803 0000 

  0x0000015687b0b1ac: ;   {external_word}
  0x0000015687b0b1ac: 49ba 2088 | 86e8 ff7f | 0000 4180 | 3a00 0f84 | 4e00 0000 | 5241 5041 

  0x0000015687b0b1c4: ;   {metadata({method} {0x000001568f43ac68} 'defineClass1' '(Ljava/lang/ClassLoader;Ljava/lang/String;[BIILjava/security/ProtectionDomain;Ljava/lang/String;)Ljava/lang/Class;' in 'java/lang/ClassLoader')}
  0x0000015687b0b1c4: 5148 ba60 | ac43 8f56 | 0100 0049 | 8bcf 4883 | ec20 40f6 | c40f 0f84 | 1900 0000 | 4883 ec08 
  0x0000015687b0b1e4: ;   {runtime_call}
  0x0000015687b0b1e4: 48b8 8020 | 37e8 ff7f | 0000 ffd0 | 4883 c408 | e90c 0000 

  0x0000015687b0b1f8: ;   {runtime_call}
  0x0000015687b0b1f8: 0048 b880 | 2037 e8ff | 7f00 00ff | d048 83c4 | 2041 5941 | 585a 498d | 8fb8 0300 | 0041 c787 
  0x0000015687b0b218: 4404 0000 | 0400 0000 

  0x0000015687b0b220: ;   {runtime_call}
  0x0000015687b0b220: 48b8 ac16 | 0478 f87f | 0000 ffd0 | c5f8 7741 | c787 4404 | 0000 0500 | 0000 f083 | 4424 c000 
  0x0000015687b0b240: 493b af48 | 0400 000f | 870e 0000 | 0041 83bf | 4004 0000 | 000f 842b | 0000 00c5 | f877 4889 
  0x0000015687b0b260: 45f8 498b | cf4c 8be4 | 4883 ec20 | 4883 e4f0 

  0x0000015687b0b270: ;   {runtime_call}
  0x0000015687b0b270: 48b8 70cc | 02e8 ff7f | 0000 ffd0 | 498b e44d | 33e4 488b | 45f8 41c7 | 8744 0400 | 0008 0000 
  0x0000015687b0b290: 0041 83bf | c004 0000 | 020f 84a3 

  0x0000015687b0b29c: ;   {external_word}
  0x0000015687b0b29c: 0200 0049 | ba20 8886 | e8ff 7f00 | 0041 803a | 000f 844c | 0000 0048 

  0x0000015687b0b2b4: ;   {metadata({method} {0x000001568f43ac68} 'defineClass1' '(Ljava/lang/ClassLoader;Ljava/lang/String;[BIILjava/security/ProtectionDomain;Ljava/lang/String;)Ljava/lang/Class;' in 'java/lang/ClassLoader')}
  0x0000015687b0b2b4: 8945 f848 | ba60 ac43 | 8f56 0100 | 0049 8bcf | 4883 ec20 | 40f6 c40f | 0f84 1900 | 0000 4883 
  0x0000015687b0b2d4: ;   {runtime_call}
  0x0000015687b0b2d4: ec08 48b8 | 8020 37e8 | ff7f 0000 | ffd0 4883 | c408 e90c 

  0x0000015687b0b2e8: ;   {runtime_call}
  0x0000015687b0b2e8: 0000 0048 | b880 2037 | e8ff 7f00 | 00ff d048 | 83c4 2048 | 8b45 f849 | c787 9803 | 0000 0000 
  0x0000015687b0b308: 0000 49c7 | 87a0 0300 | 0000 0000 | 00c5 f877 | 4885 c00f | 84fe 0100 | 00a8 030f | 8508 0000 
  0x0000015687b0b328: 0048 8b00 | e9ee 0100 | 00a8 010f | 8509 0000 | 0048 8b40 | fee9 dd01 | 0000 488b | 40ff 4180 
  0x0000015687b0b348: 7f40 000f | 84ce 0100 | 0048 83f8 | 000f 84c4 | 0100 0049 | 8b4f 2848 | 83f9 000f | 8414 0000 
  0x0000015687b0b368: 0048 83e9 | 0849 894f | 2849 034f | 3848 8901 | e9a2 0100 | 0048 81ec | d000 0000 | 4889 0424 
  0x0000015687b0b388: 4889 4c24 | 0848 8954 | 2410 4889 | 7424 1848 | 897c 2420 | 4c89 4424 | 284c 894c | 2430 4c89 
  0x0000015687b0b3a8: 5424 384c | 895c 2440 | c5fb 1144 | 2450 c5fb | 114c 2458 | c5fb 1154 | 2460 c5fb | 115c 2468 
  0x0000015687b0b3c8: c5fb 1164 | 2470 c5fb | 116c 2478 | c5fb 11b4 | 2480 0000 | 00c5 fb11 | bc24 8800 | 0000 c57b 
  0x0000015687b0b3e8: ;   {no_reloc}
  0x0000015687b0b3e8: 1184 2490 | 0000 00c5 | 7b11 8c24 | 9800 0000 | c57b 1194 | 24a0 0000 | 00c5 7b11 | 9c24 a800 
  0x0000015687b0b408: 0000 c57b | 11a4 24b0 | 0000 00c5 | 7b11 ac24 | b800 0000 | c57b 11b4 | 24c0 0000 | 00c5 7b11 
  0x0000015687b0b428: bc24 c800 | 0000 498b | d748 8bc8 | 4883 ec20 | 40f6 c40f | 0f84 1900 | 0000 4883 

  0x0000015687b0b444: ;   {runtime_call}
  0x0000015687b0b444: ec08 48b8 | e002 f6e7 | ff7f 0000 | ffd0 4883 | c408 e90c 

  0x0000015687b0b458: ;   {runtime_call}
  0x0000015687b0b458: 0000 0048 | b8e0 02f6 | e7ff 7f00 | 00ff d048 | 83c4 20c5 | 7b10 bc24 | c800 0000 | c57b 10b4 
  0x0000015687b0b478: 24c0 0000 | 00c5 7b10 | ac24 b800 | 0000 c57b | 10a4 24b0 | 0000 00c5 | 7b10 9c24 | a800 0000 
  0x0000015687b0b498: c57b 1094 | 24a0 0000 | 00c5 7b10 | 8c24 9800 | 0000 c57b | 1084 2490 | 0000 00c5 | fb10 bc24 
  0x0000015687b0b4b8: 8800 0000 | c5fb 10b4 | 2480 0000 | 00c5 fb10 | 6c24 78c5 | fb10 6424 | 70c5 fb10 | 5c24 68c5 
  0x0000015687b0b4d8: fb10 5424 | 60c5 fb10 | 4c24 58c5 | fb10 4424 | 504c 8b5c | 2440 4c8b | 5424 384c | 8b4c 2430 
  0x0000015687b0b4f8: 4c8b 4424 | 2848 8b7c | 2420 488b | 7424 1848 | 8b54 2410 | 488b 4c24 | 0848 8b04 | 2448 81c4 
  0x0000015687b0b518: d000 0000 | c5f8 7749 | 8b8f 2804 | 0000 c781 | 0001 0000 | 0000 0000 | c949 837f | 0800 0f85 
  0x0000015687b0b538: 0100 0000 

  0x0000015687b0b53c: ;   {runtime_call StubRoutines (initial stubs)}
  0x0000015687b0b53c: c3e9 be59 | a2ff c5f8 | 7748 8945 | f84c 8be4 | 4883 ec20 | 4883 e4f0 

  0x0000015687b0b554: ;   {runtime_call}
  0x0000015687b0b554: 48b8 3058 | 37e8 ff7f | 0000 ffd0 | 498b e44d | 33e4 488b | 45f8 e930 | fdff fff4 
[/MachCode]


Compiled method (c1)    1426  980       3       java.lang.ClassLoader::defineClass (43 bytes)
 total in heap  [0x00000156801c3e10,0x00000156801c4778] = 2408
 relocation     [0x00000156801c3f70,0x00000156801c4010] = 160
 main code      [0x00000156801c4020,0x00000156801c44d0] = 1200
 stub code      [0x00000156801c44d0,0x00000156801c4548] = 120
 metadata       [0x00000156801c4548,0x00000156801c4578] = 48
 scopes data    [0x00000156801c4578,0x00000156801c4668] = 240
 scopes pcs     [0x00000156801c4668,0x00000156801c4748] = 224
 dependencies   [0x00000156801c4748,0x00000156801c4750] = 8
 nul chk table  [0x00000156801c4750,0x00000156801c4778] = 40

[Constant Pool (empty)]

[MachCode]
[Entry Point]
  # {method} {0x000001568f43afe8} 'defineClass' '(Ljava/lang/String;[BIILjava/security/ProtectionDomain;)Ljava/lang/Class;' in 'java/lang/ClassLoader'
  # this:     rdx:rdx   = 'java/lang/ClassLoader'
  # parm0:    r8:r8     = 'java/lang/String'
  # parm1:    r9:r9     = '[B'
  # parm2:    rdi       = int
  # parm3:    rsi       = int
  # parm4:    rcx:rcx   = 'java/security/ProtectionDomain'
  #           [sp+0xc0]  (sp of caller)
  0x00000156801c4020: 448b 5208 | 49bb 0000 | 008f 5601 | 0000 4d03 | d34c 3bd0 

  0x00000156801c4034: ;   {runtime_call ic_miss_stub}
  0x00000156801c4034: 0f85 46a7 | 3b07 660f | 1f44 0000 
[Verified Entry Point]
  0x00000156801c4040: 8984 2400 | 80ff ff55 | 4881 ecb0 | 0000 0090 | 4181 7f20 | 0100 0000 

  0x00000156801c4058: ;   {runtime_call StubRoutines (final stubs)}
  0x00000156801c4058: 7405 e801 | 0d3a 0748 | 8954 2478 

  0x00000156801c4064: ;   {metadata(method data for {method} {0x000001568f43afe8} 'defineClass' '(Ljava/lang/String;[BIILjava/security/ProtectionDomain;)Ljava/lang/Class;' in 'java/lang/ClassLoader')}
  0x00000156801c4064: 48bb e05c | 1dfa 5601 | 0000 8b83 | cc00 0000 | 83c0 0289 | 83cc 0000 | 0025 fe07 | 0000 85c0 
  0x00000156801c4084: 0f84 6803 | 0000 89b4 | 2494 0000 | 0089 bc24 | 9000 0000 | 4c89 8c24 | 8800 0000 

  0x00000156801c40a0: ;   {metadata(method data for {method} {0x000001568f43afe8} 'defineClass' '(Ljava/lang/String;[BIILjava/security/ProtectionDomain;)Ljava/lang/Class;' in 'java/lang/ClassLoader')}
  0x00000156801c40a0: 488b da48 | b8e0 5c1d | fa56 0100 | 0048 8380 | 1001 0000 | 0149 8bd8 | 4c8b c34c | 8bc9 488b 
  0x00000156801c40c0: ca48 8bd1 | 4889 9c24 | 8000 0000 

  0x00000156801c40cc: ;   {optimized virtual_call}
  0x00000156801c40cc: 6666 90e8 

  0x00000156801c40d0: ; ImmutableOopMap {[120]=Oop [128]=Oop [136]=Oop }
                      ;*invokevirtual preDefineClass {reexecute=0 rethrow=0 return_oop=0}
                      ; - java.lang.ClassLoader::defineClass@4 (line 1025)
  0x00000156801c40d0: 4caf feff 

  0x00000156801c40d4: ;   {other}
  0x00000156801c40d4: 0f1f 8400 | c402 0000 | 4889 8424 | 9800 0000 | 488b 5424 

  0x00000156801c40e8: ;   {metadata(method data for {method} {0x000001568f43afe8} 'defineClass' '(Ljava/lang/String;[BIILjava/security/ProtectionDomain;)Ljava/lang/Class;' in 'java/lang/ClassLoader')}
  0x00000156801c40e8: 7849 b8e0 | 5c1d fa56 | 0100 0049 | 8380 4801 

  0x00000156801c40f8: ;   {metadata(method data for {method} {0x000001568f43acd0} 'defineClassSourceLocation' '(Ljava/security/ProtectionDomain;)Ljava/lang/String;' in 'java/lang/ClassLoader')}
  0x00000156801c40f8: 0000 0149 | b8e8 741d | fa56 0100 | 0041 8b90 | cc00 0000 | 83c2 0241 | 8990 cc00 | 0000 81e2 
  0x00000156801c4118: feff 1f00 | 85d2 0f84 | ef02 0000 

  0x00000156801c4124: ; implicit exception: dispatches to 0x00000156801c4434
  0x00000156801c4124: 483b 004c 

  0x00000156801c4128: ;   {metadata(method data for {method} {0x000001568f43acd0} 'defineClassSourceLocation' '(Ljava/security/ProtectionDomain;)Ljava/lang/String;' in 'java/lang/ClassLoader')}
  0x00000156801c4128: 8bc0 48ba | e874 1dfa | 5601 0000 | 4883 8210 | 0100 0001 | 448b 4010 | 49c1 e003 

  0x00000156801c4144: ;   {metadata(method data for {method} {0x000001568f43acd0} 'defineClassSourceLocation' '(Ljava/security/ProtectionDomain;)Ljava/lang/String;' in 'java/lang/ClassLoader')}
  0x00000156801c4144: 4d85 c048 | bae8 741d | fa56 0100 | 0048 be58 | 0100 0000 | 0000 0075 | 0a48 be48 | 0100 0000 
  0x00000156801c4164: 0000 0048 | 8b3c 3248 | 8d7f 0148 | 893c 320f | 850f 0000 

  0x00000156801c4178: ;   {oop(nullptr)}
  0x00000156801c4178: 0048 bb00 | 0000 0000 | 0000 00e9 | af01 0000 

  0x00000156801c4188: ; implicit exception: dispatches to 0x00000156801c4439
  0x00000156801c4188: 493b 0049 

  0x00000156801c418c: ;   {metadata(method data for {method} {0x000001568f43acd0} 'defineClassSourceLocation' '(Ljava/security/ProtectionDomain;)Ljava/lang/String;' in 'java/lang/ClassLoader')}
  0x00000156801c418c: 8bd0 48be | e874 1dfa | 5601 0000 | 4883 8668 | 0100 0001 | 418b 500c | 48c1 e203 

  0x00000156801c41a8: ;   {metadata(method data for {method} {0x000001568f43acd0} 'defineClassSourceLocation' '(Ljava/security/ProtectionDomain;)Ljava/lang/String;' in 'java/lang/ClassLoader')}
  0x00000156801c41a8: 4885 d248 | bee8 741d | fa56 0100 | 0048 bfb0 | 0100 0000 | 0000 0075 | 0a48 bfa0 | 0100 0000 
  0x00000156801c41c8: 0000 0048 | 8b1c 3e48 | 8d5b 0148 | 891c 3e0f | 850f 0000 

  0x00000156801c41dc: ;   {oop(nullptr)}
  0x00000156801c41dc: 0048 bb00 | 0000 0000 | 0000 00e9 | 4b01 0000 

  0x00000156801c41ec: ;   {metadata(method data for {method} {0x000001568f43acd0} 'defineClassSourceLocation' '(Ljava/security/ProtectionDomain;)Ljava/lang/String;' in 'java/lang/ClassLoader')}
  0x00000156801c41ec: 48be e874 | 1dfa 5601 | 0000 4883 | 86c0 0100 | 0001 483b | 024c 8bc2 

  0x00000156801c4204: ;   {metadata(method data for {method} {0x000001568f43acd0} 'defineClassSourceLocation' '(Ljava/security/ProtectionDomain;)Ljava/lang/String;' in 'java/lang/ClassLoader')}
  0x00000156801c4204: 48be e874 | 1dfa 5601 | 0000 4883 | 86f8 0100 

  0x00000156801c4214: ;   {metadata(method data for {method} {0x000001568f01a7c0} 'toString' '()Ljava/lang/String;' in 'java/net/URL')}
  0x00000156801c4214: 0001 49b8 | d0d3 15fa | 5601 0000 | 418b b0cc | 0000 0083 | c602 4189 | b0cc 0000 | 0081 e6fe 
  0x00000156801c4234: ff1f 0085 | f60f 8404 | 0200 004c 

  0x00000156801c4240: ;   {metadata(method data for {method} {0x000001568f01a7c0} 'toString' '()Ljava/lang/String;' in 'java/net/URL')}
  0x00000156801c4240: 8bc2 48be | d0d3 15fa | 5601 0000 | 4883 8610 | 0100 0001 

  0x00000156801c4254: ;   {metadata(method data for {method} {0x000001568f42e8e8} 'toExternalForm' '()Ljava/lang/String;' in 'java/net/URL')}
  0x00000156801c4254: 49b8 58d5 | 15fa 5601 | 0000 418b | b0cc 0000 | 0083 c602 | 4189 b0cc | 0000 0081 | e6fe ff1f 
  0x00000156801c4274: 0085 f60f | 84e7 0100 | 008b 7238 | 48c1 e603 

  0x00000156801c4284: ; implicit exception: dispatches to 0x00000156801c4485
  0x00000156801c4284: 483b 064c 

  0x00000156801c4288: ;   {metadata(method data for {method} {0x000001568f42e8e8} 'toExternalForm' '()Ljava/lang/String;' in 'java/net/URL')}
  0x00000156801c4288: 8bc6 48bf | 58d5 15fa | 5601 0000 | 458b 4008 | 49ba 0000 | 008f 5601 | 0000 4d03 | c24c 3b87 
  0x00000156801c42a8: 2001 0000 | 750d 4883 | 8728 0100 | 0001 e960 | 0000 004c | 3b87 3001 | 0000 750d | 4883 8738 
  0x00000156801c42c8: 0100 0001 | e94a 0000 | 0048 83bf | 2001 0000 | 0075 174c | 8987 2001 | 0000 48c7 | 8728 0100 
  0x00000156801c42e8: 0001 0000 | 00e9 2900 | 0000 4883 | bf30 0100 | 0000 7517 | 4c89 8730 | 0100 0048 | c787 3801 
  0x00000156801c4308: 0000 0100 | 0000 e908 | 0000 0048 | 8387 1001 | 0000 014c | 8bc2 488b | d666 0f1f 

  0x00000156801c4324: ;   {optimized virtual_call}
  0x00000156801c4324: 4400 00e8 

  0x00000156801c4328: ; ImmutableOopMap {[120]=Oop [128]=Oop [136]=Oop [152]=Oop }
                      ;*invokevirtual toExternalForm {reexecute=0 rethrow=0 return_oop=0}
                      ; - java.net.URL::toExternalForm@5 (line 1203)
                      ; - java.net.URL::toString@1 (line 1189)
                      ; - java.lang.ClassLoader::defineClassSourceLocation@22 (line 927)
                      ; - java.lang.ClassLoader::defineClass@12 (line 1026)
  0x00000156801c4328: 741e f6ff 

  0x00000156801c432c: ;   {other}
  0x00000156801c432c: 0f1f 8400 | 1c05 0001 | 488b d848 | 8b84 2498 | 0000 008b | b424 9400 | 0000 8bbc | 2490 0000 
  0x00000156801c434c: 004c 8b8c | 2488 0000 | 004c 8b84 | 2480 0000 | 0048 8b54 

  0x00000156801c4360: ;   {metadata(method data for {method} {0x000001568f43afe8} 'defineClass' '(Ljava/lang/String;[BIILjava/security/ProtectionDomain;)Ljava/lang/Class;' in 'java/lang/ClassLoader')}
  0x00000156801c4360: 2478 48b9 | e05c 1dfa | 5601 0000 | 4883 8180 | 0100 0001 | 4c8b da49 | 8bd3 488b | c848 891c 
  0x00000156801c4380: 2466 0f1f 

  0x00000156801c4384: ;   {static_call}
  0x00000156801c4384: 4400 00e8 

  0x00000156801c4388: ; ImmutableOopMap {[120]=Oop [152]=Oop }
                      ;*invokestatic defineClass1 {reexecute=0 rethrow=0 return_oop=0}
                      ; - java.lang.ClassLoader::defineClass@27 (line 1027)
  0x00000156801c4388: 546d 9407 

  0x00000156801c438c: ;   {other}
  0x00000156801c438c: 0f1f 8400 | 7c05 0002 | 488b 5424 

  0x00000156801c4398: ;   {metadata(method data for {method} {0x000001568f43afe8} 'defineClass' '(Ljava/lang/String;[BIILjava/security/ProtectionDomain;)Ljava/lang/Class;' in 'java/lang/ClassLoader')}
  0x00000156801c4398: 7849 b8e0 | 5c1d fa56 | 0100 0049 | 8380 9001 | 0000 014c | 8bc0 4c8b | 8c24 9800 | 0000 488b 
  0x00000156801c43b8: 5424 7848 | 8984 24a0 | 0000 000f 

  0x00000156801c43c4: ;   {optimized virtual_call}
  0x00000156801c43c4: 1f40 00e8 

  0x00000156801c43c8: ; ImmutableOopMap {[160]=Oop }
                      ;*invokevirtual postDefineClass {reexecute=0 rethrow=0 return_oop=0}
                      ; - java.lang.ClassLoader::defineClass@37 (line 1028)
  0x00000156801c43c8: 5416 faff 

  0x00000156801c43cc: ;   {other}
  0x00000156801c43cc: 0f1f 8400 | bc05 0003 | 488b 8424 | a000 0000 | 4881 c4b0 | 0000 005d 

  0x00000156801c43e4: ;   {poll_return}
  0x00000156801c43e4: 493b a748 | 0400 000f | 8799 0000 

  0x00000156801c43f0: ;   {metadata({method} {0x000001568f43afe8} 'defineClass' '(Ljava/lang/String;[BIILjava/security/ProtectionDomain;)Ljava/lang/Class;' in 'java/lang/ClassLoader')}
  0x00000156801c43f0: 00c3 49ba | e0af 438f | 5601 0000 | 4c89 5424 | 0848 c704 | 24ff ffff 

  0x00000156801c4408: ;   {runtime_call counter_overflow Runtime1 stub}
  0x00000156801c4408: ffe8 725a 

  0x00000156801c440c: ; ImmutableOopMap {rdx=Oop r8=Oop r9=Oop rcx=Oop [120]=Oop }
                      ;*synchronization entry
                      ; - java.lang.ClassLoader::defineClass@-1 (line 1025)
  0x00000156801c440c: 4807 e977 

  0x00000156801c4410: ;   {metadata({method} {0x000001568f43acd0} 'defineClassSourceLocation' '(Ljava/security/ProtectionDomain;)Ljava/lang/String;' in 'java/lang/ClassLoader')}
  0x00000156801c4410: fcff ff49 | bac8 ac43 | 8f56 0100 | 004c 8954 | 2408 48c7 | 0424 ffff 

  0x00000156801c4428: ;   {runtime_call counter_overflow Runtime1 stub}
  0x00000156801c4428: ffff e851 

  0x00000156801c442c: ; ImmutableOopMap {rax=Oop [120]=Oop [128]=Oop [136]=Oop [152]=Oop }
                      ;*synchronization entry
                      ; - java.lang.ClassLoader::defineClassSourceLocation@-1 (line 924)
                      ; - java.lang.ClassLoader::defineClass@12 (line 1026)
  0x00000156801c442c: 5a48 07e9 | f0fc ffff 

  0x00000156801c4434: ;   {runtime_call throw_null_pointer_exception Runtime1 stub}
  0x00000156801c4434: e8c7 fe47 

  0x00000156801c4438: ; ImmutableOopMap {rax=Oop [120]=Oop [128]=Oop [136]=Oop [152]=Oop }
                      ;*invokevirtual getCodeSource {reexecute=0 rethrow=0 return_oop=0}
                      ; - java.lang.ClassLoader::defineClassSourceLocation@1 (line 924)
                      ; - java.lang.ClassLoader::defineClass@12 (line 1026)
                      ;   {runtime_call throw_null_pointer_exception Runtime1 stub}
  0x00000156801c4438: 07e8 c2fe 

  0x00000156801c443c: ; ImmutableOopMap {rax=Oop r8=Oop [120]=Oop [128]=Oop [136]=Oop [152]=Oop }
                      ;*invokevirtual getLocation {reexecute=0 rethrow=0 return_oop=0}
                      ; - java.lang.ClassLoader::defineClassSourceLocation@12 (line 926)
                      ; - java.lang.ClassLoader::defineClass@12 (line 1026)
                      ;   {runtime_call throw_null_pointer_exception Runtime1 stub}
  0x00000156801c443c: 4707 e8bd 

  0x00000156801c4440: ; ImmutableOopMap {rdx=Oop [120]=Oop [128]=Oop [136]=Oop [152]=Oop }
                      ;*invokevirtual toString {reexecute=0 rethrow=0 return_oop=0}
                      ; - java.lang.ClassLoader::defineClassSourceLocation@22 (line 927)
                      ; - java.lang.ClassLoader::defineClass@12 (line 1026)
                      ;   {metadata({method} {0x000001568f01a7c0} 'toString' '()Ljava/lang/String;' in 'java/net/URL')}
  0x00000156801c4440: fe47 0749 | bab8 a701 | 8f56 0100 | 004c 8954 | 2408 48c7 | 0424 ffff 

  0x00000156801c4458: ;   {runtime_call counter_overflow Runtime1 stub}
  0x00000156801c4458: ffff e821 

  0x00000156801c445c: ; ImmutableOopMap {rdx=Oop [120]=Oop [128]=Oop [136]=Oop [152]=Oop }
                      ;*synchronization entry
                      ; - java.net.URL::toString@-1 (line 1189)
                      ; - java.lang.ClassLoader::defineClassSourceLocation@22 (line 927)
                      ; - java.lang.ClassLoader::defineClass@12 (line 1026)
  0x00000156801c445c: 5a48 07e9 | dbfd ffff 

  0x00000156801c4464: ;   {metadata({method} {0x000001568f42e8e8} 'toExternalForm' '()Ljava/lang/String;' in 'java/net/URL')}
  0x00000156801c4464: 49ba e0e8 | 428f 5601 | 0000 4c89 | 5424 0848 | c704 24ff 

  0x00000156801c4478: ;   {runtime_call counter_overflow Runtime1 stub}
  0x00000156801c4478: ffff ffe8 

  0x00000156801c447c: ; ImmutableOopMap {rdx=Oop [120]=Oop [128]=Oop [136]=Oop [152]=Oop }
                      ;*synchronization entry
                      ; - java.net.URL::toExternalForm@-1 (line 1203)
                      ; - java.net.URL::toString@1 (line 1189)
                      ; - java.lang.ClassLoader::defineClassSourceLocation@22 (line 927)
                      ; - java.lang.ClassLoader::defineClass@12 (line 1026)
  0x00000156801c447c: 005a 4807 | e9f8 fdff 

  0x00000156801c4484: ;   {runtime_call throw_null_pointer_exception Runtime1 stub}
  0x00000156801c4484: ffe8 76fe 

  0x00000156801c4488: ; ImmutableOopMap {rdx=Oop rsi=Oop [120]=Oop [128]=Oop [136]=Oop [152]=Oop }
                      ;*invokevirtual toExternalForm {reexecute=0 rethrow=0 return_oop=0}
                      ; - java.net.URL::toExternalForm@5 (line 1203)
                      ; - java.net.URL::toString@1 (line 1189)
                      ; - java.lang.ClassLoader::defineClassSourceLocation@22 (line 927)
                      ; - java.lang.ClassLoader::defineClass@12 (line 1026)
                      ;   {internal_word}
  0x00000156801c4488: 4707 49ba | e443 1c80 | 5601 0000 | 4d89 9760 

  0x00000156801c4498: ;   {runtime_call SafepointBlob}
  0x00000156801c4498: 0400 00e9 | 6012 3c07 | 498b 87f8 | 0400 0049 | c787 f804 | 0000 0000 | 0000 49c7 | 8700 0500 
  0x00000156801c44b8: 0000 0000 | 0048 81c4 | b000 0000 

  0x00000156801c44c4: ;   {runtime_call unwind_exception Runtime1 stub}
  0x00000156801c44c4: 5de9 b6ea | 4707 f4f4 | f4f4 f4f4 
[Stub Code]
  0x00000156801c44d0: ;   {no_reloc}
  0x00000156801c44d0: 0f1f 4400 

  0x00000156801c44d4: ;   {static_stub}
  0x00000156801c44d4: 0048 bb00 | 0000 0000 

  0x00000156801c44dc: ;   {runtime_call}
  0x00000156801c44dc: 0000 00e9 | fbff ffff 

  0x00000156801c44e4: ;   {static_stub}
  0x00000156801c44e4: 48bb 0000 | 0000 0000 

  0x00000156801c44ec: ;   {runtime_call}
  0x00000156801c44ec: 0000 e9fb 

  0x00000156801c44f0: ;   {static_stub}
  0x00000156801c44f0: ffff ff48 | bb00 0000 | 0000 0000 

  0x00000156801c44fc: ;   {runtime_call}
  0x00000156801c44fc: 00e9 fbff 

  0x00000156801c4500: ;   {static_stub}
  0x00000156801c4500: ffff 48bb | 0000 0000 | 0000 0000 

  0x00000156801c450c: ;   {runtime_call}
  0x00000156801c450c: e9fb ffff 

  0x00000156801c4510: ;   {runtime_call handle_exception_from_callee Runtime1 stub}
  0x00000156801c4510: ffe8 6a26 

  0x00000156801c4514: ;   {external_word}
  0x00000156801c4514: 4807 48b9 | b078 5ee8 | ff7f 0000 | 4883 e4f0 

  0x00000156801c4524: ;   {runtime_call}
  0x00000156801c4524: 48b8 5042 | 26e8 ff7f | 0000 ffd0 

  0x00000156801c4530: ;   {section_word}
  0x00000156801c4530: f449 ba31 | 451c 8056 | 0100 0041 

  0x00000156801c453c: ;   {runtime_call DeoptimizationBlob}
  0x00000156801c453c: 52e9 5e04 | 3c07 f4f4 | f4f4 f4f4 
[/MachCode]


Compiled method (c1)    1449  934       3       java.security.SecureClassLoader::defineClass (16 bytes)
 total in heap  [0x00000156801ab390,0x00000156801ab790] = 1024
 relocation     [0x00000156801ab4f0,0x00000156801ab540] = 80
 main code      [0x00000156801ab540,0x00000156801ab698] = 344
 stub code      [0x00000156801ab698,0x00000156801ab6e8] = 80
 metadata       [0x00000156801ab6e8,0x00000156801ab6f0] = 8
 scopes data    [0x00000156801ab6f0,0x00000156801ab738] = 72
 scopes pcs     [0x00000156801ab738,0x00000156801ab788] = 80
 dependencies   [0x00000156801ab788,0x00000156801ab790] = 8

[Constant Pool (empty)]

[MachCode]
[Entry Point]
  # {method} {0x000001568f04d370} 'defineClass' '(Ljava/lang/String;[BIILjava/security/CodeSource;)Ljava/lang/Class;' in 'java/security/SecureClassLoader'
  # this:     rdx:rdx   = 'java/security/SecureClassLoader'
  # parm0:    r8:r8     = 'java/lang/String'
  # parm1:    r9:r9     = '[B'
  # parm2:    rdi       = int
  # parm3:    rsi       = int
  # parm4:    rcx:rcx   = 'java/security/CodeSource'
  #           [sp+0x80]  (sp of caller)
  0x00000156801ab540: 448b 5208 | 49bb 0000 | 008f 5601 | 0000 4d03 | d34c 3bd0 

  0x00000156801ab554: ;   {runtime_call ic_miss_stub}
  0x00000156801ab554: 0f85 2632 | 3d07 660f | 1f44 0000 
[Verified Entry Point]
  0x00000156801ab560: 8984 2400 | 80ff ff55 | 4883 ec70 | 4181 7f20 | 0100 0000 

  0x00000156801ab574: ;   {runtime_call StubRoutines (final stubs)}
  0x00000156801ab574: 7405 e8e5 

  0x00000156801ab578: ;   {metadata(method data for {method} {0x000001568f04d370} 'defineClass' '(Ljava/lang/String;[BIILjava/security/CodeSource;)Ljava/lang/Class;' in 'java/security/SecureClassLoader')}
  0x00000156801ab578: 973b 0748 | bbe8 031b | fa56 0100 | 008b 83cc | 0000 0083 | c002 8983 | cc00 0000 | 25fe 0700 
  0x00000156801ab598: 0085 c00f | 8496 0000 | 0089 7424 | 5c89 7c24 | 584c 894c | 2450 4c89 | 4424 4848 

  0x00000156801ab5b4: ;   {metadata(method data for {method} {0x000001568f04d370} 'defineClass' '(Ljava/lang/String;[BIILjava/security/CodeSource;)Ljava/lang/Class;' in 'java/security/SecureClassLoader')}
  0x00000156801ab5b4: 8bda 48b8 | e803 1bfa | 5601 0000 | 4883 8010 | 0100 0001 | 4c8b c148 | 8bc2 488b | d048 8944 
  0x00000156801ab5d4: ;   {optimized virtual_call}
  0x00000156801ab5d4: 2440 90e8 

  0x00000156801ab5d8: ; ImmutableOopMap {[64]=Oop [72]=Oop [80]=Oop }
                      ;*invokevirtual getProtectionDomain {reexecute=0 rethrow=0 return_oop=0}
                      ; - java.security.SecureClassLoader::defineClass@9 (line 150)
  0x00000156801ab5d8: c47f 0100 

  0x00000156801ab5dc: ;   {other}
  0x00000156801ab5dc: 0f1f 8400 | 4c02 0000 | 488b 5424 

  0x00000156801ab5e8: ;   {metadata(method data for {method} {0x000001568f04d370} 'defineClass' '(Ljava/lang/String;[BIILjava/security/CodeSource;)Ljava/lang/Class;' in 'java/security/SecureClassLoader')}
  0x00000156801ab5e8: 4049 b8e8 | 031b fa56 | 0100 0049 | 8380 4801 | 0000 014c | 8b44 2448 | 4c8b 4c24 | 508b 7c24 
  0x00000156801ab608: 588b 7424 | 5c48 8bc8 | 488b 5424 

  0x00000156801ab614: ;   {optimized virtual_call}
  0x00000156801ab614: 4066 90e8 

  0x00000156801ab618: ; ImmutableOopMap {}
                      ;*invokevirtual defineClass {reexecute=0 rethrow=0 return_oop=0}
                      ; - java.security.SecureClassLoader::defineClass@12 (line 150)
  0x00000156801ab618: 248a 0100 

  0x00000156801ab61c: ;   {other}
  0x00000156801ab61c: 0f1f 8400 | 8c02 0001 | 4883 c470 

  0x00000156801ab628: ;   {poll_return}
  0x00000156801ab628: 5d49 3ba7 | 4804 0000 | 0f87 2200 

  0x00000156801ab634: ;   {metadata({method} {0x000001568f04d370} 'defineClass' '(Ljava/lang/String;[BIILjava/security/CodeSource;)Ljava/lang/Class;' in 'java/security/SecureClassLoader')}
  0x00000156801ab634: 0000 c349 | ba68 d304 | 8f56 0100 | 004c 8954 | 2408 48c7 | 0424 ffff 

  0x00000156801ab64c: ;   {runtime_call counter_overflow Runtime1 stub}
  0x00000156801ab64c: ffff e82d 

  0x00000156801ab650: ; ImmutableOopMap {rdx=Oop r8=Oop r9=Oop rcx=Oop }
                      ;*synchronization entry
                      ; - java.security.SecureClassLoader::defineClass@-1 (line 150)
  0x00000156801ab650: e849 07e9 | 49ff ffff 

  0x00000156801ab658: ;   {internal_word}
  0x00000156801ab658: 49ba 29b6 | 1a80 5601 | 0000 4d89 | 9760 0400 

  0x00000156801ab668: ;   {runtime_call SafepointBlob}
  0x00000156801ab668: 00e9 92a0 | 3d07 498b | 87f8 0400 | 0049 c787 | f804 0000 | 0000 0000 | 49c7 8700 | 0500 0000 
  0x00000156801ab688: 0000 0048 | 83c4 705d 

  0x00000156801ab690: ;   {runtime_call unwind_exception Runtime1 stub}
  0x00000156801ab690: e9eb 7849 | 07f4 f4f4 
[Stub Code]
  0x00000156801ab698: ;   {no_reloc}
  0x00000156801ab698: 48bb b8d2 | 048f 5601 

  0x00000156801ab6a0: ;   {runtime_call I2C/C2I adapters}
  0x00000156801ab6a0: 0000 e940 

  0x00000156801ab6a4: ;   {static_stub}
  0x00000156801ab6a4: 8b3d 0748 | bbe0 af43 | 8f56 0100 

  0x00000156801ab6b0: ;   {runtime_call I2C/C2I adapters}
  0x00000156801ab6b0: 00e9 bf5a 

  0x00000156801ab6b4: ;   {runtime_call handle_exception_from_callee Runtime1 stub}
  0x00000156801ab6b4: 3c07 e8c5 

  0x00000156801ab6b8: ;   {external_word}
  0x00000156801ab6b8: b449 0748 | b9b0 785e | e8ff 7f00 | 0048 83e4 

  0x00000156801ab6c8: ;   {runtime_call}
  0x00000156801ab6c8: f048 b850 | 4226 e8ff | 7f00 00ff 

  0x00000156801ab6d4: ;   {section_word}
  0x00000156801ab6d4: d0f4 49ba | d6b6 1a80 | 5601 0000 

  0x00000156801ab6e0: ;   {runtime_call DeoptimizationBlob}
  0x00000156801ab6e0: 4152 e9b9 | 923d 07f4 
[/MachCode]


---------------  P R O C E S S  ---------------

Threads class SMR info:
_java_thread_list=0x00000156fec9e840, length=14, elements={
0x00000156e97df460, 0x00000156f9ca2e20, 0x00000156f9ca3a70, 0x00000156f9cab260,
0x00000156f9cabde0, 0x00000156f9cac440, 0x00000156f9caffb0, 0x00000156f9cb1cd0,
0x00000156f9cb40f0, 0x00000156fe16ca10, 0x00000156fe17ba80, 0x00000156fe2f5b50,
0x00000156fe4f4730, 0x00000156fee83410
}

Java Threads: ( => current thread )
=>0x00000156e97df460 JavaThread "main"                              [_thread_in_vm, id=28212, stack(0x0000002c57200000,0x0000002c57300000) (1024K)]
  0x00000156f9ca2e20 JavaThread "Reference Handler"          daemon [_thread_blocked, id=8444, stack(0x0000002c57a00000,0x0000002c57b00000) (1024K)]
  0x00000156f9ca3a70 JavaThread "Finalizer"                  daemon [_thread_blocked, id=6112, stack(0x0000002c57b00000,0x0000002c57c00000) (1024K)]
  0x00000156f9cab260 JavaThread "Signal Dispatcher"          daemon [_thread_blocked, id=23052, stack(0x0000002c57c00000,0x0000002c57d00000) (1024K)]
  0x00000156f9cabde0 JavaThread "Attach Listener"            daemon [_thread_blocked, id=22200, stack(0x0000002c57d00000,0x0000002c57e00000) (1024K)]
  0x00000156f9cac440 JavaThread "Service Thread"             daemon [_thread_blocked, id=14416, stack(0x0000002c57e00000,0x0000002c57f00000) (1024K)]
  0x00000156f9caffb0 JavaThread "Monitor Deflation Thread"   daemon [_thread_blocked, id=26876, stack(0x0000002c57f00000,0x0000002c58000000) (1024K)]
  0x00000156f9cb1cd0 JavaThread "C2 CompilerThread0"         daemon [_thread_blocked, id=18260, stack(0x0000002c58000000,0x0000002c58100000) (1024K)]
  0x00000156f9cb40f0 JavaThread "C1 CompilerThread0"         daemon [_thread_blocked, id=21800, stack(0x0000002c58100000,0x0000002c58200000) (1024K)]
  0x00000156fe16ca10 JavaThread "Notification Thread"        daemon [_thread_blocked, id=27948, stack(0x0000002c58200000,0x0000002c58300000) (1024K)]
  0x00000156fe17ba80 JavaThread "Common-Cleaner"             daemon [_thread_blocked, id=26824, stack(0x0000002c58300000,0x0000002c58400000) (1024K)]
  0x00000156fe2f5b50 JavaThread "C2 CompilerThread1"         daemon [_thread_blocked, id=24400, stack(0x0000002c58400000,0x0000002c58500000) (1024K)]
  0x00000156fe4f4730 JavaThread "C2 CompilerThread2"         daemon [_thread_blocked, id=25832, stack(0x0000002c58500000,0x0000002c58600000) (1024K)]
  0x00000156fee83410 JavaThread "pool-1-thread-1"                   [_thread_in_vm, id=27040, stack(0x0000002c58b00000,0x0000002c58c00000) (1024K)]
Total: 14

Other Threads:
  0x00000156f9c822e0 VMThread "VM Thread"                           [id=17380, stack(0x0000002c57900000,0x0000002c57a00000) (1024K)]
  0x00000156f9c6bf10 WatcherThread "VM Periodic Task Thread"        [id=10940, stack(0x0000002c57800000,0x0000002c57900000) (1024K)]
  0x00000156e98422c0 WorkerThread "GC Thread#0"                     [id=17916, stack(0x0000002c57300000,0x0000002c57400000) (1024K)]
  0x00000156fecafc10 WorkerThread "GC Thread#1"                     [id=28044, stack(0x0000002c58600000,0x0000002c58700000) (1024K)]
  0x00000156fedb8b50 WorkerThread "GC Thread#2"                     [id=10552, stack(0x0000002c58700000,0x0000002c58800000) (1024K)]
  0x00000156fedb8ef0 WorkerThread "GC Thread#3"                     [id=9772, stack(0x0000002c58800000,0x0000002c58900000) (1024K)]
  0x00000156fedd04e0 WorkerThread "GC Thread#4"                     [id=19856, stack(0x0000002c58900000,0x0000002c58a00000) (1024K)]
  0x00000156fe909b40 WorkerThread "GC Thread#5"                     [id=24228, stack(0x0000002c58a00000,0x0000002c58b00000) (1024K)]
  0x00000156e9852d20 ConcurrentGCThread "G1 Main Marker"            [id=28440, stack(0x0000002c57400000,0x0000002c57500000) (1024K)]
  0x00000156e9853820 WorkerThread "G1 Conc#0"                       [id=27608, stack(0x0000002c57500000,0x0000002c57600000) (1024K)]
  0x00000156f9b391d0 ConcurrentGCThread "G1 Refine#0"               [id=16728, stack(0x0000002c57600000,0x0000002c57700000) (1024K)]
  0x00000156f9b39c50 ConcurrentGCThread "G1 Service"                [id=18232, stack(0x0000002c57700000,0x0000002c57800000) (1024K)]
Total: 12

Threads with active compile tasks:
Total: 0

VM state: not at safepoint (normal execution)

VM Mutex/Monitor currently owned by a thread:  ([mutex/lock_event])
[0x00007fffe887ee50] Metaspace_lock - owner thread: 0x00000156e97df460

Heap address: 0x0000000705800000, size: 4008 MB, Compressed Oops mode: Zero based, Oop shift amount: 3

CDS archive(s) mapped at: [0x000001568f000000-0x000001568fc90000-0x000001568fc90000), size 13172736, SharedBaseAddress: 0x000001568f000000, ArchiveRelocationMode: 1.
Compressed class space mapped at: 0x0000015690000000-0x00000156d0000000, reserved size: 1073741824
Narrow klass base: 0x000001568f000000, Narrow klass shift: 0, Narrow klass range: 0x100000000

GC Precious Log:
 CardTable entry size: 512
 Card Set container configuration: InlinePtr #cards 4 size 8 Array Of Cards #cards 16 size 48 Howl #buckets 8 coarsen threshold 3686 Howl Bitmap #cards 512 size 80 coarsen threshold 460 Card regions per heap region 1 cards per card region 4096
 CPUs: 12 total, 12 available
 Memory: 16027M
 Large Page Support: Disabled
 NUMA Support: Disabled
 Compressed Oops: Enabled (Zero based)
 Heap Region Size: 2M
 Heap Min Capacity: 8M
 Heap Initial Capacity: 252M
 Heap Max Capacity: 4008M
 Pre-touch: Disabled
 Parallel Workers: 10
 Concurrent Workers: 3
 Concurrent Refinement Workers: 10
 Periodic GC: Disabled

Heap:
 garbage-first heap   total 258048K, used 16517K [0x0000000705800000, 0x0000000800000000)
  region size 2048K, 6 young (12288K), 2 survivors (4096K)
 Metaspace       used 5373K, committed 5632K, reserved 1114112K
  class space    used 704K, committed 832K, reserved 1048576K

Heap Regions: E=young(eden), S=young(survivor), O=old, HS=humongous(starts), HC=humongous(continues), CS=collection set, F=free, TAMS=top-at-mark-start, PB=parsable bottom
|   0|0x0000000705800000, 0x0000000705a00000, 0x0000000705a00000|100%|HS|  |TAMS 0x0000000705800000| PB 0x0000000705800000| Complete 
|   1|0x0000000705a00000, 0x0000000705c00000, 0x0000000705c00000|100%|HC|  |TAMS 0x0000000705a00000| PB 0x0000000705a00000| Complete 
|   2|0x0000000705c00000, 0x0000000705e00000, 0x0000000705e00000|100%| O|  |TAMS 0x0000000705c00000| PB 0x0000000705c00000| Untracked 
|   3|0x0000000705e00000, 0x0000000705e21520, 0x0000000706000000|  6%| O|  |TAMS 0x0000000705e00000| PB 0x0000000705e00000| Untracked 
|   4|0x0000000706000000, 0x0000000706000000, 0x0000000706200000|  0%| F|  |TAMS 0x0000000706000000| PB 0x0000000706000000| Untracked 
|   5|0x0000000706200000, 0x0000000706200000, 0x0000000706400000|  0%| F|  |TAMS 0x0000000706200000| PB 0x0000000706200000| Untracked 
|   6|0x0000000706400000, 0x0000000706400000, 0x0000000706600000|  0%| F|  |TAMS 0x0000000706400000| PB 0x0000000706400000| Untracked 
|   7|0x0000000706600000, 0x0000000706600000, 0x0000000706800000|  0%| F|  |TAMS 0x0000000706600000| PB 0x0000000706600000| Untracked 
|   8|0x0000000706800000, 0x0000000706800000, 0x0000000706a00000|  0%| F|  |TAMS 0x0000000706800000| PB 0x0000000706800000| Untracked 
|   9|0x0000000706a00000, 0x0000000706a00000, 0x0000000706c00000|  0%| F|  |TAMS 0x0000000706a00000| PB 0x0000000706a00000| Untracked 
|  10|0x0000000706c00000, 0x0000000706c00000, 0x0000000706e00000|  0%| F|  |TAMS 0x0000000706c00000| PB 0x0000000706c00000| Untracked 
|  11|0x0000000706e00000, 0x0000000706e00000, 0x0000000707000000|  0%| F|  |TAMS 0x0000000706e00000| PB 0x0000000706e00000| Untracked 
|  12|0x0000000707000000, 0x0000000707000000, 0x0000000707200000|  0%| F|  |TAMS 0x0000000707000000| PB 0x0000000707000000| Untracked 
|  13|0x0000000707200000, 0x0000000707200000, 0x0000000707400000|  0%| F|  |TAMS 0x0000000707200000| PB 0x0000000707200000| Untracked 
|  14|0x0000000707400000, 0x0000000707400000, 0x0000000707600000|  0%| F|  |TAMS 0x0000000707400000| PB 0x0000000707400000| Untracked 
|  15|0x0000000707600000, 0x0000000707600000, 0x0000000707800000|  0%| F|  |TAMS 0x0000000707600000| PB 0x0000000707600000| Untracked 
|  16|0x0000000707800000, 0x0000000707800000, 0x0000000707a00000|  0%| F|  |TAMS 0x0000000707800000| PB 0x0000000707800000| Untracked 
|  17|0x0000000707a00000, 0x0000000707a00000, 0x0000000707c00000|  0%| F|  |TAMS 0x0000000707a00000| PB 0x0000000707a00000| Untracked 
|  18|0x0000000707c00000, 0x0000000707c00000, 0x0000000707e00000|  0%| F|  |TAMS 0x0000000707c00000| PB 0x0000000707c00000| Untracked 
|  19|0x0000000707e00000, 0x0000000707e00000, 0x0000000708000000|  0%| F|  |TAMS 0x0000000707e00000| PB 0x0000000707e00000| Untracked 
|  20|0x0000000708000000, 0x0000000708000000, 0x0000000708200000|  0%| F|  |TAMS 0x0000000708000000| PB 0x0000000708000000| Untracked 
|  21|0x0000000708200000, 0x0000000708200000, 0x0000000708400000|  0%| F|  |TAMS 0x0000000708200000| PB 0x0000000708200000| Untracked 
|  22|0x0000000708400000, 0x0000000708400000, 0x0000000708600000|  0%| F|  |TAMS 0x0000000708400000| PB 0x0000000708400000| Untracked 
|  23|0x0000000708600000, 0x0000000708600000, 0x0000000708800000|  0%| F|  |TAMS 0x0000000708600000| PB 0x0000000708600000| Untracked 
|  24|0x0000000708800000, 0x0000000708800000, 0x0000000708a00000|  0%| F|  |TAMS 0x0000000708800000| PB 0x0000000708800000| Untracked 
|  25|0x0000000708a00000, 0x0000000708a00000, 0x0000000708c00000|  0%| F|  |TAMS 0x0000000708a00000| PB 0x0000000708a00000| Untracked 
|  26|0x0000000708c00000, 0x0000000708c00000, 0x0000000708e00000|  0%| F|  |TAMS 0x0000000708c00000| PB 0x0000000708c00000| Untracked 
|  27|0x0000000708e00000, 0x0000000708e00000, 0x0000000709000000|  0%| F|  |TAMS 0x0000000708e00000| PB 0x0000000708e00000| Untracked 
|  28|0x0000000709000000, 0x0000000709000000, 0x0000000709200000|  0%| F|  |TAMS 0x0000000709000000| PB 0x0000000709000000| Untracked 
|  29|0x0000000709200000, 0x0000000709200000, 0x0000000709400000|  0%| F|  |TAMS 0x0000000709200000| PB 0x0000000709200000| Untracked 
|  30|0x0000000709400000, 0x0000000709400000, 0x0000000709600000|  0%| F|  |TAMS 0x0000000709400000| PB 0x0000000709400000| Untracked 
|  31|0x0000000709600000, 0x0000000709600000, 0x0000000709800000|  0%| F|  |TAMS 0x0000000709600000| PB 0x0000000709600000| Untracked 
|  32|0x0000000709800000, 0x0000000709800000, 0x0000000709a00000|  0%| F|  |TAMS 0x0000000709800000| PB 0x0000000709800000| Untracked 
|  33|0x0000000709a00000, 0x0000000709a00000, 0x0000000709c00000|  0%| F|  |TAMS 0x0000000709a00000| PB 0x0000000709a00000| Untracked 
|  34|0x0000000709c00000, 0x0000000709c00000, 0x0000000709e00000|  0%| F|  |TAMS 0x0000000709c00000| PB 0x0000000709c00000| Untracked 
|  35|0x0000000709e00000, 0x0000000709e00000, 0x000000070a000000|  0%| F|  |TAMS 0x0000000709e00000| PB 0x0000000709e00000| Untracked 
|  36|0x000000070a000000, 0x000000070a000000, 0x000000070a200000|  0%| F|  |TAMS 0x000000070a000000| PB 0x000000070a000000| Untracked 
|  37|0x000000070a200000, 0x000000070a200000, 0x000000070a400000|  0%| F|  |TAMS 0x000000070a200000| PB 0x000000070a200000| Untracked 
|  38|0x000000070a400000, 0x000000070a400000, 0x000000070a600000|  0%| F|  |TAMS 0x000000070a400000| PB 0x000000070a400000| Untracked 
|  39|0x000000070a600000, 0x000000070a600000, 0x000000070a800000|  0%| F|  |TAMS 0x000000070a600000| PB 0x000000070a600000| Untracked 
|  40|0x000000070a800000, 0x000000070a800000, 0x000000070aa00000|  0%| F|  |TAMS 0x000000070a800000| PB 0x000000070a800000| Untracked 
|  41|0x000000070aa00000, 0x000000070aa00000, 0x000000070ac00000|  0%| F|  |TAMS 0x000000070aa00000| PB 0x000000070aa00000| Untracked 
|  42|0x000000070ac00000, 0x000000070ac00000, 0x000000070ae00000|  0%| F|  |TAMS 0x000000070ac00000| PB 0x000000070ac00000| Untracked 
|  43|0x000000070ae00000, 0x000000070ae00000, 0x000000070b000000|  0%| F|  |TAMS 0x000000070ae00000| PB 0x000000070ae00000| Untracked 
|  44|0x000000070b000000, 0x000000070b000000, 0x000000070b200000|  0%| F|  |TAMS 0x000000070b000000| PB 0x000000070b000000| Untracked 
|  45|0x000000070b200000, 0x000000070b200000, 0x000000070b400000|  0%| F|  |TAMS 0x000000070b200000| PB 0x000000070b200000| Untracked 
|  46|0x000000070b400000, 0x000000070b400000, 0x000000070b600000|  0%| F|  |TAMS 0x000000070b400000| PB 0x000000070b400000| Untracked 
|  47|0x000000070b600000, 0x000000070b600000, 0x000000070b800000|  0%| F|  |TAMS 0x000000070b600000| PB 0x000000070b600000| Untracked 
|  48|0x000000070b800000, 0x000000070b800000, 0x000000070ba00000|  0%| F|  |TAMS 0x000000070b800000| PB 0x000000070b800000| Untracked 
|  49|0x000000070ba00000, 0x000000070ba00000, 0x000000070bc00000|  0%| F|  |TAMS 0x000000070ba00000| PB 0x000000070ba00000| Untracked 
|  50|0x000000070bc00000, 0x000000070bc00000, 0x000000070be00000|  0%| F|  |TAMS 0x000000070bc00000| PB 0x000000070bc00000| Untracked 
|  51|0x000000070be00000, 0x000000070be00000, 0x000000070c000000|  0%| F|  |TAMS 0x000000070be00000| PB 0x000000070be00000| Untracked 
|  52|0x000000070c000000, 0x000000070c000000, 0x000000070c200000|  0%| F|  |TAMS 0x000000070c000000| PB 0x000000070c000000| Untracked 
|  53|0x000000070c200000, 0x000000070c200000, 0x000000070c400000|  0%| F|  |TAMS 0x000000070c200000| PB 0x000000070c200000| Untracked 
|  54|0x000000070c400000, 0x000000070c400000, 0x000000070c600000|  0%| F|  |TAMS 0x000000070c400000| PB 0x000000070c400000| Untracked 
|  55|0x000000070c600000, 0x000000070c600000, 0x000000070c800000|  0%| F|  |TAMS 0x000000070c600000| PB 0x000000070c600000| Untracked 
|  56|0x000000070c800000, 0x000000070c800000, 0x000000070ca00000|  0%| F|  |TAMS 0x000000070c800000| PB 0x000000070c800000| Untracked 
|  57|0x000000070ca00000, 0x000000070ca00000, 0x000000070cc00000|  0%| F|  |TAMS 0x000000070ca00000| PB 0x000000070ca00000| Untracked 
|  58|0x000000070cc00000, 0x000000070cc00000, 0x000000070ce00000|  0%| F|  |TAMS 0x000000070cc00000| PB 0x000000070cc00000| Untracked 
|  59|0x000000070ce00000, 0x000000070ce00000, 0x000000070d000000|  0%| F|  |TAMS 0x000000070ce00000| PB 0x000000070ce00000| Untracked 
|  60|0x000000070d000000, 0x000000070d000000, 0x000000070d200000|  0%| F|  |TAMS 0x000000070d000000| PB 0x000000070d000000| Untracked 
|  61|0x000000070d200000, 0x000000070d200000, 0x000000070d400000|  0%| F|  |TAMS 0x000000070d200000| PB 0x000000070d200000| Untracked 
|  62|0x000000070d400000, 0x000000070d400000, 0x000000070d600000|  0%| F|  |TAMS 0x000000070d400000| PB 0x000000070d400000| Untracked 
|  63|0x000000070d600000, 0x000000070d600000, 0x000000070d800000|  0%| F|  |TAMS 0x000000070d600000| PB 0x000000070d600000| Untracked 
|  64|0x000000070d800000, 0x000000070d800000, 0x000000070da00000|  0%| F|  |TAMS 0x000000070d800000| PB 0x000000070d800000| Untracked 
|  65|0x000000070da00000, 0x000000070da00000, 0x000000070dc00000|  0%| F|  |TAMS 0x000000070da00000| PB 0x000000070da00000| Untracked 
|  66|0x000000070dc00000, 0x000000070dc00000, 0x000000070de00000|  0%| F|  |TAMS 0x000000070dc00000| PB 0x000000070dc00000| Untracked 
|  67|0x000000070de00000, 0x000000070de00000, 0x000000070e000000|  0%| F|  |TAMS 0x000000070de00000| PB 0x000000070de00000| Untracked 
|  68|0x000000070e000000, 0x000000070e000000, 0x000000070e200000|  0%| F|  |TAMS 0x000000070e000000| PB 0x000000070e000000| Untracked 
|  69|0x000000070e200000, 0x000000070e200000, 0x000000070e400000|  0%| F|  |TAMS 0x000000070e200000| PB 0x000000070e200000| Untracked 
|  70|0x000000070e400000, 0x000000070e400000, 0x000000070e600000|  0%| F|  |TAMS 0x000000070e400000| PB 0x000000070e400000| Untracked 
|  71|0x000000070e600000, 0x000000070e600000, 0x000000070e800000|  0%| F|  |TAMS 0x000000070e600000| PB 0x000000070e600000| Untracked 
|  72|0x000000070e800000, 0x000000070e800000, 0x000000070ea00000|  0%| F|  |TAMS 0x000000070e800000| PB 0x000000070e800000| Untracked 
|  73|0x000000070ea00000, 0x000000070ea00000, 0x000000070ec00000|  0%| F|  |TAMS 0x000000070ea00000| PB 0x000000070ea00000| Untracked 
|  74|0x000000070ec00000, 0x000000070ec00000, 0x000000070ee00000|  0%| F|  |TAMS 0x000000070ec00000| PB 0x000000070ec00000| Untracked 
|  75|0x000000070ee00000, 0x000000070ee00000, 0x000000070f000000|  0%| F|  |TAMS 0x000000070ee00000| PB 0x000000070ee00000| Untracked 
|  76|0x000000070f000000, 0x000000070f000000, 0x000000070f200000|  0%| F|  |TAMS 0x000000070f000000| PB 0x000000070f000000| Untracked 
|  77|0x000000070f200000, 0x000000070f200000, 0x000000070f400000|  0%| F|  |TAMS 0x000000070f200000| PB 0x000000070f200000| Untracked 
|  78|0x000000070f400000, 0x000000070f400000, 0x000000070f600000|  0%| F|  |TAMS 0x000000070f400000| PB 0x000000070f400000| Untracked 
|  79|0x000000070f600000, 0x000000070f600000, 0x000000070f800000|  0%| F|  |TAMS 0x000000070f600000| PB 0x000000070f600000| Untracked 
|  80|0x000000070f800000, 0x000000070f800000, 0x000000070fa00000|  0%| F|  |TAMS 0x000000070f800000| PB 0x000000070f800000| Untracked 
|  81|0x000000070fa00000, 0x000000070fa00000, 0x000000070fc00000|  0%| F|  |TAMS 0x000000070fa00000| PB 0x000000070fa00000| Untracked 
|  82|0x000000070fc00000, 0x000000070fc00000, 0x000000070fe00000|  0%| F|  |TAMS 0x000000070fc00000| PB 0x000000070fc00000| Untracked 
|  83|0x000000070fe00000, 0x000000070fe00000, 0x0000000710000000|  0%| F|  |TAMS 0x000000070fe00000| PB 0x000000070fe00000| Untracked 
|  84|0x0000000710000000, 0x0000000710000000, 0x0000000710200000|  0%| F|  |TAMS 0x0000000710000000| PB 0x0000000710000000| Untracked 
|  85|0x0000000710200000, 0x0000000710200000, 0x0000000710400000|  0%| F|  |TAMS 0x0000000710200000| PB 0x0000000710200000| Untracked 
|  86|0x0000000710400000, 0x0000000710400000, 0x0000000710600000|  0%| F|  |TAMS 0x0000000710400000| PB 0x0000000710400000| Untracked 
|  87|0x0000000710600000, 0x0000000710600000, 0x0000000710800000|  0%| F|  |TAMS 0x0000000710600000| PB 0x0000000710600000| Untracked 
|  88|0x0000000710800000, 0x0000000710800000, 0x0000000710a00000|  0%| F|  |TAMS 0x0000000710800000| PB 0x0000000710800000| Untracked 
|  89|0x0000000710a00000, 0x0000000710a00000, 0x0000000710c00000|  0%| F|  |TAMS 0x0000000710a00000| PB 0x0000000710a00000| Untracked 
|  90|0x0000000710c00000, 0x0000000710c00000, 0x0000000710e00000|  0%| F|  |TAMS 0x0000000710c00000| PB 0x0000000710c00000| Untracked 
|  91|0x0000000710e00000, 0x0000000710e00000, 0x0000000711000000|  0%| F|  |TAMS 0x0000000710e00000| PB 0x0000000710e00000| Untracked 
|  92|0x0000000711000000, 0x0000000711000000, 0x0000000711200000|  0%| F|  |TAMS 0x0000000711000000| PB 0x0000000711000000| Untracked 
|  93|0x0000000711200000, 0x0000000711200000, 0x0000000711400000|  0%| F|  |TAMS 0x0000000711200000| PB 0x0000000711200000| Untracked 
|  94|0x0000000711400000, 0x0000000711400000, 0x0000000711600000|  0%| F|  |TAMS 0x0000000711400000| PB 0x0000000711400000| Untracked 
|  95|0x0000000711600000, 0x0000000711600000, 0x0000000711800000|  0%| F|  |TAMS 0x0000000711600000| PB 0x0000000711600000| Untracked 
|  96|0x0000000711800000, 0x0000000711800000, 0x0000000711a00000|  0%| F|  |TAMS 0x0000000711800000| PB 0x0000000711800000| Untracked 
|  97|0x0000000711a00000, 0x0000000711a00000, 0x0000000711c00000|  0%| F|  |TAMS 0x0000000711a00000| PB 0x0000000711a00000| Untracked 
|  98|0x0000000711c00000, 0x0000000711c00000, 0x0000000711e00000|  0%| F|  |TAMS 0x0000000711c00000| PB 0x0000000711c00000| Untracked 
|  99|0x0000000711e00000, 0x0000000711e00000, 0x0000000712000000|  0%| F|  |TAMS 0x0000000711e00000| PB 0x0000000711e00000| Untracked 
| 100|0x0000000712000000, 0x0000000712000000, 0x0000000712200000|  0%| F|  |TAMS 0x0000000712000000| PB 0x0000000712000000| Untracked 
| 101|0x0000000712200000, 0x0000000712200000, 0x0000000712400000|  0%| F|  |TAMS 0x0000000712200000| PB 0x0000000712200000| Untracked 
| 102|0x0000000712400000, 0x0000000712400000, 0x0000000712600000|  0%| F|  |TAMS 0x0000000712400000| PB 0x0000000712400000| Untracked 
| 103|0x0000000712600000, 0x0000000712600000, 0x0000000712800000|  0%| F|  |TAMS 0x0000000712600000| PB 0x0000000712600000| Untracked 
| 104|0x0000000712800000, 0x0000000712800000, 0x0000000712a00000|  0%| F|  |TAMS 0x0000000712800000| PB 0x0000000712800000| Untracked 
| 105|0x0000000712a00000, 0x0000000712a00000, 0x0000000712c00000|  0%| F|  |TAMS 0x0000000712a00000| PB 0x0000000712a00000| Untracked 
| 106|0x0000000712c00000, 0x0000000712c00000, 0x0000000712e00000|  0%| F|  |TAMS 0x0000000712c00000| PB 0x0000000712c00000| Untracked 
| 107|0x0000000712e00000, 0x0000000712e00000, 0x0000000713000000|  0%| F|  |TAMS 0x0000000712e00000| PB 0x0000000712e00000| Untracked 
| 108|0x0000000713000000, 0x0000000713000000, 0x0000000713200000|  0%| F|  |TAMS 0x0000000713000000| PB 0x0000000713000000| Untracked 
| 109|0x0000000713200000, 0x0000000713200000, 0x0000000713400000|  0%| F|  |TAMS 0x0000000713200000| PB 0x0000000713200000| Untracked 
| 110|0x0000000713400000, 0x0000000713400000, 0x0000000713600000|  0%| F|  |TAMS 0x0000000713400000| PB 0x0000000713400000| Untracked 
| 111|0x0000000713600000, 0x0000000713600000, 0x0000000713800000|  0%| F|  |TAMS 0x0000000713600000| PB 0x0000000713600000| Untracked 
| 112|0x0000000713800000, 0x0000000713800000, 0x0000000713a00000|  0%| F|  |TAMS 0x0000000713800000| PB 0x0000000713800000| Untracked 
| 113|0x0000000713a00000, 0x0000000713c00000, 0x0000000713c00000|100%| S|CS|TAMS 0x0000000713a00000| PB 0x0000000713a00000| Complete 
| 114|0x0000000713c00000, 0x0000000713e00000, 0x0000000713e00000|100%| S|CS|TAMS 0x0000000713c00000| PB 0x0000000713c00000| Complete 
| 115|0x0000000713e00000, 0x0000000713e00000, 0x0000000714000000|  0%| F|  |TAMS 0x0000000713e00000| PB 0x0000000713e00000| Untracked 
| 116|0x0000000714000000, 0x0000000714000000, 0x0000000714200000|  0%| F|  |TAMS 0x0000000714000000| PB 0x0000000714000000| Untracked 
| 117|0x0000000714200000, 0x0000000714200000, 0x0000000714400000|  0%| F|  |TAMS 0x0000000714200000| PB 0x0000000714200000| Untracked 
| 118|0x0000000714400000, 0x0000000714400000, 0x0000000714600000|  0%| F|  |TAMS 0x0000000714400000| PB 0x0000000714400000| Untracked 
| 119|0x0000000714600000, 0x0000000714600000, 0x0000000714800000|  0%| F|  |TAMS 0x0000000714600000| PB 0x0000000714600000| Untracked 
| 120|0x0000000714800000, 0x0000000714800000, 0x0000000714a00000|  0%| F|  |TAMS 0x0000000714800000| PB 0x0000000714800000| Untracked 
| 121|0x0000000714a00000, 0x0000000714a00000, 0x0000000714c00000|  0%| F|  |TAMS 0x0000000714a00000| PB 0x0000000714a00000| Untracked 
| 122|0x0000000714c00000, 0x0000000714d29188, 0x0000000714e00000| 58%| E|  |TAMS 0x0000000714c00000| PB 0x0000000714c00000| Complete 
| 123|0x0000000714e00000, 0x0000000715000000, 0x0000000715000000|100%| E|CS|TAMS 0x0000000714e00000| PB 0x0000000714e00000| Complete 
| 124|0x0000000715000000, 0x0000000715200000, 0x0000000715200000|100%| E|CS|TAMS 0x0000000715000000| PB 0x0000000715000000| Complete 
| 125|0x0000000715200000, 0x0000000715400000, 0x0000000715400000|100%| E|CS|TAMS 0x0000000715200000| PB 0x0000000715200000| Complete 

Card table byte_map: [0x00000156f29b0000,0x00000156f3190000] _byte_map_base: 0x00000156ef184000

Marking Bits: (CMBitMap*) 0x00000156e98429c0
 Bits: [0x00000156f3190000, 0x00000156f7030000)

Polling page: 0x00000156e8ee0000

Metaspace:

Usage:
  Non-class:      4.56 MB used.
      Class:    704.38 KB used.
       Both:      5.25 MB used.

Virtual space:
  Non-class space:       64.00 MB reserved,       4.69 MB (  7%) committed,  1 nodes.
      Class space:        1.00 GB reserved,     832.00 KB ( <1%) committed,  1 nodes.
             Both:        1.06 GB reserved,       5.50 MB ( <1%) committed. 

Chunk freelists:
   Non-Class:  9.55 MB
       Class:  15.20 MB
        Both:  24.75 MB

MaxMetaspaceSize: unlimited
CompressedClassSpaceSize: 1.00 GB
Initial GC threshold: 21.00 MB
Current GC threshold: 21.00 MB
CDS: on
 - commit_granule_bytes: 65536.
 - commit_granule_words: 8192.
 - virtual_space_node_default_size: 8388608.
 - enlarge_chunks_in_place: 1.
 - use_allocation_guard: 0.


Internal statistics:

num_allocs_failed_limit: 0.
num_arena_births: 140.
num_arena_deaths: 0.
num_vsnodes_births: 2.
num_vsnodes_deaths: 0.
num_space_committed: 88.
num_space_uncommitted: 0.
num_chunks_returned_to_freelist: 0.
num_chunks_taken_from_freelist: 292.
num_chunk_merges: 0.
num_chunk_splits: 192.
num_chunks_enlarged: 141.
num_inconsistent_stats: 0.

CodeHeap 'non-profiled nmethods': size=120000Kb used=436Kb max_used=436Kb free=119563Kb
 bounds [0x0000015687ad0000, 0x0000015687d40000, 0x000001568f000000]
CodeHeap 'profiled nmethods': size=120000Kb used=1987Kb max_used=1987Kb free=118012Kb
 bounds [0x0000015680000000, 0x0000015680270000, 0x0000015687530000]
CodeHeap 'non-nmethods': size=5760Kb used=1338Kb max_used=1354Kb free=4421Kb
 bounds [0x0000015687530000, 0x00000156877a0000, 0x0000015687ad0000]
 total_blobs=1536 nmethods=1090 adapters=351
 compilation: enabled
              stopped_count=0, restarted_count=0
 full_count=0

Compilation events (20 events):
Event: 1.291 Thread 0x00000156f9cb40f0 1079       3       java.lang.invoke.MethodHandle::intrinsicName (4 bytes)
Event: 1.292 Thread 0x00000156f9cb40f0 nmethod 1079 0x00000156801edf90 code [0x00000156801ee120, 0x00000156801ee238]
Event: 1.292 Thread 0x00000156f9cb40f0 1080       3       java.lang.invoke.LambdaForm$Name::replaceNames (175 bytes)
Event: 1.293 Thread 0x00000156f9cb40f0 nmethod 1080 0x00000156801ee310 code [0x00000156801ee560, 0x00000156801ef158]
Event: 1.293 Thread 0x00000156f9cb40f0 1081       3       java.lang.invoke.LambdaForm$Name::internArguments (62 bytes)
Event: 1.293 Thread 0x00000156f9cb40f0 nmethod 1081 0x00000156801ef490 code [0x00000156801ef680, 0x00000156801efd60]
Event: 1.293 Thread 0x00000156f9cb40f0 1083       3       java.lang.invoke.LambdaForm::useCount (61 bytes)
Event: 1.294 Thread 0x00000156f9cb40f0 nmethod 1083 0x00000156801eff10 code [0x00000156801f00e0, 0x00000156801f0440]
Event: 1.294 Thread 0x00000156f9cb40f0 1082       3       java.lang.invoke.MemberName::isMethod (8 bytes)
Event: 1.294 Thread 0x00000156f9cb40f0 nmethod 1082 0x00000156801f0610 code [0x00000156801f07c0, 0x00000156801f0990]
Event: 1.294 Thread 0x00000156f9cb40f0 1084       3       java.lang.invoke.MethodHandleStatics::dumper (4 bytes)
Event: 1.294 Thread 0x00000156f9cb40f0 nmethod 1084 0x00000156801f0a90 code [0x00000156801f0c20, 0x00000156801f0d18]
Event: 1.309 Thread 0x00000156fe4f4730 1085 %     4       java.lang.StringLatin1::indexOf @ 30 (121 bytes)
Event: 1.311 Thread 0x00000156f9cb40f0 1086       1       java.lang.invoke.MethodHandles$Lookup::previousLookupClass (5 bytes)
Event: 1.311 Thread 0x00000156f9cb40f0 nmethod 1086 0x0000015687b3b690 code [0x0000015687b3b820, 0x0000015687b3b8f0]
Event: 1.316 Thread 0x00000156fe2f5b50 1087       4       jdk.internal.misc.Unsafe::allocateUninitializedArray (55 bytes)
Event: 1.316 Thread 0x00000156f9cb1cd0 1088       4       jdk.internal.misc.Unsafe::allocateUninitializedArray0 (90 bytes)
Event: 1.316 Thread 0x00000156fe4f4730 nmethod 1085% 0x0000015687b3b990 code [0x0000015687b3bb40, 0x0000015687b3bf00]
Event: 1.320 Thread 0x00000156f9cb1cd0 nmethod 1088 0x0000015687b3c190 code [0x0000015687b3c320, 0x0000015687b3c4f8]
Event: 1.320 Thread 0x00000156fe2f5b50 nmethod 1087 0x0000015687b3c610 code [0x0000015687b3c7a0, 0x0000015687b3c988]

GC Heap History (2 events):
Event: 1.009 GC heap before
{Heap before GC invocations=0 (full 0):
 garbage-first heap   total 258048K, used 24576K [0x0000000705800000, 0x0000000800000000)
  region size 2048K, 11 young (22528K), 0 survivors (0K)
 Metaspace       used 3393K, committed 3648K, reserved 1114112K
  class space    used 398K, committed 512K, reserved 1048576K
}
Event: 1.014 GC heap after
{Heap after GC invocations=1 (full 0):
 garbage-first heap   total 258048K, used 10373K [0x0000000705800000, 0x0000000800000000)
  region size 2048K, 2 young (4096K), 2 survivors (4096K)
 Metaspace       used 3393K, committed 3648K, reserved 1114112K
  class space    used 398K, committed 512K, reserved 1048576K
}

Dll operation events (8 events):
Event: 0.014 Loaded shared library C:\Program Files\Java\jdk-21\bin\java.dll
Event: 0.058 Loaded shared library C:\Program Files\Java\jdk-21\bin\jsvml.dll
Event: 0.091 Loaded shared library C:\Program Files\Java\jdk-21\bin\net.dll
Event: 0.096 Loaded shared library C:\Program Files\Java\jdk-21\bin\nio.dll
Event: 0.104 Loaded shared library C:\Program Files\Java\jdk-21\bin\zip.dll
Event: 0.110 Loaded shared library C:\Program Files\Java\jdk-21\bin\verify.dll
Event: 0.166 Loaded shared library C:\Program Files\Java\jdk-21\bin\jimage.dll
Event: 1.101 Loaded shared library C:\Users\linda\.gradle\native\c067742578af261105cb4f569cf0c3c89f3d7b1fecec35dd04571415982c5e48\windows-amd64\native-platform.dll

Deoptimization events (20 events):
Event: 1.009 Thread 0x00000156e97df460 DEOPT PACKING pc=0x0000015687af57f4 sp=0x0000002c572fdf80
Event: 1.009 Thread 0x00000156e97df460 DEOPT UNPACKING pc=0x00000156875846a2 sp=0x0000002c572fdf28 mode 2
Event: 1.088 Thread 0x00000156e97df460 DEOPT PACKING pc=0x0000015680131f55 sp=0x0000002c572f9170
Event: 1.088 Thread 0x00000156e97df460 DEOPT UNPACKING pc=0x0000015687584e42 sp=0x0000002c572f85e0 mode 0
Event: 1.320 Thread 0x00000156e97df460 Uncommon trap: trap_request=0xffffffde fr.pc=0x0000015687b3c8cc relative=0x000000000000012c
Event: 1.320 Thread 0x00000156e97df460 Uncommon trap: reason=class_check action=maybe_recompile pc=0x0000015687b3c8cc method=jdk.internal.misc.Unsafe.allocateUninitializedArray(Ljava/lang/Class;I)Ljava/lang/Object; @ 51 c2
Event: 1.320 Thread 0x00000156e97df460 DEOPT PACKING pc=0x0000015687b3c8cc sp=0x0000002c572f9070
Event: 1.320 Thread 0x00000156e97df460 DEOPT UNPACKING pc=0x00000156875846a2 sp=0x0000002c572f8fe8 mode 2
Event: 1.320 Thread 0x00000156e97df460 Uncommon trap: trap_request=0xffffffde fr.pc=0x0000015687b3c8cc relative=0x000000000000012c
Event: 1.320 Thread 0x00000156e97df460 Uncommon trap: reason=class_check action=maybe_recompile pc=0x0000015687b3c8cc method=jdk.internal.misc.Unsafe.allocateUninitializedArray(Ljava/lang/Class;I)Ljava/lang/Object; @ 51 c2
Event: 1.320 Thread 0x00000156e97df460 DEOPT PACKING pc=0x0000015687b3c8cc sp=0x0000002c572f9110
Event: 1.320 Thread 0x00000156e97df460 DEOPT UNPACKING pc=0x00000156875846a2 sp=0x0000002c572f9088 mode 2
Event: 1.320 Thread 0x00000156e97df460 Uncommon trap: trap_request=0xffffffde fr.pc=0x0000015687b3c8cc relative=0x000000000000012c
Event: 1.320 Thread 0x00000156e97df460 Uncommon trap: reason=class_check action=maybe_recompile pc=0x0000015687b3c8cc method=jdk.internal.misc.Unsafe.allocateUninitializedArray(Ljava/lang/Class;I)Ljava/lang/Object; @ 51 c2
Event: 1.320 Thread 0x00000156e97df460 DEOPT PACKING pc=0x0000015687b3c8cc sp=0x0000002c572f9140
Event: 1.321 Thread 0x00000156e97df460 DEOPT UNPACKING pc=0x00000156875846a2 sp=0x0000002c572f90b8 mode 2
Event: 1.321 Thread 0x00000156e97df460 Uncommon trap: trap_request=0xffffffde fr.pc=0x0000015687b3c8cc relative=0x000000000000012c
Event: 1.321 Thread 0x00000156e97df460 Uncommon trap: reason=class_check action=maybe_recompile pc=0x0000015687b3c8cc method=jdk.internal.misc.Unsafe.allocateUninitializedArray(Ljava/lang/Class;I)Ljava/lang/Object; @ 51 c2
Event: 1.321 Thread 0x00000156e97df460 DEOPT PACKING pc=0x0000015687b3c8cc sp=0x0000002c572f91e0
Event: 1.321 Thread 0x00000156e97df460 DEOPT UNPACKING pc=0x00000156875846a2 sp=0x0000002c572f9158 mode 2

Classes loaded (20 events):
Event: 1.212 Loading class java/lang/Class$AnnotationData
Event: 1.213 Loading class java/lang/Class$AnnotationData done
Event: 1.221 Loading class java/util/concurrent/atomic/AtomicBoolean
Event: 1.221 Loading class java/util/concurrent/atomic/AtomicBoolean done
Event: 1.240 Loading class java/util/ArrayList$ListItr
Event: 1.240 Loading class java/util/ArrayList$ListItr done
Event: 1.256 Loading class java/io/FileNotFoundException
Event: 1.256 Loading class java/io/FileNotFoundException done
Event: 1.282 Loading class java/util/concurrent/CopyOnWriteArraySet
Event: 1.282 Loading class java/util/concurrent/CopyOnWriteArraySet done
Event: 1.310 Loading class java/util/concurrent/SynchronousQueue
Event: 1.310 Loading class java/util/concurrent/SynchronousQueue done
Event: 1.310 Loading class java/util/concurrent/SynchronousQueue$Transferer
Event: 1.310 Loading class java/util/concurrent/LinkedTransferQueue
Event: 1.310 Loading class java/util/concurrent/TransferQueue
Event: 1.310 Loading class java/util/concurrent/TransferQueue done
Event: 1.311 Loading class java/util/concurrent/LinkedTransferQueue done
Event: 1.311 Loading class java/util/concurrent/SynchronousQueue$Transferer done
Event: 1.311 Loading class java/util/concurrent/LinkedTransferQueue$DualNode
Event: 1.311 Loading class java/util/concurrent/LinkedTransferQueue$DualNode done

Classes unloaded (0 events):
No events

Classes redefined (0 events):
No events

Internal exceptions (13 events):
Event: 0.287 Thread 0x00000156e97df460 Exception <a 'java/lang/NoSuchMethodError'{0x000000071519c830}: 'void java.lang.invoke.DirectMethodHandle$Holder.invokeStatic(java.lang.Object, java.lang.Object)'> (0x000000071519c830) 
thrown [s\open\src\hotspot\share\interpreter\linkResolver.cpp, line 773]
Event: 0.288 Thread 0x00000156e97df460 Exception <a 'java/lang/NoSuchMethodError'{0x00000007151a03c0}: 'void java.lang.invoke.DirectMethodHandle$Holder.invokeSpecial(java.lang.Object, java.lang.Object, java.lang.Object)'> (0x00000007151a03c0) 
thrown [s\open\src\hotspot\share\interpreter\linkResolver.cpp, line 773]
Event: 0.307 Thread 0x00000156e97df460 Exception <a 'java/lang/NoSuchMethodError'{0x00000007151f8370}: 'void java.lang.invoke.DirectMethodHandle$Holder.invokeStatic(java.lang.Object, java.lang.Object, java.lang.Object)'> (0x00000007151f8370) 
thrown [s\open\src\hotspot\share\interpreter\linkResolver.cpp, line 773]
Event: 0.312 Thread 0x00000156e97df460 Exception <a 'java/lang/NoSuchMethodError'{0x0000000714e4f1d8}: 'java.lang.Object java.lang.invoke.Invokers$Holder.invokeExact_MT(java.lang.Object, java.lang.Object, java.lang.Object, java.lang.Object, java.lang.Object)'> (0x0000000714e4f1d8) 
thrown [s\open\src\hotspot\share\interpreter\linkResolver.cpp, line 773]
Event: 0.323 Thread 0x00000156e97df460 Exception <a 'java/lang/NoSuchMethodError'{0x0000000714e7cb38}: 'int java.lang.invoke.DirectMethodHandle$Holder.invokeStaticInit(java.lang.Object, java.lang.Object)'> (0x0000000714e7cb38) 
thrown [s\open\src\hotspot\share\interpreter\linkResolver.cpp, line 773]
Event: 1.043 Thread 0x00000156e97df460 Exception <a 'java/lang/NoClassDefFoundError'{0x00000007152e7ed0}: org/slf4j/impl/StaticMarkerBinder> (0x00000007152e7ed0) 
thrown [s\open\src\hotspot\share\classfile\systemDictionary.cpp, line 301]
Event: 1.061 Thread 0x00000156e97df460 Exception <a 'java/lang/NoSuchMethodError'{0x000000071537a6a8}: 'java.lang.Object java.lang.invoke.DirectMethodHandle$Holder.invokeVirtual(java.lang.Object, java.lang.Object, java.lang.Object, java.lang.Object, java.lang.Object, java.lang.Object, java.lang.Object)'> (0x000000071537a6a8) 
thrown [s\open\src\hotspot\share\interpreter\linkResolver.cpp, line 773]
Event: 1.065 Thread 0x00000156e97df460 Exception <a 'java/lang/NoSuchMethodError'{0x000000071538d660}: 'java.lang.Object java.lang.invoke.DirectMethodHandle$Holder.invokeStatic(java.lang.Object, java.lang.Object, int)'> (0x000000071538d660) 
thrown [s\open\src\hotspot\share\interpreter\linkResolver.cpp, line 773]
Event: 1.069 Thread 0x00000156e97df460 Exception <a 'java/lang/NoSuchMethodError'{0x0000000715398ae0}: 'void java.lang.invoke.DelegatingMethodHandle$Holder.delegate(java.lang.Object, java.lang.Object, int, java.lang.Object)'> (0x0000000715398ae0) 
thrown [s\open\src\hotspot\share\interpreter\linkResolver.cpp, line 773]
Event: 1.070 Thread 0x00000156e97df460 Exception <a 'java/lang/NoSuchMethodError'{0x000000071539c960}: 'int java.lang.invoke.DirectMethodHandle$Holder.invokeSpecial(java.lang.Object, java.lang.Object, java.lang.Object)'> (0x000000071539c960) 
thrown [s\open\src\hotspot\share\interpreter\linkResolver.cpp, line 773]
Event: 1.114 Thread 0x00000156e97df460 Exception <a 'java/lang/NoSuchMethodError'{0x00000007150714c0}: 'java.lang.Object java.lang.invoke.DirectMethodHandle$Holder.invokeVirtual(java.lang.Object, java.lang.Object, java.lang.Object)'> (0x00000007150714c0) 
thrown [s\open\src\hotspot\share\interpreter\linkResolver.cpp, line 773]
Event: 1.257 Thread 0x00000156e97df460 Exception <a 'java/lang/NoSuchMethodError'{0x0000000714f1e598}: 'java.lang.Object java.lang.invoke.DirectMethodHandle$Holder.invokeVirtual(java.lang.Object, java.lang.Object, java.lang.Object, java.lang.Object)'> (0x0000000714f1e598) 
thrown [s\open\src\hotspot\share\interpreter\linkResolver.cpp, line 773]
Event: 1.284 Thread 0x00000156e97df460 Exception <a 'java/lang/NoSuchMethodError'{0x0000000714f96958}: 'java.lang.Object java.lang.invoke.DirectMethodHandle$Holder.invokeVirtual(java.lang.Object, java.lang.Object, java.lang.Object, java.lang.Object, java.lang.Object, java.lang.Object)'> (0x0000000714f96958) 
thrown [s\open\src\hotspot\share\interpreter\linkResolver.cpp, line 773]

ZGC Phase Switch (0 events):
No events

VM Operations (10 events):
Event: 0.106 Executing VM operation: HandshakeAllThreads (Deoptimize)
Event: 0.106 Executing VM operation: HandshakeAllThreads (Deoptimize) done
Event: 0.831 Executing VM operation: HandshakeAllThreads (Deoptimize)
Event: 0.831 Executing VM operation: HandshakeAllThreads (Deoptimize) done
Event: 1.009 Executing VM operation: G1CollectForAllocation (G1 Evacuation Pause)
Event: 1.014 Executing VM operation: G1CollectForAllocation (G1 Evacuation Pause) done
Event: 1.065 Executing VM operation: HandshakeAllThreads (Deoptimize)
Event: 1.065 Executing VM operation: HandshakeAllThreads (Deoptimize) done
Event: 1.240 Executing VM operation: HandshakeAllThreads (Deoptimize)
Event: 1.240 Executing VM operation: HandshakeAllThreads (Deoptimize) done

Events (14 events):
Event: 0.029 Thread 0x00000156e97df460 Thread added: 0x00000156e97df460
Event: 0.056 Thread 0x00000156f9ca2e20 Thread added: 0x00000156f9ca2e20
Event: 0.056 Thread 0x00000156f9ca3a70 Thread added: 0x00000156f9ca3a70
Event: 0.056 Thread 0x00000156f9cab260 Thread added: 0x00000156f9cab260
Event: 0.056 Thread 0x00000156f9cabde0 Thread added: 0x00000156f9cabde0
Event: 0.056 Thread 0x00000156f9cac440 Thread added: 0x00000156f9cac440
Event: 0.056 Thread 0x00000156f9caffb0 Thread added: 0x00000156f9caffb0
Event: 0.056 Thread 0x00000156f9cb1cd0 Thread added: 0x00000156f9cb1cd0
Event: 0.056 Thread 0x00000156f9cb40f0 Thread added: 0x00000156f9cb40f0
Event: 0.077 Thread 0x00000156fe16ca10 Thread added: 0x00000156fe16ca10
Event: 0.082 Thread 0x00000156fe17ba80 Thread added: 0x00000156fe17ba80
Event: 0.608 Thread 0x00000156fe2f5b50 Thread added: 0x00000156fe2f5b50
Event: 0.619 Thread 0x00000156fe4f4730 Thread added: 0x00000156fe4f4730
Event: 1.156 Thread 0x00000156fee83410 Thread added: 0x00000156fee83410


Dynamic libraries:
0x00007ff62fa10000 - 0x00007ff62fa20000 	C:\Program Files\Java\jdk-21\bin\java.exe
0x00007ff8c6880000 - 0x00007ff8c6ae8000 	C:\WINDOWS\SYSTEM32\ntdll.dll
0x00007ff894410000 - 0x00007ff894430000 	C:\Program Files\Avast Software\Avast\aswhook.dll
0x00007ff8c5330000 - 0x00007ff8c53f9000 	C:\WINDOWS\System32\KERNEL32.DLL
0x00007ff8c3b50000 - 0x00007ff8c3f48000 	C:\WINDOWS\System32\KERNELBASE.dll
0x00007ff8c4440000 - 0x00007ff8c458b000 	C:\WINDOWS\System32\ucrtbase.dll
0x00007ff878b20000 - 0x00007ff878b39000 	C:\Program Files\Java\jdk-21\bin\jli.dll
0x00007ff878b00000 - 0x00007ff878b1b000 	C:\Program Files\Java\jdk-21\bin\VCRUNTIME140.dll
0x00007ff8c4790000 - 0x00007ff8c4844000 	C:\WINDOWS\System32\ADVAPI32.dll
0x00007ff8c4620000 - 0x00007ff8c46c9000 	C:\WINDOWS\System32\msvcrt.dll
0x00007ff8c5570000 - 0x00007ff8c5616000 	C:\WINDOWS\System32\sechost.dll
0x00007ff8c5400000 - 0x00007ff8c5518000 	C:\WINDOWS\System32\RPCRT4.dll
0x00007ff8c5730000 - 0x00007ff8c58f7000 	C:\WINDOWS\System32\USER32.dll
0x00007ff8c3f50000 - 0x00007ff8c3f77000 	C:\WINDOWS\System32\win32u.dll
0x00007ff895840000 - 0x00007ff895ad4000 	C:\WINDOWS\WinSxS\amd64_microsoft.windows.common-controls_6595b64144ccf1df_6.0.26100.7019_none_3e06ffa0e335b8a8\COMCTL32.dll
0x00007ff8c5b80000 - 0x00007ff8c5bab000 	C:\WINDOWS\System32\GDI32.dll
0x00007ff8c4310000 - 0x00007ff8c443c000 	C:\WINDOWS\System32\gdi32full.dll
0x00007ff8c4260000 - 0x00007ff8c4303000 	C:\WINDOWS\System32\msvcp_win.dll
0x00007ff8aeec0000 - 0x00007ff8aeecb000 	C:\WINDOWS\SYSTEM32\VERSION.dll
0x00007ff8c60c0000 - 0x00007ff8c60f1000 	C:\WINDOWS\System32\IMM32.DLL
0x00007ff8a0f70000 - 0x00007ff8a0f7c000 	C:\Program Files\Java\jdk-21\bin\vcruntime140_1.dll
0x00007ff837140000 - 0x00007ff8371ce000 	C:\Program Files\Java\jdk-21\bin\msvcp140.dll
0x00007fffe7c40000 - 0x00007fffe895d000 	C:\Program Files\Java\jdk-21\bin\server\jvm.dll
0x00007ff8c5bb0000 - 0x00007ff8c5c24000 	C:\WINDOWS\System32\WS2_32.dll
0x00007ff8c3850000 - 0x00007ff8c38ae000 	C:\WINDOWS\SYSTEM32\POWRPROF.dll
0x00007ff8ba7f0000 - 0x00007ff8ba825000 	C:\WINDOWS\SYSTEM32\WINMM.dll
0x00007ff8c3830000 - 0x00007ff8c3844000 	C:\WINDOWS\SYSTEM32\UMPDC.dll
0x00007ff8c2730000 - 0x00007ff8c274b000 	C:\WINDOWS\SYSTEM32\kernel.appcore.dll
0x00007ff89aa90000 - 0x00007ff89aa9a000 	C:\Program Files\Java\jdk-21\bin\jimage.dll
0x00007ff8c1070000 - 0x00007ff8c12b2000 	C:\WINDOWS\SYSTEM32\DBGHELP.DLL
0x00007ff8c5d30000 - 0x00007ff8c60bb000 	C:\WINDOWS\System32\combase.dll
0x00007ff8c66e0000 - 0x00007ff8c67b7000 	C:\WINDOWS\System32\OLEAUT32.dll
0x00007ff8ae830000 - 0x00007ff8ae86c000 	C:\WINDOWS\SYSTEM32\dbgcore.DLL
0x00007ff8c41b0000 - 0x00007ff8c4255000 	C:\WINDOWS\System32\bcryptPrimitives.dll
0x00007ff878040000 - 0x00007ff87805f000 	C:\Program Files\Java\jdk-21\bin\java.dll
0x00007ff8c4880000 - 0x00007ff8c4fcf000 	C:\WINDOWS\System32\SHELL32.dll
0x00007ff8c3f80000 - 0x00007ff8c40eb000 	C:\WINDOWS\System32\wintypes.dll
0x00007ff8c1440000 - 0x00007ff8c1c9d000 	C:\WINDOWS\SYSTEM32\windows.storage.dll
0x00007ff8c5c30000 - 0x00007ff8c5d22000 	C:\WINDOWS\System32\SHCORE.dll
0x00007ff8c67c0000 - 0x00007ff8c6827000 	C:\WINDOWS\System32\shlwapi.dll
0x00007ff8c38f0000 - 0x00007ff8c3919000 	C:\WINDOWS\SYSTEM32\profapi.dll
0x00007ff832440000 - 0x00007ff832517000 	C:\Program Files\Java\jdk-21\bin\jsvml.dll
0x00007ff8841f0000 - 0x00007ff884200000 	C:\Program Files\Java\jdk-21\bin\net.dll
0x00007ff8b8d10000 - 0x00007ff8b8e38000 	C:\WINDOWS\SYSTEM32\WINHTTP.dll
0x00007ff8c2d00000 - 0x00007ff8c2d6b000 	C:\WINDOWS\system32\mswsock.dll
0x00007ff876b30000 - 0x00007ff876b46000 	C:\Program Files\Java\jdk-21\bin\nio.dll
0x00007ff877020000 - 0x00007ff877038000 	C:\Program Files\Java\jdk-21\bin\zip.dll
0x00007ff87ff30000 - 0x00007ff87ff40000 	C:\Program Files\Java\jdk-21\bin\verify.dll
0x00007ff86cb90000 - 0x00007ff86cbb7000 	C:\Users\linda\.gradle\native\c067742578af261105cb4f569cf0c3c89f3d7b1fecec35dd04571415982c5e48\windows-amd64\native-platform.dll

dbghelp: loaded successfully - version: 4.0.5 - missing functions: none
symbol engine: initialized successfully - sym options: 0x614 - pdb path: .;C:\Program Files\Java\jdk-21\bin;C:\WINDOWS\SYSTEM32;C:\Program Files\Avast Software\Avast;C:\WINDOWS\WinSxS\amd64_microsoft.windows.common-controls_6595b64144ccf1df_6.0.26100.7019_none_3e06ffa0e335b8a8;C:\Program Files\Java\jdk-21\bin\server;C:\Users\linda\.gradle\native\c067742578af261105cb4f569cf0c3c89f3d7b1fecec35dd04571415982c5e48\windows-amd64

VM Arguments:
jvm_args: -Dorg.gradle.appname=gradlew 
java_command: org.gradle.wrapper.GradleWrapperMain :url_launcher_android:dependencies --write-locks
java_class_path (initial): N:\Projects\wd projects git\wd_portal_app_flutter\android\\gradle\wrapper\gradle-wrapper.jar
Launcher Type: SUN_STANDARD

[Global flags]
     intx CICompilerCount                          = 4                                         {product} {ergonomic}
     uint ConcGCThreads                            = 3                                         {product} {ergonomic}
     uint G1ConcRefinementThreads                  = 10                                        {product} {ergonomic}
   size_t G1HeapRegionSize                         = 2097152                                   {product} {ergonomic}
    uintx GCDrainStackTargetSize                   = 64                                        {product} {ergonomic}
   size_t InitialHeapSize                          = 264241152                                 {product} {ergonomic}
   size_t MarkStackSize                            = 4194304                                   {product} {ergonomic}
   size_t MaxHeapSize                              = 4202692608                                {product} {ergonomic}
   size_t MaxNewSize                               = 2520776704                                {product} {ergonomic}
   size_t MinHeapDeltaBytes                        = 2097152                                   {product} {ergonomic}
   size_t MinHeapSize                              = 8388608                                   {product} {ergonomic}
    uintx NonNMethodCodeHeapSize                   = 5839372                                {pd product} {ergonomic}
    uintx NonProfiledCodeHeapSize                  = 122909434                              {pd product} {ergonomic}
    uintx ProfiledCodeHeapSize                     = 122909434                              {pd product} {ergonomic}
    uintx ReservedCodeCacheSize                    = 251658240                              {pd product} {ergonomic}
     bool SegmentedCodeCache                       = true                                      {product} {ergonomic}
   size_t SoftMaxHeapSize                          = 4202692608                             {manageable} {ergonomic}
     bool UseCompressedOops                        = true                           {product lp64_product} {ergonomic}
     bool UseG1GC                                  = true                                      {product} {ergonomic}
     bool UseLargePagesIndividualAllocation        = false                                  {pd product} {ergonomic}

Logging:
Log output configuration:
 #0: stdout all=warning uptime,level,tags foldmultilines=false
 #1: stderr all=off uptime,level,tags foldmultilines=false

Environment Variables:
CLASSPATH=N:\Projects\wd projects git\wd_portal_app_flutter\android\\gradle\wrapper\gradle-wrapper.jar
PATH=C:\Program Files\Eclipse Adoptium\jdk-21.0.7.6-hotspot\bin;C:\Program Files\Common Files\Oracle\Java\javapath;C:\windows\system32;C:\windows;C:\windows\System32\Wbem;C:\windows\System32\WindowsPowerShell\v1.0\;C:\windows\System32\OpenSSH\;C:\Program Files\Microsoft SQL Server\150\Tools\Binn\;C:\Program Files\Microsoft SQL Server\Client SDK\ODBC\170\Tools\Binn\;C:\Program Files\dotnet\;C:\Program Files (x86)\Windows Kits\10\Windows Performance Toolkit\;C:\Program Files\HP\HP One Agent;C:\src\flutter\bin;C:\Users\linda\AppData\Roaming\nvm;C:\Program Files\nodejs;C:\WINDOWS\system32;C:\WINDOWS;C:\WINDOWS\System32\Wbem;C:\WINDOWS\System32\WindowsPowerShell\v1.0\;C:\WINDOWS\System32\OpenSSH\;C:\Program Files\TortoiseGit\bin;C:\Program Files\Git\cmd;C:\Program Files\PuTTY\;C:\Program Files\Java\jdk-21\bin;C:\maven\bin;C:\Program Files\Git\cmd;C:\Users\linda\AppData\Local\Microsoft\WindowsApps;C:\Users\linda\AppData\Local\Programs\Microsoft VS Code\bin;N:\dev\flutter\bin;C:\Users\linda\.dotnet\tools;C:\Program Files (x86)\Android\android-sdk\cmdline-tools\7.0\bin;C:\Users\linda\AppData\Roaming\npm;C:\Users\linda\AppData\Roaming\nvm;C:\Program Files\nodejs;N:\programfiles\cursor\resources\app\bin;C:\Program Files\Git\cmd;C:\Users\linda\AppData\Local\Android\Sdk\build-tools\34.0.0;
USERNAME=linda
OS=Windows_NT
PROCESSOR_IDENTIFIER=Intel64 Family 6 Model 186 Stepping 3, GenuineIntel
TMP=C:\Users\linda\AppData\Local\Temp
TEMP=C:\Users\linda\AppData\Local\Temp




Periodic native trim disabled

---------------  S Y S T E M  ---------------

OS:
 Windows 11 , 64 bit Build 26100 (10.0.26100.7019)
OS uptime: 0 days 22:39 hours
Hyper-V role detected

CPU: total 12 (initial active 12) (6 cores per cpu, 2 threads per core) family 6 model 186 stepping 3 microcode 0x4121, cx8, cmov, fxsr, ht, mmx, 3dnowpref, sse, sse2, sse3, ssse3, sse4.1, sse4.2, popcnt, lzcnt, tsc, tscinvbit, avx, avx2, aes, erms, clmul, bmi1, bmi2, adx, sha, fma, vzeroupper, clflush, clflushopt, clwb, hv, serialize, rdtscp, rdpid, fsrm, f16c, cet_ibt, cet_ss
Processor Information for processor 0
  Max Mhz: 1300, Current Mhz: 1300, Mhz Limit: 1300
Processor Information for processor 1
  Max Mhz: 1300, Current Mhz: 1300, Mhz Limit: 1300
Processor Information for processor 2
  Max Mhz: 1300, Current Mhz: 1300, Mhz Limit: 1300
Processor Information for processor 3
  Max Mhz: 1300, Current Mhz: 1300, Mhz Limit: 1300
Processor Information for processor 4
  Max Mhz: 1300, Current Mhz: 900, Mhz Limit: 897
Processor Information for processor 5
  Max Mhz: 1300, Current Mhz: 900, Mhz Limit: 897
Processor Information for processor 6
  Max Mhz: 1300, Current Mhz: 900, Mhz Limit: 897
Processor Information for processor 7
  Max Mhz: 1300, Current Mhz: 900, Mhz Limit: 897
Processor Information for processor 8
  Max Mhz: 1300, Current Mhz: 900, Mhz Limit: 897
Processor Information for processor 9
  Max Mhz: 1300, Current Mhz: 900, Mhz Limit: 897
Processor Information for processor 10
  Max Mhz: 1300, Current Mhz: 900, Mhz Limit: 897
Processor Information for processor 11
  Max Mhz: 1300, Current Mhz: 900, Mhz Limit: 897

Memory: 4k page, system-wide physical 16027M (770M free)
TotalPageFile size 27977M (AvailPageFile size 45M)
current process WorkingSet (physical memory assigned to process): 91M, peak: 91M
current process commit charge ("private bytes"): 360M, peak: 360M

vm_info: Java HotSpot(TM) 64-Bit Server VM (21.0.8+12-LTS-250) for windows-amd64 JRE (21.0.8+12-LTS-250), built on 2025-06-27T08:11:22Z by "mach5one" with MS VC++ 17.6 (VS2022)

END.
